ARM GAS  C:\Users\srich\AppData\Local\Temp\cc3YpfcI.s 			page 1


   1              		.syntax unified
   2              		.cpu cortex-m3
   3              		.fpu softvfp
   4              		.eabi_attribute 20, 1
   5              		.eabi_attribute 21, 1
   6              		.eabi_attribute 23, 3
   7              		.eabi_attribute 24, 1
   8              		.eabi_attribute 25, 1
   9              		.eabi_attribute 26, 1
  10              		.eabi_attribute 30, 2
  11              		.eabi_attribute 34, 1
  12              		.eabi_attribute 18, 4
  13              		.thumb
  14              		.file	"board.c"
  15              		.text
  16              	.Ltext0:
  17              		.section	.gnu.lto_.profile.ab66faa6,"",%progbits
  18 0000 789C6366 		.ascii	"x\234cf```a\200\000F\006>f\000\000\223\000\032"
  18      60606061 
  18      80004606 
  18      3E660000 
  18      93001A
  19              		.text
  20              		.section	.gnu.lto_.jmpfuncs.ab66faa6,"",%progbits
  21 0000 789C6366 		.ascii	"x\234cf\300\0168\2414\023\210`\004b\000\001S\000\020"
  21      C00E38A1 
  21      34138860 
  21      04620001 
  21      530010
  22              		.text
  23              		.section	.gnu.lto_.inline.ab66faa6,"",%progbits
  24 0000 789C6366 		.ascii	"x\234cf\300\016\264\2414\023\003\003\013\017#\210b`"
  24      C00EB4A1 
  24      34130303 
  24      0B0F2388 
  24      6260
  25 0012 5B200FA2 		.ascii	"[ \017\242\030\030\271@\004\0033\023\2520\003\000,\231"
  25      1818B940 
  25      04033313 
  25      AA300300 
  25      2C99
  26 0024 01E6     		.ascii	"\001\346"
  27              		.text
  28              		.section	.gnu.lto_.pureconst.ab66faa6,"",%progbits
  29 0000 789C6366 		.ascii	"x\234cf```e\200\000&\006\011F\006\000\000\331\000$"
  29      60606065 
  29      80002606 
  29      09460600 
  29      00D90024 
  30              		.text
  31              		.section	.gnu.lto___early_init.ab66faa6,"",%progbits
  32 0000 789C6366 		.ascii	"x\234cf\300\004R@\274\020\210\005\200\230\221\231\201"
  32      C0045240 
  32      BC108805 
  32      80989199 
  32      81
  33 0011 9169C239 		.ascii	"\221i\3029\006\206F\016&FF\020\203\201\221\241\236\211"
ARM GAS  C:\Users\srich\AppData\Local\Temp\cc3YpfcI.s 			page 2


  33      0686460E 
  33      26464610 
  33      838191A1 
  33      9E89
  34 0023 B19EF125 		.ascii	"\261\236\361%\323G&\306\011\007V\317\340V_\332\320\320"
  34      D34726C6 
  34      090756CF 
  34      E0565FDA 
  34      D0D0
  35 0035 F0E1D2C9 		.ascii	"\360\341\322\311\306\200\003\214?\231\030\030>3A\314"
  35      C680038C 
  35      3F991818 
  35      3E3341CC 
  36 0045 615CCEA8 		.ascii	"a\\\316\250\316\000T\364\261\345\357un\266\026\240\""
  36      CE0054F4 
  36      B1E5EF75 
  36      6EB616A0 
  36      22
  37 0056 01881CE3 		.ascii	"\001\210\034\343\012F6F \275^\350@\303\377\377\217\347"
  37      0A463646 
  37      20BD5EE8 
  37      40C3FFFF 
  37      8FE7
  38 0068 F4683333 		.ascii	"\364h330<\001\312\200\314\177\312\304\004\242\231\357"
  38      303C01CA 
  38      80CC7FCA 
  38      C404A299 
  38      EF
  39 0079 30361F98 		.ascii	"06\037\230\317\013R\0122c\336\345\276uL\265\277\033"
  39      CF0B520A 
  39      3263DEE5 
  39      BE754CB5 
  39      BF1B
  40 008b 3A1A387E 		.ascii	":\0328~21~f\002jg\\\311X\313\360\023\250\372\036c\343"
  40      32317E66 
  40      026A675C 
  40      C958CBF0 
  40      13A8FA1E 
  41 00a1 818DAC60 		.ascii	"\201\215\254`\225\014 s\030A\372\201\246\361%\345'\026"
  41      950C2073 
  41      1841FA81 
  41      A6F125E5 
  41      2716
  42 00b3 A5E88349 		.ascii	"\245\350\203I\275d\006\000*S>\177"
  42      BD640600 
  42      2A533E7F 
  43              		.text
  44              		.section	.gnu.lto_boardInit.ab66faa6,"",%progbits
  45 0000 789C6366 		.ascii	"x\234cf\300\004R@\\\002\304\002@\314\310\314\300\310"
  45      C0045240 
  45      5C02C402 
  45      40CCC8CC 
  45      C0C8
  46 0012 34E11C03 		.ascii	"4\341\034\003C#\007\023##\210\301\300\310P\317\304X"
  46      43230713 
  46      232388C1 
  46      C0C850CF 
ARM GAS  C:\Users\srich\AppData\Local\Temp\cc3YpfcI.s 			page 3


  46      C458
  47 0024 CFF892E9 		.ascii	"\317\370\222\351#\023\343\204\003\253gp\253/mhh\370"
  47      2313E384 
  47      03AB6770 
  47      AB2F6D68 
  47      68F8
  48 0036 70E87C63 		.ascii	"p\350|c\300\001\306\237L\014\014\237\231 \3460.gTg\000"
  48      C001C69F 
  48      4C0C0C9F 
  48      9920E630 
  48      2E675467 
  49 004b 2AFAD8F2 		.ascii	"*\372\330\362\367:7[\013P\221\000D\216q\005#\033#\220"
  49      F73A375B 
  49      0B509100 
  49      448E7105 
  49      231B2390 
  50 005f 5E2F74A0 		.ascii	"^/t\240\341\377\377\305\323\357\350\003E\237\0001\310"
  50      E1FFFFC5 
  50      D3EFE803 
  50      459F0031 
  50      C8
  51 0070 FCA74C4C 		.ascii	"\374\247LL \232\371\036##H\035\310\240'L\214 !\240\002"
  51      209AF91E 
  51      2323481D 
  51      C8A0274C 
  51      8C2021A0 
  52 0085 BEA4FCC4 		.ascii	"\276\244\374\304\242\024}0\251\227\314\000\000\244@"
  52      A2147D30 
  52      A997CC00 
  52      00A440
  53 0094 2E22     		.ascii	".\""
  54              		.text
  55              		.section	.gnu.lto_.symbol_nodes.ab66faa6,"",%progbits
  56 0000 789C6366 		.ascii	"x\234cf``pa\200\002\246\253\214\365\014\014\023\316"
  56      60607061 
  56      8002A6AB 
  56      8CF50C0C 
  56      13CE
  57 0012 3130D4D7 		.ascii	"10\324\3273\314[\300\301\300t\215\261\236\021Y\200\365"
  57      33CC5BC0 
  57      C1C0748D 
  57      B19E1159 
  57      80F5
  58 0024 0A23C342 		.ascii	"\012#\303B\246z\006\306\353\214\365L\020\011\206\206"
  58      A67A06C6 
  58      EB8CF54C 
  58      10098686 
  59 0034 060E0666 		.ascii	"\006\016\006f \\\362\340\037#\003\000\237\233\023\000"
  59      205CF2E0 
  59      1F230300 
  59      9F9B1300 
  60              		.text
  61              		.section	.gnu.lto_.refs.ab66faa6,"",%progbits
  62 0000 789C6366 		.ascii	"x\234cf```d\200\002\000\000=\000\005"
  62      60606064 
  62      80020000 
  62      3D0005
ARM GAS  C:\Users\srich\AppData\Local\Temp\cc3YpfcI.s 			page 4


  63              		.text
  64              		.section	.gnu.lto_.decls.ab66faa6,"",%progbits
  65 0000 789CAD55 		.ascii	"x\234\255Uml\223U\024~Oo\327v\245\031\204E \374\220"
  65      6D6C9355 
  65      147E4F6F 
  65      D776A519 
  65      844520FC 
  66 0015 3AC2620C 		.ascii	":\302b\014\014\006\272Dc\224\001FL\014\331\037\177\321"
  66      0C06BA44 
  66      63940146 
  66      4C0CD91F 
  66      7FD1
  67 0027 A4746DC7 		.ascii	"\244tm\307\032\273v\256\235\201\177\027\006\330\001"
  67      1ABB76AE 
  67      9D817F17 
  67      06D801
  68 0036 C9362208 		.ascii	"\3116\"\010*\254\270\301`+\243\302\024a\260/\201\225"
  68      2AACB8C1 
  68      602BA3C2 
  68      1461B02F 
  68      8195
  69 0048 8F09D331 		.ascii	"\217\011\3231\230\342Z\306\230\020 \2518\335\224A=\367"
  69      98E25AC6 
  69      981020A9 
  69      38DD9441 
  69      3DF7
  70 005a BCFD1865 		.ascii	"\274\375\030e\030M\274\311}\357=\367\234\363\234s\237"
  70      184DBCC9 
  70      7DEF3DF7 
  70      9CF39C73 
  70      9F
  71 006b 7BDE7B99 		.ascii	"{\336{\231$I\225\330#\330*\325\222\364\234B\222\030"
  71      244995D8 
  71      23D82AD5 
  71      92F49C42 
  71      9218
  72 007d CA7952A2 		.ascii	"\312yR\242\011\331\207\275\021\273\037;`\277%=\331|"
  72      09D987BD 
  72      11BB1F3B 
  72      60BF253D 
  72      D97C
  73 008f 52C26F08 		.ascii	"R\302o\010\373\301\350\272\"\252\363KO\267\306(V,\026"
  73      FBC1E8BA 
  73      22AAF34B 
  73      4FB7C628 
  73      562C16
  74 00a2 44D792DB 		.ascii	"D\327\222\333\257\0128\3368\3345\351\266\002\322\264"
  74      AF0A38DE 
  74      38DC35E9 
  74      B602D2B4 
  75 00b2 7A219ED8 		.ascii	"z!\236\330\026\330\251BQ\247U\012\261\371\341@\217r"
  75      16D8A942 
  75      51A7550A 
  75      B1F9E140 
  75      8F72
  76 00c4 FA768EAD 		.ascii	"\372v\216\255\262\214OQB\3364\250\203\231p\000f\"\352"
  76      B28C4F51 
ARM GAS  C:\Users\srich\AppData\Local\Temp\cc3YpfcI.s 			page 5


  76      42DE34A8 
  76      83997000 
  76      6622EA
  77 00d7 41988EDF 		.ascii	"A\230\216\337\225J\031\251\243\352\301}`\012\020\363"
  77      954A19A9 
  77      A3EAC17D 
  77      600A10F3 
  78 00e7 9A9D377A 		.ascii	"\232\2357z\264s\353\321\315\303\333F!\021nso\335\033"
  78      B473EBD1 
  78      CDC3DB46 
  78      21116E73 
  78      6FDD1B
  79 00fa FA3DDCEB 		.ascii	"\372=\334\353\0177~\332\247\343\001\336\026\211\274"
  79      0F377EDA 
  79      A7E301DE 
  79      1689BC
  80 0109 4948500F 		.ascii	"IHP\017\014\032`.\345\213s9q\037\350\321\253\276\272"
  80      0C1A602E 
  80      E58B7339 
  80      711FE8D1 
  80      ABBEBA
  81 011c E28A9ACD 		.ascii	"\342\212\232\315!h\337p\313q5B\370\375\336\261#|\361"
  81      2168DF70 
  81      CB713542 
  81      F8FDDEB1 
  81      237CF1
  82 012f 063E1689 		.ascii	"\006>\026\2110\00284\016\340P\014\240\221\000\352\352"
  82      30023834 
  82      0EE0500C 
  82      A09100EA 
  82      EA
  83 0140 7A0FA5B0 		.ascii	"z\017\245\260\371\004p\247,\024V!@\210\207=7\357\346"
  83      F90470A7 
  83      2C145621 
  83      4088873D 
  83      37EFE6
  84 0153 569555D6 		.ascii	"V\225U\326\362P$2K\316\342\3608\220\3031\020?\201|\322"
  84      F2502432 
  84      4BCEE2F0 
  84      3890C331 
  84      103F817C 
  85 0168 3B32C488 		.ascii	";2\304\210\252\020\023@\243|4\240!\256^\027\242\277"
  85      AA101340 
  85      A37C34A0 
  85      21AE5E17 
  85      A2BF
  86 017a B5A13C95 		.ascii	"\265\241<\225\324\253\2048\2621\\\256%\255N\210\301"
  86      D4AB8438 
  86      B2315CAE 
  86      25AD4E88 
  86      C1
  87 018b 96E62115 		.ascii	"\226\346!\025[\017\224Bk\313\350Y-\333.\013[=\241sZ"
  87      5B0F9442 
  87      6BCBE859 
  87      2DDB2E0B 
  87      5B3DA173 
  88 01a0 B64716D6 		.ascii	"\266G\026\326\355o\336\252F\257\027\264DW\360\263?k"
ARM GAS  C:\Users\srich\AppData\Local\Temp\cc3YpfcI.s 			page 6


  88      ED6FDEAA 
  88      46AF17B4 
  88      4457F0B3 
  88      3F6B
  89 01b2 53491465 		.ascii	"SI\024e4\031\227\024\201!^\223\006\231\332Z$7\334\267"
  89      34199714 
  89      81215E93 
  89      0699DA5A 
  89      2437DCB7 
  90 01c6 6F607919 		.ascii	"o`y\031_\014\315\240\205c\361\314\311[4\017\347\353"
  90      5F0CCDA0 
  90      8563F1CC 
  90      C95B340F 
  90      E7EB
  91 01d8 C5C1A506 		.ascii	"\305\301\245\006\322\244\370\271\301\011\310D\013\262"
  91      D2A4F8B9 
  91      C109C844 
  91      0BB2
  92 01e6 856F70F1 		.ascii	"\205op\3618.\"\360\231\261\226\015)\240\315\234\330"
  92      382E22F0 
  92      99B1960D 
  92      29A0CD9C 
  92      D8
  93 01f7 E9D4044E 		.ascii	"\351\324\004N\224\302\201\362m\3238W\302IL\341\353D"
  93      94C281F2 
  93      6DD33857 
  93      C2494CE1 
  93      EB44
  94 0209 0A9851FC 		.ascii	"\012\230Q\374\320\233\274\276N\306\356\311\245\361{"
  94      D09BBCBE 
  94      4EC6EEC9 
  94      A5F17B
  95 0218 594550C5 		.ascii	"YEP\305\302\262\360\333H;\236\313\260,\324n\337\341"
  95      C2B2F0DB 
  95      483B9ECB 
  95      B02CD46E 
  95      DFE1
  96 022a 4B21C634 		.ascii	"K!\3064(\246\334\035\370hP\013\031\351\031\031\231^"
  96      28A6DC1D 
  96      F868500B 
  96      19E91919 
  96      995E
  97 023c 4C293C7A 		.ascii	"L)<z\341\217\345\333\312x\355\014\012\325\202\241\276"
  97      E18FE5DB 
  97      CA78ED0C 
  97      0AD582A1 
  97      BE
  98 024d 85F44482 		.ascii	"\205\364D\202/\212\212|\011?R\025\225+\347\213\335\022"
  98      2F8A8A7C 
  98      093F5215 
  98      952BE78B 
  98      DD12
  99 025f 1C457513 		.ascii	"\034Eu\023\025\2530\306\334\340,n\244\0032\340\014\366"
  99      15AB30C6 
  99      DCE02C6E 
  99      A40332E0 
  99      0CF6
ARM GAS  C:\Users\srich\AppData\Local\Temp\cc3YpfcI.s 			page 7


 100 0271 D3904139 		.ascii	"\323\220A9\012|o\177\215*\260\200\260\333\222\261\333"
 100      0A7C6F7F 
 100      8D2AB080 
 100      B0DB92B1 
 100      DB
 101 0282 210E4EA6 		.ascii	"!\016N\246\327\343\246\255\023\246Q'\354\211\236\320"
 101      D7E3A6AD 
 101      13A65127 
 101      EC899ED0 
 102 0292 B51A1507 		.ascii	"\265\032\025\007a\"\305\312*F\213bSuW\203\0022\323\311"
 102      6122C5CA 
 102      2A468B62 
 102      53755783 
 102      0232D3C9 
 103 02a6 2E68D640 		.ascii	".h\326@\000\201\276JP(\234\250M\264!\350\304}\374\323"
 103      0081BE4A 
 103      50289CA8 
 103      4DB421E8 
 103      C47DFCD3 
 104 02ba 9E90D02B 		.ascii	"\236\220\320+\217\272\236g\315\214\310\015=\252lJa\035"
 104      8FBA9E67 
 104      CD8CC80D 
 104      3DAA6C4A 
 104      611D
 105 02cc B2F0F1F9 		.ascii	"\262\360\361\371\252U\354\234<\3375r\361\354db}\006"
 105      AA55EC9C 
 105      3CDF3572 
 105      F1EC6462 
 105      7D06
 106 02de FD5EBECA 		.ascii	"\375^\276\312\035jvY\326\305.\007\235|9\334i\275sr\022"
 106      1D6A7659 
 106      D6C52E07 
 106      9D7C39DC 
 106      69BD7372 
 107 02f3 BB2AEB82 		.ascii	"\273*\353\202#\301\0165\351\026\240\250~\034\254\330"
 107      23C10E35 
 107      E916A0A8 
 107      7E1CACD8 
 108 0303 08808785 		.ascii	"\010\200\207\205-s|\302_b\302G\210\277\356h\266W1\333"
 108      2D737CC2 
 108      5F62C247 
 108      88BFEE68 
 108      B65731DB 
 109 0317 5ECCF47B 		.ascii	"^\314\364{\354?`\357\301~%q\022<4V\263\202#\277\202"
 109      EC3F60EF 
 109      C17E2571 
 109      123C3456 
 109      B38223BF 
 110 032c 8EF34887 		.ascii	"\216\363H\207\360\213o[>\012\231`a\354}<;jz!\331\364"
 110      F08B6F5B 
 110      3E0A9960 
 110      61EC7D3C 
 110      3B6A7A21 
 111 0342 E213A7C6 		.ascii	"\342\023\247\306\275\2369Q\313\256d\313\357\222A\267"
 111      BD9E3951 
 111      CBAE64CB 
 111      EF9241B7 
ARM GAS  C:\Users\srich\AppData\Local\Temp\cc3YpfcI.s 			page 8


 112 0352 C44C2F25 		.ascii	"\304L/%\233^N\002\375+\026\376\\\262e\242 \351\200G"
 112      9B5E4E02 
 112      FD2B16FE 
 112      5CB265A2 
 112      20E98047 
 113 0366 A910BA27 		.ascii	"\251\020\272'(\004\330;\354;\246f\375\304\253\"r\275"
 113      2804D83B 
 113      EC3BA666 
 113      FDC4AB22 
 113      72BD
 114 0378 BB8741FA 		.ascii	"\273\207A\372\204\034\302\217H\335\277\241\221\"\356"
 114      841CC28F 
 114      48DDBFA1 
 114      9122EE
 115 0387 B66AA00F 		.ascii	"\266j\240\017\215\257%J\252;VR\030u\303\336\362\226"
 115      8DAF254A 
 115      AA3B5652 
 115      1875C3DE 
 115      F296
 116 0399 D4F46818 		.ascii	"\324\364h\030\357\263\302H\317\214\201\020W\177\031"
 116      EFB3C248 
 116      CF8C8110 
 116      577F19
 117 03a8 AC66ECB6 		.ascii	"\254f\354\266\\\020\235c\367?W\316z\310vs\015)\373\216"
 117      5C109D63 
 117      F73F57CE 
 117      7AC87673 
 117      0D29FB8E 
 118 03bc B67732BA 		.ascii	"\266w2\272\273\004O\364\234\324\264o\274\240\242\245"
 118      BB044FF4 
 118      9CD4B46F 
 118      BCA0A2A5 
 119 03cc A64DFB4E 		.ascii	"\246M\373Nk\350A8\265\277\203\3454q\217w\006\321(\312"
 119      6BE84138 
 119      B5BF83E5 
 119      34718F77 
 119      06D128CA 
 120 03e0 18EF162A 		.ascii	"\030\357\026*\345~\034\261\234!H\027\024\254;\177\373"
 120      E57E1CB1 
 120      9C214817 
 120      14AC3B7F 
 120      FB
 121 03f1 1290F7E9 		.ascii	"\022\220\367\351\360\305]t\005WT\265\035U\322\222\247"
 121      F0C55D74 
 121      055754B5 
 121      1D55D292 
 121      A7
 122 0402 EA0B19B0 		.ascii	"\352\013\031\260\276}l\267\362\031\2007\242\200\003"
 122      BE7D6CB7 
 122      F2198037 
 122      A28003
 123 0411 3260D396 		.ascii	"2`\323\226{F\262\234\002?\241\245\330h\010rh\2637!\207"
 123      7B46B29C 
 123      023FA1A5 
 123      D8680872 
 123      68B33721 
 124 0426 FEA0EAC1 		.ascii	"\376\240\352\301r\230\275\227\373\275\341\306\007\265"
ARM GAS  C:\Users\srich\AppData\Local\Temp\cc3YpfcI.s 			page 9


 124      7298BD97 
 124      FBBDE1C6 
 124      07B5
 125 0434 B08E7BD7 		.ascii	"\260\216{\327s\216/\026\220\303u\231\330q%.V~\006|J"
 125      738E2F16 
 125      90C37599 
 125      D871252E 
 125      567E067C 
 126 0449 06D11F6E 		.ascii	"\006\321\037n\301l\304\350\337\331\266Y\251\333\234"
 126      C16CC4E8 
 126      DFD9B659 
 126      A9DB9C
 127 0458 B855E99D 		.ascii	"\270U\351\235I\274\242C\240\243GF\214:\243\321j*\261"
 127      49BCA243 
 127      A0A34746 
 127      8C3AA3D1 
 127      6A2AB1
 128 046b AF35DA1C 		.ascii	"\2575\332\0346\267\352\355\025\357\351\227Ji\371NS\211"
 128      36B7EAED 
 128      15EFE997 
 128      4A69F94E 
 128      5389
 129 047d 653E7DB3 		.ascii	"e>}\263\314R*M\336A\375\024\227\273h\321B\243\331\356"
 129      CC522A4D 
 129      DE41FD14 
 129      97BB68D1 
 129      42A3D9EE 
 130 0491 34BF4F0E 		.ascii	"4\277O\016\271\346\327\014\346B[\276\315\345.\265\330"
 130      B9E6D70C 
 130      E6425BBE 
 130      CDE52EB5 
 130      D8
 131 04a2 9CF2DCE9 		.ascii	"\234\362\334\351\312\316\31168]\206B\223\335P\354,q"
 131      CACEC936 
 131      385D8642 
 131      93DD50EC 
 131      2C71
 132 04b4 BB0CE427 		.ascii	"\273\014\344'\177\013\262\327\254\021\032\243\335n\311"
 132      7F0BB2D7 
 132      AC111AA3 
 132      DD6EC9
 133 04c3 2A94A6CA 		.ascii	"*\224\246\312\220\253\213mN\243\313\352.-6\2725\245"
 133      90AB8B6D 
 133      4EA3CBEA 
 133      2E2D36BA 
 133      35A5
 134 04d5 36871BD7 		.ascii	"6\207\033\327\334Z\24316-H\012\344v:\355.\303jG\251"
 134      DC5AA331 
 134      362D480A 
 134      E4763AED 
 134      2EC36A47 
 135 04ea 9E667A53 		.ascii	"\236fzSI\221\336Z\224o\265X\254\026\303\313Y\257\352"
 135      4991DE5A 
 135      946FB558 
 135      AC16C3CB 
 135      59AFEA
 136 04fd 172EC87E 		.ascii	"\027.\310~\345\203E\006\\\237\347p:\254\363\254\246"
ARM GAS  C:\Users\srich\AppData\Local\Temp\cc3YpfcI.s 			page 10


 136      E5834506 
 136      5C9FE770 
 136      3AACF3AC 
 136      A6
 137 050e 7C9BC1E6 		.ascii	"|\233\301\3460\333K-VC\221\011\261\034V\203\321b-0\225"
 137      30DB4B2D 
 137      56439109 
 137      B11C5683 
 137      D1622D30 
 138 0523 DADD46F7 		.ascii	"\332\335F\367\332b\253\013\263Y\371\277\206q\255u\031"
 138      DA62AB0B 
 138      B359F9BF 
 138      8671AD75 
 138      19
 139 0534 8C2EB705 		.ascii	"\214.\267\005\367\200\330\314i)a\346\022;\366\302%\377"
 139      F780D8CC 
 139      692961E6 
 139      123BF6C2 
 139      25FF
 140 0546 893764CA 		.ascii	"\2117d\312 \010\3720\333P\034'N\225\227\273\314\344"
 140      2008FA30 
 140      DB501C27 
 140      4E9597BB 
 140      CCE4
 141 0558 36A9F296 		.ascii	"6\251\362\226\310\303RyX&\017o\211!5/\367\335\245NG"
 141      C8C35279 
 141      58260F6F 
 141      8921352F 
 141      F7DDA54E 
 142 056d 816DF554 		.ascii	"\201m\365T\341\027\333\254\231\226ff\2258-h\224\365"
 142      E117DBAC 
 142      99966666 
 142      95382D68 
 142      94F5
 143 057f B4EA6FAC 		.ascii	"\264\352o\254\002\015q"
 143      020D71
 144              		.text
 145              		.section	.gnu.lto_.symtab.ab66faa6,"",%progbits
 146 0000 5F5F6561 		.ascii	"__early_init\000\000\000\000\000\000\000\000\000\000"
 146      726C795F 
 146      696E6974 
 146      00000000 
 146      00000000 
 147 0016 0000AC00 		.ascii	"\000\000\254\000\000\000boardInit\000\000\000\000\000"
 147      0000626F 
 147      61726449 
 147      6E697400 
 147      00000000 
 148 002a 00000000 		.ascii	"\000\000\000\000\000\000\000\256\000\000\000pal_def"
 148      000000AE 
 148      00000070 
 148      616C5F64 
 148      6566
 149 003c 61756C74 		.ascii	"ault_config\000\000\000\000\000\000\000\000\000\000"
 149      5F636F6E 
 149      66696700 
 149      00000000 
ARM GAS  C:\Users\srich\AppData\Local\Temp\cc3YpfcI.s 			page 11


 149      00000000 
 150 0051 0000E500 		.ascii	"\000\000\345\000\000\000stm32_clock_init\000\000\002"
 150      00007374 
 150      6D33325F 
 150      636C6F63 
 150      6B5F696E 
 151 006a 00000000 		.ascii	"\000\000\000\000\000\000\000\000\000\260\000\000\000"
 151      00000000 
 151      00B00000 
 151      00
 152              		.text
 153              		.section	.gnu.lto_.opts,"",%progbits
 154 0000 272D666E 		.ascii	"'-fno-trapv' '-mcpu=cortex-m3' '-mno-thumb-interwor"
 154      6F2D7472 
 154      61707627 
 154      20272D6D 
 154      6370753D 
 155 0033 6B272027 		.ascii	"k' '-mthumb' '-ggdb' '-O2' '-fomit-frame-pointer' '"
 155      2D6D7468 
 155      756D6227 
 155      20272D67 
 155      67646227 
 156 0066 2D66616C 		.ascii	"-falign-functions=16' '-ffunction-sections' '-fdata"
 156      69676E2D 
 156      66756E63 
 156      74696F6E 
 156      733D3136 
 157 0099 2D736563 		.ascii	"-sections' '-fno-common' '-flto'\000"
 157      74696F6E 
 157      73272027 
 157      2D666E6F 
 157      2D636F6D 
 158              		.text
 159              		.comm	__gnu_lto_v1,1,1
 160              		.comm	__gnu_lto_slim,1,1
 161              		.ident	"GCC: (GNU Tools for ARM Embedded Processors) 4.9.3 20150529 (release) [ARM/embedded-4_9-br
ARM GAS  C:\Users\srich\AppData\Local\Temp\cc3YpfcI.s 			page 12


DEFINED SYMBOLS
                            *ABS*:00000000 board.c
                            *COM*:00000001 __gnu_lto_v1
                            *COM*:00000001 __gnu_lto_slim

NO UNDEFINED SYMBOLS
