ARM GAS  C:\Users\srich\AppData\Local\Temp\ccBzzgv7.s 			page 1


   1              		.syntax unified
   2              		.cpu cortex-m3
   3              		.fpu softvfp
   4              		.eabi_attribute 20, 1
   5              		.eabi_attribute 21, 1
   6              		.eabi_attribute 23, 3
   7              		.eabi_attribute 24, 1
   8              		.eabi_attribute 25, 1
   9              		.eabi_attribute 26, 1
  10              		.eabi_attribute 30, 2
  11              		.eabi_attribute 34, 1
  12              		.eabi_attribute 18, 4
  13              		.thumb
  14              		.file	"CanComm.c"
  15              		.text
  16              	.Ltext0:
  17              		.section	.gnu.lto_.profile.ab66e146,"",%progbits
  18 0000 789C6366 		.ascii	"x\234cf```a\200\000F\006>\026\000\000\224\000\033"
  18      60606061 
  18      80004606 
  18      3E160000 
  18      94001B
  19              		.text
  20              		.section	.gnu.lto_.jmpfuncs.ab66e146,"",%progbits
  21 0000 789C6366 		.ascii	"x\234cf\300\016\354\2404#\02031}db\234w\271o\035S\355"
  21      C00EECA0 
  21      34231033 
  21      317D6462 
  21      9C77B96F 
  22 0017 EF868E06 		.ascii	"\357\206\216\006\216\237L\014\177\231@r\313\031k\031"
  22      8E9F4C0C 
  22      7F994072 
  22      CB196B19 
  23 0027 4072D3FA 		.ascii	"@r\323\372\257\354`\006\312\315\000\3111\376e\002jb"
  23      AFEC6006 
  23      CACD00C9 
  23      31FE6502 
  23      6A62
  24 0039 5C019463 		.ascii	"\\\001\224c\000\000\203\205\023\367"
  24      00008385 
  24      13F7
  25              		.text
  26              		.section	.gnu.lto_.inline.ab66e146,"",%progbits
  27 0000 789C6366 		.ascii	"x\234cf\300\016\244\2414#\003\003\033\037#\003\023\220"
  27      C00EA4A1 
  27      34230303 
  27      1B1F2303 
  27      1390
  28 0012 C9B6401E 		.ascii	"\311\266@\036D10\3630\200\371\000\022\310\001\017"
  28      443130F3 
  28      3080F900 
  28      12C8010F 
  29              		.text
  30              		.section	.gnu.lto_.pureconst.ab66e146,"",%progbits
  31 0000 789C6366 		.ascii	"x\234cf```f\200\000F\006\011\000\000x\000 "
  31      60606066 
  31      80004606 
ARM GAS  C:\Users\srich\AppData\Local\Temp\ccBzzgv7.s 			page 2


  31      09000078 
  31      0020
  32              		.text
  33              		.section	.gnu.lto_CanCommInit.ab66e146,"",%progbits
  34 0000 789C6590 		.ascii	"x\234e\220=K\003A\020\206\347\235;\217\203\200\004\253"
  34      3D4B0341 
  34      1086E79D 
  34      3B8F8380 
  34      04AB
  35 0012 903F904E 		.ascii	"\220?\220N\177D\012\177\202\225\205\244\216\202\326"
  35      7F440A7F 
  35      829585A4 
  35      8E82D6
  36 0021 47F6E402 		.ascii	"G\366\344\002V&\205\312\211_\225\230\030M\264K\260\271"
  36      562685CA 
  36      895F9598 
  36      184DB44B 
  36      B0B9
  37 0033 CE461451 		.ascii	"\316F\024Q\260\361\243\360\004\355\014\251\242\2048"
  37      B0F1A3F0 
  37      04ED0CA9 
  37      A28438
  38 0042 731111B2 		.ascii	"s\021\021\262\260\314\316\274\357<\263\273\026\215\257"
  38      B0CCCEBC 
  38      EF3CB3BB 
  38      168DAF
  39 0051 ACEC7910 		.ascii	"\254\354y\020\245%\302\"p\365\232\310w\031\320\003\201"
  39      A525C222 
  39      70F59AC8 
  39      7719D003 
  39      81
  40 0062 4A8C123E 		.ascii	"J\214\022>\270\313\250F\2150\225;4\306|\256v2\345L\237"
  40      B8CBA846 
  40      8D30953B 
  40      34C67CAE 
  40      7632E54C 
  41 0077 897A3CC2 		.ascii	"\211z<\302\340\0109\022O7\030<\244\234@<\351\221\206"
  41      E0083912 
  41      4F37183C 
  41      A49C403C 
  41      E99186
  42 008a 1A1CC153 		.ascii	"\032\034\301Sk*2\303\341\353\346\325\205m\021\305\""
  42      6B2A32C3 
  42      E1EBE6D5 
  42      856D11C5 
  42      22
  43 009b 29FF8D59 		.ascii	")\377\215Y\243\365\210r\264}\0115+e\377n\275\311\336"
  43      A3F58872 
  43      B47D0935 
  43      2B65FF6E 
  43      BDC9DE
  44 00ae B759336E 		.ascii	"\267Y3n\237\321c\001\240\016oL\342\201\216\220\352K"
  44      9FD16301 
  44      A00E6F4C 
  44      E2818E90 
  44      EA4B
  45 00c0 7C73EBBE 		.ascii	"|s\353\276\263T\222\264\346\007\273\330\303\216o\324"
ARM GAS  C:\Users\srich\AppData\Local\Temp\ccBzzgv7.s 			page 3


  45      B35492B4 
  45      E607BBD8 
  45      C38E6FD4 
  46 00d0 65E1181E 		.ascii	"e\341\030\036\032\310&\332S\3745'\375\332\215\0231%"
  46      1AC826DA 
  46      53FC3527 
  46      FDDA8D13 
  46      3125
  47 00e2 33710A4F 		.ascii	"3q\012O\264\255\312}\333\0221T\331\036\350\334\377p"
  47      B4ADCA7D 
  47      DB123154 
  47      D91EE8DC 
  47      FF70
  48 00f4 3B49EB95 		.ascii	";I\353\225\215v\002\257\252k\002M\201\267~\341\007q"
  48      8D7602AF 
  48      AA6B024D 
  48      81B77EE1 
  48      0771
  49 0106 2D4C0940 		.ascii	"-L\011@\376\306\306\331\037\375\034^\237\035z\206\037"
  49      FEC6C6D9 
  49      1FFD1C5E 
  49      9F1D7A86 
  49      1F
  50 0117 75669312 		.ascii	"uf\223\022\351\037@\337.7\236\\Y.\314\344\027\026\363"
  50      E91F40DF 
  50      2E379E5C 
  50      592ECCE4 
  50      1716F3
  51 012a 4BC5E274 		.ascii	"K\305\342t\201~\000\313\033\202\370"
  51      817E00CB 
  51      1B82F8
  52              		.text
  53              		.section	.gnu.lto_.symbol_nodes.ab66e146,"",%progbits
  54 0000 789C6366 		.ascii	"x\234cf``\260b\200\002\246\233\214\365\014\014\023\316"
  54      6060B062 
  54      8002A69B 
  54      8CF50C0C 
  54      13CE
  55 0012 3130D4D7 		.ascii	"10\324\3273\314[\300\301\300z\233\221A\240\236\201\365"
  55      33CC5BC0 
  55      C1C07A9B 
  55      9141A09E 
  55      81F5
  56 0024 0A23E302 		.ascii	"\012#\343\002\246zf\306[\214\365\214\020y\206\206\006"
  56      A67A66C6 
  56      5B8CF58C 
  56      10798686 
  56      06
  57 0035 0E066620 		.ascii	"\016\006f \\\362\340\037#\003\000\315\266\017t"
  57      5CF2E01F 
  57      230300CD 
  57      B60F74
  58              		.text
  59              		.section	.gnu.lto_.refs.ab66e146,"",%progbits
  60 0000 789C6366 		.ascii	"x\234cf``\340d\200\000&\006&FF&&F\006\000\001(\000\030"
  60      6060E064 
  60      80002606 
ARM GAS  C:\Users\srich\AppData\Local\Temp\ccBzzgv7.s 			page 4


  60      26464626 
  60      26460600 
  61              		.text
  62              		.section	.gnu.lto_.decls.ab66e146,"",%progbits
  63 0000 789CBD3B 		.ascii	"x\234\275;\013PT\311\265\323\267g\230a\270\300\326\262"
  63      0B5054C9 
  63      B5D3B767 
  63      9861B8C0 
  63      D6B2
  64 0012 71B7ACE4 		.ascii	"q\267\254\344\305\230\204\267\233\267\233\350\232\335"
  64      C59884B7 
  64      9BB79BE8 
  64      9ADD
  65 0020 7C2AAFB2 		.ascii	"|*\257\262\033W7&\331\317C\363R\257B\025aqT\262\374"
  65      1B573726 
  65      D9CF43F3 
  65      52AF4215 
  65      617154B2 
  66 0035 3233AE6C 		.ascii	"23\256l\275\252\367\206\257(_A\024\004t\024T\206\277"
  66      BDAAF786 
  66      AF285F41 
  66      14047414 
  66      5486BF
  67 0048 888A8282 		.ascii	"\210\212\202\202\250|D@QD\004a\020\025\374\203\242\002"
  67      A87C4440 
  67      51440461 
  67      1015FC83 
  67      A202
  68 005a 02BED3DD 		.ascii	"\002\276\323\335wf\356\\.\270I\275\367\250\352\271}"
  68      7766EE5C 
  68      2EB849BD 
  68      F7A8EAB9 
  68      7D
  69 006b BA4F9F5F 		.ascii	"\272O\237_\237>}\372\366\005+\024\2128(/\340\357\367"
  69      9F3E7DFA 
  69      F6052B14 
  69      8A38282F 
  69      E0EFF7
  70 007e 4B148A41 		.ascii	"K\024\212A\265B\301\001\374\271\202=\377\025~:\024\354"
  70      B542C101 
  70      FCB9823D 
  70      FF157E3A 
  70      14EC
  71 0090 8FC01FC0 		.ascii	"\217\300\037\300\3172\216\325?\206\237?p\012\247?\322"
  71      CF328ED5 
  71      3F869F3F 
  71      700AA73F 
  71      D2
  72 00a1 AF16C67F 		.ascii	"\257\026\306\177\302\261\361\277\022h\\\202\262\224"
  72      C2B1F1BF 
  72      12685C82 
  72      B294
  73 00af FBE6B446 		.ascii	"\373\346\264F84\236\266)\335e\210C\036Z\023&p\337\263"
  73      38349EB6 
  73      29DD6588 
  73      431E5A13 
  73      2670DFB3 
ARM GAS  C:\Users\srich\AppData\Local\Temp\ccBzzgv7.s 			page 5


  74 00c3 BE3A35C0 		.ascii	"\276:5\300\274v\021\001\323\313Z29\314!R\317\315\350"
  74      BC761101 
  74      D3CB5A32 
  74      39CC2152 
  74      CFCDE8
  75 00d6 BFA47DBB 		.ascii	"\277\244}\273\300d2\305\231j\255\310A\343F\316\261}"
  75      C06432C5 
  75      996AADC8 
  75      41E346CE 
  75      B17D
  76 00e8 087B51A4 		.ascii	"\010{Q\244\307\261\227b\265\370\237h=)\256+B\203\337"
  76      C7B19762 
  76      B5F89F68 
  76      3D29AE2B 
  76      4283DF
  77 00fb A2F5A2C3 		.ascii	"\242\365\242\303eSj\374.\255\357\350\2749\212\201\307"
  77      65536AFC 
  77      2EADEFE8 
  77      BC398A81 
  77      C7
  78 010c EFB41C01 		.ascii	"\357\264\034\001\213'\363\217\270\343_\263\341\023\321"
  78      8B27F38F 
  78      B8E35FB3 
  78      E113D1
  79 011b 37D47805 		.ascii	"7\324x\005\255\037Km\314p\241hJ\002&\337\037IsUr\012"
  79      AD1F4B6D 
  79      CC70A168 
  79      4A0226DF 
  79      1F497355 
  80 0131 74006154 		.ascii	"t\000aT\216\346S\326\023[\367$!\322X\006\215?\234\217"
  80      8EE653D6 
  80      135BF724 
  80      21D25806 
  80      8D3F9C8F 
  81 0145 0E228A5B 		.ascii	"\016\"\212[\027\237\324\354I\232K\240\271\024\315G\025"
  81      179FD4EC 
  81      499A4BA0 
  81      B914CD47 
  81      15
  82 0156 AC7DB46A 		.ascii	"\254}\264j|\036i.\206\346\037\314G\207Xk\333\226\353"
  82      7C1E692E 
  82      86E61FCC 
  82      4787586B 
  82      DB96EB
  83 0169 1EA4B508 		.ascii	"\036\244\265\010Z\277?\037\035f\255\021\373\252\022"
  83      5ABF3F1F 
  83      1D66AD11 
  83      FBAA12
  84 0178 8825E669 		.ascii	"\210%\346i)\247\244\346\035'1\005_\020\351\270\346\236"
  84      29A7A4E6 
  84      1D273105 
  84      5F10E9B8 
  84      E69E
  85 018a B20957A4 		.ascii	"\262\011W\244\361\2165\231\"M\303\221\0218\303C\201"
  85      F18E3599 
  85      224DC391 
  85      1138C343 
ARM GAS  C:\Users\srich\AppData\Local\Temp\ccBzzgv7.s 			page 6


  85      81
  86 019b DE9E8FDE 		.ascii	"\336\236\217\336\002\301\3201\244A\005\350mT\205\274"
  86      02C1D031 
  86      A44105E8 
  86      6D5485BC 
  87 01ab D111A444 		.ascii	"\321\021\244D\225 \302Q\0209\017\2147\\8\3600,\302\364"
  87      9520C251 
  87      10390F8C 
  87      375C38F0 
  87      302CC2F4 
  88 01bf 01415210 		.ascii	"\001AR\020,\361|pO\317\336O\327\312\223E\307\201\332"
  88      2CF17C70 
  88      4FCFDE4F 
  88      D7CA9345 
  88      C781DA
  89 01d2 5C94AD2D 		.ascii	"\\\224\255-\001\032T\015\010\205\240\010#L\231\330\346"
  89      011A540D 
  89      0885A008 
  89      234C99D8 
  89      E6
  90 01e3 293AEFE9 		.ascii	"):\357\351\224\022G!j\335\362\334\275\207]\351\304\177"
  90      94124721 
  90      6ADDF2DC 
  90      BD875DE9 
  90      C47F
  91 01f5 40C0BCF4 		.ascii	"@\300\274\364mE*:\357\032\002\036-\031mq\243\275\013"
  91      6D452A3A 
  91      EF1A021E 
  91      2D196D71 
  91      A3BD0B
  92 0208 C453C1B3 		.ascii	"\304S\301\263\251\25091V\257\305\233\030\241\2048k\223"
  92      A9A83931 
  92      56AFC59B 
  92      18A18438 
  92      6B93
  93 021a 16A732C0 		.ascii	"\026\2472\300f\264\3571\243\365e\215\347\271R\220\270"
  93      66B4EF31 
  93      A3F5658D 
  93      E7B95290 
  93      B8
  94 022b BF2751B0 		.ascii	"\277'Q\260\361\226)\327\003yk\251)\216\357\275\376\333"
  94      F19629D7 
  94      03796BA9 
  94      298EEFBD 
  94      FEDB
  95 023d 28304523 		.ascii	"(0E#\322\242\323\016\241\311h\362\027G\214\220\022e"
  95      D2A2D30E 
  95      A1C968F2 
  95      17478C90 
  95      1265
  96 024f 726D0423 		.ascii	"rm\004#\234\004M\353@S\324\000\252\177OKq\321\031h\254"
  96      9C044DEB 
  96      4053D400 
  96      AA7F4F4B 
  96      71D11968 
  97 0264 8746207C 		.ascii	"\207F |f\362D\264\012i\275\345\007\235\225\031DEH\330"
  97      66F244B4 
ARM GAS  C:\Users\srich\AppData\Local\Temp\ccBzzgv7.s 			page 7


  97      0A69BDE5 
  97      079D9519 
  97      444548D8 
  98 0278 943ACF64 		.ascii	"\224:\317dR\242&\020\341\224C\004\220\310n\267\027\375"
  98      52A22610 
  98      E1944304 
  98      90C86EB7 
  98      17FD
  99 028a 13E1D8CA 		.ascii	"\023\341\330\312\026AmjQ\226\032\337\240\200\262\320"
  99      16416D6A 
  99      51961ADF 
  99      A080B2D0 
 100 029a FAE83A42 		.ascii	"\372\350:B\013\027zy\233\201\351\360\225\346=\177M\213"
 100      0B177A79 
 100      9B81E9F0 
 100      95E63D7F 
 100      4D8B
 101 02ac 32E5BD41 		.ascii	"2\345\275A\2115\003\2616\344\345\020\341M\342\031?\202"
 101      893503B1 
 101      36E4E510 
 101      E14DE219 
 101      3F82
 102 02be 1F05C136 		.ascii	"\037\005\3016gX\\\032\027Q\314s\262\230'\211\213+\266"
 102      67585C1A 
 102      1751CC73 
 102      B2982789 
 102      8B2BB6
 103 02d1 808CA614 		.ascii	"\200\214\246\024\263\351\003\243\002\325@\177-i\245"
 103      B3E903A3 
 103      02D5407F 
 103      2D69A5
 104 02e0 D8C40BCE 		.ascii	"\330\304\013\316\203V-h!jE\013\251\260\324\013&\367"
 104      83562D68 
 104      216A450B 
 104      A9B0D40B 
 104      26F7
 105 02f2 BB981041 		.ascii	"\273\230\020A\231\341](\357t~\012\217\0130\365\340-"
 105      99E15D28 
 105      EF747E0A 
 105      8F0B30F5 
 105      E02D
 106 0304 F9B59B5C 		.ascii	"\371\265\233\\\221\267\027\035\224\031\250A\027\201"
 106      91B7171D 
 106      9419A841 
 106      1781
 107 0312 EA058709 		.ascii	"\352\005\207\011\010\005\372''\003j\007\326\263\211"
 107      0805FA27 
 107      27036A07 
 107      D6B389
 108 0321 019CE2A6 		.ascii	"\001\234\342\246\333\312x/a\244y\266\221\012\351\260"
 108      DBCA782F 
 108      61A479B6 
 108      910AE9B0 
 109 0331 C461D32D 		.ascii	"\304a\323-w~\263c\012\321%\221a\024\250\003\361\002"
 109      777EB363 
 109      0AD12591 
 109      6114A803 
ARM GAS  C:\Users\srich\AppData\Local\Temp\ccBzzgv7.s 			page 8


 109      F102
 110 0343 666CD1B5 		.ascii	"fl\321\265\006%\256\240\252\240\007\033\267wp\270\212"
 110      0625AEA0 
 110      AAA0071B 
 110      B77770B8 
 110      8A
 111 0354 013B9ABA 		.ascii	"\001;\232\272=q3\253\357\255}\026\317Q?6S\317-\250\334"
 111      3D7133AB 
 111      EFAD7D16 
 111      CF513F36 
 111      53CF2DA8 
 112 0369 FC5C431D 		.ascii	"\374\\C\035\371#\002Z\312\213\037p\270\207\341\016\354"
 112      F923025A 
 112      CA8B1F70 
 112      B887E10E 
 112      EC
 113 037a 6ABEE589 		.ascii	"j\276\345\211o2 }\260\370\221+~\310\200\256\244\307"
 113      6F32207D 
 113      B0F8912B 
 113      7EC880AE 
 113      A4C7
 114 038c 291AFC94 		.ascii	")\032\374\224\001\227\223\357^\342\361\024\263a\336"
 114      019793EF 
 114      5EE2F114 
 114      B361DE
 115 039b EDC84295 		.ascii	"\355\310B\225\315\233\023\017\230\371\343&\223\006\365"
 115      CD9B130F 
 115      98F9E326 
 115      9306F5
 116 03aa C3A4F639 		.ascii	"\303\244\3669\014\331\204\346\364g\253\254?\243]\247"
 116      0CD984E6 
 116      F467ABAC 
 116      3FA35DA7 
 117 03ba 9FEC76C3 		.ascii	"\237\354v\303\315J\312\364\342\215\341{\032\334\316"
 117      CD4ACAF4 
 117      E28DE17B 
 117      1ADCCE
 118 03c9 80FA960B 		.ascii	"\200\372\226\0137\020S\212\006\320\335\003g\233\335"
 118      3710538A 
 118      06D0DD03 
 118      679BDD
 119 03d8 A8523F20 		.ascii	"\250R? `\312\376\332z7|\225\341\266?:jR\343[\024\340"
 119      60CAFEDA 
 119      7A377C95 
 119      E1B63F3A 
 119      6A52E35B 
 120 03ee 122FF44D 		.ascii	"\022/\364M+\2217O\245\355;X\341\261\213H{\033\361h\320"
 120      2B91374F 
 120      A5ED3B58 
 120      E1B18B48 
 120      7B1BF168 
 121 0403 21ED673C 		.ascii	"!\355g<\023V<\011\237\317s\210;\004\342~\306\013\330"
 121      13563C09 
 121      9FCF7388 
 121      3B04E27E 
 121      C60BD8
 122 0416 C0E1A9A9 		.ascii	"\300\341\251\251~\263'\336\247\242\3546?\216>\311c\013"
ARM GAS  C:\Users\srich\AppData\Local\Temp\ccBzzgv7.s 			page 9


 122      7EB327DE 
 122      A7A2EC36 
 122      3F8E3EC9 
 122      630B
 123 0428 031E1E6F 		.ascii	"\003\036\036o\312\361\304E\014\030\032\031\272\354\201"
 123      CAF1C445 
 123      0C181A19 
 123      BAEC81
 124 0437 4B199076 		.ascii	"K\031\220v\247\366\272\007.g@\363\365\261\307<\025\377"
 124      A7F6BA07 
 124      2E6740F3 
 124      F5B1C73C 
 124      15FF
 125 0449 1502EEA9 		.ascii	"\025\002\356\251\031\210\342\361!\326\327\235\022\233"
 125      1988E2F1 
 125      21D6D79D 
 125      129B
 126 0457 EF8A2B19 		.ascii	"\357\212+\031\220\371\354\\\275'E|\203n)\2733\017\273"
 126      90F9EC5C 
 126      BD27457C 
 126      836E29BB 
 126      330FBB
 127 046a E26AD6F7 		.ascii	"\342j\326\367\240\251\350:\207k\031`\213^<\215^n\243"
 127      A0A9E83A 
 127      876B1960 
 127      8B5E3C8D 
 127      5E6EA3
 128 047d 96AADD3C 		.ascii	"\226\252\335<,S\372\347\265\320{!]\255\361G\362~h)7"
 128      2C53FAE7 
 128      B5D07B21 
 128      5DADF147 
 128      F27E6829 
 129 0492 D546636A 		.ascii	"\325Fcj\201\273`\201\251Y\026!]\257\305t\275\022\324"
 129      81BB6081 
 129      A9591621 
 129      5DAFC574 
 129      BD12D4
 130 04a5 6129EA43 		.ascii	"a)\352C$\301-\261\343\216Hq\037!\3470PhG\275/E\255\225"
 130      24C12DB1 
 130      E38E4871 
 130      1F21E730 
 130      506847BD 
 131 04bd 922DB0E3 		.ascii	"\222-\260\343\336\223\307u\220\255\264\243\216JQ\237"
 131      DE93C775 
 131      90ADB4A3 
 131      8E4A519F 
 132 04cd 4850F3ED 		.ascii	"HP\363\355\250wdm\360#G\0342\321\030p\003\272o\222\356"
 132      A877646D 
 132      F023471C 
 132      32D11870 
 132      03BA6F92 
 133 04e2 5B023E89 		.ascii	"[\002>\211\001/\300-&a1?\2052\001e\034\212\211[\210"
 133      012FC02D 
 133      2661313F 
 133      85320165 
 133      1C8A895B 
 134 04f7 9EC1730C 		.ascii	"\236\301s\014\3124\224\347\302B\247lK\355l\037\313\333"
ARM GAS  C:\Users\srich\AppData\Local\Temp\ccBzzgv7.s 			page 10


 134      CA3494E7 
 134      C242A76C 
 134      4BED6C1F 
 134      CBDB
 135 0509 88294EA3 		.ascii	"\210)N\243\323\324F\022\322\246f\2044B\310Zd9\313\233"
 135      D3D44612 
 135      D2A66684 
 135      3442C85A 
 135      6439CB9B 
 136 051d 04520FE4 		.ascii	"\004R\017\344\247\206\252\000\2161\030\023\227\247r"
 136      A786AA00 
 136      8E311813 
 136      97A772
 137 052c 0A2F534E 		.ascii	"\012/SN\341%\202\263\205\227\333\033c~\207\247\251;"
 137      E12582B3 
 137      8597DB1B 
 137      637E87A7 
 137      A93B
 138 053e E193F15B 		.ascii	"\341\223\361[6 \360\033f\203(j\003;\203\001\340\030"
 138      3620F01B 
 138      6683286A 
 138      033B8301 
 138      E018
 139 0550 C5311BC4 		.ascii	"\3051\033\304p\336(\232s\350\010kl\350\265R\346c@\032"
 139      70DE289A 
 139      73E8086B 
 139      6CE8B552 
 139      E663401A 
 140 0564 45720C57 		.ascii	"Er\014W\306\276,\010\307\0205\001cf\344\236L\037\210"
 140      C6BE2C08 
 140      C7103501 
 140      6366E49E 
 140      4C1F88
 141 0577 D5E04817 		.ascii	"\325\340H\027\352\337}\207\317<v\305q\014\330Q6\366"
 141      EADF7D87 
 141      CF3C76C5 
 141      710CD851 
 141      36F6
 142 0589 4C8B5318 		.ascii	"L\213S\030\320X\230\363\027\234A\353\312\201\354\262"
 142      D05898F3 
 142      179C41EB 
 142      CA81ECB2 
 143 0599 C39EC87B 		.ascii	"\303\236\310{\376|\032\235\342`\233M\344\264h\023\207"
 143      FE7C1A9D 
 143      E2609B4D 
 143      E4B46813 
 143      87
 144 05aa 45196006 		.ascii	"E\031`\006\264\217\375\232t@UC\2374H\015\247\232\360"
 144      B48FFD9A 
 144      74405543 
 144      9F34480D 
 144      A79AF0
 145 05bd 1BF6C463 		.ascii	"\033\366\304c3\350E\272\024(\201\233\217\3429\032\237"
 145      33E845BA 
 145      1428819B 
 145      8FE2391A 
 145      9F
ARM GAS  C:\Users\srich\AppData\Local\Temp\ccBzzgv7.s 			page 11


 146 05ce AEA78D6C 		.ascii	"\256\247\215lRi\005\354\270\227agl\316\210\343\235,"
 146      526905EC 
 146      B8976167 
 146      6CCE88E3 
 146      9D2C
 147 05e0 9F04C238 		.ascii	"\237\004\3028,\237l\267|\307\300\226\223\010\3470}&"
 147      2C9F6CB7 
 147      7CC7C096 
 147      9308E730 
 147      7D26
 148 05f2 A7A2B77B 		.ascii	"\247\242\267{\342<\006l\277p\345\210\022\0273`s\267"
 148      E23C066C 
 148      BF70E588 
 148      12173360 
 148      73B7
 149 0604 E59C1A1F 		.ascii	"\345\234\032\037\242\000\227:0\272\027\331\366~g\331"
 149      A200973A 
 149      30BA17D9 
 149      F67E67D9 
 150 0614 D3419A79 		.ascii	"\323A\232yBtuJ\303\216\357M\3766\331\370\267\202\034"
 150      4274754A 
 150      C38EEF4D 
 150      FE36D9F8 
 150      B7821C
 151 0627 699C3DFC 		.ascii	"i\234=\374\315\263\357\373\234\265s\357\277\311\023"
 151      CDB3EFFB 
 151      9CB573EF 
 151      BFC913
 152 0636 DD3E1BD1 		.ascii	"\335>\033\321\204M\315\337\"D\267\001\321T\007\321\255"
 152      844DCDDF 
 152      2244B701 
 152      D15407D1 
 152      AD
 153 0647 9C88EAEE 		.ascii	"\234\210\352\356gk\345\251f\316F5\361\300\350\227$M"
 153      676BE5A9 
 153      66CE4635 
 153      F1C0E897 
 153      244D
 154 0659 CA00AA5B 		.ascii	"\312\000\252[\034T\2679\250\242\253E\235\2471\256a\266"
 154      1C54B739 
 154      A8A2AB45 
 154      9DA731AE 
 154      61B6
 155 066b 69E9C888 		.ascii	"i\351\310\210q\307\015\3146\035S\261^\362\374rf\341"
 155      71C70DCC 
 155      361D53B1 
 155      5EF2FC72 
 155      66E1
 156 067d 679E846D 		.ascii	"g\236\204mA\201\262\201[\226<\267\201GW\363y\334\306"
 156      4181B281 
 156      5B963CB7 
 156      814757F3 
 156      79DCC6
 157 0690 B8E55F6F 		.ascii	"\270\345_oMu\247\333\321\233\004\314\3368:\241\304\235"
 157      4D75A7DB 
 157      D19B04CC 
 157      DE383AA1 
ARM GAS  C:\Users\srich\AppData\Local\Temp\ccBzzgv7.s 			page 12


 157      C49D
 158 06a2 8C794562 		.ascii	"\214yEb_\014\226\347\276g6\356\323\224\373n\340n\226"
 158      5F0C96E7 
 158      BE6736EE 
 158      D394FB6E 
 158      E06E96
 159 06b5 E7DE7FE7 		.ascii	"\347\336\177\347\304>%\356\023\326\202p`\361`\007\226"
 159      C43E25EE 
 159      13D68270 
 159      60F16007 
 159      96
 160 06c6 8AFABE16 		.ascii	"\212\372\276\026w|\213\365U\015Fv\251\361=\006\214\335"
 160      777C8BF5 
 160      550D4676 
 160      A9F13D06 
 160      8CDD
 161 06d8 1984A839 		.ascii	"\031\204\2509\312\200\222k\2476\300 \027-Y\322c$9E\377"
 161      CA80926B 
 161      A736C020 
 161      172D59D2 
 161      63243945 
 162 06ed 0DCD4D17 		.ascii	"\015\315M\027\333\316\253h;iR\023\015\306OW\226\272"
 162      DBCEAB68 
 162      3B695213 
 162      0DC64F57 
 162      96BA
 163 06ff 300D4C33 		.ascii	"0\015L3\367\356BP\302EP\"\037\274\335\302\331\274\353"
 163      F7EE4250 
 163      C2455022 
 163      1FBCDDC2 
 163      D9BCEB
 164 0712 E62EEA5D 		.ascii	"\346.\352]\005\240\306~\207\032.\016?\350:\264\373\230"
 164      05A0C67E 
 164      871A2E0E 
 164      3FE83AB4 
 164      FB98
 165 0724 3D114EB8 		.ascii	"=\021N\270\335F\375\246\030\320\3679\320\0138G\346 "
 165      DD46FDA6 
 165      18D0F739 
 165      D00B3847 
 165      E620
 166 0736 C3BD4886 		.ascii	"\303\275H\206;P\336\323>\260\0319\222\222<\226\224\224"
 166      3B50DED3 
 166      3EB01939 
 166      92923C96 
 166      9494
 167 0748 02E9BD0E 		.ascii	"\002\351\275\016\322\305s\223.\221%\215R:\273\2465x"
 167      D2C57393 
 167      2E91258D 
 167      523ABBA6 
 167      3578
 168 075a 9A19F192 		.ascii	"\232\031\361\222\345\274\331\023\307\250)p\245\353t"
 168      E5BCD913 
 168      C7A82970 
 168      A5EB74
 169 0769 8E1A2731 		.ascii	"\216\032'1\340\350\326\3743<Ng\300\251\203U\313p>\253"
 169      E0E8D6FC 
ARM GAS  C:\Users\srich\AppData\Local\Temp\ccBzzgv7.s 			page 13


 169      333C4E67 
 169      C0A98355 
 169      CB703EAB 
 170 077d 97D5146E 		.ascii	"\227\325\024nb\247\216\277\020\360Y\314\360&-\335\250"
 170      62A78EBF 
 170      10F059CC 
 170      F0262DDD 
 170      A8
 171 078e 799A0934 		.ascii	"y\232\0114\335\351U\343\022\206\332\020\237\333\356"
 171      DDE955E3 
 171      1286DA10 
 171      9FDBEE
 172 079d 82AB1870 		.ascii	"\202\253\030p\344\376\336m*|\212\002\\y\316\231LWA?"
 172      E4FEDE6D 
 172      2A7C8A02 
 172      5C79CE99 
 172      4C57413F 
 173 07b1 732246A8 		.ascii	"s\"F\250\012T;\372\215U;&\257Z\314\255\312m\03071~c"
 173      0A543BFA 
 173      8D553B26 
 173      AF5ACCAD 
 173      CA6D1837 
 174 07c8 AD370AD4 		.ascii	"\2557\012\324\270\215\001\351"
 174      B88D01E9 
 175 07d0 D5D9A94C 		.ascii	"\325\331\251Lh\023\205\207{S&\334\361e\326\031y'\323"
 175      68138587 
 175      7B5326DC 
 175      F165D619 
 175      7927D3
 176 07e3 8C701F03 		.ascii	"\214p\037\003n\306\226\347(\361 \003\266\025\346L\270"
 176      6EC696E7 
 176      28F12003 
 176      B615E64C 
 176      B8
 177 07f4 E0870C48 		.ascii	"\340\207\014HK\352=\304\343g\014(\2713\262U\205\247"
 177      4BEA3DC4 
 177      E3670C28 
 177      B933B255 
 177      85A7
 178 0806 1970E0F6 		.ascii	"\031p\340\366\325wp\214\206j\2269z\363,\232\365\014"
 178      D577708C 
 178      866A9639 
 178      7AF32C9A 
 178      F50C
 179 0818 D3C0C99F 		.ascii	"\323\300\311\237a\314\361`\203z\260\301\031nf\316\011"
 179      61CCF160 
 179      837AB0C1 
 179      196E66CE 
 179      09
 180 0829 1C727AF6 		.ascii	"\034rz\366\355\342\361\026\312\002\355\214\350LS\341"
 180      EDE2F116 
 180      CA02ED8C 
 180      E84C53E1 
 181 0839 0C064CE7 		.ascii	"\014\006L\347&T!\234\315\200\376\322\301\333\034.d@"
 181      2654219C 
 181      CD80FED2 
 181      C1DB1C2E 
ARM GAS  C:\Users\srich\AppData\Local\Temp\ccBzzgv7.s 			page 14


 181      6440
 182 084b 466BE245 		.ascii	"Fk\342E\036W1 \261\316\332\256\302g4N\313\235g\313\335"
 182      1E573120 
 182      B1CEDAAE 
 182      C267344E 
 182      CB9D67CB 
 183 0860 D275B941 		.ascii	"\322u\271A\215\317\263\276\034\353h\277+\276\314\200"
 183      8DCFB3BE 
 183      1CEB68BF 
 183      2BBECC80 
 184 0870 DED39197 		.ascii	"\336\323\221\227\225\270\237\001\021\265\305\027\331"
 184      95B89F01 
 184      11B5C517 
 184      D9
 185 087d 7B859FD3 		.ascii	"{\205\237\323T\356L\372\250\033\276\313\372\242\242"
 185      54EE4CFA 
 185      A81BBECB 
 185      FAA2A2
 186 088c 4ED4ABF0 		.ascii	"N\324\253\360S\215\323\271\224\247\347\322_\365\366"
 186      538DD3B9 
 186      94A7E7D2 
 186      5FF5F6
 187 089b E746DB72 		.ascii	"\347F\333r7o\036NZ\344\351E\3638//\236'5o\232\326\221"
 187      376F1E4E 
 187      5AE4E945 
 187      F3382F2F 
 187      9E27356F 
 188 08b2 46FE3596 		.ascii	"F\3765\226\342\361\344\227\367\246\177$\3313\015O_\264"
 188      E2F1E497 
 188      F7A67F24 
 188      D9330D4F 
 188      5FB4
 189 08c4 FEE028DB 		.ascii	"\376\340(\333\210\311:8\000\206\232\346^\233\365l\226"
 189      88C93A38 
 189      00869AE6 
 189      5E9BF56C 
 189      96
 190 08d5 54487213 		.ascii	"THr\023b\322\363\2009!\336\262\363%I\331\360P\307\360"
 190      62D2F380 
 190      3921DEB2 
 190      F32549D9 
 190      F050C7F0 
 191 08e9 4A76EA7B 		.ascii	"Jv\352{\000[\374I\300\277\307\315\236\230\225M_\254"
 191      005BFC49 
 191      C0BFC7CD 
 191      9E98954D 
 191      5FAC
 192 08fb FC61A6C9 		.ascii	"\374a\246\311\\\207\3205@\257\230S\020\223u\223\245"
 192      5C87D035 
 192      40AF9853 
 192      10937593 
 192      A5
 193 090c 95E63644 		.ascii	"\225\3466D\350\262\227\010\3354\250\312XD\243\366NA"
 193      E8B29708 
 193      DD34A8CA 
 193      5844A3F6 
 193      4E41
ARM GAS  C:\Users\srich\AppData\Local\Temp\ccBzzgv7.s 			page 15


 194 091e 6821D2B2 		.ascii	"h!\322\262tj\027g\3133\206\233:\315\356M$&<\004\244"
 194      746A1767 
 194      CB33869B 
 194      3ACDEE4D 
 194      24263C04 
 195 0933 4E47EA7F 		.ascii	"NG\352\177\233\363\232\231\373\337'Z\331\367\351kl\237"
 195      9BF39A99 
 195      FBDF275A 
 195      D9F7E96B 
 195      6C9F
 196 0945 A69A4F5F 		.ascii	"\246\232O_\254\366>\306\214\032\203ytzv\371\304\331"
 196      ACF63EC6 
 196      8C1A8379 
 196      747A76F9 
 196      C4D9
 197 0957 6317745F 		.ascii	"c\027t_\245\347\036p\347\011!sJ\301\336\250\037\262"
 197      A5E71E70 
 197      E7092173 
 197      4AC1DEA8 
 197      1FB2
 198 0969 C5119231 		.ascii	"\305\021\2221B\031\206\362\004J$^\210F\341i\202g7<c"
 198      421986F2 
 198      044A245E 
 198      8846E169 
 198      8267373C 
 199 097e E13904CF 		.ascii	"\3419\004\317[P\"\240\036\007\245\023\352O\241l\202"
 199      5B5022A0 
 199      1E07A513 
 199      EA4FA16C 
 199      82
 200 098f FA73CE71 		.ascii	"\372s\316q\020.k\352\234\304$\250\366\001\223n\207\226"
 200      102E6BEA 
 200      9CC424A8 
 200      F601936E 
 200      8796
 201 09a1 13362D85 		.ascii	"\0236-\205\371(\3726\233\0172}\327\220d\272%6\036\333"
 201      F928FA36 
 201      9B0F327D 
 201      D79064BA 
 201      25361EDB 
 202 09b5 4B1CC386 		.ascii	"K\034\303\206y{\016\314\333N\230\321x\326\254\017\034"
 202      797B0ECC 
 202      DB4E98D1 
 202      78D6AC0F 
 202      1C
 203 09c6 A8ECF764 		.ascii	"\250\354\367dw\037\003ju\216\025|\217s:~K\322\316\307"
 203      771F036A 
 203      758E157C 
 203      8F733A7E 
 203      4BD2CEC7 
 204 09da 24D5C4CC 		.ascii	"$\325\304\314x\211`\274\001G\332i\">\366\317L\247\233"
 204      788960BC 
 204      0147DA69 
 204      223EF6CF 
 204      4CA79B
 205 09ed 40F39CD4 		.ascii	"@\363\234\324\205\2378\273\260\251\254\264\253\002G"
 205      859F38BB 
ARM GAS  C:\Users\srich\AppData\Local\Temp\ccBzzgv7.s 			page 16


 205      B0A9ACB4 
 205      AB0247
 206 09fc 507CE210 		.ascii	"P|\342\020\225\200\177\027\236\366\003\273\263O\002"
 206      95807F17 
 206      9EF603BB 
 206      B34F02
 207 0a0b F53C813A 		.ascii	"\365<\201:\231\355&y\352\242i\227\2748\270\"\030\216"
 207      99ED2679 
 207      EAA26997 
 207      BC38B822 
 207      188E
 208 0a1d 489E0092 		.ascii	"H\236\000\222_\207\251{$N\232\207:\306\204\0055\005"
 208      5F87A97B 
 208      244E9A87 
 208      3AC68405 
 208      3505
 209 0a2f D63B25BF 		.ascii	"\326;%\277\240\304oG\230_\035\202P~\030|\034\035\021"
 209      A0C46F47 
 209      985F1D82 
 209      507E187C 
 209      1C1D11
 210 0a42 E4270CE2 		.ascii	"\344'\014\342\201\301 0\330\202\027\212l\311\006\234"
 210      81C12030 
 210      D882178A 
 210      6CC9069C 
 211 0a52 8001E478 		.ascii	"\200\001\344x\200j\004\026d@2\014\330\010\216t\005\006"
 211      806A0416 
 211      6440320C 
 211      D8088E74 
 211      0506
 212 0a64 DD11A412 		.ascii	"\335\021\244\022\257\206>\261(\3430\011d\206\331\214"
 212      AF863EB1 
 212      28E33009 
 212      6486D98C 
 213 0a74 CD86A610 		.ascii	"\315\206\246\020\341\210\371\333-\322\003d\346\260\010"
 213      E188F9DB 
 213      2DD20364 
 213      E6B008
 214 0a83 8D5EDF16 		.ascii	"\215^\337\026\242\0279>\304JM.=(Z\023\033X\330 \214"
 214      A217393E 
 214      C44A4D2E 
 214      3D285A13 
 214      1B58D820 
 215 0a98 7B655D5A 		.ascii	"{e]Zt\252\034\267{j\257\254O;\316a\0208n\360\215$p\020"
 215      74AA1CB7 
 215      7B6AAFAC 
 215      4F3BCE61 
 215      10386EF0 
 216 0ab0 BF3AEBF0 		.ascii	"\277:\353\360U\360D\307\222\002q\363\277#\304\005H\353"
 216      55F044C7 
 216      920271F3 
 216      BF23C405 
 216      48EB
 217 0ac2 518A545C 		.ascii	"Q\212T\\\351\021x\307~\233\000\033\245\250\017%\250"
 217      E91178C7 
 217      7E9B001B 
 217      A5A80F25 
ARM GAS  C:\Users\srich\AppData\Local\Temp\ccBzzgv7.s 			page 17


 217      A8
 218 0ad3 39343093 		.ascii	"940\223hsA\212\332\3169\241Z\223\3673\033\220\2271\327"
 218      6873418A 
 218      DACE39A1 
 218      5A93F733 
 218      1B909731 
 219 0ae8 A536A895 		.ascii	"\2456\250\225:\251\304%n\300\224\314\345\022\2025\312"
 219      3AA9C425 
 219      6EC094CC 
 219      E5128235 
 219      CA
 220 0af9 F822620D 		.ascii	"\370\"b\015\022\"\017:\254\361\200\343\0253\274\315"
 220      12220F3A 
 220      ACF180E3 
 220      1533BCCD 
 221 0b09 1EF67A04 		.ascii	"\036\366z\004Y\376/\302\236`~\353;\202\371?\343\321"
 221      59FE2FC2 
 221      9E607EEB 
 221      3B82F93F 
 221      E3D1
 222 0b1b 25A99D3A 		.ascii	"%\251\235:\234\355d>A\317\341\233\301\244\307g\017\340"
 222      9CED643E 
 222      41CFE19B 
 222      C1A4C767 
 222      0FE0
 223 0b2d 62DF1E73 		.ascii	"b\337\036s\362\355)\246l\252L\220RPjD\317$\320\363*"
 223      F2ED29A6 
 223      6CAA4C90 
 223      52506A44 
 223      CF24D0F3 
 224 0b42 C87A194A 		.ascii	"\310z\031J\024\310\333\005\317I(\275P^\210d\267\366"
 224      14C8DB05 
 224      CF4928BD 
 224      505E8864 
 224      B7F6
 225 0b54 09FB1DD9 		.ascii	"\011\373\035\331z\033_\262\337\035\247\373\0359\023"
 225      7A1B5FB2 
 225      DF1DA7FB 
 225      1D3913
 226 0b63 ED90DBEF 		.ascii	"\355\220\333\357\034\361\315<\371\026\220$\241\255E"
 226      1CF1CD3C 
 226      F9169024 
 226      A1AD45
 227 0b72 40B42FBD 		.ascii	"@\264/\275V\211\323d\211\026N\234\2743\212V\316.j:0"
 227      5689D364 
 227      89164E9C 
 227      BC338A56 
 227      CE2E6A3A 
 228 0b87 72F9CBB6 		.ascii	"r\371\313\266>I\364n\346\260l\364\026\233\371\236\223"
 228      3E49F46E 
 228      E6B06CF4 
 228      169BF99E 
 228      93
 229 0b98 99C1E5ED 		.ascii	"\231\301\345\355Fj\335\337\352f\002\325\311\021)WN\365"
 229      466ADDDF 
 229      EA6602D5 
 229      C9112957 
ARM GAS  C:\Users\srich\AppData\Local\Temp\ccBzzgv7.s 			page 18


 229      4EF5
 230 0baa 3CCE1EAC 		.ascii	"<\316\036\254\207:\206D\241\275V\210t\263\207v\363\333"
 230      873A8644 
 230      A1BD5688 
 230      74B38776 
 230      F3DB
 231 0bbc 2CB49384 		.ascii	",\264\223\204\243M>\367q\314\200\205\256F\262\300.\312"
 231      A34D3EF7 
 231      71CC8085 
 231      AE46B2C0 
 231      2ECA
 232 0bce AF46662B 		.ascii	"\257Ff+\261Vw\235\264\332\314\264\242\253\251\264\253"
 232      B156779D 
 232      B4DACCB4 
 232      A2ABA9B4 
 232      AB
 233 0bdf 6C69246C 		.ascii	"li$l\203wg\274\376\310c1\260\372\365\014\372\272R\266"
 233      837767BC 
 233      FEC86331 
 233      B0FAF50C 
 233      FABA52B6 
 234 0bf3 DF3CA442 		.ascii	"\337<\244B4\014\315\354\262N\254\325\220\331\221\243"
 234      340CCDEC 
 234      B24EACD5 
 234      90D991A3 
 235 0c03 3AD47163 		.ascii	":\324qc)\271\213\271'K\024\354\221OOq\0233\272\315L"
 235      29B98BB9 
 235      274B14EC 
 235      914F4F71 
 235      1333BACD 
 236 0c18 E4EADFB3 		.ascii	"\344\352\337\263\235\212\234@\252\205}G.\310@b\333\332"
 236      9D8A9C40 
 236      AA857D47 
 236      2EC84062 
 236      DBDA
 237 0c2a 691A74C1 		.ascii	"i\032t\301\215Z\232\345\246\346U\014\270\342\363\014"
 237      8D5A9AE5 
 237      A6E6550C 
 237      B8E2F30C 
 238 0c3a 988E283C 		.ascii	"\230\216(<\353\216\2570\240\375\374p\226\006\0172\340"
 238      EB8EAF30 
 238      A0FDFC70 
 238      96060F32 
 238      E0
 239 0c4b F485EE42 		.ascii	"\364\205\356Bv;gf'\221\346\312k\354\274\364\032\001"
 239      763B6766 
 239      2791E6CA 
 239      6BECBCF4 
 239      1A01
 240 0c5d EB1E2457 		.ascii	"\353\036$W\273\342Q\206\2331>lV\343\0307v\335\266\363"
 240      BBE25186 
 240      9B313E6C 
 240      56E31837 
 240      76DDB6F3 
 241 0c71 8295C75B 		.ascii	"\202\225\307[\031p?-6\313\015g3`\333\223\264\207J\234"
 241      19703F2D 
 241      36CB0D67 
ARM GAS  C:\Users\srich\AppData\Local\Temp\ccBzzgv7.s 			page 19


 241      3360DB93 
 241      B4874A9C 
 242 0c85 CF80AC96 		.ascii	"\317\200\254\226\326f\015.wco\207\213\372\352\\f=|\354"
 242      D6660D2E 
 242      77636F87 
 242      8BFAEA5C 
 242      663D7CEC 
 243 0c99 C2B35CA0 		.ascii	"\302\263\\\240$\036(c\007\314\235X\213r\260\354\011"
 243      241E2863 
 243      07CC9D58 
 243      8B72B0EC 
 243      09
 244 0caa 64B8A1A8 		.ascii	"d\270\241\250\336\015\3270\246\371\273z+\224\270\221"
 244      DE0DD730 
 244      A6F9BB7A 
 244      2B94B891 
 245 0cba 02DA8891 		.ascii	"\002\332\210\221S\327T\364\012\205\246\354^4\202\025"
 245      53D754F4 
 245      0A85A6EC 
 245      5E348215 
 246 0cca F44D0A76 		.ascii	"\364M\012v%q \033h\026\342\331Sj\353\324\350j\022\354"
 246      2571201B 
 246      6816E2D9 
 246      536AEBD4 
 246      E86A12EC 
 247 0cde C89ACD92 		.ascii	"\310\232\315\222\342\316\270Ja\321x\033\236\217\266"
 247      E2CEB84A 
 247      61D1781B 
 247      9E8FB6
 248 0ced 63E8DF0B 		.ascii	"c\350\337\013j\025\012+\261\000\352\373 :\345B\331\003"
 248      6A150A2B 
 248      B100EAFB 
 248      203AE542 
 248      D903
 249 0cff 653F947C 		.ascii	"e?\224|,\272Y\271\367_\032\224\007\310\031\016-\013"
 249      2CBA59B9 
 249      F75F1A94 
 249      07C8190E 
 249      2D0B
 250 0d11 C53B9F75 		.ascii	"\305;\237u\202Ib\201`\272CV\022\207\320\233rY\244!V"
 250      82496281 
 250      60BA4356 
 250      1287D09B 
 250      7259A421 
 251 0d26 33CB6B28 		.ascii	"3\313k(\2124\361\271.\002\356n)\256h\213\024/\264<,"
 251      8A34F1B9 
 251      2E02EE6E 
 251      29AE688B 
 251      142FB43C 
 252 0d3b 5E6816C7 		.ascii	"^h\026\307B\263\216/\322P\261\235\035Z\326:\231\002"
 252      42B38E2F 
 252      D250B19D 
 252      1D5AD63A 
 252      9902
 253 0d4d B3975907 		.ascii	"\263\227Y\007f\265\272z\374\264\033\216\345\351\033"
 253      66B5BA7A 
 253      FCB41B8E 
ARM GAS  C:\Users\srich\AppData\Local\Temp\ccBzzgv7.s 			page 20


 253      E5E91B
 254 0d5c D3EBDD8F 		.ascii	"\323\353\335\217\012\335\220p/f\315:\305T%f)\002\212"
 254      0ADD9070 
 254      2F66CD3A 
 254      C5542566 
 254      29028A
 255 0d6f 25F26691 		.ascii	"%\362f\221\215\224\351\002>\221\240\024$(\026\317\307"
 255      8D94E902 
 255      3E91A014 
 255      242816CF 
 255      C7
 256 0d80 8E283891 		.ascii	"\216(8\221\223\356\231\367\250\027\223\357dz\332.\267"
 256      93EE99F7 
 256      A81793EF 
 256      647ADA2E 
 256      B7
 257 0d91 760668D0 		.ascii	"v\006h\320\001 \262\3251o%x\256\354\272\0148\311q\005"
 257      0120B2D5 
 257      316F2578 
 257      AEECBA0C 
 257      38C97105 
 258 0da5 3DCF6CBE 		.ascii	"=\317l\276\320\340\201\223\250\236h\367\376\273\355"
 258      D0E08193 
 258      A89E68F7 
 258      FEBBED
 259 0db4 1A9CC580 		.ascii	"\032\234\305\200l\313\235?a\013\253OvO?V\343CB\307\301"
 259      6CCB9D3F 
 259      610BAB4F 
 259      764F3F56 
 259      E34342C7 
 260 0dc9 B8135A7C 		.ascii	"\270\023Z|\222\001\005\251\035\261\302\205\373\277P"
 260      920105A9 
 260      1DB1C285 
 260      FBBF50
 261 0dd8 BBA524F5 		.ascii	"\273\245$\365\263\333\2172\025]\342\011\226\024w\334"
 261      B3DB8F32 
 261      155DE209 
 261      961477DC 
 262 0de8 CA90EFD7 		.ascii	"\312\220\357\327\345\205\223W\254Q\337\354B\023F\024"
 262      E5859357 
 262      AC51DFEC 
 262      42134614 
 263 0df8 E65EEAF2 		.ascii	"\346^\352\362\300W\331\360\336\233C\205<\356e@\304\350"
 263      C057D9F0 
 263      DE9B4385 
 263      3CEE6540 
 263      C4E8
 264 0e0a F673185F 		.ascii	"\366s\030_\347\205{\225\304\207\036\370\026\003\206"
 264      E7857B95 
 264      C4871EF8 
 264      160386
 265 0e19 F6B778E1 		.ascii	"\366\267x\341\273\254\036;\325\333\350\212\207\031p"
 265      BBAC1E3B 
 265      D5DBE88A 
 265      871970
 266 0e28 F15156B7 		.ascii	"\361QV\267;\036e\300\211\310\335fW<\306\200\251\036"
 266      3B1E65C0 
ARM GAS  C:\Users\srich\AppData\Local\Temp\ccBzzgv7.s 			page 21


 266      89C8DD66 
 266      573CC680 
 266      A91E
 267 0e3a EBB89269 		.ascii	"\353\270\222i1\217\276\343i\334\335\315\256\217\255"
 267      318FBEE3 
 267      69DCDDCD 
 267      AE8FAD
 268 0e49 F44AEAE2 		.ascii	"\364J\352\342\321\312\335\034\205\377D\337N\306\364"
 268      D1CADD1C 
 268      85FF44DF 
 268      4EC6F4
 269 0e58 557B6A45 		.ascii	"U{jE\257c\240C\344\235\365\230\274-~s>:\203\251\022"
 269      AF63A043 
 269      E49DF598 
 269      BC2D7E73 
 269      3E3A83A9 
 270 0e6d 272A379A 		.ascii	"'*7\232U\257\246\010\036\271\300\310.g\301)Oc\202\336"
 270      55AFA608 
 270      1EB9C0C8 
 270      2E67C129 
 270      4F6382DE 
 271 0e81 805FB50D 		.ascii	"\200_\265\015\"\330yW\222!DL\012RN\237\314\367\304\261"
 271      22D87957 
 271      9221444C 
 271      0A524E9F 
 271      CCF7C4B1 
 272 0e95 EEECAD51 		.ascii	"\356\354\255Q{\222E\215\263\031`\276a\271\352\216\315"
 272      7B92458D 
 272      B31960BE 
 272      61B9EA8E 
 272      CD
 273 0ea6 0CE86ADB 		.ascii	"\014\350j\333\377&\336\313\352\017\343\012\367\251p"
 273      FF26DECB 
 273      EA0FE30A 
 273      F7A970
 274 0eb5 01055C52 		.ascii	"\001\005\\R\267\236\311\207x\344\265\220^\023EG\015"
 274      B79EC987 
 274      78E4B590 
 274      5E134547 
 274      0D
 275 0ec6 F73DB9F1 		.ascii	"\367=\271\361\035\341\232\350\030,\277\026p\241\266"
 275      1DE19AE8 
 275      182CBF16 
 275      70A1B6
 276 0ed5 D996AA5C 		.ascii	"\331\226\252\\*\251\240\350\304\221\332\301\221\316"
 276      2AA9A0E8 
 276      C491DAC1 
 276      91CE
 277 0ee3 C3A2B900 		.ascii	"\303\242\271\000\345\"\224VlK|\242\243\314%4\007&\034"
 277      E5229456 
 277      6C4B7CA2 
 277      A3CC2534 
 277      07261C
 278 0ef6 CE4A3988 		.ascii	"\316J9\210\003\007`\226\3321\233e1E\327&E\354&x\306"
 278      03076096 
 278      DA319B65 
 278      3145D726 
ARM GAS  C:\Users\srich\AppData\Local\Temp\ccBzzgv7.s 			page 22


 278      45EC2678 
 279 0f0b FA2074AC 		.ascii	"\372 t\254\225\373\331\265\011\241tN^+a\353\342:N>}"
 279      95FBD9B5 
 279      09A1744E 
 279      5E2B61EB 
 279      E23A4E3E 
 280 0f20 809097B7 		.ascii	"\200\220\227\267l\252\334\001j\275LE*\3151\330\206/"
 280      6CAADC01 
 280      6ABD4C45 
 280      2ACD31D8 
 280      862F
 281 0f32 01629363 		.ascii	"\001b\223c\025\266\331V\341\210\343\253\020\236}\025"
 281      15B6D956 
 281      E188E3AB 
 281      109E7D15 
 282 0f42 527EB97B 		.ascii	"R~\271{\016\217\351\264y\314e\3461\203\307\352R\335"
 282      0E8FE9B4 
 282      79CC65E6 
 282      3183C7EA 
 282      52DD
 283 0f54 C51E4318 		.ascii	"\305\036C\030\355\007t\226\262\\\241\036\323i\363\030"
 283      ED077496 
 283      B25CA11E 
 283      D369F318 
 284 0f64 EB706732 		.ascii	"\353pg2\302\217\330\364\333\276\200\341\205/`\266N\324"
 284      C28FD8F4 
 284      DBBE80E1 
 284      852F60B6 
 284      4ED4
 285 0f76 F4F3788A 		.ascii	"\364\363x\212u\346\356I\311\325\342t\017\266i\247\357"
 285      75E6EE49 
 285      C9D5E274 
 285      0FB669A7 
 285      EF
 286 0f87 28D0E24C 		.ascii	"(\320\342L\006\234\272\226}\313\003\357d@\317\303\347"
 286      069CBA96 
 286      7DCB03EF 
 286      6440CFC3 
 286      E7
 287 0f98 D7943897 		.ascii	"\327\2248\227\002.{\207"
 287      022E7B87 
 288 0fa0 1A1FA811 		.ascii	"\032\037\250\021\273j\244\226n\021Y\272\017\224\037"
 288      BB6AA496 
 288      6E1159BA 
 288      0F941F
 289 0faf 983DD4C3 		.ascii	"\230=\324\303\374\236\265\317o\217\024W\342\011\315"
 289      FC9EB5CF 
 289      6F8F1457 
 289      E209CD
 290 0fbe 76CC6BB2 		.ascii	"v\314k\262\230s9\345\2000c7\311\011\004f\352:\224\033"
 290      987339E5 
 290      80306337 
 290      C9090466 
 290      EA3A941B 
 291 0fd2 50AC62A7 		.ascii	"P\254b\247<gg\320+/\266\343\352\252\221\272\332\200"
 291      3C6767D0 
 291      2B2FB6E3 
ARM GAS  C:\Users\srich\AppData\Local\Temp\ccBzzgv7.s 			page 23


 291      EAAA91BA 
 291      DA80
 292 0fe4 5C286E4D 		.ascii	"\\(nM(\316t\237\315{\006I\366\373\022Y(\203V\360\236"
 292      28CE749F 
 292      CD7B0649 
 292      F6FB1259 
 292      288356F0 
 293 0ff9 5B80D8ED 		.ascii	"[\200\330\355\360\236\001"
 293      F09E01
 294 1000 91F7549D 		.ascii	"\221\367T\235\263\224\262\213~\023u\237\315\361\007"
 294      B394B28B 
 294      7E13759F 
 294      CDF107
 295 100f 5EA867F7 		.ascii	"^\250g\367\237\3336\377y\213\272O\323\301\234l,v\037"
 295      9FDB36FF 
 295      798BBA4F 
 295      D3C19C6C 
 295      2C761F
 296 1022 C2690802 		.ascii	"\302i\010\002\016{\231q\207\272\317m\233\373\264NU_"
 296      0E7B9971 
 296      87BACF6D 
 296      9BFBB44E 
 296      555F
 297 1034 E3713E9B 		.ascii	"\343q>\233\372\023\031\005\025,%+\243\3563\230\222_"
 297      FA131905 
 297      152C252B 
 297      A3EE3398 
 297      925F
 298 1046 CAE2B91B 		.ascii	"\312\342\271\033\001\217\215\354\334\346>\273\034\017"
 298      018F8DEC 
 298      DCE63EBB 
 298      1C0F
 299 1054 6C72DC67 		.ascii	"lr\334g~\\\232\263+\317E\032\371\034~\374\220\012\362"
 299      7E5C9AB3 
 299      2BCF451A 
 299      F91C7EFC 
 299      900AF2
 300 1067 C02E8829 		.ascii	"\300.\210)#\305\003\037b\202<\271Q\235\304\374\370<"
 300      23C5031F 
 300      62823CB9 
 300      519DC4FC 
 300      F83C
 301 1079 1524BA39 		.ascii	"\025$\2729b\207\012\327\260\316\344\341\013\211\354"
 301      62870AD7 
 301      B0CEE4E1 
 301      0B89EC
 302 1088 ADAA897E 		.ascii	"\255\252\211~\007\221[\023Y\347\216O\261\316[\305\365"
 302      07915B13 
 302      59E78E4F 
 302      B1CE5BC5 
 302      F5
 303 1099 B91EB891 		.ascii	"\271\036\270\221\001CE\375G\230>q\024\263\276b\177\223"
 303      014345FD 
 303      47983E71 
 303      14B3BE62 
 303      7F93
 304 10ab 06B7B3CE 		.ascii	"\006\267\263\316\027\2073\232\334q'\003\312Kz\376\223"
ARM GAS  C:\Users\srich\AppData\Local\Temp\ccBzzgv7.s 			page 24


 304      1787339A 
 304      DC712703 
 304      CA4B7AFE 
 304      93
 305 10bc 22A650C4 		.ascii	"\"\246P\304\035[\267\217(q?\353{>my\350\216\007\031"
 305      1D5BB78F 
 305      28713FEB 
 305      7B3E6D79 
 305      E88E0719 
 306 10d0 60395DB3 		.ascii	"`9]\263\223\335\333gP\314\366\332\336$w<\302:\237\345"
 306      93DDDB67 
 306      50CCF6DA 
 306      DE24773C 
 306      C23A9FE5 
 307 10e4 5AEF22DA 		.ascii	"Z\357\"\332\251\246Ks:\3054\307\272\177a\263\3274\263"
 307      A9A64B73 
 307      3AC534C7 
 307      BA7F61B3 
 307      D734B3
 308 10f7 D7C1F267 		.ascii	"\327\301\362gm\036R{9&\316\244|\3256\210`_>s\265\307"
 308      6D1E527B 
 308      3926CEA4 
 308      7CD53688 
 308      605F3E73 
 309 110d 1D3FF570 		.ascii	"\035?\365p\3724\204\027>\015\211\252|P\207\261\311\223"
 309      FA348417 
 309      3E0D89AA 
 309      7C5087B1 
 309      C993
 310 111f 49D576D2 		.ascii	"I\325v\322\242\304Y\014\260\326_(P\341]\024P\366'\337"
 310      A2C4590C 
 310      B0D65F28 
 310      50E15D14 
 310      50F627DF 
 311 1133 B98F496A 		.ascii	"\271\217IjC\267\007k\257hmG+1\332\250\234#\267\221~"
 311      43B7076B 
 311      AF686D47 
 311      2B31DAA8 
 311      9C23B791 
 312 1148 C6439089 		.ascii	"\306C\220\211\343\307)\275Q\254\022\216\362J\221\303"
 312      E3C729BD 
 312      51AC128E 
 312      F24A91C3 
 313 1158 F7D01505 		.ascii	"\367\320\025\005(r\301\273O\3046F\226-[\374\260\374"
 313      2872C1BB 
 313      4FC43646 
 313      962D5BFC 
 313      B0FC
 314 116a C6CE353C 		.ascii	"\306\3165<\263\177\3463\004\253(\036p\243\224\366UD"
 314      B37FE633 
 314      04AB281E 
 314      70A394F6 
 314      5544
 315 117c 38883221 		.ascii	"8\2102!\311\333\272\315 \332lb\202i\332\362j\266h\331"
 315      C9DBBACD 
 315      20DA6C62 
 315      8269DAF2 
ARM GAS  C:\Users\srich\AppData\Local\Temp\ccBzzgv7.s 			page 25


 315      6AB668D9 
 316 1190 B2A3D3B7 		.ascii	"\262\243\323\267+\251|\2349a\030\001\357\225\233\353"
 316      2BA97C9C 
 316      39611801 
 316      EF959BEB 
 317 11a0 D9E736EE 		.ascii	"\331\3476\356\004<\0373\255\231}n\223\225\302\334&)"
 317      043C1F33 
 317      AD997D6E 
 317      9395C2DC 
 317      2629
 318 11b2 E9DC761C 		.ascii	"\351\334v\034\272r\000\211\347\226\010\236\240\234\217"
 318      BA720089 
 318      E796089E 
 318      A09C8F
 319 11c1 1295043D 		.ascii	"\022\225\004=\205\316-\035D\260GkN>\346q.\233\261\350"
 319      85CE2D1D 
 319      44B0476B 
 319      4E3EE671 
 319      2E9BB1E8 
 320 11d5 A3F7F3D9 		.ascii	"\243\367\363\331\"\254%s\373\306\265\274\236-n\266/"
 320      22AC2573 
 320      FBC6B5BC 
 320      9E2D6EB6 
 320      2F
 321 11e6 406CDF81 		.ascii	"@l\337\201\260;\005(\324\242\223\"\213\326@\2141+g{"
 321      B03B0528 
 321      D4A29322 
 321      8BD6408C 
 321      312B677B 
 322 11fa 0D0581F1 		.ascii	"\015\005\201\361\205=0\326IQ\037I\343\371\264\035\367"
 322      853D30D6 
 322      49511F49 
 322      E3F9B41D 
 322      F7
 323 120b A43CAE83 		.ascii	"\244<\256\203\354\224\035\265V^\002\307;\015\353&\313"
 323      EC941DB5 
 323      565E02C7 
 323      3B0DEB26 
 323      CB
 324 121c A7445CD8 		.ascii	"\247D\\\330\331P\227\200l\213\023\350*v\242k\235\020"
 324      D9509780 
 324      6C8B13E8 
 324      2A76A26B 
 324      9D10
 325 122e E9765C4A 		.ascii	"\351v\\JYz\232J\2624Pd\262\222\236H\221\237\212)\203"
 325      597A9A4A 
 325      B2345064 
 325      B2929E48 
 325      919F8A29 
 326 1243 14394D9F 		.ascii	"\0249M\237\021\\\230\013\264E\311pm3\204R\225\316R$"
 326      115C980B 
 326      B445C970 
 326      6D338452 
 326      95CE5224 
 327 1257 581C523C 		.ascii	"X\034R<\222\022~\354,\262\371\271\335\024'\344\005\026"
 327      92127EEC 
 327      2CB2F9B9 
ARM GAS  C:\Users\srich\AppData\Local\Temp\ccBzzgv7.s 			page 26


 327      DD1427E4 
 327      0516
 328 1269 9962F36D 		.ascii	"\231b\363mj\012\210\322\350\256\200l\013\001\350\236"
 328      6A0A88D2 
 328      E8AE806C 
 328      0B01E89E 
 329 1279 44E06CCB 		.ascii	"D\340l\313\307\004\027\002\003\212PJp#%\002\217\211"
 329      C7041702 
 329      038A504A 
 329      70232502 
 329      8F89
 330 128b CC562595 		.ascii	"\314V%\225B\376r\343\010\320\252\244,\315\302\242\331"
 330      42FE72E3 
 330      08D0AAA4 
 330      2CCDC2A2 
 330      D9
 331 129c 0F8B6617 		.ascii	"\017\213f\027,\232\335P2\240dCI\203\262\015J:\224\255"
 331      2C9ADD50 
 331      32A06443 
 331      4983B20D 
 331      4A3A94AD 
 332 12b0 500AA06C 		.ascii	"P\012\240l\207\222\003%\027J\026\224|(\231P\366A\261"
 332      87920325 
 332      174A1694 
 332      7C289950 
 332      F641B1
 333 12c3 40C983B2 		.ascii	"@\311\203\262\007\312^(;\241\354P\2126\352q\273\265"
 333      07CA5E28 
 333      3BA1EC50 
 333      8A36EA71 
 333      BBB5
 334 12d5 AA65E514 		.ascii	"\252e\345\024\275\032\336!\232\336\347R\344Igk\231\343"
 334      BD1ADE21 
 334      9ADEE752 
 334      E449676B 
 334      99E3
 335 12e7 E98B33B0 		.ascii	"\351\2133\260\353\260\324\305F$.\226)\232\334\011)\331"
 335      EBB0D4C5 
 335      46242E96 
 335      299ADC09 
 335      29D9
 336 12f9 712C5913 		.ascii	"q,Y\023Y\026\233\274S\362\"\210p\223\355\270\317\344"
 336      59169BBC 
 336      53F22288 
 336      7093EDB8 
 336      CFE4
 337 130b BD5194F0 		.ascii	"\275Q\224\360>\2401\323,\0373\023E\"\216\312\373\237"
 337      3EA031D3 
 337      2C1F3313 
 337      45228ECA 
 337      FB9F
 338 131d C84E1922 		.ascii	"\310N\031\";\215\311+\344\260S\034\261\023\034KP\243"
 338      3B8DC92B 
 338      E4B0531C 
 338      B1131C4B 
 338      50A3
 339 132f 80693BAC 		.ascii	"\200i;\254\210oC \026\237o\350\356p\225\244B6\227AE"
ARM GAS  C:\Users\srich\AppData\Local\Temp\ccBzzgv7.s 			page 27


 339      886F4320 
 339      169F6FE8 
 339      EE7095A4 
 339      42369741 
 340 1344 E029FF5F 		.ascii	"\340)\377_^\303\216\305\201\032T\010\014\217:R*\263"
 340      5EC38EC5 
 340      811A5408 
 340      0C8F3A52 
 340      2AB3
 341 1356 D2915275 		.ascii	"\322\221Ru\037\270\264\307\323\351\223\235B\245\370"
 341      1FB8B4C7 
 341      D3E9939D 
 341      42A5F8
 342 1365 9D42B1D2 		.ascii	"\235B\261\322\366\311Nzf\315\220\007>Hc/\177\371\360"
 342      F6C94E7A 
 342      66CD9007 
 342      3E48632F 
 342      7FF9F0
 343 1378 95420DB2 		.ascii	"\225B\015\262\307X\357\205\354\006\366J|\225\360q,9"
 343      C758EF85 
 343      EC06F64A 
 343      7C95F071 
 343      2C39
 344 138a 891F0496 		.ascii	"\211\037\004\226\025\263\207M0\351&\372n\221\340\036"
 344      15B3874D 
 344      30E926FA 
 344      6E91E01E 
 345 139a 92E24AEF 		.ascii	"\222\342J\357\257\314\211v\334\303R\334\031/x\233\333"
 345      AFCC8976 
 345      DCC352DC 
 345      192F789B 
 345      DB
 346 13ab E8B482F0 		.ascii	"\350\264\202\360\250D)\213,\212,\223\026\206MHW\310"
 346      A844298B 
 346      2C8A2C93 
 346      16864D48 
 346      57C8
 347 13bd 8B312304 		.ascii	"\2131#\0048\262\265\012a2+a2\217\201\361\217@9\012\345"
 347      38B2B50A 
 347      61322B61 
 347      328F81F1 
 347      8F40390A 
 348 13d2 1094C350 		.ascii	"\020\224\303PJ\241\034\204R\006\345\000\224r\245\343"
 348      4AA11C84 
 348      5206E500 
 348      9472A5E3 
 349 13e2 CEC77CC2 		.ascii	"\316\307|\302\366\316:M\340k\337\222\235\357DL\346n"
 349      F6CE3A4D 
 349      E06BDF92 
 349      9DEF444C 
 349      E66E
 350 13f4 8B4DFB72 		.ascii	"\213M\373ry\253:\264/ib\372t \036]F\022d\351\351q\247"
 350      79AB3AB4 
 350      2F6962FA 
 350      74201E5D 
 350      461264E9 
 351 140b 852CA60A 		.ascii	"\205,\246\012\231\305D\016s\026\032\370\211\200\251"
ARM GAS  C:\Users\srich\AppData\Local\Temp\ccBzzgv7.s 			page 28


 351      99C5440E 
 351      73161AF8 
 351      8980A9
 352 141a 5201A5DF 		.ascii	"R\001\245\337\"\026\334&/\352\311\207\351'\004\236\302"
 352      2216DC26 
 352      2FEAC987 
 352      E927049E 
 352      C2
 353 142b DBEA37C5 		.ascii	"\333\3527\305k\243\377be\261\375\215M\366\227\032T\015"
 353      6BA3FF62 
 353      65B1FD8D 
 353      4DF6971A 
 353      540D
 354 143d 8816C7B5 		.ascii	"\210\026\307\265m\205s\236\342llT\0056\376G\355M\336"
 354      6D85739E 
 354      E26C6C54 
 354      0536FE47 
 354      ED4DDE
 355 1450 01D41DA8 		.ascii	"\001\324\035\250u\3760\260\332\311\327\2173_'O\222\307"
 355      75FE30B0 
 355      DAC9D78F 
 355      335F274F 
 355      92C7
 356 1462 5C7D72D0 		.ascii	"\\}r\320\355\365t!\221yE)\376>\026\3166\312\327\355"
 356      EDF57421 
 356      91794529 
 356      FE3E16CE 
 356      36CAD7ED 
 357 1476 6BC832DA 		.ascii	"k\3102\332{\324\025\037aYIFgA\004\277`\247\311\\6\034"
 357      7BD4151F 
 357      61594946 
 357      674104BF 
 357      60A7C95C 
 358 148c FFC2ECB1 		.ascii	"\377\302\354\261\015V\203\311\372\342\305w\351\020T"
 358      0D5683C9 
 358      FAE2C577 
 358      E91054
 359 149b 634FC914 		.ascii	"cO\311\024\244N)\240Z\345\002\362\265D^B\261J\311)\350"
 359      A44E29A0 
 359      5AE502F2 
 359      B5445E42 
 359      B14AC929 
 360 14b0 F7CFE8CF 		.ascii	"\367\317\350\3174]\355\265&\225ji\033\310\204N*icg\311"
 360      345DEDB5 
 360      26956A69 
 360      1BC8844E 
 360      2A696367 
 361 14c5 D134CDAC 		.ascii	"\3214\315\254\202\235\"\202\241:@\245\262M=\275V\347"
 361      829D2282 
 361      A13A40A5 
 361      B24D3DBD 
 361      56E7
 362 14d7 86DB05D9 		.ascii	"\206\333\005\331\342\266\335\327\202lV\323pa\324\236"
 362      E2B6DDD7 
 362      826C56D3 
 362      7061D49E 
 363 14e7 0FB744A5 		.ascii	"\017\267D\245\330d\203Q\350\264H\266\3236\331\316P\331"
ARM GAS  C:\Users\srich\AppData\Local\Temp\ccBzzgv7.s 			page 29


 363      D8648351 
 363      E8B448B6 
 363      D336D9CE 
 363      50D9
 364 14f9 46122AC7 		.ascii	"F\022*\307\021\356fTN\355)\177\250\371\376nB\345\312"
 364      11EE6654 
 364      4EED297F 
 364      A8F9FE6E 
 364      42E5CA
 365 150c DDBB3EA9 		.ascii	"\335\273>\251&\240b\032~\361\353\357Rs\3263*\242\025"
 365      26A0621A 
 365      7EF1EBEF 
 365      5273D633 
 365      2AA215
 366 151f 52CF68A1 		.ascii	"R\317h\241\006\345\367\311$\324\017fb\334\357\351\364"
 366      06E5F7C9 
 366      24D40F66 
 366      62DCEFE9 
 366      F4
 367 1530 1DC8F7D8 		.ascii	"\035\310\367\330\377'$\366\244m\347)\030o\242\237\016"
 367      FF2724F6 
 367      A46DE729 
 367      186FA29F 
 367      0E
 368 1541 65C7D69F 		.ascii	"e\307\326\237\321\274_a\2123\277B\277\021'\037\2227"
 368      D1BC5F61 
 368      8A33BF42 
 368      BF11271F 
 368      9237
 369 1553 41EAD10A 		.ascii	"A\352\321\012\317\263,\201\214\214\335\036\311\2034"
 369      CFB32C81 
 369      8C8CDD1E 
 369      C98334
 370 1562 E7CD60EF 		.ascii	"\347\315`\357\261\017\322L&\2334d@\243 \215#\035o$\322"
 370      B10FD24C 
 370      269B3464 
 370      40A3208D 
 370      231D6F24 
 371 1577 A066E5FB 		.ascii	"\240f\345\373\012t\216\012\024\325\322\223\341\354\025"
 371      0A748E0A 
 371      14D5D293 
 371      E1EC15
 372 1586 C4180E83 		.ascii	"\304\030\016\203\266\010^A\236\256K?\374\364#}\340W"
 372      B6085E41 
 372      9EAE4B3F 
 372      FCF4237D 
 372      E057
 373 1598 3ABDCBC7 		.ascii	":\275\313\307\237\376q\301R\2056\300?\304`\3647\352"
 373      9FFE71C1 
 373      528536C0 
 373      3FC460F4 
 373      37EA
 374 15aa FC8C5AE8 		.ascii	"\374\214Z\350\363\373\343\247+>]\261JC\252+W}\3669\317"
 374      F3FBE3A7 
 374      2B3E5DB1 
 374      4A43AA2B 
 374      577DF639 
ARM GAS  C:\Users\srich\AppData\Local\Temp\ccBzzgv7.s 			page 30


 375 15bf 2A1FFAAC 		.ascii	"*\037\372\254Z\361\351\307d\260\237\317\262\017?\372"
 375      5AF1E9C7 
 375      64B09FCF 
 375      B20F3FFA 
 376 15cf 0F5A5BF9 		.ascii	"\017Z[\371\207e\313>\377I\300/}\003\326\005~\021h0\256"
 376      8765CB3E 
 376      FF49C02F 
 376      7D03D605 
 376      7E116830 
 377 15e4 5F1D18CA 		.ascii	"_\035\030\312\352\241\206\305\357/\366\0155\370\256"
 377      EAA186C5 
 377      EF2FF60D 
 377      35F8AE
 378 15f3 F30FF20D 		.ascii	"\363\017\362\015\014\011\010Z\277Z\347\013\214~\274"
 378      0C09085A 
 378      BF5AE70B 
 378      8C7EBC
 379 1602 4EA1A2CC 		.ascii	"N\241\242\3144\353\003C\214K\336\005\236~~\266\352\032"
 379      34EB0343 
 379      8C4BDE05 
 379      9E7E7EB6 
 379      EA1A
 380 1614 09256368 		.ascii	"\011%chh\220\301wm\310\372\005\264\266\300_\037\274"
 380      6890C177 
 380      6DC8FA05 
 380      B4B6C05F 
 380      1FBC
 381 1626 4017FC85 		.ascii	"@\027\374\205n\365j\335j\337\237\376\370\027\013\336"
 381      6EF56ADD 
 381      6ADF9FFE 
 381      F8170BDE 
 382 1636 5DB4F8BD 		.ascii	"]\264\370\275\277-\361\205\366wBBCt\357\350\374\277"
 382      BF2DF185 
 382      F6774242 
 382      4374EFE8 
 382      FCBF
 383 1648 08B4730B 		.ascii	"\010\264s\013\366\007Z!:_\277\325\2725\376\353\203\214"
 383      F6075A21 
 383      3A5FBFD5 
 383      BA35FEEB 
 383      838C
 384 165a 7EC6AFC3 		.ascii	"~\306\257\303t\006\020\340\317\377\253l\014_\033|\375"
 384      740610E0 
 384      CFFFAB6C 
 384      0C5F1B7C 
 384      FD
 385 166b 0CC6D5A0 		.ascii	"\014\306\325\240\003\320\306\301\001z\374\205Q\377\341"
 385      03D0C6C1 
 385      017AFC85 
 385      51FFE1
 386 167a 4B8D1216 		.ascii	"K\215\022\026\2527\032|\015\306\340%\357\372\006\005"
 386      AA371A7C 
 386      0DC6E025 
 386      EFFA0605 
 387 168a AD26C6F9 		.ascii	"\255&\306\371j1\371\365\003\010(\021\003/\015\015Y\023"
 387      6A31F9F5 
 387      03082811 
ARM GAS  C:\Users\srich\AppData\Local\Temp\ccBzzgv7.s 			page 31


 387      032F0D0D 
 387      5913
 388 169c B8D62580 		.ascii	"\270\326%\200><\215\353\364:\377\325\006\277\277\255"
 388      3E3C8DEB 
 388      F43AFFD5 
 388      06BFBFAD 
 389 16ac D7AD87C9 		.ascii	"\327\255\207\311z%`\235\237S\223\206A~FW{\217K\230_"
 389      7A25609D 
 389      9F539386 
 389      417E4657 
 389      7B8F4B98 
 390 16c1 882EDC08 		.ascii	"\210.\334\010\2170\275\356+\2651L\037\030\352g\\6\247"
 390      8F30BDEE 
 390      2BB5314C 
 390      1F18EA67 
 390      5C36A7
 391 16d4 707AA320 		.ascii	"pz\243 \033\350\033\020\034\356\033\020\032\034\026"
 391      1BE81B10 
 391      1CEE1B10 
 391      1A1C16
 392 16e3 18A4D383 		.ascii	"\030\244\323\203\211\002\002\000\327fFJ40T\015\322\031"
 392      89020200 
 392      D766464A 
 392      3430540D 
 392      D219
 393 16f5 81871B19 		.ascii	"\201\207\033\031\344\007V\0100\206k\364\272\2650\332"
 393      E4075608 
 393      30866BF4 
 393      BAB530DA 
 394 1705 CFF8FEDF 		.ascii	"\317\370\376\337\307i]@\250^\007\2449\375O9\375{\234"
 394      C7695D40 
 394      A85E07A4 
 394      39FD4F39 
 394      FD7B9C
 395 1718 FE7D4EFF 		.ascii	"\376}N\3773N\377sN\377\013\254_\274\010\312b.H\377\313"
 395      334EFF73 
 395      4EFF0BAC 
 395      5FBC08CA 
 395      622E48FF 
 396 172d 7F80A6DF 		.ascii	"\177\200\246\337W?\013&\263\243_\274D\025\346\007\022"
 396      573F0B26 
 396      B3A35FBC 
 396      4415E607 
 396      12
 397 173e AA896136 		.ascii	"\252\211a6\350\364\360\014\015Z\255\323+\003\326\371"
 397      E8F4F00C 
 397      0D5AADD3 
 397      2B03D6F9 
 398 174e EB89B5FC 		.ascii	"\353\211\265\374\203\301\216\302rP\023\307\3749\330"
 398      83C18EC2 
 398      725013C7 
 398      FC39D8
 399 175d 93B928D4 		.ascii	"\223\271(\324\000\235\366\251\215\301\241\253u\024^"
 399      009DF6A9 
 399      8DC1A1AB 
 399      75145E
 400 176c 13E4BFD6 		.ascii	"\023\344\277\326\2406\352uk\014~\304\320\244\242\012"
ARM GAS  C:\Users\srich\AppData\Local\Temp\ccBzzgv7.s 			page 32


 400      A036EA75 
 400      6B0C7EC4 
 400      D0A4A20A 
 401 177c 36AC854E 		.ascii	"6\254\205N\301\255a\270Ps\321\257\376\032\2724\272\360"
 401      C1AD61B8 
 401      5073D1AF 
 401      FE1ABA34 
 401      BAF0
 402 178e 40630010 		.ascii	"@c\000\020p\331`\014\375\342\257a\257\012\023\007Cu"
 402      70D9600C 
 402      FDE2AF61 
 402      AF0A1307 
 402      4375
 403 17a0 7A5D4800 		.ascii	"z]H\000\020Vm0\032\365a<L\244A\027\354\037\266\016t"
 403      10566D30 
 403      1AF5613C 
 403      4CA44117 
 403      EC1FB60E 
 404 17b5 500BD3AC 		.ascii	"P\013\323\254\012\010\001_V\031\374\340\011\004\240"
 404      0A08015F 
 404      5619FCE0 
 404      0904A0
 405 17c4 3F4C0378 		.ascii	"?L\003x\301\353a\026\324\301\014\007"
 405      C1EB6116 
 405      D4C10C07 
 406 17d0 9EA11B42 		.ascii	"\236\241\033B@=\332\012\214\203\231\037l0\006\033\303"
 406      403DDA0A 
 406      8C83991F 
 406      6C30061B 
 406      C3
 407 17e1 C3DC745F 		.ascii	"\303\334t_\351B\214\301\376\206/\241G\267\201Tp\230"
 407      E9428CC1 
 407      FE862FA1 
 407      47B78154 
 407      7098
 408 17f3 DF7A0F9B 		.ascii	"\337z\017\2337\005\201i\375\214\236\"\377\"-\256a~\033"
 408      37058169 
 408      FD8C9E22 
 408      FF222DAE 
 408      617E1B
 409 1806 FC038D81 		.ascii	"\374\003\215\201!k\265a~\240\005\023\206V\241A\027\246"
 409      216BB561 
 409      7EA00513 
 409      8656A141 
 409      17A6
 410 1818 0B8135B0 		.ascii	"\013\2015\260\026\260\200\005\301\327\022[\370\007Q"
 410      16B08005 
 410      C1D7125B 
 410      F80751
 411 1827 1F81C630 		.ascii	"\037\201\3060X[\213_6u\366H\261\316\020\260\216\254"
 411      585B8B5F 
 411      3675F648 
 411      B1CE10B0 
 411      8EAC
 412 1839 8245DF7C 		.ascii	"\202E\337|\004\260\205\001\357\375\035,\2766\330|\371"
 412      04B08501 
 412      EFFD1D2C 
ARM GAS  C:\Users\srich\AppData\Local\Temp\ccBzzgv7.s 			page 33


 412      BE36D87C 
 412      F9
 413 184a EF6003F6 		.ascii	"\357`\003\366\206\001jc83\264\236==\250I\375\014\241"
 413      86016A63 
 413      3833B49E 
 413      3D3DA849 
 413      FD0CA1
 414 185d EBF564FA 		.ascii	"\353\365d\372x1\370\012\003\210Mt0'~F\017\347\006\265"
 414      7831F80A 
 414      03884D74 
 414      30277E46 
 414      0FE706B5 
 415 1871 2E88CE8E 		.ascii	".\210\316\216\033<mm\256P\247X\006F\212z\231\237Q\003"
 415      1B3C6D6D 
 415      AE50A758 
 415      06468A7A 
 415      999F5103 
 416 1885 CDB44AFA 		.ascii	"\315\264J\3727\320\332\222o.:#H\244\327\031(G^\037\276"
 416      37D0DA92 
 416      6F2E3A23 
 416      48A4D719 
 416      28475E1F 
 417 189a 667D90C0 		.ascii	"f}\220\300\311\335\030\016\256d\374\232An:\275>T/\324"
 417      C9DD180E 
 417      AE64FC9A 
 417      416E3ABD 
 417      3E542FD4 
 418 18ae 0D413A5D 		.ascii	"\015A:]\030\253\363\033\374\277\324\255\027\0007\262"
 418      18ABF31B 
 418      FCBFD4AD 
 418      170037B2 
 419 18be 09AC021B 		.ascii	"\011\254\002\033~\244[\203?Y\352\203?Y\351\203W\255"
 419      7EA45B83 
 419      3F59EA83 
 419      3F59E983 
 419      57AD
 420 18d0 F451FA2C 		.ascii	"\364Q\372,_D~\026\373\340\025\313|\3602h\375\315*\037"
 420      5F447E16 
 420      FBE015CB 
 420      7CF03268 
 420      FDCD2A1F 
 421 18e4 579F652B 		.ascii	"W\237e+\227\371\374\373\262\217\026}\213\216\013\377"
 421      97F9FCFB 
 421      B28F167D 
 421      8B8E0BFF 
 422 18f4 C43F30E8 		.ascii	"\304?0\3507\241\341v\012\253V\370(W}\264\212\374\374"
 422      37A1E176 
 422      0AAB56F8 
 422      28577DB4 
 422      8AFCFC
 423 1907 81FCFCD6 		.ascii	"\201\374\374\326\3477s*\007\032\370\006\004\033\002"
 423      E737732A 
 423      071AF806 
 423      041B02
 424 1916 49186591 		.ascii	"I\030e\221t\315\342\360p[m\321\222\360/@W\255\301\316"
 424      74CDE2F0 
 424      705B6DD1 
ARM GAS  C:\Users\srich\AppData\Local\Temp\ccBzzgv7.s 			page 34


 424      92F02F40 
 424      57ADC1CE 
 425 192a E875C276 		.ascii	"\350u\302v\371\212\345\237I\031\373\000c\037\302\330"
 425      F98AE59F 
 425      4919FB00 
 425      631FC2D8 
 426 193a 8730F601 		.ascii	"\2070\366\001\306\274A\204g\027|1^\376\211\217r\371"
 426      C6BC4184 
 426      67177C31 
 426      5EFE898F 
 426      72F9
 427 194c 278B1DBA 		.ascii	"'\213\035\272\274\253\\\276R\004.Q-_\376\241\010\376"
 427      BCAB5CBE 
 427      52042E51 
 427      2D5FFEA1 
 427      08FE
 428 195e A9D2097C 		.ascii	"\251\322\011|o>\025!0\310\250\323\373\350\326\222\311"
 428      6F3E1521 
 428      30C8A8D3 
 428      FBE8D692 
 428      C9
 429 196f D6DBA558 		.ascii	"\326\333\245X\356\003\364}\336\36548\367c\330\023\334"
 429      EE03F47D 
 429      DEF53438 
 429      F763D813 
 429      DC
 430 1980 96FA872C 		.ascii	"\226\372\207,\015\015\016^\021\022h\3640\350\003~\""
 430      0D0D0E5E 
 430      111268F4 
 430      30E8037E 
 430      22
 431 1991 C03F0E50 		.ascii	"\300?\016Ph\240{\245\321_oT\221\215}\261\013\200\001"
 431      68A07BA5 
 431      D15F6F54 
 431      918D7DB1 
 431      0B8001
 432 19a4 6BD6FE0F 		.ascii	"k\326\376\017\013\315?\265"
 432      0BCD3FB5 
 433              		.text
 434              		.section	.gnu.lto_.symtab.ab66e146,"",%progbits
 435 0000 43616E43 		.ascii	"CanCommInit\000\000\000\000\000\000\000\000\000\000"
 435      6F6D6D49 
 435      6E697400 
 435      00000000 
 435      00000000 
 436 0015 00004002 		.ascii	"\000\000@\002\000\000CAND1\000\000\002\000\000\000\000"
 436      00004341 
 436      4E443100 
 436      00020000 
 436      0000
 437 0027 00000000 		.ascii	"\000\000\000\000\000G\002\000\000canStart\000\000\002"
 437      00470200 
 437      0063616E 
 437      53746172 
 437      74000002 
 438 003b 00000000 		.ascii	"\000\000\000\000\000\000\000\000\000E\002\000\000"
 438      00000000 
ARM GAS  C:\Users\srich\AppData\Local\Temp\ccBzzgv7.s 			page 35


 438      00450200 
 438      00
 439              		.text
 440              		.section	.gnu.lto_.opts,"",%progbits
 441 0000 272D666E 		.ascii	"'-fno-trapv' '-mcpu=cortex-m3' '-mno-thumb-interwor"
 441      6F2D7472 
 441      61707627 
 441      20272D6D 
 441      6370753D 
 442 0033 6B272027 		.ascii	"k' '-mthumb' '-ggdb' '-O2' '-fomit-frame-pointer' '"
 442      2D6D7468 
 442      756D6227 
 442      20272D67 
 442      67646227 
 443 0066 2D66616C 		.ascii	"-falign-functions=16' '-ffunction-sections' '-fdata"
 443      69676E2D 
 443      66756E63 
 443      74696F6E 
 443      733D3136 
 444 0099 2D736563 		.ascii	"-sections' '-fno-common' '-flto'\000"
 444      74696F6E 
 444      73272027 
 444      2D666E6F 
 444      2D636F6D 
 445              		.text
 446              		.comm	__gnu_lto_v1,1,1
 447              		.comm	__gnu_lto_slim,1,1
 448              		.ident	"GCC: (GNU Tools for ARM Embedded Processors) 4.9.3 20150529 (release) [ARM/embedded-4_9-br
ARM GAS  C:\Users\srich\AppData\Local\Temp\ccBzzgv7.s 			page 36


DEFINED SYMBOLS
                            *ABS*:00000000 CanComm.c
                            *COM*:00000001 __gnu_lto_v1
                            *COM*:00000001 __gnu_lto_slim

NO UNDEFINED SYMBOLS
