ARM GAS  C:\Users\srich\AppData\Local\Temp\ccBSQmLz.s 			page 1


   1              		.syntax unified
   2              		.cpu cortex-m3
   3              		.fpu softvfp
   4              		.eabi_attribute 20, 1
   5              		.eabi_attribute 21, 1
   6              		.eabi_attribute 23, 3
   7              		.eabi_attribute 24, 1
   8              		.eabi_attribute 25, 1
   9              		.eabi_attribute 26, 1
  10              		.eabi_attribute 30, 2
  11              		.eabi_attribute 34, 1
  12              		.eabi_attribute 18, 4
  13              		.thumb
  14              		.file	"chcore_v7m.c"
  15              		.text
  16              	.Ltext0:
  17              		.section	.gnu.lto_.profile.b66e241b,"",%progbits
  18 0000 789C6366 		.ascii	"x\234cf```a\200\000F\006C\031\000\000\362\000V"
  18      60606061 
  18      80004606 
  18      43190000 
  18      F20056
  19              		.text
  20              		.section	.gnu.lto_.jmpfuncs.b66e241b,"",%progbits
  21 0000 789C6366 		.ascii	"x\234cf\300\016x\24143\214`\001b\000\002\024\000\033"
  21      C00E78A1 
  21      34338C60 
  21      01620002 
  21      14001B
  22              		.text
  23              		.section	.gnu.lto_.inline.b66e241b,"",%progbits
  24 0000 789C6366 		.ascii	"x\234cf\300\016\334\24043\003\003\277\030#\003\223\310"
  24      C00EDCA0 
  24      34330303 
  24      BF182303 
  24      93C8
  25 0012 851E4606 		.ascii	"\205\036F\006\266\005\362L A&n\260\014\0277P\202gN$"
  25      B605F24C 
  25      2041266E 
  25      B00C1737 
  25      5082674E 
  26 0027 5C9C910B 		.ascii	"\\\234\221\013H\2600pr\200\304\037\304\302\305\031\000"
  26      48B03070 
  26      7280C41F 
  26      C4C2C519 
  26      00
  27 0038 005306D0 		.ascii	"\000S\006\320"
  28              		.text
  29              		.section	.gnu.lto_.pureconst.b66e241b,"",%progbits
  30 0000 789C6366 		.ascii	"x\234cf```g\200\000f\006+f+\026+\000\002\350\000\303"
  30      60606067 
  30      80006606 
  30      2B662B16 
  30      2B0002E8 
  31              		.text
  32              		.section	.gnu.lto__port_irq_epilogue.part.0.b66e241b,"",%progbits
  33 0000 789C9D54 		.ascii	"x\234\235TolSU\024\277\347\336\367^K\333m\306O\210\037"
ARM GAS  C:\Users\srich\AppData\Local\Temp\ccBSQmLz.s 			page 2


  33      6F6C5355 
  33      14BFE7DE 
  33      F75E4BDB 
  33      6DC64F88 
  34 0015 BA64218B 		.ascii	"\272d!\213\011P\300\004\023\024\215!~\\$\333\327&F\036"
  34      0950C004 
  34      13148D21 
  34      7E5C24DB 
  34      D726461E 
  35 0029 253430DA 		.ascii	"%40\332\364uf_\010\257\177`\303\310\234C\307\3422\377"
  35      F475665F 
  35      08AF7F60 
  35      C3C89C43 
  35      C7E232FF 
  36 003d 21D1ADBA 		.ascii	"!\321\255\272\025\37436\301\025\330`\016)\020\2621\030"
  36      15FC3336 
  36      C115D860 
  36      0E2910B2 
  36      3118
  37 004f 6E75D914 		.ascii	"nu\331\024\023\014\205)\354IF=\347\2660\207\373`l\322"
  37      130C8529 
  37      EC49463D 
  37      E7B63087 
  37      FB606CD2 
  38 0063 FBE7DCF3 		.ascii	"\373\347\334\363;\347\334\337\357\334'\330\277\177\257"
  38      3BE7DCDF 
  38      EFDC27D8 
  38      BF7FAF
  39 0072 E0FF5995 		.ascii	"\340\377Y\225\261\0238\203\215\201\326\230\306\205\006"
  39      B1133883 
  39      8D81D698 
  39      C68506
  40 0081 5CCE9C8B 		.ascii	"\\\316\234\213\372rf:\024\032]\002T\262F\354\312\303"
  40      FA72663A 
  40      141A5D02 
  40      54B246EC 
  40      CAC3
  41 0093 850A400B 		.ascii	"\205\012@\013\006l\267\306\205\242\302n\370\215\337"
  41      066CB7C6 
  41      85A2C26E 
  41      F88DDF
  42 00a2 E6D0984A 		.ascii	"\346\320\230J\2648\313\017\233\246\231\375\244o\351"
  42      B438CB0F 
  42      9BA699FD 
  42      A46FE9
  43 00b1 9EA51667 		.ascii	"\236\245\026gl\206\3473\302gP\316\320\347v|\356\212"
  43      6C86E733 
  43      C26750CE 
  43      D0E7767C 
  43      EE8A
  44 00c3 538BA3CF 		.ascii	"S\213\243\317\023\3713\370\034\3632&\360\254\375\372"
  44      13F933F8 
  44      1CF33226 
  44      F0ACFDFA 
  45 00d3 9FA962F1 		.ascii	"\237\251b\361\"\220_O\347\037\347\2357\270\305\241\224"
  45      22905F4F 
  45      E71FE79D 
ARM GAS  C:\Users\srich\AppData\Local\Temp\ccBSQmLz.s 			page 3


  45      37B8C5A1 
  45      94
  46 00e4 B6BD4D83 		.ascii	"\266\275M\203-\032m\271B\333\237\357\334\372\035\312"
  46      2D1A6DB9 
  46      42DB9FEF 
  46      DCFA1DCA 
  47 00f4 3E36CD68 		.ascii	">6\315hv\177\254{{S\314\374\2641\232\315\275\344\266"
  47      767FAC7B 
  47      7B53CCFC 
  47      B4319ACD 
  47      BDE4B6
  48 0107 B8807610 		.ascii	"\270\200v\020\030\031:`\031$`Y\341\306\360\005\224!"
  48      18193A60 
  48      19246059 
  48      E1C6F005 
  48      9421
  49 0119 F097C4BB 		.ascii	"\360\227\304\273u*\001\337\304\022G]{\006\315x&\227"
  49      752A01DF 
  49      C412475D 
  49      7B06CD78 
  49      2697
  50 012b 23185B04 		.ascii	"#\030[\004\363\245\3044\017\237\267\213\030\310\262"
  50      F3A5C434 
  50      0F9FB78B 
  50      18C8B2
  51 013a F65F99CC 		.ascii	"\366_\231\314\224\310\304\231\007\207\322.\363\021^"
  51      94C8C499 
  51      0787D22E 
  51      F3115E
  52 0149 81CE45D3 		.ascii	"\201\316E\323vAY\327\223\246\231\313\375\232^\356\002"
  52      764159D7 
  52      93A699CB 
  52      FD9A5EEE 
  52      02
  53 015a 59069756 		.ascii	"Y\006\227V!G\205Y\\Uq\320\030\233B:\210\327)\334\340"
  53      21478559 
  53      5C5571D0 
  53      189B423A 
  53      88D729DC 
  54 016f 2CA63997 		.ascii	",\2469\227\363\030D&[\367\336Z\267\220=BK\362\330BZ"
  54      F3184426 
  54      5BF7DE5A 
  54      B7903D42 
  54      4BF2D842 
  55 0184 3303872E 		.ascii	"3\003\207.)\014\222\240\315px\214q\312\316\340\010a"
  55      290C92A0 
  55      CD70788C 
  55      71CACEE0 
  55      0861
  56 0196 E0288EC8 		.ascii	"\340(\216\310{=\240\313\201\343o\367\225\270\233\241"
  56      7B3DA0CB 
  56      81E36FF7 
  56      95B89BA1 
  57 01a6 CD6C29B5 		.ascii	"\315l)\265\270\215P7g/\367\333\024\254\010\276\002\267"
  57      B88D5037 
  57      672FF7DB 
  57      14AC08BE 
ARM GAS  C:\Users\srich\AppData\Local\Temp\ccBSQmLz.s 			page 4


  57      02B7
  58 01b8 4CF161D2 		.ascii	"L\361a\322\264\234h\201\257A\271\207\241\031|\003\012"
  58      B49C6881 
  58      AF41B987 
  58      A1197C03 
  58      0A
  59 01c9 1B816886 		.ascii	"\033\201h\206\212\243x\024\236N\256At\264\356`\303\200"
  59      8AA37814 
  59      9E4EAE41 
  59      74B4EE60 
  59      C380
  60 01db 4655DCE3 		.ascii	"FU\334\343\234l#\300iGU\243\005]b-{G\332\327\346=\004"
  60      9C6C23C0 
  60      694755A3 
  60      055D622D 
  60      7B47DAD7 
  61 01f2 9A30C38D 		.ascii	"\2320\303\215}\203\263K\244\310\310i\256\204\301\267"
  61      7D83B34B 
  61      A4C8C869 
  61      AE84C1B7 
  62 0202 C8E302A0 		.ascii	"\310\343\002\240\240\330\331l:\252\222\015!\327F{\346"
  62      A0D8D96C 
  62      3AAA920D 
  62      21D7467B 
  62      E6
  63 0213 6C0451F2 		.ascii	"l\004Q\362\020\352\242\256w\222\242\015Z#\246i\267\270"
  63      10EAA2AE 
  63      7792A20D 
  63      5A23A669 
  63      B7B8
  64 0225 1D434337 		.ascii	"\035CC7\351AW\030n\236+Z\231@*ROY|\011\034\2036\270"
  64      E9415718 
  64      6E9E2B5A 
  64      99402A52 
  64      4F597C09 
  65 023d 231B147A 		.ascii	"#\033\024z`%:4\365\\}\313A\341\034\350cg\320\213@\314"
  65      60253A34 
  65      F55C7DCB 
  65      41E11CE8 
  65      6367D08B 
  66 0253 385E37DE 		.ascii	"8^7\336\341\310\227\252P\021\205\232\020\320p62\244"
  66      E1C897AA 
  66      5011859A 
  66      10D07036 
  66      32A4
  67 0265 88F7F3CD 		.ascii	"\210\367\363\315\361\323\217q\177\2767\376:\355K\305"
  67      F1D38F71 
  67      7FBE37FE 
  67      3AED4BC5 
  68 0275 3F321FE4 		.ascii	"?2\037\344r@\035\371\335\242\255q\234n\244\2601\210"
  68      72401DF9 
  68      DDA2AD71 
  68      9C6EA4B0 
  68      3188
  69 0287 4EB69E99 		.ascii	"N\266\236\231[(of\272\343\031r(\010\311\037\177:pB\212"
  69      5B286F66 
  69      BAE31972 
ARM GAS  C:\Users\srich\AppData\Local\Temp\ccBSQmLz.s 			page 5


  69      2808C91F 
  69      7F3A7042 
  70 029c F83DBD1D 		.ascii	"\370=\275\035`\355$\342\304\315\331\003\302\335]\020"
  70      60ED24E2 
  70      C4CDD903 
  70      C2DD5D10 
  71 02ac D14988F7 		.ascii	"\321I\210\367\306\356G\034R\304\276\207\"^L\356SI\304"
  71      C6EE471C 
  71      52C4BE87 
  71      225E4CEE 
  71      5349C4
  72 02bf 1489A8E0 		.ascii	"\024\211\250\340\311IP\320\236>\322\177\324\346\356"
  72      C94950D0 
  72      9E3ED27F 
  72      D4E6EE
  73 02ce FD670764 		.ascii	"\375g\007d\222\207\007@\202O\021\030N\243\332\327!\226"
  73      92870740 
  73      824F1118 
  73      4EA3DAD7 
  73      2196
  74 02e0 9A1872E5 		.ascii	"\232\030r\345\251P\321\351\203\313\015\235|\327}\263"
  74      A950D1E9 
  74      83CB0D9D 
  74      7CD77DB3 
  75 02f0 9EB876CD 		.ascii	"\236\270v\315 7\014\372a\0276t\021\033\206\370\325\330"
  75      20370CFA 
  75      61173674 
  75      111B86F8 
  75      D5D8
  76 0302 E679DF89 		.ascii	"\346y\337\211\251\013\227\354D.U>P\340a\032!\365\345"
  76      A90B97EC 
  76      442E553E 
  76      50E0611A 
  76      21F5E5
  77 0315 0249BE5B 		.ascii	"\002I\276[\227Nl*\320\372\3374|\2324<#5\004\"\364\254"
  77      974E6C2A 
  77      D0FADF34 
  77      7C9A343C 
  77      23350422 
  78 032b D470BEA4 		.ascii	"\324p\276\244\324\013\026/\236\221\267\034\304\232("
  78      D40B162F 
  78      9E91B71C 
  78      C49A28
  79 033a 99F228D9 		.ascii	"\231\362(\331\335\377\223\354\207\371dC\213'\303\217"
  79      DDFF93EC 
  79      87F96443 
  79      8B27C38F 
  80 034a 2A9C2B24 		.ascii	"*\234+$S\345\363\035\207H\352\3409\3310t\341)\204\243"
  80      53E5F31D 
  80      8748EAE0 
  80      39D93074 
  80      E12984A3 
  81 035e 19797D5E 		.ascii	"\031y}^_\357\331\270\315\277\331_\025\256\331\342\017"
  81      5FEFD9B8 
  81      CDBFD95F 
  81      15AED9E2 
  81      0F
ARM GAS  C:\Users\srich\AppData\Local\Temp\ccBSQmLz.s 			page 6


  82 036f 78745A07 		.ascii	"xtZ\007\2145\353\326x<\001\303\023\012{\202\201P\330"
  82      8C35EBD6 
  82      783C01C3 
  82      130A7B82 
  82      8150D8
  83 0382 F0BC5C59 		.ascii	"\360\274\\Y\261\261\242\026\217\365@\310\367\332\033"
  83      B1B1A216 
  83      8FF540C8 
  83      F7DA1B
  84 0391 CF55AFD2 		.ascii	"\317U\257\322\231\026\362\0315;\302\033\364\365^\011"
  84      9916F219 
  84      353BC21B 
  84      F4F55E09 
  85 03a1 336408EF 		.ascii	"3d\010\357|\010o\300\360\372j\303^\275\332\360\033^"
  85      7C086FC0 
  85      F0FA6AC3 
  85      5EBDDAF0 
  85      1B5E
  86 03b3 FF4E7D47 		.ascii	"\377N}G\315\026\237WF\320\253\267\326\354\324Wmc\212"
  86      CD169F57 
  86      46D0ABB7 
  86      D6ECD457 
  86      6D638A
  87 03c6 1EAE0D16 		.ascii	"\036\256\015\026UTV\225._\275\2424h\004\035Ll\010\261"
  87      55545695 
  87      2E5FBDA2 
  87      3468041D 
  87      4C6C08B1 
  88 03da E27020F8 		.ascii	"\342p \370\352\326M\241\200^\025~]\337^TQUI\207+\320"
  88      EAD64DA1 
  88      805E157E 
  88      5DDF5E54 
  88      51554987 
  89 03f0 CBC17888 		.ascii	"\313\301x\210\011#\310\376\006\201\372\023\365"
  89      0923C8FE 
  89      0681FA13 
  89      F5
  90              		.text
  91              		.section	.gnu.lto__port_irq_epilogue.b66e241b,"",%progbits
  92 0000 789C8D53 		.ascii	"x\234\215SYLSQ\020\275s\337k)\245Q\342\2071|\330&\306"
  92      594C5351 
  92      10BD73DF 
  92      6B29A551 
  92      E287317C 
  93 0017 188D5AF9 		.ascii	"\030\215Z\371\221\004\267\030\277\371\321\337\227\030"
  93      9104B718 
  93      BFF9D1DF 
  93      9718
  94 0025 7CD6D884 		.ascii	"|\326\330\204Z\322\026\203\037\204[Z\320\017$\006\025"
  94      5AD21683 
  94      1F845B5A 
  94      D00F2406 
  94      15
  95 0036 AB0611C5 		.ascii	"\253\006\021\305\025\305\0057*\012nH\210\"D\324\340"
  95      15C50537 
  95      2A0A6E48 
  95      882244D4 
ARM GAS  C:\Users\srich\AppData\Local\Temp\ccBSQmLz.s 			page 7


  95      E0
  96 0047 4655301A 		.ascii	"FU0\0321Q\212Jc\264\316\334\326\245\270\304&}\367\276"
  96      31518A4A 
  96      63B4CEDC 
  96      D6A5B8C4 
  96      267DF7BE 
  97 005b 7BE6CCCC 		.ascii	"{\346\314\314=s\236\302~\377-\304\377,\225\261'\270"
  97      3D739EC2 
  97      7EFF2DC4 
  97      FF2C95B1 
  97      27B8
  98 006d 829101DF 		.ascii	"\202\221\001\337\322\315\230\337\304\271\3227\231\011"
  98      D2CD98DF 
  98      C4B9D237 
  98      9909
  99 007b B3DA9AC3 		.ascii	"\263\332\232\303\204E\001\003\035\203\232X\375&\003"
  99      84450103 
  99      1D839A58 
  99      FD2603
 100 008a 006D18B0 		.ascii	"\000m\030\260R\256\250\006(\205\327\374=\207-\355\215"
 100      52AEA806 
 100      2885D7FC 
 100      3D872DED 
 100      8D
 101 009b A18C1907 		.ascii	"\241\214\031\007\204\020\357\366\265M)\237\022\343\214"
 101      8410EFF6 
 101      B54D299F 
 101      12E38C
 102 00aa 4579A210 		.ascii	"Ey\242\020\034\202\031\014c\336\007\277<\3100\0061&"
 102      1C82190C 
 102      63DE07BF 
 102      3CC83006 
 102      3126
 103 00bc 3381C161 		.ascii	"3\201\301a0\002\256'&\265\213x\374E\335p\277jRX\214"
 103      3002AE27 
 103      26B58B78 
 103      FC45DD70 
 103      BF6A5258 
 104 00d1 834A0FC6 		.ascii	"\203J\017\306\0061\210\212\015qN\253r\037\3122)Q\264"
 104      0631888A 
 104      0D714EAB 
 104      721FCA32 
 104      2951B4
 105 00e4 516C5394 		.ascii	"QlS\224\305@\373\226\246\321\333\031\257x\214s\033\275"
 105      C540FB96 
 105      A6D1DB19 
 105      AF788C73 
 105      1BBD
 106 00f6 86AB3B43 		.ascii	"\206\253;CFzUTz}\323W\177\300<\255^\210\262w\225\201"
 106      467A5554 
 106      7A7DD357 
 106      7FC03CAD 
 106      5E88B277 
 107 010c 977A7540 		.ascii	"\227zu@4\3406\276\304\032\343*\034\001\005\333\200\243"
 107      34E036BE 
 107      C41AE32A 
 107      1C0105DB 
ARM GAS  C:\Users\srich\AppData\Local\Temp\ccBSQmLz.s 			page 8


 107      80A3
 108 011e 90058D90 		.ascii	"\220\005\215\220\225T\005\216\3014$>\333\374\241\031"
 108      9554058E 
 108      C134243E 
 108      DBFCA119 
 109 012e 288F6A63 		.ascii	"(\217jcp\034\321GP\366<\276\361e\310\230r\221H\260T"
 109      701CD147 
 109      50F63CBE 
 109      F165C898 
 109      729148B0 
 110 0143 DE22CA21 		.ascii	"\336\"\312!\365\206\221P\307h\032\203&\202x*\324\336"
 110      F5869150 
 110      C7681A83 
 110      2682782A 
 110      D4DE
 111 0155 33958A30 		.ascii	"3\225\21208A\2402^\0318\211\303`p\212\244\001v\011\020"
 111      3841A032 
 111      5E193889 
 111      C360708A 
 111      A4017609 
 112 016a 1E181EDB 		.ascii	"\036\030\036\333\252X\273\241V\204l1n \306\366G\237"
 112      AA58BBA1 
 112      56846C31 
 112      6E20C6F6 
 112      479F
 113 017c FD6615F5 		.ascii	"\375f\025\365\201\323`et\262\253|\307N\013\236@3\016"
 113      81D36065 
 113      74B2AB7C 
 113      C74E0B9E 
 113      40330E
 114 018f 8B3A6670 		.ascii	"\213:fp\006T\004\2726\356\375\250Z{\223l#\305\366\014"
 114      065404BA 
 114      36EEFDA8 
 114      5A7B936C 
 114      23C5F60C 
 115 01a3 7784D325 		.ascii	"w\204\323%\373,\261\341\034*\376\020\256\236ky]7\237"
 115      FB2CB1E1 
 115      1C2AFE10 
 115      AE9E6B79 
 115      5D379F
 116 01b6 AEF3892B 		.ascii	"\256\363\211+$\336H\325\200\2314H\023\017\003b\002\021"
 116      24DE48D5 
 116      80993448 
 116      130F0362 
 116      0211
 117 01c8 0706EFF4 		.ascii	"\007\006\357\364\232\344\221\254y\252+\336e\251\205"
 117      9AE491AC 
 117      79AA2BDE 
 117      65A985
 118 01d7 DD10E326 		.ascii	"\335\020\343&8\217:^\240\272\010TE;\237\245\317i\024"
 118      388F3A5E 
 118      A0BA0854 
 118      453B9FA5 
 118      CF6914
 119 01ea 4144D2A1 		.ascii	"AD\322\241\005jaD\232\001\3020\007+\005\306*\372x\242"
 119      056A6144 
 119      9A01C230 
ARM GAS  C:\Users\srich\AppData\Local\Temp\ccBSQmLz.s 			page 9


 119      072B05C6 
 119      2AFA78A2 
 120 01fe 909AA815 		.ascii	"\220\232\250\025\011\337\252\223\211\201$\270\210i\356"
 120      09DFAA93 
 120      898124B8 
 120      8869EE
 121 020d 41B03F90 		.ascii	"A\260?\220\225\014\302\010\377\301\213\225i2\002\323"
 121      950CC208 
 121      FFC18B95 
 121      693202D3 
 122 021d B426E735 		.ascii	"\264&\3475\204\372\365MV\036C \223\"\251\364\236\273"
 122      84FAF54D 
 122      561E4320 
 122      9322A9F4 
 122      9EBB
 123 022f 554DBCE4 		.ascii	"UM\274\344\263\330$L1n\216rt8\\\202\022tT\206$\250\254"
 123      B3D8244C 
 123      316E8E72 
 123      74385C82 
 123      12745486 
 124 0246 35E78793 		.ascii	"5\347\207\223R\3741\362_\376\270,\375\361C\010J\337"
 124      52FC31F2 
 124      5FFEB82C 
 124      FDF14308 
 124      4ADF
 125 0258 F6777F34 		.ascii	"\366w\17744C\322 \206\361\006\251\370\212\006i'\310"
 125      3443D220 
 125      86F106A9 
 125      F88A0669 
 125      27C8
 126 026a 38CE2035 		.ascii	"8\316 5V\252\302\340\312\237\015rU\032\344\332/\006"
 126      56AAC2E0 
 126      CA9F0D72 
 126      551AE4DA 
 126      2F06
 127 027c 69781B09 		.ascii	"ix\033\011\033\277\317\276M\316\376\272\234\375\370"
 127      1BBFCFBE 
 127      4DCEFEBA 
 127      9CFDF8
 128 028b 41DFC041 		.ascii	"A\337\300A\223\010\006\371==\005\177d\350\364L\214\253"
 128      930806F9 
 128      3D3D057F 
 128      64E8F44C 
 128      8CAB
 129 029d B977DBA4 		.ascii	"\271w\333\244\364\2034\361\346\007\317#\023\245&\221"
 129      F48334F1 
 129      E607CF23 
 129      13A52691 
 130 02ad AFFBBB2D 		.ascii	"\257\373\273-\242S\004#\3618*b\201\216?)\222\332\036"
 130      A2530423 
 130      F1382A62 
 130      818E3F29 
 130      92DA1E
 131 02c0 DCA4CE0F 		.ascii	"\334\244\316\017\313\026;\351I\2371P9\354b\201\236k"
 131      CB163BE9 
 131      499F3150 
 131      39EC6281 
ARM GAS  C:\Users\srich\AppData\Local\Temp\ccBSQmLz.s 			page 10


 131      9E6B
 132 02d2 5FB6D6B9 		.ascii	"_\266\326\271\312\271\302W\264\332\351\266\353\264w"
 132      CAB9C257 
 132      B4DAE9B6 
 132      EBB477
 133 02e1 7BB3E767 		.ascii	"{\263\347g\333\355n\257\335\343\263\027\272=>\257}\351"
 133      DBED6EAF 
 133      DDE3B317 
 133      BA3D3EAF 
 133      7DE9
 134 02f3 F2BC6579 		.ascii	"\362\274ey\305\010\353n\217c\345\372\034\327\\\235\031"
 134      C508EB6E 
 134      8F63E5FA 
 134      1CD75C9D 
 134      19
 135 0304 D6E71714 		.ascii	"\326\347\027\0249r\365\\M\262\2742\203\3663\203\346"
 135      3972F55C 
 135      4DB2BC32 
 135      83F63383 
 135      E6
 136 0315 F66A1E9F 		.ascii	"\366j\036\237&\023h\371\036\227\356*\326~I\260\226-"
 136      261368F9 
 136      1E97EE2A 
 136      D67E49B0 
 136      962D
 137 0327 FA27D551 		.ascii	"\372'\325Q\354\323t\227\327\351\325\234\353\364\202"
 137      ECD37497 
 137      D7E9D59C 
 137      EBF482
 138 0336 A2D50E4D 		.ascii	"\242\325\016MRu\327\232\242u:\2623\363V,\267\255\312"
 138      5275D79A 
 138      A2753AB2 
 138      33F3562C 
 138      B7ADCA
 139 0349 F73A0A3D 		.ascii	"\367:\012=\316\331\266\351\363\030\367\2604\227\303"
 139      CED9B6E9 
 139      F318F7B0 
 139      3497C3
 140 0358 E5F66C60 		.ascii	"\345\366l`\252\356+.\374\006\370<\306\322"
 140      AAEE2B2E 
 140      FC06F83C 
 140      C6D2
 141              		.text
 142              		.section	.gnu.lto_SVC_Handler.b66e241b,"",%progbits
 143 0000 789C8593 		.ascii	"x\234\205\223]l\024U\024\307\317\271\367vvm\2454\276"
 143      5D6C1455 
 143      14C7CFB9 
 143      F776766D 
 143      A534BE
 144 0013 98F46537 		.ascii	"\230\364e7i\014/\204\225\027Lj\320\230>7\222\366u\022"
 144      690C2F84 
 144      95174C6A 
 144      D0983E37 
 144      92F67512 
 145 0027 5286C5AE 		.ascii	"R\206\305\256t\231\315\314,\251O\314nk\027\023\304\006"
 145      7499CDCC 
 145      2CA94FCC 
ARM GAS  C:\Users\srich\AppData\Local\Temp\ccBSQmLz.s 			page 11


 145      6E6B1713 
 145      C406
 146 0039 B42C4D8C 		.ascii	"\264,M\214\222\320h-BAkeAX\261\224\212\362aT0Va\254"
 146      92D0682D 
 146      42416B65 
 146      4158B194 
 146      8AF26154 
 147 0051 A5412DA1 		.ascii	"\245A-\241\245 l\010]\356\271\263b\2674\272\311\316"
 147      A5206C08 
 147      5DEEB9B3 
 147      62B734BA 
 147      C9CE
 148 0063 DC391FFF 		.ascii	"\3349\037\377s\316\357\336\313\341\361_\255\374'\005"
 148      73CEEFDE 
 148      CBE1F15F 
 148      ADFC2705 
 149 0073 C0D30880 		.ascii	"\300\323\010\200\034\220u\237\007H\005\031\"-\000a\033"
 149      1C90759F 
 149      07480519 
 149      222D0061 
 149      1B
 150 0084 C36DF807 		.ascii	"\303m\370\007\233e\330\235\037\310V\255\350s]wf\342"
 150      9B65D89D 
 150      1FC856AD 
 150      E8735D77 
 150      66E2
 151 0096 426A5D1E 		.ascii	"Bj]\036\013\014`\216\371:\370\001\256\000\031\324\363"
 151      0B0C608E 
 151      F93AF801 
 151      AE0019D4 
 151      F3
 152 00a7 E3B9207F 		.ascii	"\343\271 \177\001iy\364\340\355sU\327Y\201a\230>s\273"
 152      016979F4 
 152      E0ED7355 
 152      D7598161 
 152      983E73BB 
 153 00bb C6B21A7D 		.ascii	"\306\262\032}2A\237o^\236\360\226\327\355s\335\264\267"
 153      32419F6F 
 153      5E9EF096 
 153      D7ED73DD 
 153      B4B7
 154 00cd FDF76F9E 		.ascii	"\375\367o\236t\307\334N\257X\014\025\030\307\017\221"
 154      74C7DC4E 
 154      AF580C15 
 154      18C70F91 
 155 00dd 4B59ECC7 		.ascii	"KY\354\307Z\374\010kK\215\312\224\331\316\007\227\253"
 155      5AFC086B 
 155      4B8DCA94 
 155      D9CE0797 
 155      AB
 156 00ee B44ED940 		.ascii	"\264N\331@\015\016`\235_\033\017\240&{gd\2211\375\277"
 156      0D0E609D 
 156      5F1B0FA0 
 156      267B6764 
 156      9131FDBF 
 157 0102 DCC957F3 		.ascii	"\334\311W\363\006\325\300o\267n\336@Ub\246\267cx\363"
 157      06D5C06F 
ARM GAS  C:\Users\srich\AppData\Local\Temp\ccBSQmLz.s 			page 12


 157      B76EDE40 
 157      5562A6B7 
 157      6378F3
 158 0115 AE0E777F 		.ascii	"\256\016w\177wz\246\370\242,\"\360\343\245\212\340A"
 158      777AA6F8 
 158      A22C22F0 
 158      E3A58AE0 
 158      41
 159 0126 AC3BF454 		.ascii	"\254;\364T\336-\026\217\315f2\221^\026\220!R\230\253"
 159      DE2D168F 
 159      CD663291 
 159      5E169021 
 159      5298AB
 160 0139 A78002AB 		.ascii	"\247\200\002\253\320T\020\300\244,N\210\2561Fo>\216"
 160      D05410C0 
 160      A42C4E88 
 160      AE31466F 
 160      3E8E
 161 014b A989A1AE 		.ascii	"\251\211\241\256\233k\312\372\364^\237\312\013\325\342"
 161      9B6BCAFA 
 161      F45E9FCA 
 161      0BD5E2
 162 015a 1CC3C523 		.ascii	"\034\303\305#\220\014\036BM\226\035\224O9\304v\224!"
 162      900C1E42 
 162      4D961D94 
 162      4F39C476 
 162      9421
 163 016c BB8FBF75 		.ascii	"\273\217\277ury\250\007\337u\263\341\002\323(k\372\336"
 163      7279A807 
 163      DF75B3E1 
 163      02D3286B 
 163      FADE
 164 017e F7230121 		.ascii	"\367#\001!\013\342a\014)\024\357\015\272\205*i\301#"
 164      0BE2610C 
 164      2914EF0D 
 164      BA852A69 
 164      C123
 165 0190 28EE3292 		.ascii	"(\3562\222\370\004\005\\\302\264G=\220\036\311\223\347"
 165      F804055C 
 165      C2B4473D 
 165      901EC993 
 165      E7
 166 01a1 674CFF94 		.ascii	"gL\377\224\331\223\355\320\250\213\273\214\221\355\022"
 166      D993EDD0 
 166      A88BBB8C 
 166      91ED12
 167 01b0 32856D80 		.ascii	"2\205m\200B\230\014\351\310vM\355\255\366#\2704-\334"
 167      42980CE9 
 167      C8764DED 
 167      ADF623B8 
 167      342DDC
 168 01c3 3D1606FC 		.ascii	"=\026\006\374T\022*K\342\244{%3\277\267$+\310T\212\220"
 168      54122A4B 
 168      E2A47B25 
 168      33BFB724 
 168      2BC8548A 
 169 01d8 C93BCFA4 		.ascii	"\311;\317\244\316\012\336\213j\346_\277\355\214\371"
ARM GAS  C:\Users\srich\AppData\Local\Temp\ccBSQmLz.s 			page 13


 169      CE0ADE8B 
 169      6AE65FBF 
 169      ED8CF9
 170 01e7 1B3D7F40 		.ascii	"\033=\177@{\264\315\002\207\226\334\201\317H^\3008\246"
 170      7BB4CD02 
 170      8796DC81 
 170      CF485EC0 
 170      38A6
 171 01f9 2786461F 		.ascii	"'\206F\037,\3029\371\012\371K@\331\"\240\200\303\012"
 171      2CC239F9 
 171      0AF94B40 
 171      D922A080 
 171      C30A
 172 020b E6E77420 		.ascii	"\346\347t \020\372\011\346\325\351{\273yh\270\0043@"
 172      10FA09E6 
 172      D5E97BBB 
 172      7968B804 
 172      3340
 173 021d 19EF8CDF 		.ascii	"\031\357\214\337OU*\230G\377\201yq\360\215\012\202\231"
 173      4F552A98 
 173      47FF8179 
 173      71F08D0A 
 173      8299
 174 022f 2398F232 		.ascii	"#\230\3622\3401\024\322~\376\360\310\221@(\267p'\274"
 174      E03114D2 
 174      7EFEF0C8 
 174      914028B7 
 174      7027BC
 175 0242 C1BED3A8 		.ascii	"\301\276\323\250\222\217S2~\341S\257!\337\334\200\373"
 175      928F5332 
 175      7EE153AF 
 175      21DFDC80 
 175      FB
 176 0253 36E727FC 		.ascii	"6\347'\374\241\377\372a__\245\177\366vdn\031t\366\334"
 176      A1FFFA61 
 176      5F5FA57F 
 176      F676646E 
 176      1974F6DC 
 177 0267 4767EFC4 		.ascii	"Gg\357\304\222\223\237T\007\370\352\344\205\357\202"
 177      92939F54 
 177      07F8EAE4 
 177      85EF82
 178 0276 C49DFAC8 		.ascii	"\304\235\372\310K\257\"\3215\225\325\312Q\214\274Z\302"
 178      4BAF22D1 
 178      3595D5CA 
 178      518CBC5A 
 178      C2
 179 0287 C0CB3178 		.ascii	"\300\3131x\331\235\363\001\300/\311%\312]\371\236\020"
 179      D99DF301 
 179      C02FC925 
 179      CA5DF99E 
 179      10
 180 0298 15013C45 		.ascii	"\025\001<E\316\212\307\360}\245\360\215\370\370\212"
 180      CE8AC7F0 
 180      7DA5F08D 
 180      F8F88A
 181 02a7 FF8BEF74 		.ascii	"\377\213\357t\011\337\376\033^N#|\243(T\307\200g\024"
ARM GAS  C:\Users\srich\AppData\Local\Temp\ccBSQmLz.s 			page 14


 181      09DFFE1B 
 181      5E4E237C 
 181      A32854C7 
 181      806714
 182 02ba BFB399F7 		.ascii	"\277\263\231\367\377\026\241n\346g\007)\366\342\364"
 182      FF16A16E 
 182      E6670729 
 182      F6E2F4
 183 02c9 68EE0995 		.ascii	"h\356\011\225=\246\370}-\371]\301\224w\355\317 MC\034"
 183      3DA6F87D 
 183      2DF95DC1 
 183      9477EDCF 
 183      204D431C 
 184 02dd 26E54D91 		.ascii	"&\345M\221\027J\306<o\324G\032Zc\033b\315Nrc\314\214"
 184      174AC63C 
 184      6FD4471A 
 184      5A631B62 
 184      CD4E7263 
 185 02f3 18B436ED 		.ascii	"\030\2646\355\325kVG\"\246\035\261\234H\302\264\034"
 185      D56B5647 
 185      22A61DB1 
 185      9C48C2B4 
 185      1C
 186 0304 3BF25253 		.ascii	";\362RScCc\273t\033\246\025]\277\365\271\370*\003\204"
 186      634363BB 
 186      741BA615 
 186      5DBFF5B9 
 186      F82A0384 
 187 0318 E1B42734 		.ascii	"\341\264'4+j'\333\234\265F\275\256rm\245\243\377\253"
 187      2B6A27DB 
 187      9CB546BD 
 187      AE726DA5 
 187      A3FFAB
 188 032b A39BB61E 		.ascii	"\243\233\266\036mwt#n\307l=\266\305hKn\214\352J\306"
 188      6D777423 
 188      6EC76C3D 
 188      B6C5684B 
 188      6E8CEA4A 
 189 0340 886F4A6E 		.ascii	"\210oJn1V\265\302\262\306\246\346\3603\317\256\014'"
 189      3156B5C2 
 189      B2C6A6E6 
 189      F033CFAE 
 189      0C27
 190 0352 EC4425F0 		.ascii	"\354D%\360\265\026T;f\342\345M\353,\323hvZ\214\315\313"
 190      B516543B 
 190      66E2E54D 
 190      EB2CD368 
 190      765A8CCD 
 191 0367 1A9B9BC8 		.ascii	"\032\233\233\310\271RFU\002\263\200\333\011\250\330"
 191      B9524655 
 191      02B380DB 
 191      09A8D8
 192 0376 DAD2968C 		.ascii	"\332\322\226\214\326\377ge\313\321\325\000z\213\025"
 192      D6FF6765 
 192      CBD1D500 
 192      7A8B15
 193 0385 37E2EDFA 		.ascii	"7\342\355\372\202\001Z\241\206T7\264\330\321\204\025"
ARM GAS  C:\Users\srich\AppData\Local\Temp\ccBSQmLz.s 			page 15


 193      82015AA1 
 193      865437B4 
 193      D8D18415 
 194 0395 236508C4 		.ascii	"#e\010\304\243q\323z\015\036\002\300\325\343\226"
 194      A371D37A 
 194      0D1E02C0 
 194      D5E396
 195              		.text
 196              		.section	.gnu.lto_.symbol_nodes.b66e241b,"",%progbits
 197 0000 789C6366 		.ascii	"x\234cf``(a\200\002\246}\214\365\014\014\023\31610\324"
 197      60602861 
 197      8002A67D 
 197      8CF50C0C 
 197      13CE3130 
 198 0015 D733CE5D 		.ascii	"\3273\316]\304\301\300\270\203\261\236\021\"\300\320"
 198      C4C1C0B8 
 198      83B19E11 
 198      22C0D0
 199 0024 D001E4EF 		.ascii	"\320\001\344\357d\254gB\3423mc\254g\206j`\230\267\000"
 199      64AC6742 
 199      E2336D63 
 199      AC67866A 
 199      6098B700 
 200 0038 28B095B1 		.ascii	"(\260\225\261\236\005Y\200q;c=+LG\003\007\0033\003+"
 200      9E055980 
 200      713B633D 
 200      2B4C4703 
 200      07033303 
 201 004d C393B637 		.ascii	"\303\223\2667\362\314\314\014\014\207V\2521\000\000"
 201      F2CCCC0C 
 201      0C8756AA 
 201      310000
 202 005c 60241F9C 		.ascii	"`$\037\234"
 203              		.text
 204              		.section	.gnu.lto_.refs.b66e241b,"",%progbits
 205 0000 789C6366 		.ascii	"x\234cf``\340d\200\000&\006&F^&&>\006\000\001~\0001"
 205      6060E064 
 205      80002606 
 205      26465E26 
 205      263E0600 
 206              		.text
 207              		.section	.gnu.lto_.decls.b66e241b,"",%progbits
 208 0000 789CBD58 		.ascii	"x\234\275XkPTG\026\236\276=\014\3140@J\023\223P[\265"
 208      6B505447 
 208      169EBE3D 
 208      0CCC3040 
 208      4A139350 
 209 0016 E80FCAA4 		.ascii	"\350\017\312\244\342;\233\315fkkE\324\225\332re\207"
 209      E23B9BCD 
 209      666B6B45 
 209      D495DA72 
 209      6587
 210 0028 C4DDDA50 		.ascii	"\304\335\332P5!\303(\324\362rf\330\230\177\027\207("
 210      3521C328 
 210      D4F27266 
 210      D8987F17 
 210      8728
ARM GAS  C:\Users\srich\AppData\Local\Temp\ccBSQmLz.s 			page 16


 211 003a 3E504445 		.ascii	">PDEP\201QQ^\362\024\024\024\001\361\305K\305'\032\004"
 211      50815151 
 211      5EF21414 
 211      1401F1C5 
 211      4BC5271A 
 212 004f 06318222 		.ascii	"\0061\202\"\212\006\243\250a\366t\367\334;w\306\301"
 212      8A06A3A8 
 212      61F674F7 
 212      DC3B77C6 
 212      C1
 213 0060 6C6D6DED 		.ascii	"lmm\355\255:w\356\271\375\365w\316\351s\272o\367`\231"
 213      AD3A77EE 
 213      B9FDF577 
 213      CEE973BA 
 213      6FF76099 
 214 0074 4C968264 		.ascii	"L\226\202d2\033\\\347\246\310d\367\261L&\207w\2412\307"
 214      321B5CE7 
 214      A6C864F7 
 214      B14C2687 
 214      77A132C7 
 215 0088 A5003904 		.ascii	"\245\0009\004R\006R\001r\030\244\032\344\204\354\365"
 215      52065201 
 215      7218A41A 
 215      E484ECF5 
 216 0098 8BE0FCEC 		.ascii	"\213\340\374\354\375}A\324 \247A\372@\246\202\324\200"
 216      FD7D41D4 
 216      20A741FA 
 216      40A682D4 
 216      80
 217 00a9 0C81F482 		.ascii	"\014\201\364\202\264\201,\003y\010\362\010\3448\310"
 217      B4812C03 
 217      7908F208 
 217      E438C8
 218 00b8 080807D2 		.ascii	"\010\010\007\322\015rSb\373)\310\013\273M\301\017\327"
 218      0D725362 
 218      FB29C80B 
 218      BB4DC10F 
 218      D7
 219 00c9 8BF8E563 		.ascii	"\213\370\345c\267=\325\305>\261a\003\371\033\304\272"
 219      B73DD5C5 
 219      3EB16103 
 219      F91BC4BA 
 220 00d9 1CC403E4 		.ascii	"\034\304\003\344\357 \205v\337\340Q\026\0027O;\317?"
 220      EF208576 
 220      DFE05116 
 220      02374F3B 
 220      CF3F
 221 00eb E0391C44 		.ascii	"\3409\034D\213\230\375\010\370\325\241\327m\222qP\272"
 221      8B98FD08 
 221      F8D5A1D7 
 221      6D927150 
 221      BA
 222 00fc C4DB67B7 		.ascii	"\304\333g\2679\325\036\253`[\030\313jI<\002\257\326"
 222      39D51EAB 
 222      605B18CB 
 222      6A493C02 
 222      AFD6
ARM GAS  C:\Users\srich\AppData\Local\Temp\ccBSQmLz.s 			page 17


 223 010e 0DF7630E 		.ascii	"\015\367c\016\325\226\216\236\367\036\344\220\257*\200"
 223      D5968E9E 
 223      F71EE490 
 223      AF2A80
 224 011d A8C7D29B 		.ascii	"\250\307\322\2333\025\240\252Ur\242\036\177y\373\252"
 224      3315A0AA 
 224      5572A21E 
 224      7F79FBAA 
 225 012d FCDD1D3C 		.ascii	"\374\335\035<\\if\376-9\012\235\202\362\221?*@\376\020"
 225      5C6966FE 
 225      2D390A9D 
 225      82F2913F 
 225      2A40FE10 
 226 0141 51217A17 		.ascii	"Q!z\027\356_\312\031Sey\362-%\346\020y\336\237\331w"
 226      EE5FCA19 
 226      536579F2 
 226      2D25E610 
 226      79DE9FD9 
 227 0156 55F55111 		.ascii	"U\365Q\021tK\341\033\255\330a\356\300\276\362\355( "
 227      744BE11B 
 227      ADD861EE 
 227      C0BEF2ED 
 227      2820
 228 0168 876F2C1F 		.ascii	"\207o,\037i\033]\207\263\322,k\370q\233\015\361\034"
 228      691B5D87 
 228      B3D22C6B 
 228      F8719B0D 
 228      F11C
 229 017a 61434508 		.ascii	"aCE\010\243b\364\021\001\223g\332\013\035B\001\277\350"
 229      A362F411 
 229      019367DA 
 229      0B1D4201 
 229      BFE8
 230 018c 4A89932B 		.ascii	"J\211\223+\226\362\203\003^XK]9z\241\352)\261h\345G"
 230      96F28303 
 230      5E584B5D 
 230      397AA1EA 
 230      29B168E5 
 231 01a1 864FBD58 		.ascii	"\206O\275X\260\325\234\226\307[m\266_\323>\250Tb\260"
 231      B0D59C96 
 231      C75B6DB6 
 231      5FD33EA8 
 231      5462B0
 232 01b4 54305846 		.ascii	"T0XF\015\266\355\3128\303\341r\304\002\2723\334\243"
 232      0DB6EDCA 
 232      38C3E172 
 232      C402BA33 
 232      DCA3
 233 01c6 A62C96A1 		.ascii	"\246,\226\241\342\265\001\315|\243\315\366G\312P.a("
 233      E2B501CD 
 233      7CA3CDF6 
 233      47CA502E 
 233      6128
 234 01d8 17182A28 		.ascii	"\027\030*(C\376\320\261\"%>\315\030v\247\3466\373\000"
 234      43FED0B1 
 234      22253ECD 
 234      1876A7E6 
ARM GAS  C:\Users\srich\AppData\Local\Temp\ccBSQmLz.s 			page 18


 234      36FB00
 235 01eb 83C51E39 		.ascii	"\203\305\0369o\217\234\243,\225\022\226J\201\3450eI"
 235      6F8F9CA3 
 235      2C951296 
 235      4A81E530 
 235      6549
 236 01fd 19EABAAF 		.ascii	"\031\352\272\257\302\235\214\305ZV\270\303\223\262X"
 236      C29D8CC5 
 236      5A56B8C3 
 236      93B258
 237 020c C62BF9F9 		.ascii	"\306+\371\371\311\374+\233\015S\206*\011C\225\300PM"
 237      C9FC2B9B 
 237      0D53862A 
 237      094395C0 
 237      504D
 238 021e 197666B4 		.ascii	"\031vf\264\355\361\304\375\224A~g\254\347\231'\362W"
 238      EDF1C4FD 
 238      94417E67 
 238      ACE79927 
 238      F257
 239 0230 06FA67F2 		.ascii	"\006\372g\362^\250\006)e\353x~\015?\262&\355\255U2\364"
 239      5EA80629 
 239      65EB787E 
 239      0D3FB226 
 239      EDAD5532 
 240 0245 913FFAC0 		.ascii	"\221?\372\300_\206jQ m\222\241\2430\304\307`\210\363"
 240      5F866A51 
 240      206D92A1 
 240      A330C4C7 
 240      6088F3
 241 0258 682EE793 		.ascii	"h.\347\223\267\350\010\0222J\256Lx\317\210\300\324\225"
 241      B7E80812 
 241      324AAE4C 
 241      78CF88C0 
 241      D495
 242 026a C6CD360F 		.ascii	"\306\3156\017i\226\010\336\221\246\343Ni\272X\2333\342"
 242      699608DE 
 242      91A6E34E 
 242      69BA589B 
 242      33E2
 243 027c 8DEFB1C8 		.ascii	"\215\357\261\310\362;\273\272\375X\2366\256/UgV\362"
 243      F23BBBBA 
 243      FD589E36 
 243      AE2F5567 
 243      56F2
 244 028e 4D343A84 		.ascii	"M4:\204H/T'\011\257N\010\357\004\015\257\241\376\371"
 244      482F5427 
 244      09AF4E08 
 244      EF040DAF 
 244      A1FEF9
 245 02a1 5915AE66 		.ascii	"Y\025\256f\225\267)\305\332\242\302\365LI:x|\223'T\363"
 245      95B729C5 
 245      DAA2C2F5 
 245      4C493A78 
 245      7C932754 
 246 02b6 5415B5D7 		.ascii	"T\025\265\327\273{,OIU\262\030\371\301+\256\371.\277"
 246      BB7B2C4F 
ARM GAS  C:\Users\srich\AppData\Local\Temp\ccBSQmLz.s 			page 19


 246      4955B218 
 246      F9C12BAE 
 246      F92EBF
 247 02c9 DF1705AA 		.ascii	"\337\027\005\252Hx#Y\305\267\227\230!\306SH\205\032"
 247      48782359 
 247      C5B79798 
 247      21C65348 
 247      851A
 248 02db 447BB437 		.ascii	"D{\2647\271R\3108AT\312f_\231\030\023j\202\241\232\252"
 248      B952C838 
 248      4154CA66 
 248      5F991813 
 248      6A82A19A 
 249 02f0 A258D408 		.ascii	"\242X\324\010/O\302K >\363\252>\331\003\251\002\335"
 249      2F4FC24B 
 249      203EF3AA 
 249      3ED903A9 
 249      02DD
 250 0302 773AE3A6 		.ascii	"w:\343\246\023ua05}\012\317\313\321ip\241\336\341\002"
 250      13756130 
 250      357D0ACF 
 250      CBD16970 
 250      A1DEE102 
 251 0316 78C47C20 		.ascii	"x\304| \015d2\264\027\226qt\326\362\234t\026\253\331"
 251      0D6432B4 
 251      17967174 
 251      D6F29C74 
 251      16ABD9
 252 0329 2CCEC879 		.ascii	",\316\310y\321\251\300\233\344t\020.?\251\345=q&U\270"
 252      D1A9C09B 
 252      E474102E 
 252      3FA9E53D 
 252      712655B8 
 253 033d D44BBDE3 		.ascii	"\324K\275\343r\024\250\246\306Z*\252|syH^\033R\243\026"
 253      7214A8A6 
 253      C65A2AAA 
 253      7C737948 
 253      5E1B52A3 
 254 0352 87B5656A 		.ascii	"\207\265ejfl\203\303w\351lC\255\340\3752\265\035\015"
 254      666C83C3 
 254      77E96C43 
 254      ADE0FD32 
 254      B51D0D
 255 0365 1672D3F3 		.ascii	"\026r\323\363J9|\203\231\033\251y\334\347\213\273\230"
 255      4A397C83 
 255      991BA979 
 255      DCE78BBB 
 255      98
 256 0376 D25379E9 		.ascii	"\322Sy\351\214\037\356aJ\336\216\214C\036\324I/\272"
 256      8C1FEE61 
 256      4ADE8E8C 
 256      431ED449 
 256      2FBA
 257 0388 5ED46775 		.ascii	"^\324guy\343>\326\366\363\3451\233\017\276\303\224\266"
 257      79E33ED6 
 257      F6F3E531 
 257      9B0FBEC3 
ARM GAS  C:\Users\srich\AppData\Local\Temp\ccBSQmLz.s 			page 20


 257      94B6
 258 039a DBCF7F54 		.ascii	"\333\317\177TS\340[D\355\332;\372\223/\036dm[\332\252"
 258      53E05B44 
 258      EDDA3BFA 
 258      932F1E64 
 258      6D5BDAAA 
 259 03ae 9BBCF023 		.ascii	"\233\274\360#\246d=k?\353G\201\357\0215\363A{*\306O"
 259      A6643D6B 
 259      3FEB4781 
 259      EF1135F3 
 259      417B2AC6 
 260 03c3 689B6A3C 		.ascii	"h\233j<{\377N/4\215]\201\223\247Y \230\221\341\376'"
 260      7BFF4E2F 
 260      348D5D81 
 260      93A75920 
 260      9891E1FE 
 261 03d8 21E9663E 		.ascii	"!\351f>\357=\032\362%\010\271\027Mv\004v\231\026\351"
 261      EF3D1AF2 
 261      2508B917 
 261      4D760476 
 261      9916E9
 262 03eb 87709311 		.ascii	"\207p\223\021\270\2459_\321<\233B\317\273B\247\023d"
 262      B8A5395F 
 262      D13C9B42 
 262      CFBB42A7 
 262      1364
 263 03fd 3E12A1E7 		.ascii	">\022\241\347E\350UW\3505\027\326v\021z\305\275\003"
 263      45E85557 
 263      E83517D6 
 263      76117AC5 
 263      BD03
 264 040f 12DA1611 		.ascii	"\022\332\026\021{\301\025{\321\205\266A\204\266\273"
 264      7BC1157B 
 264      D185B641 
 264      84B6BB
 265 041e 75D681BC 		.ascii	"u\326\201\274 \"\257\273\367\2259@j\304Z\277N\301#\202"
 265      2022AFBB 
 265      F7953940 
 265      6AC45ABF 
 265      4EC12382 
 266 0432 9109D38F 		.ascii	"\221\011\323\217][\351\024\347\371\371&\031:\013\275"
 266      5D5BE914 
 266      E7F9F926 
 266      193A0BBD 
 267 0442 CF91DECD 		.ascii	"\317\221\336\315v:@\242\036(\222[h\032\272\001\322\005"
 267      763A40A2 
 267      1E28925B 
 267      681ABA01 
 267      D205
 268 0454 6205E904 		.ascii	"b\005\351\004\371\036\344&H7\232F\211\210G\326\326\374"
 268      F91EE426 
 268      48379A46 
 268      898847D6 
 268      D6FC
 269 0466 56356FF7 		.ascii	"V5o\367\251\303}\240\314'\310\362\335\336\201\014\205"
 269      A9C37DA0 
 269      CC27C8F2 
ARM GAS  C:\Users\srich\AppData\Local\Temp\ccBSQmLz.s 			page 21


 269      DDDE810C 
 269      85
 270 0477 5A5A9B52 		.ascii	"ZZ\233R\264\014\365!Z\276\344\027\320\315\305\331_\341"
 270      B40CF521 
 270      5ABEE417 
 270      D0CDC5D9 
 270      5FE1
 271 0489 67B424E4 		.ascii	"g\264$\344\375{\312\217\370\241@\177\177\225\260\232"
 271      FD7BCA8F 
 271      F8A1407F 
 271      7F95B09A 
 272 0499 DD856976 		.ascii	"\335\205iv\373\265\325\354\371\037I\203\214\254\217"
 272      FBB5D5EC 
 272      F91F4983 
 272      8CAC8F
 273 04a8 E4974EE1 		.ascii	"\344\227N\341\221t\036\277'\256\217\375\020\034i\222"
 273      91741EBF 
 273      27AE8FFD 
 273      101C6992 
 274 04b8 A11FC0EE 		.ascii	"\241\037\300\356\035:\345\305j\364e\325\270\2714\357"
 274      1D3AE5C5 
 274      6AF465D5 
 274      B8B934EF 
 275 04c8 47569C98 		.ascii	"GV\234\230\250\273:\177\030\305T\2453\266\362z\227\237"
 275      A8BB3A7F 
 275      18C554A5 
 275      33B6F27A 
 275      979F
 276 04da 2AC5BE4E 		.ascii	"*\305\276N\222 \324*I\014\367)\367t\177t\217Q\027\265"
 276      9220D42A 
 276      490CF729 
 276      F7747F74 
 276      8F5117B5 
 277 04ee 6EEFF798 		.ascii	"n\357\367\230\224f\037\363\000D\035\037\000\370 \205"
 277      94661FF3 
 277      00441D1F 
 277      00F82085 
 278 04fe 0FA14942 		.ascii	"\017\241IB'\252H\346\220/\233C\0336V\330<'\2667,\330"
 278      27AA48E6 
 278      902F9B43 
 278      1B3656D8 
 278      3C27B637 
 279 0514 FB809ACB 		.ascii	"\373\200\232\313\031\314\330\245\264\233\263\010\346"
 279      19CCD8A5 
 279      B49BB308 
 279      E6
 280 0521 1E20E68E 		.ascii	"\036 \346\216\014=\244\346\206\231\271\207\324\\\323"
 280      0C3DA4E6 
 280      8699B987 
 280      D45CD3
 281 0530 B6EA226F 		.ascii	"\266\352\"o\247\244\220E\333a\340\221=)\217hRz2\033"
 281      A7A49045 
 281      DB61E091 
 281      3D298F68 
 281      527A321B 
 282 0544 37C89DD0 		.ascii	"7\310\235\320%N\350\021;z\204\242\307\206.\016\253\244"
 282      254EE811 
ARM GAS  C:\Users\srich\AppData\Local\Temp\ccBSQmLz.s 			page 22


 282      3B7A84A2 
 282      C7862E0E 
 282      ABA4
 283 0556 DF14B238 		.ascii	"\337\024\2628:\300\217\235\276)Y\233_\265{\342Wl}\330"
 283      3AC08F9D 
 283      BE29599B 
 283      5FB57BE2 
 283      576C7DD8 
 284 056a 7BEFE616 		.ascii	"{\357\346\026\025^\353A\225\341s\343\207=\344\234\014"
 284      155EEB41 
 284      95E173E3 
 284      873DE49C 
 284      0C
 285 057b FD48130E 		.ascii	"\375H\023\016oN\034\334\177\335\233mF\016U\017~\362"
 285      6F4E1CDC 
 285      7FDD9B6D 
 285      460E550F 
 285      7EF2
 286 058d 7325DFC8 		.ascii	"s%\337\310>9I\311S\011-z\"\254\211h\024\311eDe\213\360"
 286      3E3949C9 
 286      53092D7A 
 286      22AC8968 
 286      14C96544 
 287 05a4 53F6612E 		.ascii	"S\366a.)\257S\002!]\224\211\003d\255:<\376\320o\302"
 287      29AF5302 
 287      215D9489 
 287      0364AD3A 
 287      3CFED06F 
 288 05b9 5DCA33EA 		.ascii	"]\3123\352\352O\310\356\353\266#|\276\027\276<\221{"
 288      EA4FC8EE 
 288      EBB6237C 
 288      BE17BE3C 
 288      917B
 289 05cb CF5347FB 		.ascii	"\317SG\373\324\324=\353XI\017\314\017\262\351h\340\247"
 289      D4D43DEB 
 289      58490FCC 
 289      0FB2E968 
 289      E0A7
 290 05dd CA090F7A 		.ascii	"\312\011\017z.\3726F|{.\370\366\202\372\226\324Xr\305"
 290      2EFA3646 
 290      7C7B2EF8 
 290      F682FA96 
 290      D45872C5 
 291 05f1 93A6FF53 		.ascii	"\223\246\377SB\365l\277u\010\321\342\363$j\372w55\276"
 291      42F56CBF 
 291      7508D1E2 
 291      F3246AFA 
 291      773535BE 
 292 0605 5455D085 		.ascii	"TU\320\2059o$\303g\342\342\030\027\212\343gV\214\303"
 292      396F24C3 
 292      67E2E218 
 292      178AE367 
 292      568CC3
 293 0618 E6A11285 		.ascii	"\346\241\022\205k1\276\004\370+\012\267\321\352\030"
 293      6B31BE04 
 293      F82B0AB7 
 293      D1EA18
ARM GAS  C:\Users\srich\AppData\Local\Temp\ccBSQmLz.s 			page 23


 294 0627 67D561A3 		.ascii	"g\325a\243\325Q\327\263\376\276\222zc\245K\177\253m"
 294      D551D7B3 
 294      FEBE927A 
 294      63A54B7F 
 294      AB6D
 295 0639 5B12FB12 		.ascii	"[\022\373\022l\242\261W\016\244\256\365\303\267\330"
 295      6CA2B157 
 295      0EA4AEF5 
 295      C3B7D8
 296 0648 406C30B7 		.ascii	"@l0\267\024\251\2107f\360&\345\227\277\233$\221\027"
 296      14A98837 
 296      66F026E5 
 296      97BF9B24 
 296      9117
 297 065a 4B9BFCF0 		.ascii	"K\233\374\360\017\366\201l\312[-t\377\017>\273d\256"
 297      0FF6816C 
 297      CA5B2D74 
 297      FF0F3EBB 
 297      64AE
 298 066c 8C36962B 		.ascii	"\2146\226+\361\020\353\376\364QS\267\027\036aJU\273"
 298      F110EBFE 
 298      F45153B7 
 298      171E614A 
 298      55BB
 299 067e B95E819F 		.ascii	"\271^\201\237\332\225\365\325\347\025\370\245\335\313"
 299      DA95F5D5 
 299      E715F8A5 
 299      DDCB
 300 068c 8CED6711 		.ascii	"\214\355g\021\266y8\3553\246\260}\306\346\266]'1Um\264"
 300      B67938ED 
 300      33A6B07D 
 300      C6E6B65D 
 300      2731556D 
 301 06a1 79E7A51B 		.ascii	"y\347\245\033G\345\330\254`\035\273\012\241@7R\205K"
 301      47E5D8AC 
 301      601DBB0A 
 301      A1403752 
 301      854B
 302 06b3 EF1F3D80 		.ascii	"\357\037=\200\204]\202\363\022\223\306\005\002\001\363"
 302      845D82F3 
 302      1293C605 
 302      0201F3
 303 06c2 7523E78F 		.ascii	"u#\347\2176q\366-BV\361\226_\221-\302\026N\2056s\342"
 303      3671F62D 
 303      4256F196 
 303      5F912DC2 
 303      164E8536 
 304 06d8 477B8A4A 		.ascii	"G{\212J\330ds\326\316\003\177uO\232>\021\351`j\333;"
 304      D86473D6 
 304      CE037F75 
 304      4F9A3E11 
 304      E9606ADB 
 305 06ed 84742B90 		.ascii	"\204t+\220\246:H\301\206\270u\277\276)i'f\003\373\313"
 305      A63A48C1 
 305      86B875BF 
 305      BE296927 
 305      6603FBCB 
ARM GAS  C:\Users\srich\AppData\Local\Temp\ccBSQmLz.s 			page 24


 306 0701 A4802F6F 		.ascii	"\244\200/o(^\317\222\376\025-\301\357F\326\253h\316"
 306      285ECF92 
 306      FE152DC1 
 306      EF46D6AB 
 306      68CE
 307 0713 D5441D48 		.ascii	"\325D\035H+(c\337xoz\356x\234\363\246\022\334\311\331"
 307      2B2863DF 
 307      786F7AEE 
 307      789CF3A6 
 307      12DCC9D9 
 308 0727 4B308371 		.ascii	"K0\203qgwt\356\366\221\226 \361{;\330\336\301\021x&"
 308      677774EE 
 308      F6919620 
 308      F17B3BD8 
 308      DEC11178 
 309 073c 3749E844 		.ascii	"7I\350D\320\365/{.{K\321\333\336\204n\030}b\363\306"
 309      D0F52F7B 
 309      2E7B4BD1 
 309      DBDE846E 
 309      187D62F3 
 310 0751 3B58B63A 		.ascii	";X\266:\316\236\202MJ\026SRxs\211\012\3472\245\340\366"
 310      CE9E824D 
 310      4A165352 
 310      7873890A 
 310      E732A5E0 
 311 0766 85741F1A 		.ascii	"\205t\037\032\300t\272\355\2713\264\333\007\347\261"
 311      C074BAED 
 311      B933B4DB 
 311      07E7B1
 312 0775 B6FBFB0A 		.ascii	"\266\373\373\012n\250q!Sz\237\3656yR\340l\242\236\\"
 312      6EA87121 
 312      537A9FF5 
 312      367952E0 
 312      6CA29E5C 
 313 0789 937DC41B 		.ascii	"\223}\304\033\227\262\266\201\007\351\217\344\270\212"
 313      97B2B681 
 313      07E98FE4 
 313      B88A
 314 0797 29C29C55 		.ascii	")\302\234U\2639\233\373d\337Z/\\\313\332*\367\0378\302"
 314      B3399BFB 
 314      64DF5A2F 
 314      5CCBDA2A 
 314      F71F38C2 
 315 07ab 06733E85 		.ascii	"\006s>\205f\037\260b\307\002m\242+\320\001\210\210}"
 315      661FB062 
 315      C7026DA2 
 315      2BD00188 
 315      887D
 316 07bd 2B0F728E 		.ascii	"+\017r\216\005\032\320-\333\262\007\024R\264\231{\003"
 316      051AD02D 
 316      DBB20714 
 316      52B4997B 
 316      03
 317 07ce BAB6     		.ascii	"\272\266"
 318 07d0 A973DC1B 		.ascii	"\251s\334\033\327;\333U3\273\257\314\374a%nbm\265\025"
 318      D73BDB55 
 318      33BBAFCC 
ARM GAS  C:\Users\srich\AppData\Local\Temp\ccBSQmLz.s 			page 25


 318      FC61256E 
 318      626DB515 
 319 07e4 69636C15 		.ascii	"icl\025YB\324\246\024~\257\032\237em;\352\366\2443\177"
 319      5942D4A6 
 319      147EAF1A 
 319      9F656D3B 
 319      EAF6A433 
 320 07f9 79365A7B 		.ascii	"y6Z{o\265\343\211\363[*\344w\220\315\310\354\241\216"
 320      6FB5E389 
 320      F35B2AE4 
 320      7790CDC8 
 320      ECA18E
 321 080c 223F47C6 		.ascii	"\"?G\306X|%\3401\333 \225Q\217K\205\214m\030\253h\300"
 321      587C25E0 
 321      31DB2095 
 321      518F4B85 
 321      8C6D18AB 
 322 0822 5234896F 		.ascii	"R4\211oB\364\243\312\202\335j\334jO@\375\003\236\243"
 322      42F4A3CA 
 322      82DD6ADC 
 322      6A4F40FD 
 322      039EA3
 323 0835 318412F5 		.ascii	"1\204\022\365\364\245\256b\005u\333\302\302h\253\351"
 323      F4A5AE62 
 323      0575DBC2 
 323      C268ABE9 
 324 0845 6645FB36 		.ascii	"fE\3736\375\014\337\251\030\364\2328\212j!\212\002\026"
 324      FD0CDFA9 
 324      18F49A38 
 324      8A6A218A 
 324      0216
 325 0857 C5B17D55 		.ascii	"\305\261}U\221\256A\034\006\267\252h\331\035\241nU\013"
 325      91AE411C 
 325      06B7AA68 
 325      D91DA16E 
 325      550B
 326 0869 6EFDF4B2 		.ascii	"n\375\364\262x\340\265 &D?\270~j\243\032_dA\0103M\315"
 326      78E0B520 
 326      26443FB8 
 326      7E6AA31A 
 326      5F644108 
 327 0880 665ADE8D 		.ascii	"fZ\336\215-{0\276\312\332r7W\216\261\003}\002Q\327\356"
 327      2D7B30BE 
 327      CADA7237 
 327      578EB103 
 327      7D0251D7 
 328 0895 4C3E2FC7 		.ascii	"L>/\307=\254\255\252\341\360\0236\007S\210\376ni\357"
 328      3DACADAA 
 328      E1F01336 
 328      075388FE 
 328      6E69EF
 329 08a8 DD2A71CB 		.ascii	"\335*q\313,\275&\303\016\332\302'\233G\332\217\017~"
 329      2CBD26C3 
 329      0EDAC227 
 329      9B47DA8F 
 329      0F7E
 330 08ba 5C483E93 		.ascii	"\\H>\223\030}\007\356m\200\225\342\0227\341\3765\331"
ARM GAS  C:\Users\srich\AppData\Local\Temp\ccBSQmLz.s 			page 26


 330      187D07EE 
 330      6D8095E2 
 330      1237E1FE 
 330      35D9
 331 08cc 6CC92A21 		.ascii	"l\311*![M\202]\357\036\373\241\010\255\025\241u\256"
 331      5B4D825D 
 331      EF1EFBA1 
 331      08AD15A1 
 331      75AE
 332 08de D0139C33 		.ascii	"\320\023\2343t\213\010]\347\012u\332\025oO\262\024\317"
 332      748B085D 
 332      E70A75DA 
 332      156F4FB2 
 332      14CF
 333 08f0 00643E37 		.ascii	"\000d>7\011\025\330\221B\335\243B\027\322\"\2214\317"
 333      0915D891 
 333      42DDA342 
 333      17D22291 
 333      34CF
 334 0902 95743F27 		.ascii	"\225t?'\015k\273\331RB\261$C\207\\\261\305N\330\344"
 334      0D6BBBD9 
 334      5242B124 
 334      43875CB1 
 334      C54ED8E4 
 335 0916 24CBEE19 		.ascii	"$\313\356\031\231\263Q\026x\260\313\016\025V\036\347"
 335      99B35116 
 335      78B0CB0E 
 335      15561EE7 
 336 0926 8301B0A6 		.ascii	"\203\001\260\246\212\254\311\256\254\323\235\221\207"
 336      8AACC9AE 
 336      ACD39D91 
 336      87
 337 0933 4464917B 		.ascii	"Dd\221{\373\216\260\012\305\260\366\271\017\313\001"
 337      FB8EB00A 
 337      C5B0F6B9 
 337      0FCB01
 338 0942 DD2C42D7 		.ascii	"\335,B\327\272\265/\311k\266\010\335\343\012\315\226"
 338      BAB52FC9 
 338      6BB608DD 
 338      E30ACD96 
 339 0952 B2F2BCA5 		.ascii	"\262\362\274\245\206d\000\312\027\035\263#\205\242F"
 339      866400CA 
 339      171DB323 
 339      85A246
 340 0961 C79D8735 		.ascii	"\307\235\2075\311RF\240G\001Z\343\012\255uq5S\264\237"
 340      C95246A0 
 340      47015AE3 
 340      0AAD7571 
 340      3553B49F 
 341 0975 E2BE0224 		.ascii	"\342\276\002$\276\346\210\330\034\367\276J\260\005\""
 341      BEE688D8 
 341      1CF7BE4A 
 341      B00522
 342 0984 76AF2BD6 		.ascii	"v\257+\326\342\212\315\025\261\271\356\261\324]\351"
 342      E28ACD15 
 342      B1B9EEB1 
 342      D45DE9
ARM GAS  C:\Users\srich\AppData\Local\Temp\ccBSQmLz.s 			page 27


 343 0993 41898770 		.ascii	"A\211\207p\222h\023A\223S\322U\370v\236\345\246\241"
 343      92681341 
 343      9353D255 
 343      F8769EE5 
 343      A6A1
 344 09a5 16909320 		.ascii	"\026\220\223 \347A\032@\352A\316\200\\\001i\005\271"
 344      E7411A40 
 344      EA41CE80 
 344      5C016905 
 344      B9
 345 09b6 00D20172 		.ascii	"\000\322\001r\021\244\031\344\024H\023\3109\220\323"
 345      11A419E4 
 345      144813C8 
 345      3990D3
 346 09c5 209741DA 		.ascii	" \227A\332A\332@\0329\341d\005CZJ\206\264\034\206\264"
 346      41DA401A 
 346      39E16405 
 346      435A4A86 
 346      B41C86B4 
 347 09d9 C2EEA3B0 		.ascii	"\302\356\243\260.\242J\227!\335#\206\263\3335\234s\256"
 347      2EA24A97 
 347      21DD2386 
 347      B3DB359C 
 347      73AE
 348 09eb A7C28D25 		.ascii	"\247\302\215%\344T\010\030\227S!l>\222of[\024(p2\305"
 348      E4540818 
 348      9753216C 
 348      3E926F66 
 348      5B142870 
 349 0a01 1D8BF542 		.ascii	"\035\213\365B\327\201i\215cKA:\275v\202\024\006\006"
 349      D781698D 
 349      634B413A 
 349      BD768214 
 349      0606
 350 0a13 5D83F1F8 		.ascii	"]\203\361\370\177\214\015\254~\353\267_\253r>\262\\"
 350      7F8C0DAC 
 350      7EEBB75F 
 350      AB723EB2 
 350      5C
 351 0a24 E7A4E7C8 		.ascii	"\347\244\347\310N\216\035B\340\327\355\221\245\320\351"
 351      4E8E1D42 
 351      E0D7ED91 
 351      A5D0E9
 352 0a33 C872C38E 		.ascii	"\310r\303\216\276A\321}W\257u\300N\301\223\375\357Q"
 352      BE41D17D 
 352      57AF75C0 
 352      4EC193FD 
 352      EF51
 353 0a45 54D4AD62 		.ascii	"T\324\255b\307\214\341\376g:\362\377\003\375\007\322"
 353      C78CE1FE 
 353      673AF2FF 
 353      03FD07D2 
 354 0a55 E2458F3D 		.ascii	"\342E\217=79\307?[\360\314v\361\337sd\027\177\347\352"
 354      3739C73F 
 354      5BF0CC76 
 354      F1DF7364 
 354      177FE7EA 
ARM GAS  C:\Users\srich\AppData\Local\Temp\ccBSQmLz.s 			page 28


 355 0a69 635E852B 		.ascii	"c^\205+\031\315\301\341\272A%\245\261d\226)\204\303"
 355      19CDC1E1 
 355      BA4125A5 
 355      B1649629 
 355      84C3
 356 0a7b 00A5E892 		.ascii	"\000\245\350\222Pt\011\024\267(\305\270u\013\257\304"
 356      50740914 
 356      B728C5B8 
 356      750BAFC4 
 357 0a8b 759E139C 		.ascii	"u\236\023\2341\314\333\032G\221p\004*X\274\265l-;f\240"
 357      31CCDB1A 
 357      47917004 
 357      2A58BCB5 
 357      6C2D3B66 
 358 0aa0 DCC63476 		.ascii	"\334\3064v\316\350\026\270Q\017\007\347\214n\201\276"
 358      CEE816B8 
 358      510F07E7 
 358      8C6E81BE 
 359 0ab0 97D2EFBC 		.ascii	"\227\322\357\274\3302\011\2672v\313\255\313\177\266"
 359      D83209B7 
 359      3276CBAD 
 359      CB7FB6
 360 0abf 87796AFC 		.ascii	"\207yj\374\2650\255\022\037\255\002I\037%\311\351\350"
 360      B530AD12 
 360      1FAD0249 
 360      1F25C9E9 
 360      E8
 361 0ad0 BE27C7BD 		.ascii	"\276'\307\275\214e\334\334\321\353\301\302lv\011\363"
 361      8C65DCDC 
 361      D1EBC1C2 
 361      6C7609F3 
 362 0ae0 B684E2B6 		.ascii	"\266\204\342\266@\321\317\005\310\336\327&\304\033L"
 362      40D1CF05 
 362      C8DED726 
 362      C41B4C
 363 0aef DA68C32A 		.ascii	"\332h\303*\255>!:&~e\242~fB\204\3014s\266\342O\177\371"
 363      AD3E213A 
 363      267E65A2 
 363      7E664284 
 363      C13473B6 
 364 0b07 222058F6 		.ascii	"\" X\366{\335g\263\202\243\242\277\216\0163%FF\307\317"
 364      7BDD67B3 
 364      82A3A2BF 
 364      8E0E3325 
 364      4646C7CF 
 365 0b1b D291E778 		.ascii	"\322\221\347x\343\234O\346\314\232\025o\234e0\315\""
 365      E39C4FE6 
 365      CC9A156F 
 365      9C6530CD 
 365      22
 366 0b2c 04C65941 		.ascii	"\004\306YA\232\245\301KWC\263.\336\240\327\376\353\267"
 366      9AA5C14B 
 366      5743B32E 
 366      DEA0D7FE 
 366      EBB7
 367 0b3e B13375B2 		.ascii	"\2613u\262w\030\271\361\233h\223.J\273\302\020\037\253"
 367      7718B9F1 
ARM GAS  C:\Users\srich\AppData\Local\Temp\ccBSQmLz.s 			page 29


 367      9B68932E 
 367      4ABBC210 
 367      1FAB
 368 0b50 8D361A3E 		.ascii	"\2156\032>\323}\026NY\214\2241\334\301\030\036o\014"
 368      D37D164E 
 368      598C9431 
 368      DCC1181E 
 368      6F0C
 369 0b62 3798C229 		.ascii	"7\230\302)ax\204!V\027\273:\\B\030%\233\314\010\365"
 369      61788421 
 369      5617BB3A 
 369      5C421825 
 369      9BCC08F5 
 370 0b76 ABA34D22 		.ascii	"\253\243M\"\335\244\327#\360\016[\036\254]\022\021\027"
 370      DDA4D723 
 370      F00E5B1E 
 370      AC5D1211 
 370      17
 371 0b87 19A33778 		.ascii	"\031\2437xh\027\304\307\307\274\257\213\012\323E\205"
 371      6817C4C7 
 371      C7BCAF8B 
 371      0AD34585 
 372 0b97 18430D7A 		.ascii	"\030C\015z}l\202):>N\243_\225\030m\320G\316\371%o\242"
 372      7D6C8229 
 372      3A3E4EA3 
 372      5F95186D 
 372      D047CEF9 
 373 0bae E3743189 		.ascii	"\343t1\211\221zh0\352\242\"\301\011\257\304\3508\323"
 373      917A6830 
 373      EAA222C1 
 373      09AFC4E8 
 373      38D3
 374 0bc0 BCB95A93 		.ascii	"\274\271Z\223J\253\025\036W\270\260\230\300\2461|e\\"
 374      4AAB151E 
 374      57B8B098 
 374      C0A6317C 
 374      655C
 375 0bd2 62007D0A 		.ascii	"b\000}\012\200`\002\364\261_\353##\365\221\341\037\317"
 375      806002F4 
 375      B15FEB23 
 375      23F591E1 
 375      1FCF
 376 0be4 FC5DC0DC 		.ascii	"\374]\300\334\331s~\263j\036\011rF\\|\234~\206>\342"
 376      D9737EB3 
 376      6A1E0972 
 376      465C7C9C 
 376      7E863EE2 
 377 0bf8 EB68D154 		.ascii	"\353h\321Tl\004p\305\351\303\265\221\372\025\021\211"
 377      6C0470C5 
 377      E9C3B591 
 377      FA151189 
 378 0c08 3126ADE9 		.ascii	"1&\255\351\333\004\275\021L\177\371?5c\374\326\030\256"
 378      DB04BD11 
 378      4C7FF93F 
 378      3563FCD6 
 378      18AE
 379 0c1a 359A2221 		.ascii	"5\232\"!\006\340\366\266\017\255IgZ\355e\320\257\204"
ARM GAS  C:\Users\srich\AppData\Local\Temp\ccBSQmLz.s 			page 30


 379      06E0F6B6 
 379      0FAD4967 
 379      5AED65D0 
 379      AF84
 380 0c2c 3E5AD327 		.ascii	">Z\323'\377E\256\200\2133\314\346\014s8\303\\\3160\017"
 380      FF45AE80 
 380      8B33CCE6 
 380      0C7338C3 
 380      5CCE300F 
 381 0c40 1BE6CC55 		.ascii	"\033\346\314U\304\030\264\246\250H.A'_\235`4\310uQ\021"
 381      C418B4A6 
 381      A8482E41 
 381      275F9D60 
 381      34C87551 
 382 0c55 06A556BB 		.ascii	"\006\245V\273Ro\322\206\206\205\372D\304|\023\361\255"
 382      526FD286 
 382      8685FA44 
 382      C47C13F1 
 382      AD
 383 0c66 511B1D17 		.ascii	"Q\033\035\027\003Q\377\341\215&\301\277p]\2541\332\350"
 383      0351FFE1 
 383      8D26C1BF 
 383      705DAC31 
 383      DAE8
 384 0c78 C80B290F 		.ascii	"\310\013)\017]\354\212\3048\035X\006V#c\365\012\013"
 384      5DEC8AC4 
 384      381D5806 
 384      562363F5 
 384      0A0B
 385 0c8a 5EA0FD1C 		.ascii	"^\240\375\034\006\316#8\364\213\220\205\362\220\340"
 385      06CE2338 
 385      F48B9085 
 385      F290E0
 386 0c99 308D7CF9 		.ascii	"0\215|\371\347\3134\036A!\232`\015\016\003\011\016\326"
 386      E7CB341E 
 386      41219A60 
 386      0D0E0309 
 386      0ED6
 387 0cab 7892147E 		.ascii	"x\222\024~\2525)Y2\341\011\207-\011\365\010[B\340\301"
 387      AA352959 
 387      32E10987 
 387      2D09F508 
 387      5B42E0C1 
 388 0cbf 8BE1B684 		.ascii	"\213\341\266\204\334\026\302\315c\351\322\305A\032\371"
 388      DC16C2CD 
 388      63E9D2C5 
 388      411AF9
 389 0cce 02720B02 		.ascii	"\002r\013\002\035\207.\326\340\205 A\0135rh\323\310"
 389      1D872ED6 
 389      E0852041 
 389      0B357268 
 389      D3C8
 390 0ce0 43C28234 		.ascii	"C\302\2024J\315\242\260E\232\345\213\026\316\006\303"
 390      4ACDA2B0 
 390      459AE58B 
 390      16CE06C3 
 391 0cf0 41C19A37 		.ascii	"A\301\2327\227\373\204\361\314\203`&\321\224\304\304"
ARM GAS  C:\Users\srich\AppData\Local\Temp\ccBSQmLz.s 			page 31


 391      97FB84F1 
 391      CC836026 
 391      D194C4C4 
 392 0d00 EBFE2956 		.ascii	"\353\376)V\273R|\345\303\"]\020\024\266(T\023\3626}"
 392      BB527CE5 
 392      C3225D10 
 392      14B62854 
 392      13F2367D 
 393 0d14 9F18E704 		.ascii	"\237\030\347\004\366\226\274\3747K\323(\347"
 393      F696BCFC 
 393      374BD328 
 393      E7
 394              		.text
 395              		.section	.gnu.lto_.symtab.b66e241b,"",%progbits
 396 0000 5F706F72 		.ascii	"_port_irq_epilogue\000\000\000\000\000\000\000\000\000"
 396      745F6972 
 396      715F6570 
 396      696C6F67 
 396      75650000 
 397 001b 000000B3 		.ascii	"\000\000\000\263\000\000\000SVC_Handler\000\000\000"
 397      00000053 
 397      56435F48 
 397      616E646C 
 397      65720000 
 398 0030 00000000 		.ascii	"\000\000\000\000\000\000\000\000\000\265\000\000\000"
 398      00000000 
 398      00B50000 
 398      00
 399 003d 5F706F72 		.ascii	"_port_switch_from_isr\000\000\002\000\000\000\000\000"
 399      745F7377 
 399      69746368 
 399      5F66726F 
 399      6D5F6973 
 400 005a 00000000 		.ascii	"\000\000\000\000\257\000\000\000_port_exit_from_isr"
 400      AF000000 
 400      5F706F72 
 400      745F6578 
 400      69745F66 
 401 0075 00000200 		.ascii	"\000\000\002\000\000\000\000\000\000\000\000\000\261"
 401      00000000 
 401      00000000 
 401      B1
 402 0082 00000063 		.ascii	"\000\000\000chSchIsPreemptionRequired\000\000\002\000"
 402      68536368 
 402      49735072 
 402      65656D70 
 402      74696F6E 
 403 00a2 00000000 		.ascii	"\000\000\000\000\000\000\000\000\275\000\000\000"
 403      00000000 
 403      BD000000 
 404              		.text
 405              		.section	.gnu.lto_.opts,"",%progbits
 406 0000 272D666E 		.ascii	"'-fno-trapv' '-mcpu=cortex-m3' '-mno-thumb-interwor"
 406      6F2D7472 
 406      61707627 
 406      20272D6D 
 406      6370753D 
ARM GAS  C:\Users\srich\AppData\Local\Temp\ccBSQmLz.s 			page 32


 407 0033 6B272027 		.ascii	"k' '-mthumb' '-ggdb' '-O2' '-fomit-frame-pointer' '"
 407      2D6D7468 
 407      756D6227 
 407      20272D67 
 407      67646227 
 408 0066 2D66616C 		.ascii	"-falign-functions=16' '-ffunction-sections' '-fdata"
 408      69676E2D 
 408      66756E63 
 408      74696F6E 
 408      733D3136 
 409 0099 2D736563 		.ascii	"-sections' '-fno-common' '-flto'\000"
 409      74696F6E 
 409      73272027 
 409      2D666E6F 
 409      2D636F6D 
 410              		.text
 411              		.comm	__gnu_lto_v1,1,1
 412              		.comm	__gnu_lto_slim,1,1
 413              		.ident	"GCC: (GNU Tools for ARM Embedded Processors) 4.9.3 20150529 (release) [ARM/embedded-4_9-br
ARM GAS  C:\Users\srich\AppData\Local\Temp\ccBSQmLz.s 			page 33


DEFINED SYMBOLS
                            *ABS*:00000000 chcore_v7m.c
                            *COM*:00000001 __gnu_lto_v1
                            *COM*:00000001 __gnu_lto_slim

NO UNDEFINED SYMBOLS
