ARM GAS  C:\Users\srich\AppData\Local\Temp\ccnzYVAs.s 			page 1


   1              		.syntax unified
   2              		.cpu cortex-m3
   3              		.fpu softvfp
   4              		.eabi_attribute 20, 1
   5              		.eabi_attribute 21, 1
   6              		.eabi_attribute 23, 3
   7              		.eabi_attribute 24, 1
   8              		.eabi_attribute 25, 1
   9              		.eabi_attribute 26, 1
  10              		.eabi_attribute 30, 2
  11              		.eabi_attribute 34, 1
  12              		.eabi_attribute 18, 4
  13              		.thumb
  14              		.file	"chmempools.c"
  15              		.text
  16              	.Ltext0:
  17              		.section	.gnu.lto_.profile.b66e1292,"",%progbits
  18 0000 789C6366 		.ascii	"x\234cf```a\200\000F\206pK\000\001[\000\231"
  18      60606061 
  18      80004686 
  18      704B0001 
  18      5B0099
  19              		.text
  20              		.section	.gnu.lto_.jmpfuncs.b66e1292,"",%progbits
  21 0000 789C6366 		.ascii	"x\234cf\300\016,\2414\033\0033###{}}=#\214\301\004\244"
  21      C00E2CA1 
  21      341B0333 
  21      2323237B 
  21      7D7D3D23 
  22 0018 EB198172 		.ascii	"\353\031\201r\007\030\270\230\241\354z\006\006\026\240"
  22      0718B898 
  22      A1EC7A06 
  22      0616A0
  23 0027 38737D3D 		.ascii	"8s}=+\204b\000\000\344\203\007\277"
  23      2B846200 
  23      00E48307 
  23      BF
  24              		.text
  25              		.section	.gnu.lto_.inline.b66e1292,"",%progbits
  26 0000 789C6D4F 		.ascii	"x\234mO\241n\002A\020}ov\217].\\\332\273\012\2223\255"
  26      A16E0241 
  26      107D6F76 
  26      8F5D2E5C 
  26      DABB0A92 
  27 0016 C33528F4 		.ascii	"\3035(\364}A?\242\252\374\005\022Ar\2255Mp\004\201%"
  27      7D413FA2 
  27      AAFC0512 
  27      41729535 
  27      4D700481 
  28 002b FC458B3B 		.ascii	"\374E\213;E\015\342p \353:{\333V\261\331\354\233yov"
  28      450DE270 
  28      20EB3A7B 
  28      DB56B1D9 
  28      EC9B796F 
  29 0040 DE8CC1F5 		.ascii	"\336\214\301\365\2231bOoB\210\331\015\321o&\0228\";"
  29      9331624F 
  29      6F4288D9 
ARM GAS  C:\Users\srich\AppData\Local\Temp\ccnzYVAs.s 			page 2


  29      0DD16F26 
  29      1238223B 
  30 0054 81142D91 		.ascii	"\201\024-\221\274>\244\350\277/D`U\022\344)\035\246"
  30      BC3EA4E8 
  30      BF2F4460 
  30      5512E429 
  30      1DA6
  31 0066 1C950678 		.ascii	"\034\225\006x\2110\275\010\277\216\037{\337\312wh\300"
  31      8930BD08 
  31      BF8E1F7B 
  31      DFCA7768 
  31      C0
  32 0077 154B53A9 		.ascii	"\025KS\251\032\2210\241g\214\036\322`\272\274\027\260"
  32      1A9130A1 
  32      678C1ED2 
  32      60BABC17 
  32      B0
  33 0088 75952099 		.ascii	"u\225 \231\217\224o8\243\327d\347\025\3015gr\253\371"
  33      8F946F38 
  33      A3D764E7 
  33      15C13567 
  33      72ABF9
  34 009b 6F00B329 		.ascii	"o\000\263),X\367l7^\222C9\276>\031\334\015t\364b\373"
  34      2C58F76C 
  34      375E9243 
  34      39BE3E19 
  34      DC0D74F4 
  35 00b1 8CF46DFC 		.ascii	"\214\364m\374\247\005\305\206\245\3309[\371\274\201"
  35      A705C586 
  35      A5D8395B 
  35      F9BC81
  36 00c0 3F3F7686 		.ascii	"??v\2066\276]%\274\323\317\256\231\374\357\215\037f"
  36      36BE5D25 
  36      BCD3CFAE 
  36      99FCEF8D 
  36      1F66
  37 00d2 C624EC   		.ascii	"\306$\354"
  38              		.text
  39              		.section	.gnu.lto_.pureconst.b66e1292,"",%progbits
  40 0000 789C6366 		.ascii	"x\234cf``\340e\200\0006\006)F+&)f+\026)V+\000\007\221"
  40      6060E065 
  40      80003606 
  40      29462B26 
  40      29662B16 
  41 001a 0122     		.ascii	"\001\""
  42              		.text
  43              		.section	.gnu.lto_chPoolObjectInit.b66e1292,"",%progbits
  44 0000 789C9590 		.ascii	"x\234\225\220\317k\023Q\020\307\337w\336f\033HK\305"
  44      CF6B1351 
  44      10C7DF77 
  44      DE661B48 
  44      4BC5
  45 0012 53C9C94B 		.ascii	"S\311\311K\350A\342RA\021A\020D\361\346\301\377\300"
  45      E841E252 
  45      41114110 
  45      44F1E6C1 
  45      FFC0
ARM GAS  C:\Users\srich\AppData\Local\Temp\ccnzYVAs.s 			page 3


  46 0024 34E08261 		.ascii	"4\340\202aC\266z\360\322\267\265\036\004\017UQ\012Z"
  46      43B67AF0 
  46      D2B7B51E 
  46      040F5551 
  46      0A5A
  47 0036 2CC4E28F 		.ascii	",\304\342\217jkR\353\257\323\252\027=\330Xh\361\027"
  47      6A6B52EB 
  47      AFD3AA17 
  47      3DD85868 
  47      F117
  48 0048 A88508F6 		.ascii	"\250\205\010\366PL4P\367P\352\314FA\352E\027\036\363"
  48      504C3450 
  48      F750EACC 
  48      4641EA45 
  48      171EF3
  49 005b DEEC7C3F 		.ascii	"\336\354|?3\363\325\352\357/\315\347\020)\265\237#\264"
  49      33F3D5EA 
  49      EF2FCDE7 
  49      1029B59F 
  49      23B4
  50 006d 028DCC29 		.ascii	"\002\215\314)\025$\011\220\213\202\032$\014b\231\232"
  50      15240990 
  50      8B821A24 
  50      0C62999A 
  51 007d 84917072 		.ascii	"\204\221pr4\325;a\214iTgzN\367D,\373Nm\014\256\243\227"
  51      34D53B61 
  51      8C695467 
  51      7A4EF744 
  51      2CFB4E6D 
  52 0095 4B82F933 		.ascii	"K\202\3713\247:\365\016(\276?\232j\275L}\241\210\260"
  52      A73AF50E 
  52      28BE3F9A 
  52      6ABD4C7D 
  52      A188B0
  53 00a8 459E8FCF 		.ascii	"E\236\217\317?\037\265\345I\226<\227\256=\035G\246l"
  53      3F1FB5E5 
  53      49963C97 
  53      AE3D1D47 
  53      A66C
  54 00ba CC503857 		.ascii	"\314P8W5{\255\2104n@3\0177\221\306-\244\025\247\024"
  54      357BAD88 
  54      346E4033 
  54      0F3791C6 
  54      2DA415A7 
  55 00cf 2691E1EA 		.ascii	"&\221\341\352W/\202\367\335zW\314m}}\366\246\263\255"
  55      572F82F7 
  55      DD7A57CC 
  55      6D7D7DF6 
  55      A6B3AD
  56 00e2 5C6E2B2D 		.ascii	"\\n+-\334\336\250\264\024\356\304\312\360\223Y\351\322"
  56      DCDEA8B4 
  56      14EEC4CA 
  56      F09359E9 
  56      D2
  57 00f3 7B62E5F8 		.ascii	"{b\345\370\271\213\023V[y\266l\037\214(\201\251\215"
  57      B98B1356 
  57      5B79B66C 
ARM GAS  C:\Users\srich\AppData\Local\Temp\ccnzYVAs.s 			page 4


  57      1F8C2881 
  57      A98D
  58 0105 C284C234 		.ascii	"\302\204\30242R\335\034^{\235\262\207y\335Mk\2777\305"
  58      3252DD1C 
  58      5E7B9DB2 
  58      8779DD4D 
  58      6BBF37C5 
  59 0119 5DD8E038 		.ascii	"]\330\3408\27594\353\353\345\332\223E\033\342\025Oi"
  59      BD3934EB 
  59      EBE5DA93 
  59      451BE215 
  59      4F69
  60 012b 413ADA88 		.ascii	"A:\332\210\345\252\316\325b\340g\"\211\372\035\206\032"
  60      E5AACED5 
  60      62E06722 
  60      89FA1D86 
  60      1A
  61 013c 8D5A530B 		.ascii	"\215ZS\013\200\331\037\353\265\371\244\230\241\225\264"
  61      80D91FEB 
  61      B5F9A498 
  61      A195B4
  62 014b 9AFD7175 		.ascii	"\232\375qu\245k\014\227\003c\302DD\366*\021*<\216\374"
  62      A56B0C97 
  62      0363C244 
  62      44F62A11 
  62      2A3C8EFC 
  63 015f BBD2BAF0 		.ascii	"\273\322\272\360\266;\2735\242\016T1\206o\261\341\230"
  63      B63BBB35 
  63      A20E5431 
  63      866FB1E1 
  63      98
  64 0170 41F64F4C 		.ascii	"A\366OL\007\247\356\261\200\333\\\252,,%~\265\371'\256"
  64      07A7EEB1 
  64      80DB5CAA 
  64      2C2C257E 
  64      B5F927AE 
  65 0184 85D9982B 		.ascii	"\205\331\230+{\341>\262\253l\236p\232\013\225\377\342"
  65      7BE13EB2 
  65      AB6C9E70 
  65      9A0B95FF 
  65      E2
  66 0195 24F020E6 		.ascii	"$\360 \346\304>=\024\216\255> \010\027\017\010E\246"
  66      C43E3D14 
  66      8EAD3E20 
  66      08170F08 
  66      45A6
  67 01a7 AE730F36 		.ascii	"\256s\0176\203\013\266\347v;\373\216\272G\334\303\003"
  67      830BB6E7 
  67      763BFB8E 
  67      BA47DCC3 
  67      03
  68 01b8 C7FB5DCF 		.ascii	"\307\373]\317\311\311\335\363\373v\3669\216\347;\245"
  68      C9C9DDF3 
  68      FB76F639 
  68      8EE73BA5 
  69 01c8 01C72FE5 		.ascii	"\001\307/\3458[\310\027\212\236w\314\337\226ST(Z\276"
  69      385BC817 
ARM GAS  C:\Users\srich\AppData\Local\Temp\ccnzYVAs.s 			page 5


  69      8A9E77CC 
  69      DF965354 
  69      285ABE
  70 01db 7B329F2C 		.ascii	"{2\237,\226\274\023n\177\276\364\023k\035\344&"
  70      96BC136E 
  70      7FBEF413 
  70      6B1DE426 
  71              		.text
  72              		.section	.gnu.lto_chPoolLoadArray.b66e1292,"",%progbits
  73 0000 789CA556 		.ascii	"x\234\245VkL\223g\024~\317\373\335J[#[\226\214\231%"
  73      6B4C9367 
  73      147ECFFB 
  73      DD4A5B23 
  73      5B968C99 
  74 0015 9010A23F 		.ascii	"\220\020\242?\346P\023\267\205\270`\262d\313~\370gf"
  74      E65013B7 
  74      85B860B2 
  74      64CB7EF8 
  74      6766
  75 0027 FF9A2C58 		.ascii	"\377\232,X\273\310bm\323\202\323_~\245\025g\346\030"
  75      BBC8626D 
  75      D382D35F 
  75      7EA51567 
  75      E618
  76 0039 295B06DB 		.ascii	")[\006\333\330 \242\2508\357(\227\301\352\015\274\201"
  76      D820A2A8 
  76      38EF2897 
  76      C1EA0DBC 
  76      81
  77 004a A888804E 		.ascii	"\250\210\200N:\004\262e\232\210\340\240.\330\235\363"
  77      3A04B265 
  77      9A88E0A0 
  77      2ED89DF3 
  78 005a 7E206D29 		.ascii	"~ m)n\311\2324}\277s\316\363\234\373\367Vbs?\037\342"
  78      6EC99A34 
  78      7DBF73CE 
  78      F39CFBF7 
  78      5662733F 
  79 0070 B7C1C4D8 		.ascii	"\267\301\304\330\273\300\030h\014xi'c>\023\007\3058"
  79      BBC01868 
  79      0C786927 
  79      633E1307 
  79      C538
  80 0082 48201B07 		.ascii	"H \033\007\331\220\2346)\\\332\325\316\230nV\003\032"
  80      D9909C36 
  80      295CDAD5 
  80      CE986E56 
  80      031A
  81 0094 D3AD2A00 		.ascii	"\323\255*\000\311\031\260m\\\222\025\025\266q\205A\024"
  81      C919B06D 
  81      5C921515 
  81      B6718541 
  81      14
  82 00a5 3F0B8583 		.ascii	"?\013\205\203?\370(\207\322P]\271e\361\036]\327\037"
  82      3FF82887 
  82      D2505DB9 
  82      65F11E5D 
ARM GAS  C:\Users\srich\AppData\Local\Temp\ccnzYVAs.s 			page 6


  82      D71F
  83 00b7 061BD3B6 		.ascii	"\006\033\323\266\247E8cc\334\210\000ja1\232\370\256"
  83      A7453863 
  83      63DC8800 
  83      6A61319A 
  83      F8AE
  84 00c9 EDF45BA5 		.ascii	"\355\364[\245\225\300\360\334xh\274\303\362;\217p\310"
  84      95C0F0DC 
  84      7868BCC3 
  84      F23B8F70 
  84      C8
  85 00da A0C7A6E0 		.ascii	"\240\307\246\340\205r\225\036\271L\217\277\325\234\251"
  85      8572951E 
  85      B94C8FBF 
  85      D59CA9
  86 00e9 82ACDDBA 		.ascii	"\202\254\335\272^\024\3528\246\257\226#\\\202} !\037"
  86      5E14EA38 
  86      A6AF9623 
  86      5C827D20 
  86      211F
  87 00fb EC874570 		.ascii	"\354\207Ep\000\0261\0241\250\203,\264\236\334\267\263"
  87      00163114 
  87      31A8832C 
  87      B49EDCB7 
  87      B3
  88 010c 854B6F09 		.ascii	"\205Ko\011^_}\321\223\024\0039` e8\230\210\224\031\374"
  88      5E5F7DD1 
  88      93140339 
  88      60206538 
  88      98889419 
  89 0121 2490DDBD 		.ascii	"$\220\335\275\367\212e)G \353[\016\265-4\220\021\003"
  89      F78A6529 
  89      4720EB5B 
  89      0EB52D34 
  89      901103
  90 0134 A9C0A144 		.ascii	"\251\300\241D$\346}\030\262\310|40u\313\242\0060\337"
  90      24E67D18 
  90      B2C87C34 
  90      3075CBA2 
  90      0630DF
  91 0147 D4A99954 		.ascii	"\324\251\231T\341\010\250Xdv\370\305\220\036\215\356"
  91      E108A858 
  91      6476F8C5 
  91      901E8DEE 
  92 0157 6EBDD22C 		.ascii	"n\275\322,\247\202\360\305\005N\006:+@g\015(\372\024"
  92      A782F0C5 
  92      054E063A 
  92      2B40670D 
  92      28FA14
  93 016a E454CDC2 		.ascii	"\344T\315\302\304\"L\254(\320\030\033B:\254\3750\347"
  93      C4224CAC 
  93      28D0181B 
  93      423AACFD 
  93      30E7
  94 017c F823F540 		.ascii	"\370#\365@\321\013\344\263\257\355\334\001\313\222\275"
  94      D10BE4B3 
  94      AFEDDC01 
ARM GAS  C:\Users\srich\AppData\Local\Temp\ccnzYVAs.s 			page 7


  94      CB92BD
  95 018b E8B3AAA4 		.ascii	"\350\263\252\244\266X\006\252\301t\205\217\302\022\342"
  95      B65806AA 
  95      C174858F 
  95      C212E2
  96 019a C3E3300A 		.ascii	"\303\3430\012\261{\004\012U\266s\212)\016\032.\251\035"
  96      B17B040A 
  96      55B6738A 
  96      290E1A2E 
  96      A91D
  97 01ac 5A6D8A81 		.ascii	"Zm\212\201\036C(\302Y<\240\244\272+\254I\253Di&\373"
  97      1E4328C2 
  97      593CA0A4 
  97      BA2BAC49 
  97      AB446926 
  98 01c1 AFB4AA99 		.ascii	"\257\264\252\231\325X\232\360\305\263\216P\240J\177"
  98      D5589AF0 
  98      C5B38E50 
  98      A04A7F
  99 01d0 1A8D0295 		.ascii	"\032\215\002\225\366x|\201\246\031O@\346\004\007\"L"
  99      F6787C81 
  99      A6194F40 
  99      E6040722 
  99      4C
 100 01e1 65CFF75D 		.ascii	"e\317\367]\217\276\217\031\276\205\351\376\256\310e"
 100      8FBE8F19 
 100      BE85E9FE 
 100      AEC865
 101 01f0 4D787AB8 		.ascii	"Mxz\270s\367\336\274\240_\257\301c47=\311\004LS\234"
 101      73F7DEBC 
 101      A05FAFC1 
 101      6334373D 
 101      C9044C53 
 102 0205 844CA249 		.ascii	"\204L\242IB\241W\350U\374\263P4\232;?\372T\002z6\325"
 102      42A157E8 
 102      55FCB350 
 102      349A3B3F 
 102      FA54027A 
 103 021b 58F47C89 		.ascii	"X\364|\2116\304':V\247\177%I\237\212\232\375\331]\275"
 103      36C4273A 
 103      56A77F25 
 103      499F8A9A 
 103      FDD95DBD 
 104 022f C72C888E 		.ascii	"\307,\210\216L\371G$$+*\305\241\310\305\262\231\240"
 104      4CF94724 
 104      242B2AC5 
 104      A1C8C5B2 
 104      99A0
 105 0241 31295B13 		.ascii	"1)[\023d\322\354\177\361\3708\320*\2302\0304\243\366"
 105      64D2EC7F 
 105      F1F838D0 
 105      2A983218 
 105      34A3F6
 106 0254 36140D8E 		.ascii	"6\024\015\216~>R\256\306M]\370\374\330\022\221;\026"
 106      7E3E52AE 
 106      C64D5DF8 
 106      FCD81291 
ARM GAS  C:\Users\srich\AppData\Local\Temp\ccnzYVAs.s 			page 8


 106      3B16
 107 0266 5B0CDE18 		.ascii	"[\014\336\030\207\370\271\014\227\265u\254\240\020)"
 107      87F8B90C 
 107      97B575AC 
 107      A01029
 108 0275 49063F93 		.ascii	"I\006?\223\011O0\031\032\304\371l!\215\224\240\271\363"
 108      094F3019 
 108      1AC4F96C 
 108      218D94A0 
 108      B9F3
 109 0287 E55D1CF6 		.ascii	"\345]\034\366VR\311\011\252';\2725\012\226\301/\244"
 109      5652C909 
 109      AA273BBA 
 109      350A96C1 
 109      2FA4
 110 0299 5612D681 		.ascii	"V\022\326\201A\010TL\3474-\003\260Zz;\014\334\237,\223"
 110      4108544C 
 110      E7342D03 
 110      B05A7A3B 
 110      0CDC9F2C 
 111 02ae D21B78A5 		.ascii	"\322\033x\245^\236\021\341)\204\370\372\366\337>\263"
 111      5E9E11E1 
 111      2984F8FA 
 111      F6DF3EB3 
 112 02be 8C730E67 		.ascii	"\214s\016g \235\221\344\333\355\337TXQ\002gA\026\231"
 112      209D91E4 
 112      DBEDDF54 
 112      58510267 
 112      411699
 113 02d1 33380732 		.ascii	"38\0072*.\355\250\372KNo\236F\233\311\266\353~[S\212"
 113      2A2EEDA8 
 113      FA4B4E6F 
 113      9E469BC9 
 113      B6EB7E5B 
 114 02e7 409F2734 		.ascii	"@\237'4\264\201\234l\210\202\243\275V\375\202\036\010"
 114      B4819C6C 
 114      8882A3BD 
 114      56FD821E 
 114      08
 115 02f8 47A3CF19 		.ascii	"G\243\317\031\241\366\3775\004\027\236\015A\250\361"
 115      A1F6FF35 
 115      04179E0D 
 115      41A8F1
 116 0307 F2CB083F 		.ascii	"\362\313\010?7\350\233\324\244\263F?\306\177\350\274"
 116      37E89BD4 
 116      A4B3463F 
 116      C67FE8BC 
 117 0317 6E99C3A5 		.ascii	"n\231\303\245\301\305d\\q\205\014Ut\002\221Sx\323MR"
 117      C1C5645C 
 117      71850C55 
 117      74029153 
 117      78D34D52 
 118 032b 134A0D97 		.ascii	"\023J\015\227HuY\224\373\012\226\373\222\021J?\024\235"
 118      48755994 
 118      FB0A96FB 
 118      92114A3F 
 118      149D
ARM GAS  C:\Users\srich\AppData\Local\Temp\ccnzYVAs.s 			page 9


 119 033d 1C1D3FA3 		.ascii	"\034\035?\243\220l\202[\251\376CW\257\231h\250,\302"
 119      906C825B 
 119      A9FE4357 
 119      AF9968A8 
 119      2CC2
 120 034f 49FDE48F 		.ascii	"I\375\344\217\017\026T\302w>]\307m\324&0\236\016Q\357"
 120      0F1654C2 
 120      773E5DC7 
 120      6DD42630 
 120      9E0E51EF 
 121 0363 4EA814F0 		.ascii	"N\250\024\360`\365K\004\216EjI\220V\364\006W\011\211"
 121      60F54B04 
 121      8E456A49 
 121      9056F406 
 121      570989
 122 0376 AAEFC7CB 		.ascii	"\252\357\307\313\372\026.\255\243\310U\312\260\013\271"
 122      FA162EAD 
 122      A3C855CA 
 122      B00BB9
 123 0385 1E518728 		.ascii	"\036Q\207(>\270\006K1\024\301}\364\361#i\232}\336@\256"
 123      3EB8064B 
 123      3114C17D 
 123      F4F12369 
 123      9A7DDE40 
 124 039a 233876B5 		.ascii	"#8v\265f\327\351\341\224\377\221=\366\3050\337:\335"
 124      66D7E9E1 
 124      94FF913D 
 124      F6C530DF 
 124      3ADD
 125 03ac 10EBF42C 		.ascii	"\020\353\364,~\274\001\241{\376u\252\2717\263\011\332"
 125      7EBC01A1 
 125      7BFE75AA 
 125      B937B309 
 125      DA
 126 03bd 9C79BE49 		.ascii	"\234y\276I\005NX\217\253\217q=z\310\336\224\270\036"
 126      054E588F 
 126      AB8F713D 
 126      7AC8DE94 
 126      B81E
 127 03cf EDC31A39 		.ascii	"\355\303\0329gp+\371z\364\212~\365\305\254G\315\203"
 127      67702BF9 
 127      7AF48A7E 
 127      F5C5AC47 
 127      CD83
 128 03e1 70933A33 		.ascii	"p\223:3\371\335\242\000\375b\362\023\307\3746\2169\275"
 128      F9DDA200 
 128      FD62F213 
 128      C7FC368E 
 128      39BD
 129 03f3 E265F18A 		.ascii	"\342e\361\212\247>7\236\256\014\002\355\377\004O\211"
 129      A73E379E 
 129      AE0C02ED 
 129      FF044F89 
 130 0403 4D574A6C 		.ascii	"MWJlWhM\204/\240\002\337\231\333\257\367\351\262\373"
 130      57684D84 
 130      2FA002DF 
 130      99DBAFF7 
ARM GAS  C:\Users\srich\AppData\Local\Temp\ccnzYVAs.s 			page 10


 130      E9B2FB
 131 0416 55F48BEE 		.ascii	"U\364\213\356/\270\013K\261S\376\362\342U\006\263\031"
 131      2FB80B4B 
 131      B153FEF2 
 131      E25506B3 
 131      19
 132 0427 5B81FCD8 		.ascii	"[\201\374\330\015q=\320u\205B2\011\026\367TZ\015#\313"
 132      0D713DD0 
 132      75854232 
 132      0916F754 
 132      5A0D23CB 
 133 043b 04A75C9E 		.ascii	"\004\247\\\236\372o\234\024\357/\305\370\207\000\003"
 133      FA6F9C14 
 133      EF2FC5F8 
 133      870003
 134 044a E86F0678 		.ascii	"\350o\006x\230\200\026\221\202\302\360O\205$\372k\210"
 134      98801691 
 134      82C2F04F 
 134      8524FA6B 
 134      88
 135 045b B9D16C83 		.ascii	"\271\321l\203\034\330M\010\364\371O\225\274b\220\363"
 135      1CD84D08 
 135      F4F94F95 
 135      BC6290F3 
 136 046b D8DC140C 		.ascii	"\330\334\024\0141l4z\00400\231\2423\313\273\232_\035"
 136      316C347A 
 136      04303099 
 136      A233CBBB 
 136      9A5F1D
 137 047e 013EC115 		.ascii	"\001>\301\025z\264\310\007\233\323\320\215J\027\350"
 137      7AB4C807 
 137      9BD3D08D 
 137      4A17E8
 138 048d 5DF0851A 		.ascii	"]\360\205\032\337#&\302\014!{@\303\242\256\260\347d"
 138      DF2326C2 
 138      0C217B40 
 138      C3A2AEB0 
 138      E764
 139 049f BFB3217F 		.ascii	"\277\263!\177]\376\332\202\302\365\371\256l;\235]\336"
 139      5DFEDA82 
 139      C2F5F9AE 
 139      6C3B9D5D 
 139      DE
 140 04b0 E56F2CCF 		.ascii	"\345o,\317\316vy\263=\005\331^\217\035\245N\207\323"
 140      CE7679B3 
 140      3D05D95E 
 140      8F1DA54E 
 140      87D3
 141 04c2 ED726DF4 		.ascii	"\355rm\364\276ng\334\351\0067l\222]\353>q\257\264\347"
 141      BE6E67DC 
 141      E906376C 
 141      925DEB3E 
 141      71AFB4E7 
 142 04d6 D804C42B 		.ascii	"\330\004\304+\340\266Y\270\315\345\265y\012l\371\233"
 142      E0B659B8 
 142      CDE5B579 
 142      0A6CF99B 
ARM GAS  C:\Users\srich\AppData\Local\Temp\ccnzYVAs.s 			page 11


 143 04e6 EC1B0BD7 		.ascii	"\354\033\013\327;l1\014\033\230\2629oc\241#\347\337"
 143      3B6C310C 
 143      1B98B239 
 143      6F63A123 
 143      E7DF
 144 04f8 B06E97A7 		.ascii	"\260n\227\247\300k\313\3638\355\316-\250\265\273<\216"
 144      C06BCBF3 
 144      38EDCE2D 
 144      A8B5BB3C 
 144      8E
 145 0509 8F36BFE9 		.ascii	"\2176\277\351D\202\267\237\013ul)\260\331\235\336|\357"
 145      4482B79F 
 145      0B756C29 
 145      B0D99DDE 
 145      7CEF
 146 051b AC7782DA 		.ascii	"\254w\202\332\235\037\027n\262#z\331\177\017\332\273"
 146      9D1F176E 
 146      B2237AD9 
 146      7F0FDABB 
 147 052b 95E24D5D 		.ascii	"\225\342M]\263\366\203\214uy^\207\333\223\377ZF\326"
 147      B3F6838C 
 147      75795E87 
 147      DB93FF5A 
 147      46D6
 148 053d 32C63D4C 		.ascii	"2\306=L\303|\\\236\255Lrop\377\0031ty\266"
 148      C37C5C9E 
 148      AD4C726F 
 148      70FF0331 
 148      7479B6
 149              		.text
 150              		.section	.gnu.lto_chPoolAllocI.b66e1292,"",%progbits
 151 0000 789C7592 		.ascii	"x\234u\222\337K\024Q\024\307\317\367\336\231\331]g\245"
 151      DF4B1451 
 151      14C7CFF7 
 151      DE99D95D 
 151      67A5
 152 0012 257A92A0 		.ascii	"%z\222\240@d\037\302\026\003#\"#\350\245\207\336\372"
 152      40641FC2 
 152      16032322 
 152      23E8A587 
 152      DEFA
 153 0024 07C22DD0 		.ascii	"\007\302-\320\310V\\{\366\356\272=\370\022a=\004\266"
 153      C8565C7B 
 153      F6EEBA3D 
 153      F812613D 
 153      04B6
 154 0036 98589459 		.ascii	"\230X\224Y\232\232\226\006\271H\211\224\375\360\241"
 154      9A9A9606 
 154      B9488994 
 154      FDF0A1
 155 0045 429132D1 		.ascii	"B\2212\321((p\323\320\201d;wF\363g\0033\367\316\231"
 155      282870D3 
 155      D081643B 
 155      7746F367 
 155      0333F7CE 
 156 005a 7BBEDFCF 		.ascii	"{\276\337\3179g$m\275N\362\235\222DGx\205\217 \256\274"
 156      3967246D 
ARM GAS  C:\Users\srich\AppData\Local\Temp\ccnzYVAs.s 			page 12


 156      BD4EF29D 
 156      92444778 
 156      858F20AE 
 157 006f 214AF885 		.ascii	"!J\370\205\220\3512Ry\306|\210TP\302\362\302\2060\233"
 157      90E93252 
 157      79C67C88 
 157      5450C2F2 
 157      C286309B 
 158 0083 74D8FAAD 		.ascii	"t\330\372\255\303\346j\330\002\364\206@uB\032\246\205"
 158      C3E66AD8 
 158      02F48640 
 158      75421AA6 
 158      85
 159 0094 3A7C1759 		.ascii	":|\027Y\201\376\216\205\327\3667\341\010\332K\374:\320"
 159      81FE8E85 
 159      D7F637E1 
 159      08DA4BFC 
 159      3AD0
 160 00a6 3872DDD2 		.ascii	"8r\335\322\2570\364k\343\360\300\234\031\276\255Tr."
 160      AF30F46B 
 160      E3F0C09C 
 160      19BEAD54 
 160      722E
 161 00b8 393819BC 		.ascii	"98\031\274t\302\021\202\346\005\341\016\012p\027\005"
 161      74C21182 
 161      E605E10E 
 161      0A701705 
 162 00c8 5AB00D61 		.ascii	"Z\260\015a>\231\030k\250\017\312R\350\254/\267\206n"
 162      3E99186B 
 162      A80FCA52 
 162      E8AC2FB7 
 162      866E
 163 00da A2A895B3 		.ascii	"\242\250\225\2632\257\272\3251\303\021\022\367 \327"
 163      32AFBAD5 
 163      31C31112 
 163      F720D7
 164 00e9 E77188D0 		.ascii	"\347q\210\320\216\"}\374r\313\273)\237<\344\246.M\214"
 164      8E227DFC 
 164      72CBBB29 
 164      9F3CE4A6 
 164      2E4D8C
 165 00fc 3EB30A5B 		.ascii	">\263\012[8u\312i\035\016\252\021\225\232\312\345\366"
 165      3875CA69 
 165      1D0EAA11 
 165      959ACAE5 
 165      F6
 166 010d B02DEE6F 		.ascii	"\260-\356oT\360.N\311\246\226?\332VJ)\025\302\003\024"
 166      54F02E4E 
 166      C9A6963F 
 166      DA564A29 
 166      15C20314 
 167 0121 2E0BD284 		.ascii	".\013\322\204\014\326\001\013\274\350`\347\316\214\312"
 167      0CD6010B 
 167      BCE860E7 
 167      CE8CCA
 168 0130 E57AFE64 		.ascii	"\345z\376d\033\302m\"\010\3221\003\032\300t\367\026"
 168      1BC26D22 
ARM GAS  C:\Users\srich\AppData\Local\Temp\ccnzYVAs.s 			page 13


 168      08D23103 
 168      1AC074F7 
 168      16
 169 0141 03197E7E 		.ascii	"\003\031~~\230\001~X\266\033$\232a\035\335\265Y\256"
 169      98017E58 
 169      B61B249A 
 169      611DDDB5 
 169      59AE
 170 0153 9A573981 		.ascii	"\232W9\201d_W.!\265\364\2420\331\374\363\314\3331\277"
 170      645F572E 
 170      21B5F4A2 
 170      30D9FCF3 
 170      CCDB31BF 
 171 0167 EE977459 		.ascii	"\356\227tYz\227\232\177\346\247\321\224P*\263\333\021"
 171      7A979A7F 
 171      E6A7D194 
 171      502AB3DB 
 171      11
 172 0178 BE4561A0 		.ascii	"\276Ea\240S\303\362\267\033\013W\307w\024\357c#<D\032"
 172      53C3F2B7 
 172      1B0B57C7 
 172      7714EF63 
 172      233C441A 
 173 018c BF3423A1 		.ascii	"\2774#\241\013\305\364\001IU\342\342\262+\353\322{\244"
 173      0BC5F401 
 173      4955E2E2 
 173      B22BEBD2 
 173      7BA4
 174 019e C6EB5BAF 		.ascii	"\306\353[\257Y+>\010{\345\316\262K\272\314\245\310>"
 174      592B3E08 
 174      7BE5CEB2 
 174      4BBACCA5 
 174      C83E
 175 01b0 9FF6795F 		.ascii	"\237\366y_\255\365\024\306\006\0128\302\257\323\273"
 175      ADF514C6 
 175      060A38C2 
 175      AFD3BB
 176 01bf B712F4B8 		.ascii	"\267\022\364\270\004\320\004\217\230\200%\033\277\354"
 176      04D0048F 
 176      9880251B 
 176      BFEC
 177 01cd D2829B8A 		.ascii	"\322\202\233\212\360\375\277\210\336\265\"\372P\314"
 177      F0FDBF88 
 177      DEB522FA 
 177      50CC
 178 01db 202EA141 		.ascii	" .\241A\363!\217\360\305\364J\237\374\033\221\266\327"
 178      F3218FF0 
 178      C5F44A9F 
 178      FC1B91B6 
 178      D7
 179 01ec 0BE0B1AB 		.ascii	"\013\340\261\253\347N\356\011#\271=\270\260\246\360"
 179      E74EEE09 
 179      23B93DB8 
 179      B0A6F0
 180 01fb AFC6001F 		.ascii	"\257\306\000\037\350\307jGLj\316\367\3462<\264\342\027"
 180      E8C76A47 
 180      4C6ACEF7 
ARM GAS  C:\Users\srich\AppData\Local\Temp\ccnzYVAs.s 			page 14


 180      E6323CB4 
 180      E217
 181 020d D854C3D1 		.ascii	"\330T\303\321m=\333\2257\243<\014\270\306R\033?e\343"
 181      6D3DDB95 
 181      37A33C0C 
 181      B8C6521B 
 181      3F65E3
 182 0220 49A454A9 		.ascii	"I\244T\251\247d\2635\261\240#l\036\222X\033\221\355"
 182      A764B335 
 182      B1A0236C 
 182      1E92581B 
 182      91ED
 183 0232 7A5BEE4F 		.ascii	"z[\356O\301\323\013\221\027\006}B\"\323\365\022^:\267"
 183      C1D30B91 
 183      17067D42 
 183      22D3F512 
 183      5E3AB7
 184 0245 F72BC013 		.ascii	"\367+\300\023\220?\006O\363b\260\226m\216\216U\360\217"
 184      903F064F 
 184      F362B096 
 184      6D8E8E55 
 184      F08F
 185 0257 059DCBC5 		.ascii	"\005\235\313\305\036\210\036\216\034\257\250,\257<U"
 185      1E881E8E 
 185      1CAFA82C 
 185      AF3C55
 186 0266 7BF14C65 		.ascii	"{\361Le,\022\325\373X\274\344`I$\022\213Gjj#\361\232"
 186      2C12D5FB 
 186      58BCE460 
 186      4924128B 
 186      476A6A23 
 187 027c 2847ABCE 		.ascii	"(G\253\316VU\307b\347\343\373\243$\252\252\215X\371"
 187      5655C762 
 187      E7E3FBA3 
 187      24AAAA8D 
 187      58F9
 188 028e B9EABF99 		.ascii	"\271\352\277\231}I\274"
 188      7D49BC
 189              		.text
 190              		.section	.gnu.lto_chPoolAlloc.b66e1292,"",%progbits
 191 0000 789C9554 		.ascii	"x\234\225T_L[e\024\377\316wo\357mK\231\215\361i/4!\204"
 191      5F4C5B65 
 191      14FFCE77 
 191      6FEF6D4B 
 191      998DF169 
 192 0018 07651D26 		.ascii	"\007e\035&s\206\204h\342\213\017\372\342^\233(\334\325"
 192      73868468 
 192      E28B0FFA 
 192      E25E9B28 
 192      DCD5
 193 002a 504369D3 		.ascii	"PCi\323[\226\355i\267\264s\231\213\306\260\251\350l"
 193      5B96ED69 
 193      B7B47399 
 193      8BC6B0A9 
 193      E86C
 194 003c 36024437 		.ascii	"6\002D7\024ds\323U\335:d\025\371\263\301d3\373\223\255"
 194      146473D3 
ARM GAS  C:\Users\srich\AppData\Local\Temp\ccnzYVAs.s 			page 15


 194      55DD3A64 
 194      15F9B3C1 
 194      6433FB93 
 195 0051 23836884 		.ascii	"#\203h\204\004\326\341h\314V\317\371\332RZP\261I\333"
 195      04D6E168 
 195      CC56CFF9 
 195      DA525A50 
 195      B149DB
 196 0064 7BCFB9E7 		.ascii	"{\317\271\347\374~\347\367\235\373\223\330\332\317+"
 196      FC7EE7F7 
 196      9DFB93D8 
 196      DACF2B
 197 0073 F83DA130 		.ascii	"\370=\2410f\006\306@e\300\337\277\304X\310\314\271\024"
 197      6606C640 
 197      65C0DFBF 
 197      C458C8CC 
 197      B914
 198 0085 AD678655 		.ascii	"\255g\206UN\331\231a\223@\311\206en:Bae\211\302\246"
 198      4ED99961 
 198      9340C986 
 198      656E3A42 
 198      616589C2 
 199 009a 7C5801A0 		.ascii	"|X\001\240\013\006l/\227d\223\002{\341w\276\310\341"
 199      0B066C2F 
 199      97649302 
 199      7BE177BE 
 199      C8E1
 200 00ac 6CDF83F1 		.ascii	"l\337\203\361\262\337x\2323\007\303\333X\373p\207B\267"
 200      B2DF789A 
 200      3307C3DB 
 200      58FB7087 
 200      42B7
 201 00be 20D36D7B 		.ascii	" \323m{\"\266`\252\3561\214\266\205+Wo\331\366\275\234"
 201      22B660AA 
 201      EE318CB6 
 201      852B576F 
 201      D9F6BD9C 
 202 00d2 E69CA538 		.ascii	"\346\234\2458\203\317`3|\016\233\251\341q\250\306'C"
 202      83CF6033 
 202      7C0E9BA9 
 202      E171A8C6 
 202      2743
 203 00e4 9307C236 		.ascii	"\223\007\3026i\033P\325\335\356\301cP\325\205U\361\221"
 203      691B50D5 
 203      DDEEC163 
 203      50D58555 
 203      F191
 204 00f6 93C68B72 		.ascii	"\223\306\213r\232Kp\002\244\325u\030b\320\013U\364\370"
 204      9A4B7002 
 204      A4D57518 
 204      62D00B55 
 204      F4F8
 205 0108 7B9D1349 		.ascii	"{\235\023IUz^\224.\337\030;\247Tvbi\262\257'a3\206\215"
 205      557A5E94 
 205      2EDF183B 
 205      A7547662 
 205      69B2AF27 
ARM GAS  C:\Users\srich\AppData\Local\Temp\ccnzYVAs.s 			page 16


 206 0120 483293A9 		.ascii	"H2\223\251@X\370\242\270C\366\203%\213\221G\277\226"
 206      4058F8A2 
 206      B843F683 
 206      258B9147 
 206      BF96
 207 0132 2911C330 		.ascii	")\021\3030\354\360%T\022=d\325\007\012\311E\221\376"
 207      ECF02554 
 207      123D64D5 
 207      070AC945 
 207      91FE
 208 0144 27E34626 		.ascii	"'\343F&\223\2726}`{/\337\204-0&\001\241+\310CV\361\307"
 208      93BA367D 
 208      607B2FDF 
 208      842D3026 
 208      01A12BC8 
 209 015c 64C61FC5 		.ascii	"d\306\037\305\"RV\361\313\330=\354C\222\315\340\310"
 209      225256F1 
 209      CBD83DEC 
 209      4392CDE0 
 209      C8
 210 016d F82F5D83 		.ascii	"\370/]\2036;\341\245z\215\303\222T/\350\3761\325\331"
 210      363BE1A5 
 210      7A8DC392 
 210      542FE8FE 
 210      31D5D9
 211 0180 63157417 		.ascii	"c\025t\027\016\206g\265\366\260\321\215\227\231\027"
 211      0E8667B5 
 211      F6B0D18D 
 211      979917
 212 018f 90B00AFD 		.ascii	"\220\260\012\375\353\021\206\257\240\222$zw\351\024"
 212      EB1186AF 
 212      A092247A 
 212      77E914
 213 019e 90CEAA83 		.ascii	"\220\316\252\203\301\000foB\333\364\243\375\263\035"
 213      C100666F 
 213      42DBF4A3 
 213      FDB31D
 214 01ad 4AD144C9 		.ascii	"J\321D\311H\037\210YR\034\212gM.\037\274mbp\222R\274"
 214      481F8859 
 214      521C8A67 
 214      4D2E1FBC 
 214      6D627092 
 215 01c3 24F5E1DB 		.ascii	"$\365\341\333S*\34108Ei\251D%\006_\003\256\023\234&"
 215      532AE130 
 215      384569A9 
 215      4425065F 
 215      03AE139C 
 216 01d8 8980CD03 		.ascii	"\211\200\315\003\246\357\314-\037\222*\036C\324\350"
 216      A6EFCC2D 
 216      1F922A1E 
 216      43D4E8
 217 01e7 70A4B999 		.ascii	"p\244\271\231*>\270\371W\310*\243\010p\006*\204\322"
 217      2A3EB8F9 
 217      57C82AA3 
 217      0870062A 
 217      84D2
 218 01f9 9FECFBE8 		.ascii	"\237\354\373\350c\033F\340\033\220\005i\006\337\202"
ARM GAS  C:\Users\srich\AppData\Local\Temp\ccnzYVAs.s 			page 17


 218      631B46E0 
 218      1B900569 
 218      06DF82
 219 0208 8C8991FD 		.ascii	"\214\211\221\375\307\376\224+B<[m\241g'\346\0221\213"
 219      C7FE942B 
 219      423C5B6D 
 219      A16727E6 
 219      12318B
 220 021b A83E4BD5 		.ascii	"\250>K\325\020\303\205\312+x|\"=\252fU\243\255*\034"
 220      10C385CA 
 220      2B787C22 
 220      3DAA6655 
 220      A3AD2A1C 
 221 022f F29A35C9 		.ascii	"\362\2325\311i\366\035T>\3041n@\333\231\201LH*\336\223"
 221      69F61D54 
 221      3EC4316E 
 221      40DB9981 
 221      4C482ADE 
 222 0244 74D7FFDD 		.ascii	"t\327\377\335\223x\352\035\033\365\314)+\227n\321\367"
 222      9378EA1D 
 222      1BF5CC29 
 222      2B976ED1 
 222      F7
 223 0255 94FA4168 		.ascii	"\224\372Aht\016\224\207\234\336\223;\367.O\232\351\300"
 223      740E9487 
 223      9CDE933B 
 223      F72E4F9A 
 223      E9C0
 224 0267 24D1ECF4 		.ascii	"$\321\354\364\362\321\371\362(\034\011\031\2069\315"
 224      F2D1F9F2 
 224      281C0919 
 224      8639CD
 225 0276 ADC80ECE 		.ascii	"\255\310\016\316\023\030\246>}p\350\372\0235\275t\020"
 225      1318A63E 
 225      7D70E8FA 
 225      1335BD74 
 225      10
 226 0287 8FC32A2E 		.ascii	"\217\303*.\030\304!\012\367I\012\352\011\027\240\206"
 226      18C4210A 
 226      F7490AEA 
 226      0917A086 
 227 0297 94306AA9 		.ascii	"\2240j\2519a!\000\273\012\221\353\341\256\303J\016\020"
 227      39612100 
 227      BB0A91EB 
 227      E1AEC34A 
 227      0E10
 228 02a9 AAB3C467 		.ascii	"\252\263\304g\020.Z/\321\340\213C\323j6\253\254\246"
 228      102E5A2F 
 228      D1E08B43 
 228      D36A36AB 
 228      ACA6
 229 02bb 23AF43A7 		.ascii	"#\257C\247\214:\014\026\321y\232x\374(x@\216\307\020"
 229      8C3A0C16 
 229      D1799A78 
 229      FC287840 
 229      8EC710
 230 02ce F2C0C6ED 		.ascii	"\362\300\306\355w\237\242\266\033\235).&\272X4Q\002"
ARM GAS  C:\Users\srich\AppData\Local\Temp\ccnzYVAs.s 			page 18


 230      779FA2B6 
 230      1B9D292E 
 230      26BA5834 
 230      5102
 231 02e0 6A9095A0 		.ascii	"j\220\225\240+\263\224=K\367\342\264\224\245\253n\244"
 231      2BB3943D 
 231      4BF7E2B4 
 231      94A5AB6E 
 231      A4
 232 02f1 35F2B3C1 		.ascii	"5\362\263\301O\242+\317u\035F~B\226\226B\237\225\261"
 232      4FA22BCF 
 232      751D467E 
 232      42969642 
 232      9F95B1
 233 0304 6D88FD33 		.ascii	"m\210\3753\344E2\261\243\345\002u 1\230C5o\020\265\034"
 233      E44532B1 
 233      A3E50275 
 233      20319843 
 233      356F10B5 
 234 0319 4604AA94 		.ascii	"F\004\252\224C\035E\324[\0201\266e\333X\020\227a\267"
 234      431D45D4 
 234      5B1031B6 
 234      65DB5810 
 234      9761B7
 235 032c 34DF8487 		.ascii	"4\337\204\207\306\013Gf\021\300J\301\031\262a+\035\255"
 235      C60B4766 
 235      11C04AC1 
 235      19B2612B 
 235      1DAD
 236 033e D82F3220 		.ascii	"\330/2 \341#\371\255/\362\212\373\033\362\2121\341\025"
 236      E123F9AD 
 236      2FF28AFB 
 236      1BF28A31 
 236      E115
 237 0350 2B43AB18 		.ascii	"+C\253\030\032\377g\257\030Z\361\012\323\2327\376\022"
 237      1AFF67AF 
 237      185AF10A 
 237      D39A37FE 
 237      12
 238 0361 6D738981 		.ascii	"ms\211\201\214.\241\201\\\246\347\225R\003I\314\250"
 238      8C2EA181 
 238      5CA6E795 
 238      520349CC 
 238      A8
 239 0372 04CE6062 		.ascii	"\004\316`b}\003\231\024/\307\225U\006\322=\237\214)"
 239      7D039914 
 239      2FC79555 
 239      06D23D9F 
 239      8C29
 240 0384 796F1817 		.ascii	"yo\030\027\336\360\213\360\206R#\230B#\270\015\241d"
 240      DEF08BF0 
 240      86522398 
 240      4223B80D 
 240      A164
 241 0396 A41F882C 		.ascii	"\244\037\210,I\306f\001\017\207Ks\347\337\300?\031\365"
 241      49C66601 
 241      0F874B73 
ARM GAS  C:\Users\srich\AppData\Local\Temp\ccnzYVAs.s 			page 19


 241      E7DFC03F 
 241      19F5
 242 03a8 B698C626 		.ascii	"\266\230\306&\233\320\201\201\364\305\332g\265:\347"
 242      9BD08181 
 242      F4C5DA67 
 242      B53AE7
 243 03b7 4B4D9E46 		.ascii	"KM\236F\317\216`\353N\217\317\251\321\265O\257}\256"
 243      CF8E60EB 
 243      4E8FCFA9 
 243      D1B54FAF 
 243      7DAE
 244 03c9 D6E9F4E9 		.ascii	"\326\351\364\351\316@\320\251\0074\214z\335^\277\317"
 244      CE40D0A9 
 244      07348C7A 
 244      DD5EBFCF 
 245 03d9 D7AC6FD1 		.ascii	"\327\254o\321\030\367\372e_\343[~\323\256\206\346Vw"
 245      18F7FA65 
 245      5FE35B7E 
 245      D3AE86E6 
 245      5677
 246 03eb 9D56E712 		.ascii	"\235V\347\022E\272h\340*4p\371tW \350\362\373\002A\335"
 246      45BA68E0 
 246      2A3470F9 
 246      745720E8 
 246      F2FB0241 
 247 0400 D510F06A 		.ascii	"\325\020\360j\336\335\230\325|\001\367\353\273\266{"
 247      DEDD98D5 
 247      7C01F7EB 
 247      BBB67B
 248 040f B734B1FA 		.ascii	"\2674\261\372\177-u\357\016\2724\257\356\321]\236\026"
 248      7F2D75EF 
 248      0EBA34AF 
 248      EED15D9E 
 248      16
 249 0420 ADB975A7 		.ascii	"\255\271u\247\333%J5\357\233\255-\032Vo\375/\340\225"
 249      DB254A35 
 249      EF9BAD2D 
 249      1A566FFD 
 249      2FE095
 250 0433 B2267D8F 		.ascii	"\262&}\217\216\005\366Ww\274\346hl\320\335\376\200\347"
 250      8E05F657 
 250      77BCE668 
 250      6CD0DDFE 
 250      80E7
 251 0445 1947D556 		.ascii	"\031G\325V\306\003L\305\271|\201=\354o{d\261\001"
 251      C6034CC5 
 251      B97C813D 
 251      EC6F7B64 
 251      B101
 252              		.text
 253              		.section	.gnu.lto_chPoolFreeI.b66e1292,"",%progbits
 254 0000 789C7591 		.ascii	"x\234u\221\317KTQ\024\307\357\367\334\367\336\010c\024"
 254      CF4B5451 
 254      14C7EFF7 
 254      DCF7DE08 
 254      6314
 255 0012 1124B329 		.ascii	"\021$\263)\220\301EL\017\203$\202@h\331\262\377\300"
ARM GAS  C:\Users\srich\AppData\Local\Temp\ccnzYVAs.s 			page 20


 255      90C1454C 
 255      0F832482 
 255      4068D9B2 
 255      FFC0
 256 0024 4970A2E1 		.ascii	"Ip\242\341=\034[{\3374-Z$2m\204\262\032*\372\241\215"
 256      3D1C5B7B 
 256      DF342D5A 
 256      24326D84 
 256      B21A2AFA 
 257 003a 39A565AB 		.ascii	"9\245e\253\207\2640$\313\202\244\214\232b\204Z\010\216"
 257      87B43024 
 257      CB82A48C 
 257      9A62845A 
 257      088E
 258 004c 4EE85BC8 		.ascii	"N\350[\310t\356\233\"M\272\3608?8\337\317\375\336\363"
 258      74EE9B22 
 258      4DBAF038 
 258      3F38DFCF 
 258      FDDEF3
 259 005f A4D87962 		.ascii	"\244\330yb\374u\223\020\235\034!\005hpN\010\257\211"
 259      FC759310 
 259      9D1C2105 
 259      68704E08 
 259      AF89
 260 0071 009D0888 		.ascii	"\000\235\010\210~B?~P\2250\350\217\014E\333\356(\245"
 260      7E423F7E 
 260      509530E8 
 260      8F0C45DB 
 260      EE28A5
 261 0084 564A8B2D 		.ascii	"VJ\213-\027[\002\226\255Q\003\203\273h\343\021o\376"
 261      175B0296 
 261      AD510383 
 261      BB68E311 
 261      6FFE
 262 0096 D2856679 		.ascii	"\322\205fy\024\202\363\251b\355U\364;\005\204\203\272"
 262      1482F3A9 
 262      62ED55F4 
 262      3B058483 
 262      BA
 263 00a7 7C9E9F19 		.ascii	"|\236\237\031\262tI\206.\277\336\236\276\211\370-\245"
 263      B2744986 
 263      2EBFDE9E 
 263      BE89F82D 
 263      A5
 264 00b8 B2FECB92 		.ascii	"\262\376\313\222\3524\002\222\270\007\311<\334G\014"
 264      EA340292 
 264      B807C93C 
 264      DC470C
 265 00c7 0F1013DC 		.ascii	"\017\020\023\334\022\030A\234\247\007\012o\312\021y"
 265      1218419C 
 265      A7070A6F 
 265      CA1179
 266 00d6 2CE4BE1B 		.ascii	",\344\276\033X\031\265\032\312\305\206\322\300\350\277"
 266      5819B51A 
 266      CAC586D2 
 266      C0E8BF
 267 00e5 4A43E021 		.ascii	"JC\340!\342z\374\3057o#\"O\204\322\332\365\271\267\321"
ARM GAS  C:\Users\srich\AppData\Local\Temp\ccnzYVAs.s 			page 21


 267      E27AFCC5 
 267      376F2322 
 267      4F84D2DA 
 267      F5B9B7D1 
 268 00f9 D6024BCB 		.ascii	"\326\002K\313\237\226f\233\325\214\312\225\353\365\003"
 268      9F96669B 
 268      D58CCA95 
 268      EBF503
 269 0108 0199286E 		.ascii	"\001\231(n'4\016K\252\271\315\205\250\225\343G\357\301"
 269      27340E4B 
 269      AAB9CD85 
 269      A895E347 
 269      EFC1
 270 011a 185A37FF 		.ascii	"\030Z7\377\274\031\217`\201\343\330^_\325\353k\313\371"
 270      BC198F60 
 270      81E3D85E 
 270      5FD5EB6B 
 270      CBF9
 271 012c CB769122 		.ascii	"\313v\221\"\200\276VB\3336\330\206)D\205\247\365*\227"
 271      80BE5642 
 271      DB36D886 
 271      294485A7 
 271      F52A97
 272 013f 887494EF 		.ascii	"\210t\224\357\221\365\247f\367\207z\006\256\023\304"
 272      91F5A766 
 272      F7877A06 
 272      AE13C4
 273 014e 476427AB 		.ascii	"Gd'\253\265iS\367\326\311\340[\277T^\3177\351e\311\320"
 273      B56953F7 
 273      D6C9E05B 
 273      BF545ECF 
 273      37E965C9 
 274 0163 C4C4C68D 		.ascii	"\304\304\306\215\345]\303\270\212\200x@b\\;\344\376"
 274      E55DC3B8 
 274      8A807840 
 274      625C3BE4 
 274      FE
 275 0174 B5DA950F 		.ascii	"\265\332\225\017\273\023\207\264\377\022\206\261\032"
 275      BB1387B4 
 275      FF1286B1 
 275      1A
 276 0181 FE0C3C46 		.ascii	"\376\014<FB#\363\205}\032\270\225fn\243yJ\371V@\021"
 276      4223F385 
 276      7D1AB895 
 276      666EA379 
 276      4AF95640 
 277 0196 B680273B 		.ascii	"\266\200';\211\023!Q\277\021\223H\260\257\020:\376s"
 277      89132151 
 277      BF119348 
 277      B0AF103A 
 277      FE73
 278 01a8 55FEC66E 		.ascii	"U\376\306n\345\230\377w\366\364\257\263g\232\003\361"
 278      E598FF77 
 278      F6F4AFB3 
 278      679A03F1 
 279 01b8 199EBF70 		.ascii	"\031\236\277pJSt\267\302\035^\014O\034I\036\267O\366"
 279      4A5374B7 
ARM GAS  C:\Users\srich\AppData\Local\Temp\ccnzYVAs.s 			page 22


 279      C21D5E0C 
 279      4F1C491E 
 279      B74FF6
 280 01cb A4BA52A7 		.ascii	"\244\272R\247\373\316\237I9vR\347N\246\275\243\335\266"
 280      FBCE9F49 
 280      397652E7 
 280      4EA6BDA3 
 280      DDB6
 281 01dd 9D8CDDDB 		.ascii	"\235\214\335\333ggz\223\334Mw\247]\3079\2279\234\024"
 281      67677A93 
 281      DC4D77A7 
 281      5DC73997 
 281      399C14
 282 01f0 94760DA7 		.ascii	"\224v\015\247\353\254+\335\036\367\027\220\352\353\000"
 282      EBAC2BDD 
 282      1EF71790 
 282      EAEB00
 283              		.text
 284              		.section	.gnu.lto_chPoolFree.b66e1292,"",%progbits
 285 0000 789C8D54 		.ascii	"x\234\215TmlSU\030>\317\271\037\335\227q!$\222\375i"
 285      6D6C5355 
 285      183ECFB9 
 285      1FDD9771 
 285      212492FD 
 286 0015 9365E187 		.ascii	"\223e\341\207\216\202\011h\226\020L\374\355\037\371"
 286      8E820968 
 286      96104CFC 
 286      ED1FF9
 287 0024 7B13B35D 		.ascii	"{\023\263]jV\263r\233{;\002\011\011\267\333\020\011"
 287      6A56B372 
 287      9B7B3B02 
 287      0909B7DB 
 287      1009
 288 0036 9190E2C7 		.ascii	"\221\220\342\307\246N\2670\2428\004\371\324M\235u\302"
 288      A64EB730 
 288      A23804F9 
 288      D44D9D75 
 288      C2
 289 0047 9C1B8C4D 		.ascii	"\234\033\214M\211\350H\240\216A4n\311\272\017ic\260"
 289      89E848A0 
 289      8E41346E 
 289      C9BA0F69 
 289      63B0
 290 0059 9EF7B403 		.ascii	"\236\367\264\003\332U\261I\323s\316{\236\347<\357s\316"
 290      DA55B149 
 290      D373CE7B 
 290      9EE73CEF 
 290      73CE
 291 006b 5385ADFC 		.ascii	"S\205\255\374T\211\357n\215\261\0120\006\205\201\037"
 291      5489EF6E 
 291      8DB10A30 
 291      0685811F 
 292 007b 1A632C5A 		.ascii	"\032c,Z\302\001\0320\260=\034{\360;Or\034\212\367\266"
 292      C2011A30 
 292      B03D1C7B 
 292      F03B4F72 
 292      1C8AF7B6 
ARM GAS  C:\Users\srich\AppData\Local\Temp\ccnzYVAs.s 			page 23


 293 008f 97AF3DEA 		.ascii	"\227\257=\352\272\356\\,\271f\357\2324gl\201gi\360!"
 293      BAEE5C2C 
 293      B966EF9A 
 293      34676C81 
 293      6769F021 
 294 00a3 D68A2DD1 		.ascii	"\326\212-\321\211\375\255\025\312F01\356;\261x\271\374"
 294      89FDAD15 
 294      CA463031 
 294      EE3BB178 
 294      B9FC
 295 00b5 379EE6F0 		.ascii	"7\236\346\360\321\264?6\334\256\323\224\2534\375\265"
 295      D1B43F36 
 295      DCAED394 
 295      AB34FDB5 
 296 00c5 67B00B35 		.ascii	"g\260\0135G\\\267%>|\332}NMs\005\037A\021|8\206*|\214"
 296      475CB725 
 296      3E7CDA7D 
 296      4E4D7305 
 296      1F41117C 
 297 00de 2A269618 		.ascii	"*&\226\030zQ#v\037\354\036Ox\224g%\357\217\007\347\216"
 297      7A512376 
 297      1FEC1E4F 
 297      78946725 
 297      EF8F07E7 
 298 00f3 EB59E464 		.ascii	"\353Y\344d\026\251\342x!Re\370\0045\264=\331v\357Z\271"
 298      16A9E278 
 298      215265F8 
 298      0435B43D 
 298      D976EF5A 
 299 0108 DE265457 		.ascii	"\336&TWf\325\342\004t\321,;\271*\356f2G\316\316$\325"
 299      66D5E204 
 299      74D12C3B 
 299      B92AEE66 
 299      3247CECE 
 300 011e 522E209A 		.ascii	"R. \232\002:M\205D\262i\261\227,\270\3159\375*?\241"
 300      023A4D85 
 300      44B269B1 
 300      972CB8CD 
 300      39FD2A3F 
 301 0133 A592F816 		.ascii	"\245\222\370\026z\3357\024e\263\224\362\307\325\356"
 301      7ADD3714 
 301      65B394F2 
 301      C7D5EE
 302 0142 A365D5DD 		.ascii	"\243e\325\335B\312\334\201\326;f\254\325\355\021\303"
 302      42CADC81 
 302      D63B66AC 
 302      D5ED11C3 
 303 0152 CC166F9A 		.ascii	"\314\026o\232\3538\231\257)\347\323\247\250\246\356"
 303      EB3899AF 
 303      29E7D3A7 
 303      A8A6EE
 304 0161 5F5F3A03 		.ascii	"__:\0032C\3671\234\022\325\353h\231\272\267\357N\273"
 304      3243F731 
 304      9C12D5EB 
 304      6899BAB7 
 304      EF4EBB
 305 0174 9EA73831 		.ascii	"\236\24781=\005\251w\201#\277\227D\352\300\015\215\341"
ARM GAS  C:\Users\srich\AppData\Local\Temp\ccnzYVAs.s 			page 24


 305      3D05A977 
 305      8123BF97 
 305      44EAC00D 
 305      8DE1
 306 0186 34957841 		.ascii	"4\225xA\351\255W\257z\350\034\2063TV\012]\300Y\350B"
 306      E9AD57AF 
 306      7AE81C86 
 306      3354560A 
 306      5DC059E8 
 307 019b C939B201 		.ascii	"\3119\262\001l\026\242|s&uX\361\376\215N\267\335\227"
 307      6C16A27C 
 307      73267558 
 307      F1FE8D4E 
 307      B7DD97
 308 01ae E61E42BC 		.ascii	"\346\036B\274y\375\257h\231*L\300yx\031\255\274\263"
 308      79FDAF68 
 308      992A4CC0 
 308      797819AD 
 308      BCB3
 309 01c0 F7ED8E0A 		.ascii	"\367\355\216\012\261\202\317\240J\321\014\237C\025\205"
 309      B182CFA0 
 309      4AD10C9F 
 309      431585
 310 01cf 917D5D7F 		.ascii	"\221}]\177\252\336(\317\242Kh\357\370\314P\177\251D"
 310      AADE28CF 
 310      A24B68EF 
 310      F8CC507F 
 310      A944
 311 01e1 F7111AFD 		.ascii	"\367\021\032\375P\331\262\203\307\306\323\243\236\254"
 311      50D9B283 
 311      C7C6D3A3 
 311      9EAC
 312 01ef 6BB1E4CF 		.ascii	"k\261\344\317\025\356\260\333\226\310d\274E^@\316\263"
 312      15EEB0DB 
 312      96C864BC 
 312      455E40CE 
 312      B3
 313 0200 2F507D57 		.ascii	"/P}W\264\261\214OM^\032\320%\336\355p\273\370k\361L"
 313      B4B18C4F 
 313      4D5E1AD0 
 313      25DEED70 
 313      BBF86BF1 
 314 0215 664B9147 		.ascii	"fK\221G\220\003\177I`yx\274o\364\011\001\2770\025My"
 314      90037F49 
 314      607978BC 
 314      6FF40901 
 314      BF30154D 
 315 022a 94FD5947 		.ascii	"\224\375YG\027\337\037\373\241|\005\227\206\257\212"
 315      17DF1FFB 
 315      A17C0597 
 315      86AF8A
 316 0239 71E5F918 		.ascii	"q\345\371\030\357\030\003\221\223\272\334\035\251\005"
 316      EF180391 
 316      93BADC1D 
 316      A905
 317 0247 4E63804A 		.ascii	"Nc\200J_K\267\343\302\355\201\254\224I\264\234O.\016"
 317      5F4BB7E3 
ARM GAS  C:\Users\srich\AppData\Local\Temp\ccnzYVAs.s 			page 25


 317      C2ED81AC 
 317      9449B49C 
 317      4F2E0E
 318 025a 6AB47697 		.ascii	"j\264v\227S\262nN_\231(\241\347\240\310C\316\245>\230"
 318      53B26E4E 
 318      5F9928A1 
 318      E7A0C843 
 318      CEA53E98 
 319 026e 7DAC13EF 		.ascii	"}\254\023\357F]\267$\315KE\357\370\206D\210\322{\213"
 319      465DB724 
 319      CD4B45EF 
 319      F8864488 
 319      D27B8B
 320 0281 877F79BC 		.ascii	"\207\177y\274\366I\2228\210N\314\223\303t\000\276E-"
 320      F6499238 
 320      884ECC93 
 320      C37400BE 
 320      452D
 321 0293 11C7BA57 		.ascii	"\021\307\272W\023\355\303\234Z\021\3162\241\003\027"
 321      13EDC39C 
 321      5A11CE32 
 321      A10317
 322 02a2 F2387BA9 		.ascii	"\3628{\251'\235\210/Jb\344\210\207P+DJ\356SK\363J\216"
 322      279D882F 
 322      4A62E488 
 322      87502B44 
 322      4AEE534B 
 323 02b9 FD911225 		.ascii	"\375\221\022%\235Ft\337\345\351\034&\272\007o!/A\363"
 323      9D4674DF 
 323      E5E91C26 
 323      BA076F21 
 323      2F41F3
 324 02cc FF2B41DF 		.ascii	"\377+A\337\313\004\335o\217\314\035\371\367\004\365"
 324      CB04DD6F 
 324      8FCC1DF9 
 324      F704F5
 325 02db DC5A4E90 		.ascii	"\334ZN\220\266\"\007\243t3\005\261\032]\022\261\272"
 325      B62207A3 
 325      743305B1 
 325      1A5D12B1 
 325      BA
 326 02ec 44FBF5C2 		.ascii	"D\373\365\302X\015\335\366\320\341\014\227\213\307j"
 326      580DDDF6 
 326      D0E10C97 
 326      8BC76A
 327 02fb 4C5EF495 		.ascii	"L^\364\225\207b\3253\233\350\327\227\0233\"\0233.\023"
 327      8762D533 
 327      9BE8D797 
 327      13332213 
 327      332E13
 328 030e 53188F09 		.ascii	"S\030\217\011\021\217\033\210&.\336*%\261\324\347\264"
 328      118F1B88 
 328      262EDE2A 
 328      25B1D4E7 
 328      B4
 329 031f B801F1BF 		.ascii	"\270\001\361\277#\366<m\326\371\237o\0146\004\267F\232"
 329      23F63C6D 
ARM GAS  C:\Users\srich\AppData\Local\Temp\ccnzYVAs.s 			page 26


 329      D6F99F6F 
 329      0C3604B7 
 329      469A
 330 0331 B7052DBF 		.ascii	"\267\005-\277Ic\313\331\260i\203\337o9~;\342wlS\254"
 330      4963CBD9 
 330      B06983DF 
 330      6F397E3B 
 330      E2776C53 
 331 0346 8602A1B0 		.ascii	"\206\002\241\260e59\353L\306Ca\325jx%\254\355\250oj"
 331      653539EB 
 331      4CC64361 
 331      D56A7825 
 331      ACEDA86F 
 332 035b 0ED49975 		.ascii	"\016\324\231u\206\0049\222\300x@`X\216aG\214\260eG\034"
 332      86043992 
 332      C0784060 
 332      588E6147 
 332      8CB06547 
 333 0370 A3DE0E99 		.ascii	"\243\336\016\231\241\235\242jZv\340\245\035\317\204"
 333      A19DA26A 
 333      5A76E0A5 
 333      1DCF84
 334 037f D635B2CD 		.ascii	"\3265\262\315\377\011\015\354\214\030f\310\011:Fp\273"
 334      FF090DEC 
 334      8C1866C8 
 334      093A4670 
 334      BB
 335 0390 D9D4BC2D 		.ascii	"\331\324\274-`H\250\031z\271y\273)\320\353\037u\360"
 335      6048A819 
 335      7AB979BB 
 335      29D0EB1F 
 335      75F0
 336 03a2 7D58A3B3 		.ascii	"}X\243\263\313\021\200\312\027\266\276\350k\250w\002"
 336      CB1180CA 
 336      17B6BEE8 
 336      6BA87702 
 337 03b2 613BF894 		.ascii	"a;\370\224\257f=\3436\363\210\276,{\027S\302\215\341"
 337      AF663DE3 
 337      36F388BE 
 337      2C7B1753 
 337      C28DE1
 338 03c5 7F00EE6B 		.ascii	"\177\000\356kIn"
 338      496E
 339              		.text
 340              		.section	.gnu.lto_.symbol_nodes.b66e1292,"",%progbits
 341 0000 789C55C8 		.ascii	"x\234U\310\273\015\200P\014\305P'/H\214LwW\240\240F"
 341      BB0D8050 
 341      0CC55027 
 341      2F488C4C 
 341      7757A0A0 
 342 0015 0CC17F00 		.ascii	"\014\301\177\000\350\230\204!\240\240 n,\235\0024|\371"
 342      E8988421 
 342      A0A0206E 
 342      2C9D0234 
 342      7CF9
 343 0027 6482F602 		.ascii	"d\202\366\002\211~\250\361\331d\011\026\223'XM%\301"
 343      897EA8F1 
ARM GAS  C:\Users\srich\AppData\Local\Temp\ccnzYVAs.s 			page 27


 343      D9640916 
 343      9327584D 
 343      25C1
 344 0039 668A04BB 		.ascii	"f\212\004\273\251\372C8\343q;Q\350\316\367<7w\"n"
 344      A9FA4338 
 344      E3713B51 
 344      E8CEF73C 
 344      3777226E 
 345              		.text
 346              		.section	.gnu.lto_.refs.b66e1292,"",%progbits
 347 0000 789C6366 		.ascii	"x\234cf```d\200\002\000\000=\000\005"
 347      60606064 
 347      80020000 
 347      3D0005
 348              		.text
 349              		.section	.gnu.lto_.decls.b66e1292,"",%progbits
 350 0000 789CAD57 		.ascii	"x\234\255WkP\024W\026\356\333=0\017\006\306\325TL\271"
 350      6B501457 
 350      16EEDB3D 
 350      300F06C6 
 350      D5544CB9 
 351 0014 B5B58855 		.ascii	"\265\265\210U\224\331RA\215&Z\273\033Mj\263Z\225\215"
 351      94D95241 
 351      8D265ABB 
 351      1B4D6AB3 
 351      5A958D
 352 0027 D65AF9E5 		.ascii	"\326Z\371\345TMp\030\205\0150\354\314\220\215\373\253"
 352      544D7018 
 352      850D30EC 
 352      CC908DFB 
 352      AB
 353 0038 7968C007 		.ascii	"yh\300\007 F\004\0370\010\202\202\350(\202\012D\307"
 353      2046041F 
 353      30088282 
 353      E828820A 
 353      44C7
 354 004a 372A22BE 		.ascii	"7*\"\276\"\212\256#*\3015*\030E\210\350\354\271\347"
 354      228AAE23 
 354      2AC1352A 
 354      184588E8 
 354      ECB9E7
 355 005d 7633CDC8 		.ascii	"v3\315\310hvk\247\352\322\367t\237\373\235\357;\347"
 355      68766BA7 
 355      EAD2F774 
 355      9FFB9DEF 
 355      3BE7
 356 006f BE10388E 		.ascii	"\276\0208\216k\3469\316\013\277>\003\307\265\010\034"
 356      6BE639CE 
 356      0BBF3E03 
 356      C7B5081C 
 357 007f A78677F3 		.ascii	"\247\206w\363\241\021h{9\366\013\206v\016\332ehW\241"
 357      A111687B 
 357      39F60B86 
 357      760EDA65 
 357      6857A1
 358 0092 B543F340 		.ascii	"\265C\363@\353\340^\375Q?\215\204\021\006M\017\355\024"
 358      EBE05EFD 
ARM GAS  C:\Users\srich\AppData\Local\Temp\ccnzYVAs.s 			page 28


 358      513F8D84 
 358      11064D0F 
 358      ED14
 359 00a4 B46A09EF 		.ascii	"\264j\011\357$\264\006h\020\212;\002\355\030\264\343"
 359      24B40668 
 359      108A3B02 
 359      ED18B4E3 
 360 00b4 52BC73D2 		.ascii	"R\274s\322\263\307\017\363\262\204\345\2179O\302\235"
 360      B3C70FF3 
 360      B284E58F 
 360      394FC29D 
 361 00c4 2361F641 		.ascii	"#a\366A{\001\215\007\020\001Z\275\024\017$r\215R,\255"
 361      7B018D07 
 361      10015ABD 
 361      140F2472 
 361      8D522CAD 
 362 00d8 84174418 		.ascii	"\204\027D\030\177\015<u\320F\020\246i$<\337\"\214\307"
 362      7F0D3C75 
 362      D04610A6 
 362      69243CDF 
 362      228CC7
 363 00eb AFC9501E 		.ascii	"\257\311P\036W\245\3302\207y\022\017\032{\217\304\203"
 363      57A5D832 
 363      8779120F 
 363      1A7B8FC4 
 363      83
 364 00fc C6AB97B4 		.ascii	"\306\253\227\264Rn.h*Ik\243\244\365\230\244\363\252"
 364      526E2E68 
 364      2A496BA3 
 364      A4F598A4 
 364      F3AA
 365 010e F48CF08B 		.ascii	"\364\214\360\213C\363kxC\034\245\326_\032S-a+5_Uh\366"
 365      43F36B78 
 365      431CA5D6 
 365      5F1A532D 
 365      612B355F 
 366 0125 FFD17C0C 		.ascii	"\377\321|\014W\313y\022\0279.\257\210E\244q\3649\336"
 366      57CB7912 
 366      17392EAF 
 366      8845A471 
 366      F439DE
 367 0138 0F93E63B 		.ascii	"\017\223\346;\3445x\303iRb\253\271\327\327\314\377\327"
 367      E43578C3 
 367      695262AB 
 367      B9D7D7CC 
 367      FFD7
 368 014a C393033B 		.ascii	"\303\223\003;\237\234\015\351\342I\230.\234\232\365"
 368      9F9C0DE9 
 368      E249982E 
 368      9C9AF5
 369 0159 794D05C1 		.ascii	"yM\005\301`\352u*j6\226\357\016\022 \032tK\013n]\322"
 369      60EA752A 
 369      6A3696EF 
 369      0E12201A 
 369      744B0B6E 
 370 016f 4DA81445 		.ascii	"M\250\024E1St7\021\037Bjy\303*5\014\231\243C\363\346"
 370      31537437 
ARM GAS  C:\Users\srich\AppData\Local\Temp\ccnzYVAs.s 			page 29


 370      111F426A 
 370      79C32A35 
 370      0C99A343 
 371 0185 C6FE322D 		.ascii	"\306\3762-\232t\325\030\340\025\177\256\252\346\226"
 371      9A74D518 
 371      E0157FAE 
 371      AAE696
 372 0194 9EE82233 		.ascii	"\236\350\"3E1M\314M\027\265Ma\034\251 c\31062\206#;"
 372      45314DCC 
 372      4D17B54D 
 372      611CA920 
 372      63C83632 
 373 01ab 49243893 		.ascii	"I$8\223J2\201#U\360r\007\274,\2030\335\333\332ZF\213"
 373      4A328123 
 373      55F07207 
 373      BC2C8330 
 373      DDDBDA5A 
 374 01c1 A28A5413 		.ascii	"\242\212T\023\035\331N\004\364\200\274\3218R\350\037"
 374      1DD94E04 
 374      F480BCD1 
 374      3852E81F 
 375 01d1 FB4B1EE9 		.ascii	"\373K\036\351U\220\001\364Y\210\224\227_\256\356\327"
 375      559001F4 
 375      59889497 
 375      5FAEEED7 
 376 01e1 8C5E0700 		.ascii	"\214^\007\0004\324\010\025\231\247\037\214\305\021\027"
 376      34D40815 
 376      99A71F8C 
 376      C51117
 377 01f0 190D7F77 		.ascii	"\031\015\177w\021\025\003p\337\333]\251\025RP\340\306"
 377      11150370 
 377      DFDB5DA9 
 377      155250E0 
 377      C6
 378 0201 82CE1C9D 		.ascii	"\202\316\034\235~\205\217#uV\014\335C\364\022\005\220"
 378      7E858F23 
 378      75560CDD 
 378      43F41205 
 378      90
 379 0212 549E5755 		.ascii	"T\236WU\023J\"\365Ht\305\262\366\267(\321\275\340\261"
 379      134A22F5 
 379      4874C5B2 
 379      F6B728D1 
 379      BDE0B1
 380 0225 DB471406 		.ascii	"\333G\024\0060\246\2010I\015H\367\301\322\361\300\303"
 380      30A68130 
 380      490D48F7 
 380      C1D2F1C0 
 380      C3
 381 0236 75A82A4B 		.ascii	"u\250*K\213\025\371\202\322z\266\254;K\207\025\321S"
 381      8B15F982 
 381      D27AB6AC 
 381      3B4B8715 
 381      D153
 382 0248 33AF628F 		.ascii	"3\257b\217G/\354#H\271v\3009\020$\034g\306\225\342<"
 382      472FEC23 
 382      48B976C0 
ARM GAS  C:\Users\srich\AppData\Local\Temp\ccnzYVAs.s 			page 30


 382      3910241C 
 382      67C695E2 
 383 025d 2711CEA3 		.ascii	"'\021\316\243\241\252\254<|ZKF\351#\"\327H\231\230\345"
 383      A1AAAC3C 
 383      7C5A4B46 
 383      E92322D7 
 383      489998E5 
 384 0271 50E47C3F 		.ascii	"P\344|?\260\254'\243h`\362\035\220h$\021\2570\245\337"
 384      B0AC27A3 
 384      6860F21D 
 384      90682411 
 384      AF30A5DF 
 385 0285 7DEA1B98 		.ascii	"}\352\033\230\030'8t\037\250(\372M\241\350<B\350[r@"
 385      18273874 
 385      1FA828FA 
 385      4DA1E83C 
 385      42E85B72 
 386 029a C21A041F 		.ascii	"\302\032\004\037O\375\177\007\177\260\214\236\276h\015"
 386      4FFD7F07 
 386      7FB08C9E 
 386      BE680D
 387 02a9 FDCE492A 		.ascii	"\375\316I*}\023G\334\335\\\313\0139lzu\357<\370\234"
 387      7D1347DC 
 387      DD5CCB0B 
 387      396C7A75 
 387      EF3CF89C 
 388 02bd 08EB99D1 		.ascii	"\010\353\231\321 \356\230)\224\263~\331\272\374\035"
 388      20EE9829 
 388      94B37ED9 
 388      BAFC1D
 389 02cc 41A85F03 		.ascii	"A\250_\003f\320\351\325e\025\006\0221*\"\"\222r\361"
 389      66D0E9D5 
 389      65150612 
 389      312A2222 
 389      9272F1
 390 02df 641D6DD1 		.ascii	"d\035m\321\213M\321\310\344 09:<\023\226\005\021\263"
 390      8B4DD1C8 
 390      E4203039 
 390      3A3C1396 
 390      0511B3
 391 02f2 500B9FEB 		.ascii	"P\013\237\353P\324Q)\005' \005GH\0049\006\355\270\224"
 391      50D45129 
 391      05272005 
 391      47480439 
 391      06EDB894 
 392 0306 0A445F51 		.ascii	"\012D_Q\312\320\351\364:4,z\005\005Bg\347\252\322`p"
 392      CAD0E9F4 
 392      3A342C7A 
 392      05054267 
 392      E7AAD260 
 393 031b A593C0ED 		.ascii	"\245\223\300\355\357z\230\014\315Ifi\260H\250\313+Y"
 393      EF7A980C 
 393      CD496669 
 393      B048A8CB 
 393      2B59
 394 032d E18F9CE8 		.ascii	"\341\217\234\350\255\327\223Q\221\3031&M@\364u\244\021"
 394      ADD79351 
ARM GAS  C:\Users\srich\AppData\Local\Temp\ccnzYVAs.s 			page 31


 394      91C33126 
 394      4D40F475 
 394      A411
 395 033f 3CDBAC21 		.ascii	"<\333\254!'\301i\237o*\322Hr\332]\217z\037\350\207\314"
 395      27C1699F 
 395      6F2AD248 
 395      72DA5D8F 
 395      7A1FE887 
 396 0354 F393432A 		.ascii	"\363\223C*}\212U\032<\367\036(\2506\340\362\242\242"
 396      7D8A551A 
 396      3CF71E28 
 396      A836E0F2 
 396      A2A2
 397 0366 D8F27A5A 		.ascii	"\330\362zZ\337u=dp\311\235&\370\262\245\323u]\203/a"
 397      DF753D64 
 397      70C99D26 
 397      F8B2A5D3 
 397      755D832F 
 398 037b 3039C35E 		.ascii	"09\303^\272=\316]\241\312\2058\377mE\224\263\270\020"
 398      BA3DCE5D 
 398      A1CA8538 
 398      FF6D4594 
 398      B3B810
 399 038e 9BE585B8 		.ascii	"\233\345\205\270\376LG\276A\330\303J\276\351bQ\206\020"
 399      FE4C47BE 
 399      41D8C34A 
 399      BEE96251 
 399      8610
 400 03a0 5E243A5D 		.ascii	"^$:]\335+\357wF\303TK\023_z\275\004G\221\226AY\034\355"
 400      DD2BEF77 
 400      46C3544B 
 400      135F7ABD 
 400      04479196 
 401 03b8 A32C728E 		.ascii	"\243,r\216\204\007\330\017\252\267\234\257d\357`#he"
 401      8407D80F 
 401      AAB79CAF 
 401      64EF6023 
 401      6865
 402 03ca D4CA0B4E 		.ascii	"\324\312\013Ny\364\203|\317\263\227=\256\326\354\300"
 402      79F4837C 
 402      CFB3973D 
 402      AED6ECC0 
 403 03da 7C2F22DF 		.ascii	"|/\"\337\0132_q\365\306\203\274\320\313\370fl\271>\021"
 403      0B325F71 
 403      F5C683BC 
 403      D0CBF866 
 403      6CB93E11 
 404 03ee E93A4FC1 		.ascii	"\351:O\301\024\020\335^\357\207\324\237\\R0\275$3\275"
 404      1410DD5E 
 404      EF87D49F 
 404      5C5230BD 
 404      2433BD
 405 0401 8C4CFBBF 		.ascii	"\214L\373\277\257k1\0142`L\333\227\255\3554\004\334"
 405      AF6B310C 
 405      32604CDB 
 405      97ADED34 
 405      04DC
ARM GAS  C:\Users\srich\AppData\Local\Temp\ccnzYVAs.s 			page 32


 406 0413 B9AE2081 		.ascii	"\271\256 \201\357e\002\327\266\354\236,,\027\330ri\336"
 406      EF6502D7 
 406      B6EC9E2C 
 406      2C17D872 
 406      69DE
 407 0425 DEAE0502 		.ascii	"\336\256\005\002\036\227\247\357\266\305\235!\016x\275"
 407      1E97A7EF 
 407      B6C59D21 
 407      0E78BD
 408 0434 E91A1C42 		.ascii	"\351\032\034B\332\024\034\332d\016W\221\303\375\272"
 408      DA141CDA 
 408      640E5791 
 408      C3FDBA
 409 0443 8E1761C2 		.ascii	"\216\027a\302Z\206Qw\256\267.\204\211\250\336*\213\240"
 409      5A865177 
 409      AEB72E84 
 409      89A8DE2A 
 409      8BA0
 410 0455 00D71400 		.ascii	"\000\327\024\000\327d\200v\0048rn\177>\221S\3134\234"
 410      D7648076 
 410      0438726E 
 410      7F3E9153 
 410      CB349C
 411 0468 BD9BD3E2 		.ascii	"\275\233\323\342\313\354u\226\331\272\316\266>M\300"
 411      CBEC7596 
 411      D9BACEB6 
 411      3E4DC0
 412 0477 CCFE0B85 		.ascii	"\314\376\013\205\335\220\205=\255\255\374V#\0243Vg+"
 412      DD90853D 
 412      ADADFC56 
 412      23143356 
 412      672B
 413 0489 1F66AA99 		.ascii	"\037f\252\231\262\366\343\012e0\206\334T\020\273)\023"
 413      B2F6E30A 
 413      653086DC 
 413      5410BB29 
 413      13
 414 049a F320B193 		.ascii	"\363 \261\223\233_\024\032\204*\206\261\276d\253\233"
 414      9B5F141A 
 414      842A86B1 
 414      BE64AB9B 
 415 04aa 208633AB 		.ascii	" \2063\253\202);\004\213\217B\334R@\334\222!:\020\242"
 415      82293B04 
 415      8B8F42DC 
 415      5240DC92 
 415      213A10A2 
 416 04be A96AF317 		.ascii	"\251j\363\027B\035\"\250nor\325\031H\344\2301\2722<"
 416      421D22A8 
 416      6E6F72D5 
 416      1948E498 
 416      31BA323C 
 417 04d2 FE66911F 		.ascii	"\376f\221\037`z\335\226\006\260_\001\274\357\373\220"
 417      607ADD96 
 417      06B05F01 
 417      BCEFFB90 
 418 04e2 7E80AE06 		.ascii	"~\200\256\006\237x\334u\347\211\302;\034\2310\206\274"
 418      9F78DC75 
ARM GAS  C:\Users\srich\AppData\Local\Temp\ccnzYVAs.s 			page 33


 418      E789C23B 
 418      1C993086 
 418      BC
 419 04f3 0BEBF70E 		.ascii	"\013\353\367\016\254Y\372\211#\235\240\377.\350\207"
 419      AC59FA89 
 419      239DA0FF 
 419      2EE887
 420 0502 501D6B7B 		.ascii	"P\035k{\262\202t\222w\346\233\274\367\036\252y\254\307"
 420      B2827492 
 420      77E69BBC 
 420      F71EAA79 
 420      ACC7
 421 0514 E32113E5 		.ascii	"\343!\023\345\365u<>+\340\376\370+j\236\351\350\373"
 421      F5753C3E 
 421      2BE0FEF8 
 421      2B6A9EE9 
 421      E8FB
 422 0526 498FE608 		.ascii	"I\217\346\010j^\352\310.\011\243\330\242\274\330\365"
 422      6A5EEAC8 
 422      2E09A3D8 
 422      A2BCD8F5 
 423 0536 3A45EE7F 		.ascii	":E\356\177D\364\361c\310}\006\236&\236\035P\215\314"
 423      44F4F163 
 423      C87D069E 
 423      269E1D50 
 423      8DCC
 424 0548 95B69E70 		.ascii	"\225\266\236p\202B\357\201\373\277\321\375\001\031)"
 424      8242EF81 
 424      FBBFD1FD 
 424      011929
 425 0557 0FA2DEDF 		.ascii	"\017\242\336\337mh\273\036\242\364\356z\235\367\335"
 425      6D68BB1E 
 425      A2F4EE7A 
 425      9DF7DD
 426 0566 BC75DD82 		.ascii	"\274u\335\202\320\300\2122\320?\260A-\034cFo\307m\257"
 426      D0C08A32 
 426      D03FB041 
 426      2D1C6346 
 426      6FC76DAF 
 427 057a 615C89D8 		.ascii	"a\\\211\330\352\364l\276\2351\313\235\352\304\345N\036"
 427      EAF46CBE 
 427      9D31CB9D 
 427      EAC4E54E 
 427      1E
 428 058b 9291E411 		.ascii	"\222\221\344\021\224\010\026\267\002\266\233\346\235"
 428      940816B7 
 428      02B69BE6 
 428      9D
 429 0598 94139E23 		.ascii	"\224\023\236#=d\034\014?t\260\357\204N\270\300\260V"
 429      3D641C0C 
 429      3F74B0EF 
 429      844EB8C0 
 429      B056
 430 05aa 657A4EE9 		.ascii	"ezN\351\204vf\310W\223\261C\257&c}W\223\246N\2614\214"
 430      847666C8 
 430      5793B143 
 430      AF26637D 
ARM GAS  C:\Users\srich\AppData\Local\Temp\ccnzYVAs.s 			page 34


 430      5793A64E 
 431 05c1 446261BB 		.ascii	"Dba\273[vu\314\201\203\222<\003\031?\3716\317\261\322"
 431      5B7675CC 
 431      8183923C 
 431      03193FF9 
 431      36CFB1D2 
 432 05d5 8563F8EB 		.ascii	"\205c\370\353K/\024i\254t}y\002/\237b&\371\343\003\007"
 432      4B2F1469 
 432      AC747D79 
 432      022F9F62 
 432      26F9E303 
 433 05ea 338202DE 		.ascii	"3\202\002\336y\372\207\031\204\0246\3278\027\245\001"
 433      79FA8719 
 433      841436D7 
 433      3817A501 
 434 05fa 853EA0F0 		.ascii	"\205>\240\360\330G\341\031\2218\320\017\212*\207\261"
 434      D847E119 
 434      9138D00F 
 434      8A2A87B1 
 435 060a 2A6FB872 		.ascii	"*o\270r\367\011\233\003<5W\254\334\355U\007.\372\200"
 435      F7099B03 
 435      3C3557AC 
 435      DCED5507 
 435      2EFA80
 436 061d 5CF477B1 		.ascii	"\\\364w\261\346E]\371\033\264R\025\235r\315\177\006"
 436      E6455DF9 
 436      1BB45215 
 436      9D72CD7F 
 436      06
 437 062e EFE7E8FD 		.ascii	"\357\347\350\375\002\253\210c\320\240iuW_Tc\364\017"
 437      02AB8863 
 437      D0A06975 
 437      575F5463 
 437      F40F
 438 0640 F08652EA 		.ascii	"\360\206R\352\271O0\272\032o(\313\366\357\017C3\030"
 438      B94F30BA 
 438      1A6F28CB 
 438      F6EF0F43 
 438      3318
 439 0652 CFEFB2EE 		.ascii	"\317\357\262\356\374\320\300dRy\211\214\310#\233\007"
 439      FCD0C064 
 439      5279898C 
 439      C8239B07 
 440 0662 E9F7AB83 		.ascii	"\351\367\253\203\375g\340Kp\367\242{\032?R\036\204\006"
 440      FD67E04B 
 440      70F7A27B 
 440      1A3F521E 
 440      8406
 441 0674 8CD8D9F2 		.ascii	"\214\330\331\362\354\263!\307\031\275\012\370\002\244"
 441      ECB321C7 
 441      19BD0AF8 
 441      02A4
 442 0682 F3789CD1 		.ascii	"\363x\234\321'8\237n9\375\027a{\020\316\216\326+\315"
 442      27389F6E 
 442      39FD1761 
 442      7B10CE8E 
 442      D62BCD
ARM GAS  C:\Users\srich\AppData\Local\Temp\ccnzYVAs.s 			page 35


 443 0695 4F79D818 		.ascii	"Oy\330\030\334N\327\201\212r2x\314|\204{C\006\357\333"
 443      DC4ED781 
 443      8A723278 
 443      CC7C847B 
 443      4306EFDB 
 444 06a9 1BA0CFB2 		.ascii	"\033\240\317\262\277\214\247{C\303\363\216K\252\200"
 444      BF8CA77B 
 444      43C3F38E 
 444      4BAA80
 445 06b8 FBD9729E 		.ascii	"\373\331r\236\356g\013\245\355\354\360\206\212\365Z"
 445      EE670BA5 
 445      EDECF086 
 445      8AF55A
 446 06c7 A18645DC 		.ascii	"\241\206E\334v\335{\203\036ln\227\353Em\327DED\030D"
 446      76DD7B83 
 446      1E6C6E97 
 446      EB456DD7 
 446      44454418 
 447 06dc BE5144FC 		.ascii	"\276QD\374F\216\230\211\021\357\\\352\021u\302C\206"
 447      468E9889 
 447      11EF5CEA 
 447      1175C243 
 447      86
 448 06ed 52FEA0B1 		.ascii	"R\376\240\261K\313P\372\366y~\357\207\222\245@\311\222"
 448      4BCB50FA 
 448      F6797EEF 
 448      8792A540 
 448      C992
 449 06ff 5156204A 		.ascii	"QV Jf\265\253Q\213\233s\337\340\361\330^\363\362\241"
 449      66B5AB51 
 449      8B9B73DF 
 449      E0F1D85E 
 449      F3F2A1
 450 0712 21A09655 		.ascii	"!\240\226U\250e%/\211y\351\311\021AL0\322(\271w5G'\034"
 450      A865252F 
 450      8979E9C9 
 450      11414C30 
 450      D228B977 
 451 072a 66C68393 		.ascii	"f\306\203\223/k\202\000\232dcHx\223\276\326\375\204"
 451      2F6B8200 
 451      9A646348 
 451      7893BED6 
 451      FD84
 452 073c 20CBEEE2 		.ascii	" \313\356\342\206m\237\254\331\265\\\304\275\227\024"
 452      866D9FAC 
 452      D9B55CC4 
 452      BD9714
 453 074b BB735514 		.ascii	"\273sU\024\230\254\226\231\222\034\010@MF6\027\311\326"
 453      98AC9699 
 453      921C0840 
 453      4D463617 
 453      C9D6
 454 075d 5D5B53A8 		.ascii	"][S\250\027V\253\021\376e]\376\317<\003{Q\273\177\322"
 454      1756AB11 
 454      FE655DFE 
 454      CF3C037B 
 454      51BB7FD2 
ARM GAS  C:\Users\srich\AppData\Local\Temp\ccnzYVAs.s 			page 36


 455 0771 8E3D223B 		.ascii	"\216=\";\013Hj\006A\325k\024\252\327\310@y\010T\324"
 455      0B486A06 
 455      41D56B14 
 455      AAD7C840 
 455      790854D4 
 456 0785 7AE39E4A 		.ascii	"z\343\236J(\224\200\322[o\006\311\271s\376\321/wk\025"
 456      289480D2 
 456      5B6F06C9 
 456      B973FED1 
 456      2F776B15 
 457 0799 286B6594 		.ascii	"(ke\224o\021e]\343\246<v+\027\021\250\315\223v:\004"
 457      6F11655D 
 457      E3A63C76 
 457      2B1711A8 
 457      CD93763A 
 458 07ae 6739DD47 		.ascii	"g9\335G\310\215\266\264\342\340\300\263|\275<\313\363"
 458      C88DB6B4 
 458      E2E0C0B3 
 458      7CBD3CCB 
 458      F3
 459 07bf D92C3F5A 		.ascii	"\331,?Zs\341\241\306\177\226\257\343\331>\314\221\002"
 459      73E1A1C6 
 459      7F96AFE3 
 459      D93ECC91 
 459      02
 460 07d0 9CE53808 		.ascii	"\234\3458\010\367\264+\365\351*\377}6\240wsw\347\243"
 460      F7B42BF5 
 460      E92AFF7D 
 460      36A07773 
 460      77E7A3
 461 07e3 20612BD3 		.ascii	" a+\323[\262\246\360m\334Y\341&\365\370\235\324\\\017"
 461      5BB2A6F0 
 461      6DDC59E1 
 461      26F5F89D 
 461      D45C0F
 462 07f6 20D0939D 		.ascii	" \320\223\235\024\362lo\205\353\210\002j\003?\270\267"
 462      14F26C6F 
 462      85EB8802 
 462      6A033FB8 
 462      B7
 463 0807 6EE4E9DE 		.ascii	"n\344\351\336\2721\367B!\333h\342\360\037\256=\316\023"
 463      BA31F742 
 463      21DB68E2 
 463      F01FAE3D 
 463      CE13
 464 0819 1A541D8A 		.ascii	"\032T\035\212+\377q\325sU`\325E\262\352:v\2724\347\034"
 464      2BFF71D5 
 464      735560D5 
 464      45B2EA3A 
 464      76BA34E7 
 465 082e 6FD3FBAB 		.ascii	"o\323\373\253\336\004\3017\363\324\275\030u\024\311"
 465      DE04C137 
 465      F3D4BD18 
 465      7514C9
 466 083d 3AAABA6A 		.ascii	":\252\272jw\361\376\252\003z_Lm[\026*\3240\325\336\354"
 466      77F1FEAA 
 466      037A5F4C 
ARM GAS  C:\Users\srich\AppData\Local\Temp\ccnzYVAs.s 			page 37


 466      6D5B162A 
 466      D430D5DE 
 467 0852 FDEBD428 		.ascii	"\375\353\324(\3339P*\252\012\304\014\217\327\373[\342"
 467      DB39502A 
 467      AA0AC40C 
 467      8FD7FB5B 
 467      E2
 468 0863 9434C3F5 		.ascii	"\2244\303\365G\001T\342\323\274\0055\377\220\273m\027"
 468      470154E2 
 468      D3BC0535 
 468      FF90BB6D 
 468      17
 469 0874 3B4243F0 		.ascii	";BC\360_\342\236\242\327m`e\262\310RV\332\223\227SO"
 469      5FE29EA2 
 469      D76D6065 
 469      B2C85256 
 469      DA939753 
 470 0889 68FD45FA 		.ascii	"h\375E\372\376\345\330\212\264\313d\332\345\027z\213"
 470      FEE5D88A 
 470      B4CB64DA 
 470      E5177A8B 
 471 0899 83FC4506 		.ascii	"\203\374E\006\364\336\276~\323E\275p\230\211\274s\177"
 471      F4DEBE7E 
 471      D345BD70 
 471      9889BC73 
 471      7F
 472 08aa 63762813 		.ascii	"cv(\023ys\253Od\271$\022nB\012\240\012\237\310m\374"
 472      7973AB4F 
 472      64B92412 
 472      6E420AA0 
 472      0A9FC86D 
 473 08bf 382ED81E 		.ascii	"8.\330\036\377O\213\311\021\374\347\317>\017\377\230"
 473      FF4F8BC9 
 473      11FCE7CF 
 473      3E0FFF98 
 474 08cf 8B35CF34 		.ascii	"\2135\3174\232\343\342\027\305\333\035)\261\361V\243"
 474      9AE3E217 
 474      C5DB1D29 
 474      B1F156A3 
 475 08df C36A4DB0 		.ascii	"\303jM\260\033\227$\245\204c/<\306\226\030nI\\d\211"
 475      1B9724A5 
 475      84632F3C 
 475      C696186E 
 475      495C6489 
 476 08f3 8DB5C41A 		.ascii	"\215\265\304\032\337\2334#|J\364\344i\177\237jL\210"
 476      DF9B3423 
 476      7C4AF4E4 
 476      697F9F6A 
 476      4C88
 477 0905 5F645C62 		.ascii	"_d\\b6\033\341\373\304$k\222e\242%fQ<u\2304\325\030"
 477      361BE1FB 
 477      C4246B92 
 477      65A22566 
 477      513C7598 
 478 091c 9F644E48 		.ascii	"\237dNH\211\265\030\355\016\030\265xR\034\247O\264$"
 478      89B518ED 
 478      0E18B578 
ARM GAS  C:\Users\srich\AppData\Local\Temp\ccnzYVAs.s 			page 38


 478      521CA74F 
 478      B424
 479 092e 2EB13816 		.ascii	".\2618\026\247$\231M\216\367\374\"b\337j\237<}\262\321"
 479      A724994D 
 479      8EF7FC22 
 479      62DF6A9F 
 479      3C7DB2D1 
 480 0942 6A37DA1C 		.ascii	"j7\332\034\203\303\315q0\314l\265Y\000!\024\272V\333"
 480      83C3CD71 
 480      30CC6CB5 
 480      59002114 
 480      BA56DB
 481 0955 52533290 		.ascii	"RS2\22029B\360\021g\211\211\265\330\324\311q\246$\313"
 481      323942F0 
 481      11678989 
 481      B5D8D4C9 
 481      71A624CB 
 482 0969 D78E69FF 		.ascii	"\327\216i\377\025,\005\260\003\256:1\031G\207\301\323"
 482      152C05B0 
 482      03AE3A31 
 482      194787C1 
 482      D3
 483 097a BAE86F16 		.ascii	"\272\350o\026\263\303D\323\023\002f\262\315\372U<\004"
 483      B3C344D3 
 483      130266B2 
 483      CDFA553C 
 483      04
 484 098b 18618E9B 		.ascii	"\030a\216\233\017\336\363\360\353\334\244x\307\024\363"
 484      0FDEF3F0 
 484      EBDCA478 
 484      C714F3
 485 099a CCA88F29 		.ascii	"\314\250\217)\372\002\214\024\345\213\024\025e\265G"
 485      FA028C14 
 485      E58B1415 
 485      65B547
 486 09a9 D91C5176 		.ascii	"\331\034Qv\2339J\021\306\314\031\030\306\247\326\230"
 486      9B394A11 
 486      C6CC1918 
 486      C6A7D698 
 487 09b9 D8D9365B 		.ascii	"\330\3316[\314R=\263g'$X\315sC\024\206\324\377\304f"
 487      CC523DB3 
 487      67272458 
 487      CD734314 
 487      86D4FFC4 
 488 09ce B1CCD5F9 		.ascii	"\261\314\325\371\372*s\\\214Mc2a\006M\241rg\322\264"
 488      FA2A735C 
 488      8C4D6332 
 488      61064DA1 
 488      7267D2B4 
 489 09e2 19D3A76B 		.ascii	"\031\323\247kR\342\223\034S\247\230\034:\223I\356.\376"
 489      52E2931C 
 489      53A7981C 
 489      3A9349EE 
 489      2EFE
 490 09f4 1FAB3AB4 		.ascii	"\037\253:\264\232r\306\022c\000+\311b4A5cR\022\034&"
 490      9A72C612 
 490      63002BC9 
ARM GAS  C:\Users\srich\AppData\Local\Temp\ccnzYVAs.s 			page 39


 490      62344135 
 490      6352121C 
 491 0a09 C7D2640B 		.ascii	"\307\322d\013\315\336\302\377k\030\373R\273\321\004"
 491      CDDEC2FF 
 491      6B18FB52 
 491      BBD104
 492 0a18 73063400 		.ascii	"s\0064\000\266V\312Jl,\364\026,\265\177j5\177\031\375"
 492      B656CA4A 
 492      6C2CF416 
 492      2CB57F6A 
 492      357F19FD 
 493 0a2c CB6B0C60 		.ascii	"\313k\014`\024$\331js\230 \257_\316|\323P\352i\247\314"
 493      1424D96A 
 493      739820AF 
 493      5FCE7CD3 
 493      50EA69A7 
 494 0a41 CC895FC3 		.ascii	"\314\211_\303W:\357L_\275\237H\347\236\311d\2678L\037"
 494      573AEF4C 
 494      5FBD9F48 
 494      E79EC964 
 494      B7384C1F 
 495 0a55 CD5EF0A7 		.ascii	"\315^\360\247\371\177\235\033\032\223\360\217\230\245"
 495      F97F9D1B 
 495      1A93F08F 
 495      98A5
 496 0a63 76537C52 		.ascii	"vS|R\002\344\344\017\257\205\205\211e4'\332\343\355"
 496      02E4E40F 
 496      AF858589 
 496      653427DA 
 496      E3ED
 497 0a75 3E6214D6 		.ascii	">b\024\326\234H\313\007\310!\250\354\363$J0\004\251"
 497      9C48CB07 
 497      C821A8EC 
 497      F3244A30 
 497      04A9
 498 0a87 A6605F59 		.ascii	"\246`_Y\340\367\247(\255\017\242\225\326\214\350\377"
 498      E0F7A728 
 498      AD0FA295 
 498      D68CE8FF 
 499 0a97 006D8F75 		.ascii	"\000m\217u\013"
 499      0B
 500              		.text
 501              		.section	.gnu.lto_.symtab.b66e1292,"",%progbits
 502 0000 6368506F 		.ascii	"chPoolObjectInit\000\000\000\000\000\000\000\000\000"
 502      6F6C4F62 
 502      6A656374 
 502      496E6974 
 502      00000000 
 503 0019 000000CF 		.ascii	"\000\000\000\317\000\000\000chPoolLoadArray\000\000"
 503      00000063 
 503      68506F6F 
 503      6C4C6F61 
 503      64417272 
 504 0031 00000000 		.ascii	"\000\000\000\000\000\000\000\000\000\000\325\000\000"
 504      00000000 
 504      0000D500 
 504      00
ARM GAS  C:\Users\srich\AppData\Local\Temp\ccnzYVAs.s 			page 40


 505 003e 00636850 		.ascii	"\000chPoolAllocI\000\000\000\000\000\000\000\000\000"
 505      6F6F6C41 
 505      6C6C6F63 
 505      49000000 
 505      00000000 
 506 0054 000000D9 		.ascii	"\000\000\000\331\000\000\000chPoolAlloc\000\000\000"
 506      00000063 
 506      68506F6F 
 506      6C416C6C 
 506      6F630000 
 507 0069 00000000 		.ascii	"\000\000\000\000\000\000\000\000\000\333\000\000\000"
 507      00000000 
 507      00DB0000 
 507      00
 508 0076 6368506F 		.ascii	"chPoolFreeI\000\000\000\000\000\000\000\000\000\000"
 508      6F6C4672 
 508      65654900 
 508      00000000 
 508      00000000 
 509 008b 0000E000 		.ascii	"\000\000\340\000\000\000chPoolFree\000\000\000\000\000"
 509      00006368 
 509      506F6F6C 
 509      46726565 
 509      00000000 
 510 00a0 00000000 		.ascii	"\000\000\000\000\000\000\000\342\000\000\000"
 510      000000E2 
 510      000000
 511              		.text
 512              		.section	.gnu.lto_.opts,"",%progbits
 513 0000 272D666E 		.ascii	"'-fno-trapv' '-mcpu=cortex-m3' '-mno-thumb-interwor"
 513      6F2D7472 
 513      61707627 
 513      20272D6D 
 513      6370753D 
 514 0033 6B272027 		.ascii	"k' '-mthumb' '-ggdb' '-O2' '-fomit-frame-pointer' '"
 514      2D6D7468 
 514      756D6227 
 514      20272D67 
 514      67646227 
 515 0066 2D66616C 		.ascii	"-falign-functions=16' '-ffunction-sections' '-fdata"
 515      69676E2D 
 515      66756E63 
 515      74696F6E 
 515      733D3136 
 516 0099 2D736563 		.ascii	"-sections' '-fno-common' '-flto'\000"
 516      74696F6E 
 516      73272027 
 516      2D666E6F 
 516      2D636F6D 
 517              		.text
 518              		.comm	__gnu_lto_v1,1,1
 519              		.comm	__gnu_lto_slim,1,1
 520              		.ident	"GCC: (GNU Tools for ARM Embedded Processors) 4.9.3 20150529 (release) [ARM/embedded-4_9-br
ARM GAS  C:\Users\srich\AppData\Local\Temp\ccnzYVAs.s 			page 41


DEFINED SYMBOLS
                            *ABS*:00000000 chmempools.c
                            *COM*:00000001 __gnu_lto_v1
                            *COM*:00000001 __gnu_lto_slim

NO UNDEFINED SYMBOLS
