ARM GAS  C:\Users\srich\AppData\Local\Temp\ccyNcnSh.s 			page 1


   1              		.syntax unified
   2              		.cpu cortex-m3
   3              		.fpu softvfp
   4              		.eabi_attribute 20, 1
   5              		.eabi_attribute 21, 1
   6              		.eabi_attribute 23, 3
   7              		.eabi_attribute 24, 1
   8              		.eabi_attribute 25, 1
   9              		.eabi_attribute 26, 1
  10              		.eabi_attribute 30, 2
  11              		.eabi_attribute 34, 1
  12              		.eabi_attribute 18, 4
  13              		.thumb
  14              		.file	"chmemcore.c"
  15              		.text
  16              	.Ltext0:
  17              		.section	.gnu.lto_.profile.b66e16c8,"",%progbits
  18 0000 789C6366 		.ascii	"x\234cf```a\200\000F\006\025\005\000\000\334\000M"
  18      60606061 
  18      80004606 
  18      15050000 
  18      DC004D
  19              		.text
  20              		.section	.gnu.lto_.jmpfuncs.b66e16c8,"",%progbits
  21 0000 789C6366 		.ascii	"x\234cf\300\016\204\2404\013\020\263222\326\263\201"
  21      C00E84A0 
  21      340B10B3 
  21      323232D6 
  21      B381
  22 0012 0876200F 		.ascii	"\010v \017\000\013&\0010"
  22      000B2601 
  22      30
  23              		.text
  24              		.section	.gnu.lto_.inline.b66e16c8,"",%progbits
  25 0000 789C6366 		.ascii	"x\234cf\300\016\022\2414\013\003\003+\013#\003\023\313"
  25      C00E12A1 
  25      340B0303 
  25      2B0B2303 
  25      13CB
  26 0012 027906B6 		.ascii	"\002y\006\266\005\362L 1V\006>^FF\006F\006\006f\241"
  26      05F24C20 
  26      3156063E 
  26      5E464606 
  26      46060666 
  27 0027 039D8C10 		.ascii	"\003\235\214\020q\240\002\026\220$\033\003\0177T\222"
  27      71A00216 
  27      90241B03 
  27      0F375492 
  28 0037 6F4116AA 		.ascii	"oA\026\252\034;\003\033+\320,\266\017zp\263\030\000"
  28      1C3B031B 
  28      2BD02CB6 
  28      0F7A70B3 
  28      1800
  29 0049 DFC109D8 		.ascii	"\337\301\011\330"
  30              		.text
  31              		.section	.gnu.lto_.pureconst.b66e16c8,"",%progbits
  32 0000 789C6366 		.ascii	"x\234cf``\340d\200\000\026\006\011V+6\011v\026\000\003"
ARM GAS  C:\Users\srich\AppData\Local\Temp\ccyNcnSh.s 			page 2


  32      6060E064 
  32      80001606 
  32      09562B36 
  32      09761600 
  33 0015 6B0091   		.ascii	"k\000\221"
  34              		.text
  35              		.section	.gnu.lto__core_init.b66e16c8,"",%progbits
  36 0000 789C7552 		.ascii	"x\234uRMK\033Q\024\275\347\316\230L\010\242\270\012"
  36      4D4B1B51 
  36      14BDE7CE 
  36      984C08A2 
  36      B80A
  37 0012 F903D939 		.ascii	"\371\003\3319\004\301E\267\205\376\201.\272s\341(4\013"
  37      04C145B7 
  37      85FE812E 
  37      BA73E128 
  37      340B
  38 0024 49497423 		.ascii	"IIt#\004'6EWE\334T\324\012\"\245Z\277\332j\3536\277"
  38      04273645 
  38      5745DC54 
  38      D40A22A5 
  38      5ABFDA6A 
  39 003b 4011178A 		.ascii	"@\021\027\212\340g\247\242Xj\305\205\3066\214\367\316"
  39      E067A7A2 
  39      586AC585 
  39      C6368CF7 
  39      CE
  40 004c D816DB38 		.ascii	"\330\026\3338\360\356\273\357\276s?\316yc\320\377_R"
  40      F0EEBBEF 
  40      BE733FCE 
  40      7963D0FF 
  40      5F52
  41 005e 562F13B5 		.ascii	"V/\023\265\310\016\203\300C\253DE\213\001u\010\324\307"
  41      C80E83C0 
  41      43AB4445 
  41      8B017508 
  41      D4C7
  42 0070 E8C3099F 		.ascii	"\350\303\011\2373\206\312\263#\361\324\033\327u\177"
  42      3386CAB3 
  42      23F1D41B 
  42      D7757F
  43 007f 1C2E255E 		.ascii	"\034.%^$*\222v\301a\031\274E\212\004s^\252n\306#%\301"
  43      242A9276 
  43      C16119BC 
  43      458A0473 
  43      5EAA6EC6 
  44 0096 34867798 		.ascii	"4\206w\230F\004\262/6\225]\337\377\362\352\327\212\031"
  44      4604B22F 
  44      36955DDF 
  44      FFF2EAD7 
  44      8A19
  45 00a8 075518AC 		.ascii	"\007U\030\254\306Pc\212\341\250z\226\232\230\036\211"
  45      C650638A 
  45      E1A87A96 
  45      9A981E89 
  46 00b8 3C593AC2 		.ascii	"<Y:\302W9\310nl\243\177w\340h\364\231\026\274\224F\214"
  46      5739C86E 
ARM GAS  C:\Users\srich\AppData\Local\Temp\ccyNcnSh.s 			page 3


  46      6CA37F77 
  46      E068F499 
  46      16BC9446 
  47 00cd 898D970B 		.ascii	"\211\215\227\013\\\370\351\016\272V\205\215\252v\223"
  47      5CF8E90E 
  47      BA56858D 
  47      AA7693
  48 00dc E89EB7B6 		.ascii	"\350\236\267\266n\035\263D\202\343t\2614\216\327\030"
  48      6E1DB344 
  48      82E374B1 
  48      348ED718 
  49 00ec 2BBA8A32 		.ascii	"+\272\21221\203\002\336!\031\334\355x\327O$_\2631+ "
  49      318302DE 
  49      2119DCED 
  49      78D74F24 
  49      5FB3312B 
  50 0101 99760E05 		.ascii	"\231v\016\005\332\306\363\341H\330\206\303N\227S\373"
  50      DAC6F3E1 
  50      48D886C3 
  50      4E9753FB 
  51 0111 A7D09A88 		.ascii	"\247\320\232\210\022\346%[ W\267\020CP\002\2718:\233"
  51      12E6255B 
  51      2057B710 
  51      435002B9 
  51      383A9B
  52 0124 3103C895 		.ascii	"1\003\310\225\357\373\015\204\205\000\326\2775\360\015"
  52      EFFB0D84 
  52      8500D6BF 
  52      35F00D
  53 0133 21D014AC 		.ascii	"!\320\024\254F\206\017\3525\360/\201\272*\343.\201\272"
  53      46860FEA 
  53      35F02F81 
  53      BA2AE32E 
  53      81BA
  54 0145 1A04188B 		.ascii	"\032\004\030\213B\340\275\022\300\007\011KY\012\224"
  54      42E0BD12 
  54      C007094B 
  54      590A94
  55 0154 F93EDA16 		.ascii	"\371>\332\026\266\211\326P\206kJ\361\361\036)\226B)"
  55      B689D650 
  55      866B4AF1 
  55      F11E2996 
  55      4229
  56 0166 9643297E 		.ascii	"\226C)~\363\264\244\364_R\336-\251\230\\\004\244&\357"
  56      F3B4A4F4 
  56      5F52DE2D 
  56      A9985C04 
  56      A426EF
  57 0179 2355EB19 		.ascii	"#U\353\031\030\237\376\260\370\034\260\210\321.\212"
  57      189FFEB0 
  57      F81CB088 
  57      D12E8A
  58 0188 65FF9116 		.ascii	"e\377\221\026\321\377\311\0231\344\325e\360\264\363"
  58      D1FFC913 
  58      31E4D565 
  58      F0B4F3
  59 0197 C07EF834 		.ascii	"\300~\3704\323\236y\334\335\323\221\311\332\216\372"
ARM GAS  C:\Users\srich\AppData\Local\Temp\ccyNcnSh.s 			page 4


  59      D39E79DC 
  59      DDD391C9 
  59      DA8EFA
  60 01a6 D97CBA35 		.ascii	"\331|\2725m\333\331\274\235\353\266\3639G\242]\235]"
  60      6DDBD9BC 
  60      9DEBB6F3 
  60      3947A25D 
  60      9D5D
  61 01b8 4E36D7D9 		.ascii	"N6\327\331\354\320\015\001\202\360\344"
  61      ECD00D01 
  61      82F0E4
  62              		.text
  63              		.section	.gnu.lto_chCoreAlloc.b66e16c8,"",%progbits
  64 0000 789C9554 		.ascii	"x\234\225TmlSe\024~\317{o\357\355\272\262M\343\257\375"
  64      6D6C5365 
  64      147ECF7B 
  64      6FEFEDBA 
  64      B24DE3AF 
  65 0015 599365D9 		.ascii	"Y\223e\331\037C\267\204`\230\032M\374\303\037\377\310"
  65      1F43B784 
  65      60981A4D 
  65      FCC31FFF 
  65      C8
  66 0026 DF26665C 		.ascii	"\337&f\\j\326\204\322\245\267#\200!\334v\335&\361#\246"
  66      6AD684D2 
  66      A5B72380 
  66      21DC76DD 
  66      26F123A6 
  67 003a 60A80A0A 		.ascii	"`\250\012\012\331\0267\301! \012\205a\345\243\373\200"
  67      D91637C1 
  67      21200A85 
  67      61E5A3FB 
  67      80
  68 004b 8DC10089 		.ascii	"\215\301\000\211\303Qe[0\240\0166\334*\037\327s\336"
  68      C351655B 
  68      30A00E36 
  68      DC2A1FD7 
  68      73DE
  69 005d 4B2B2B55 		.ascii	"K++U\361&\267}\337s\316s\316y\237\363>Wb\217?K\360]"
  69      F126B77D 
  69      DF73CE73 
  69      CE799FF3 
  69      3E57628F 
  70 0075 AE30A600 		.ascii	"\2560\246\000c`c\300\337\037f,l\347\\\276\2562\303!"
  70      636063C0 
  70      DF1F662C 
  70      6CE75CBE 
  70      AE32C321 
  71 0089 75A51833 		.ascii	"u\245\0303\234\022\310\226]\006\240\005\003\266\211"
  71      9C12C896 
  71      5D06A005 
  71      03B689
  72 0098 4B326C82 		.ascii	"K2l\202_\370-\016\207{f\207\212\257\363\014g.\206\333"
  72      5FF82D0E 
  72      877B6687 
  72      8AAFF30C 
  72      672E86DB 
ARM GAS  C:\Users\srich\AppData\Local\Temp\ccyNcnSh.s 			page 5


  73 00ac 44AC3FAE 		.ascii	"D\254?\256\320\026d\332\306R\211i[u\247aD\246\317\037"
  73      D01664DA 
  73      C6528969 
  73      5B75A761 
  73      44A6CF1F 
  74 00c0 B9E26C59 		.ascii	"\271\342lY\236\341\234\315p\006\237A9tA9\245\353\206"
  74      9EE19CCD 
  74      70069F41 
  74      39744139 
  74      A5EB86
  75 00d3 6A8C1C19 		.ascii	"j\214\034\031\010\217\225JK\200P\263\277\237\270\354"
  75      088F954A 
  75      4B8050B3 
  75      BF9FB8EC 
  76 00e3 AC6A4754 		.ascii	"\254jGT2\261\337xY\316p\011>\007\351Q\034\232\030\354"
  76      32B1DF78 
  76      59CE7009 
  76      3E07E951 
  76      1C9A18EC 
  77 00f7 862A0A9F 		.ascii	"\206*\012\237\357\332\334\313\245e\002z\355\334\226"
  77      EFDADCCB 
  77      A565027A 
  77      EDDC96
  78 0106 4F9D95BB 		.ascii	"O\235\225\273\020\232\036oO9\215~#\2326\315\012,\013"
  78      109A1E6F 
  78      4F398D7E 
  78      239A36CD 
  78      0A2C0B
  79 0119 7B1666B0 		.ascii	"{\026f\260\036\204\334\212\336\377\276X\211\032\206"
  79      1E84DC8A 
  79      DEFFBE58 
  79      891A86
  80 0128 51065F40 		.ascii	"Q\006_@%\265\207]\365\200\240\005\375\023\307\367\374"
  80      25B5875D 
  80      F580A005 
  80      FD13C7F7 
  80      FC
  81 0139 E6B052FE 		.ascii	"\346\260R\376x\315\233\214\3564\036\230&\024\350\311"
  81      78CD9B8C 
  81      EE341E98 
  81      2614E8C9 
  82 0149 7A602F54 		.ascii	"z`/T\356}:i\230f{\307\225^\371)\216\275\312\022P\263"
  82      EE7D3A69 
  82      98667BC7 
  82      955EF929 
  82      8EBDCA12 
  83 015f 8A70AA68 		.ascii	"\212p\252h\260\331\361G)\242\225\203V\305\364\343\244"
  83      B0D9F147 
  83      29A29583 
  83      56C5F4E3 
  83      A4
  84 0170 C845642B 		.ascii	"\310Ed+a\304\023\233\300\227(\237\304\015\376K\227 "
  84      61C4139B 
  84      C097289F 
  84      C40DFE4B 
  84      9720
  85 0182 52461DCF 		.ascii	"RF\035\317\3546\266J\322\363\342\3007.\354\352\264\272"
ARM GAS  C:\Users\srich\AppData\Local\Temp\ccyNcnSh.s 			page 6


  85      EC36B64A 
  85      D2F3E2C0 
  85      372EECEA 
  85      B4BA
  86 0194 9BDEDC3C 		.ascii	"\233\336\334<\245\305\232\215\016\\\232/\341\221U\370"
  86      A5C59A8D 
  86      0E5C9A2F 
  86      E19155F8 
  87 01a4 B26083FB 		.ascii	"\262`\203\373\240\022\201?\275{\347\000\320\244T\027"
  87      A012813F 
  87      BD7BE700 
  87      D0A45417 
  88 01b4 83FDE81D 		.ascii	"\203\375\350\035\203\310\317\231\266\251\270\262\200"
  88      83C8CF99 
  88      B6A9B8B2 
  88      80
  89 01c1 93747483 		.ascii	"\223tt\203 c\206\303B\262\322\263o\217\343\2459@.\236"
  89      206386C3 
  89      42B2D2B3 
  89      6F8FE3A5 
  89      39402E9E 
  90 01d5 E78AB55E 		.ascii	"\347\212\265^P\251\014\203\257\310-\345\321\314\340"
  90      50A90C83 
  90      AFC82DE5 
  90      D1CCE0
  91 01e4 20E0BD83 		.ascii	" \340\275\203\257\211c`7\210\345\2537\347\267H\025\367"
  91      AF896360 
  91      3788E5AB 
  91      37E7B748 
  91      15F7
  92 01f6 60871177 		.ascii	"`\207\021we\270\235\020\037\214\335\015;d\344\000\276"
  92      65B89D10 
  92      1F8CDD0D 
  92      3B64E400 
  92      BE
  93 0207 810A31AA 		.ascii	"\201\0121\252\217Z\266}\350D\013\034\002Y\364\314\340"
  93      8F5AB67D 
  93      E8440B1C 
  93      0259F4CC 
  93      E0
  94 0218 30C8E818 		.ascii	"0\310\350\030l\333\371\207\\a>D\027Q\354\310\315T\242"
  94      6CDBF987 
  94      5C613E44 
  94      1751ECC8 
  94      CD54A2
  95 022b 48A01384 		.ascii	"H\240\023\204\206#x#\005\2014\2039\354\351\007h\216"
  95      86237823 
  95      05813483 
  95      39ECE907 
  95      688E
  96 023d B56E8B9F 		.ascii	"\265n\213\237R\026^\233w:\377\357\265I\216\366qJ\372"
  96      52165E9B 
  96      773AFFEF 
  96      B5498EF6 
  96      714AFA
  97 0250 902739FF 		.ascii	"\220'9\377R\035%W\2578\3611P\3468\307\352\0302w\257"
  97      521D2557 
ARM GAS  C:\Users\srich\AppData\Local\Temp\ccyNcnSh.s 			page 7


  97      AF38F131 
  97      50E638C7 
  97      EA183277 
  98 0265 AFA59406 		.ascii	"\257\245\224\006 \251\014\276\305\324\330\320|k\252"
  98      20A90CBE 
  98      C5D4D8D0 
  98      7C6BAA
  99 0274 BBC68AA2 		.ascii	"\273\306\212\242@\214:\0309\364\247MD\315\233\246Y\312"
  99      408C3A18 
  99      39F4A74D 
  99      44CD9BA6 
  99      59CA
 100 0286 20899197 		.ascii	" \211\221\227\200S\220u\022\005\201\221\330\276\241"
 100      80539075 
 100      12058191 
 100      D8BEA1
 101 0295 DB360BA8 		.ascii	"\3336\013\250\"\352\223\321\367z\370\306\273\306[\206"
 101      22EA93D1 
 101      F77AF8C6 
 101      BBC65B86 
 102 02a5 3DC31DF7 		.ascii	"=\303\035\367\271\325\362\325\211\263\347\354\224\313"
 102      B9D5F2D5 
 102      89B3E7EC 
 102      94CB
 103 02b3 21B65DE1 		.ascii	"!\266]\341\350v\330\001\037\207\015\212\262\301w\260"
 103      E876D801 
 103      1F870D8A 
 103      B2C177B0 
 104 02c3 118E0B52 		.ascii	"\021\216\013RO\240\231\262^V\255\224v\314*\252\200\265"
 104      4FA099B2 
 104      5E56AD94 
 104      76CC2AAA 
 104      80B5
 105 02d5 2F2A5002 		.ascii	"/*P\002\012\346<\231\313y*/\247\003\323\320\221\267"
 105      0AE63C99 
 105      CB792A2F 
 105      A703D3D0 
 105      91B7
 106 02e7 2AD6BE58 		.ascii	"*\326\276X\224qP\310x\333\013\226\315\211fv\021\242"
 106      947150C8 
 106      78DB0B96 
 106      CD896676 
 106      11A2
 107 02f9 C3CDE539 		.ascii	"\303\315\3459R\234b\000\2238@\374>\221$\222\275\203"
 107      529C6200 
 107      933840FC 
 107      3E912492 
 107      BD83
 108 030b 161B4789 		.ascii	"\026\033G\211\015\2213\336\372\240{\251\205X\204\246"
 108      0D9133DE 
 108      FAA07BA9 
 108      855884A6 
 109 031b 2C47A2FB 		.ascii	",G\242\373'n=\225k\275\017\315\230I\224\225\263J\024"
 109      276E3D95 
 109      6BBD0FCD 
 109      98499495 
 109      B34A14
ARM GAS  C:\Users\srich\AppData\Local\Temp\ccyNcnSh.s 			page 8


 110 032e 53A7AF04 		.ascii	"S\247\257\004}3XV\232\013\344x\373\211\344\330/\344"
 110      7D335856 
 110      9A0BE478 
 110      FB89E4D8 
 110      2FE4
 111 0340 989B8D8A 		.ascii	"\230\233\215\212\246\201\177\226\343\311\254\034m\217"
 111      A6817F96 
 111      E3C9AC1C 
 111      6D8F
 112 034e 896A90AE 		.ascii	"\211j\220\256X\236FO\337A\215\236\246x%_\243\251I\225"
 112      589E464F 
 112      DF418D9E 
 112      A678255F 
 112      A3A94995 
 113 0362 6A333853 		.ascii	"j38SX\243C\342\306\016?\242\321\216_\323\011%+\277\001"
 113      58A343E2 
 113      C60E3FA2 
 113      D18E5FD3 
 113      09252BBF 
 114 0377 41CD5921 		.ascii	"A\315Y!\277|\255\215\240\326\306!\234\216\276I\275\316"
 114      BF7CAD8D 
 114      A0D6C621 
 114      9C8EBE49 
 114      BDCE
 115 0389 F112C6A6 		.ascii	"\361\022\306\246\240\004\252\313\371\231\321gp \322"
 115      A004AACB 
 115      F999D167 
 115      7020D2
 116 0398 F68B4EFC 		.ascii	"\366\213N\374\272\001q\211\250Z\255\316\375J\203o\245"
 116      BA017189 
 116      A85AADCE 
 116      FD4A836F 
 116      A5
 117 03a9 6F45A869 		.ascii	"oE\250i\225/\340\326h\035\320k\227\326\272\335\001\335"
 117      952FE0D6 
 117      681DD06B 
 117      97D6BADD 
 117      01DD
 118 03bb 1D0CB9F5 		.ascii	"\035\014\271\365\240\206V\277\327\257\005\202\336\305"
 118      A08656BF 
 118      D7AF0582 
 118      DEC5
 119 03c9 1A9375DF 		.ascii	"\032\223u\337\006/4\332\326\326\257n\362\326iu\036\001"
 119      062F34DA 
 119      D6D6AF6E 
 119      F2D66975 
 119      1E01
 120 03db D105DCF3 		.ascii	"\321\005\334\3637\334\023\320=\301\220\2471\020\014"
 120      37DC13D0 
 120      3DC190A7 
 120      31100C
 121 03ea E99EFAA0 		.ascii	"\351\236\372\240_\363\257C/\345x}\355s\376\305\015\354"
 121      5FF3AF43 
 121      2FE5787D 
 121      ED73FEC5 
 121      0DEC
 122 03fc C57F857A 		.ascii	"\305\177\205z\327\205<\232_\367\351\036\337\032mu\323"
ARM GAS  C:\Users\srich\AppData\Local\Temp\ccyNcnSh.s 			page 9


 122      D7853C9A 
 122      5FF7E91E 
 122      DF1A6D75 
 122      D3
 123 040d 2AAF4740 		.ascii	"*\257G@5\377\033Mk4D\327\374W\341\034\254A_\257#\240"
 123      35FF1B4D 
 123      6B3444D7 
 123      FC57E11C 
 123      AC415FAF 
 124 0423 ECD515AF 		.ascii	"\354\325\025\257\271V\326\353\336\306\240\357YWU\015"
 124      B956D6EB 
 124      DEC6A0EF 
 124      5957550D 
 125 0433 E341A6E2 		.ascii	"\343A\246\342\251\002\301\365\354/LA\214\247"
 125      A902C1F5 
 125      EC2F4C41 
 125      8CA7
 126              		.text
 127              		.section	.gnu.lto_chCoreAllocI.b66e16c8,"",%progbits
 128 0000 789C8D52 		.ascii	"x\234\215R\317k\023A\024\2367\263\233M\223-)\342)\027"
 128      CF6B1341 
 128      149E37B3 
 128      9B4D932D 
 128      29E22917 
 129 0014 85527210 		.ascii	"\205Rr\020\\\"\241`\361 x\361\356\177`\014\230C\211"
 129      5C22A160 
 129      F12078F1 
 129      EE7F600C 
 129      984389
 130 0027 24F52294 		.ascii	"$\365\"\224N\322\264Z\020\221\350\241`UD\212I\325\324"
 130      4ED2B45A 
 130      1091E8A1 
 130      6055448A 
 130      49D5D4
 131 003a 46EB8F4A 		.ascii	"F\353\217J!\240\306*\255\032JkQ\251\005[\251'[[H\242"
 131      21A0C62A 
 131      AD1A4A6B 
 131      51A9055B 
 131      A9275B5B 
 132 0050 D6F5BDD9 		.ascii	"\326\365\275\331\032\374\321\203\013\273\363\346\343"
 132      1AFCD183 
 132      0BBBF3E6 
 132      E3
 133 005d FBBEF7ED 		.ascii	"\373\276\367\355\233\021\354\337'\204\357\036\301X\033"
 133      9B11ECDF 
 133      2784EF1E 
 133      C1581B
 134 006c AEA033E0 		.ascii	"\256\2403\340g_0\226ts\256-\033LzD\266\304\2304\005"
 134      675F3096 
 134      7473AE2D 
 134      1B4C7A44 
 134      B6C49834 
 135 0081 680EAE01 		.ascii	"h\016\256\001P\301\200uq\241A\027|\342\253\034\036\344"
 135      50C18075 
 135      71A14117 
 135      7CE2AB1C 
 135      1EE4
ARM GAS  C:\Users\srich\AppData\Local\Temp\ccyNcnSh.s 			page 10


 136 0093 D7A7BCCB 		.ascii	"\327\247\274\313\274\306\331N\206\333\261\314D\277\213"
 136      BCC6D94E 
 136      86DBB1CC 
 136      44BF8B
 137 00a2 B6A0D136 		.ascii	"\266\240\3216S\032[\321\003\203R\246V\012\345wf\317"
 137      531A5BD1 
 137      038352A6 
 137      560AE577 
 137      66CF
 138 00b4 C11AE76C 		.ascii	"\301\032\347l\2153\270\006~\310\202\237\354r\020@\346"
 138      8D33B806 
 138      7EC8829F 
 138      EC721040 
 138      E6
 139 00c5 AB67C9B7 		.ascii	"\253g\311\267>\021\002R\255\177~4g\266\\EU\361aA\356"
 139      3E110252 
 139      AD7F7E34 
 139      67B65C45 
 139      55F16141 
 140 00da D76A5CC0 		.ascii	"\327j\\\300\020\210\337u\0101\270\016-D\257f\373\306"
 140      1088DF75 
 140      0831B80E 
 140      2D44AF66 
 140      FBC6
 141 00ec B9D8ABA4 		.ascii	"\271\330\253\244\037\312\347.\233\315WP\272pz\260d\312"
 141      1FCAE72E 
 141      9BCD5750 
 141      BA707AB0 
 141      64CA
 142 00fe 09995EB0 		.ascii	"\011\231^\260\355\035\330\026n\374\351\340<(YMo\274"
 142      ED1DD816 
 142      6EFCE9E0 
 142      3C28594D 
 142      6FBC
 143 0110 F6BAD252 		.ascii	"\366\272\322R\312&\270\011\315\024\017S\345\301\005"
 143      CA26B809 
 143      CD140F53 
 143      E5C105
 144 011f B80E6F2B 		.ascii	"\270\016o+J\333^{\222\351\3335\304}\200}1\0135\326\260"
 144      4ADB5E7B 
 144      92E9DB35 
 144      C47D807D 
 144      310B35D6 
 145 0134 D47495C1 		.ascii	"\324t\225\301\300Rw\343\307\325@\225\207*/}L\3424\022"
 145      C05277E3 
 145      C7D54095 
 145      872A2F7D 
 145      4CE23412 
 146 0148 C6D822BA 		.ascii	"\306\330\"\272\322\370\226p\000\270\2127\320\235\351"
 146      D2F89670 
 146      00B88A37 
 146      D09DE9
 147 0157 2DE542D4 		.ascii	"-\345B\324\250\302\265\012\027\030\245\362\375i\217"
 147      A8C2B50A 
 147      1718A5F2 
 147      FD698F
 148 0166 8FA6270C 		.ascii	"\217\246'\014\006\303\030\022Y\325\336\307\340\220t"
ARM GAS  C:\Users\srich\AppData\Local\Temp\ccyNcnSh.s 			page 11


 148      06C31812 
 148      59D5DEC7 
 148      E09074
 149 0175 E4216934 		.ascii	"\344!i4u\377\253\256HU\333\266}\014n!q\026\270\212\214"
 149      75FFABAE 
 149      4855DBB6 
 149      7D0C6E21 
 149      7116B88A 
 150 018a 719088BA 		.ascii	"q\220\210\272Tfd\352\213\356\010\015T]\232>\223\347"
 150      546664EA 
 150      8BEE080D 
 150      545D9A3E 
 150      93E7
 151 019c 9DDFE429 		.ascii	"\235\337\344)\351\256qc\203;\377\376~\361e\331M^\206"
 151      E9AE7163 
 151      833BFFFE 
 151      7EF165D9 
 151      4D5E86
 152 01af DA6693E9 		.ascii	"\332f\223\351\001\270\010\027\222\222X:\214@'\024hV"
 152      01B80817 
 152      9292583A 
 152      8C402714 
 152      6856
 153 01c1 701B6172 		.ascii	"p\033ar\2353\034K7\272\252.\233\331\032\266h\001[z\336"
 153      9D331C4B 
 153      37BAAA2E 
 153      9BD91AB6 
 153      68015B7A 
 154 01d6 A97B8EFE 		.ascii	"\251{\216\376\345\351A\033\372\343\363.g\357Um<D\231"
 154      E5E9411B 
 154      FAE3F32E 
 154      67EF556D 
 154      3C4499
 155 01e9 3FB9CFC1 		.ascii	"?\271\317\301L\204\331\014\244'\273\375u@W'\271\204"
 155      4C84D90C 
 155      A427BBFD 
 155      75405727 
 155      B984
 156 01fb 37026FAC 		.ascii	"7\002o\254\230\205Tq\374\2713\015<\316M\317\376\336"
 156      98855471 
 156      FCB9330D 
 156      3CCE4DCF 
 156      FEDE
 157 020d 1FB95647 		.ascii	"\037\271VG\321\210\320\257\031\251\364\377\035\375n"
 157      D188D0AF 
 157      19A9F4FF 
 157      1DFD6E
 158 021c 3DFA3D84 		.ascii	"=\372=\204\321I\265\325\324y\316C\262\211UH\370\021"
 158      D149B5D5 
 158      D479CE43 
 158      B2895548 
 158      F811
 159 022e 00027E3E 		.ascii	"\000\002~>9\275\035\033\211\201\031\023\317\036\210"
 159      39BD1D1B 
 159      89811913 
 159      CF1E88
 160 023d 83330F86 		.ascii	"\2033\017\206\333\254\003G\243\207\243\207:\216\037"
ARM GAS  C:\Users\srich\AppData\Local\Temp\ccyNcnSh.s 			page 12


 160      DBAC0347 
 160      A387A387 
 160      3A8E1F
 161 024c 89C6AC30 		.ascii	"\211\306\2540\325\261D\2605hY\261\204\025\357\260\022"
 161      D5B144B0 
 161      356859B1 
 161      8415EFB0 
 161      12
 162 025d F130A2ED 		.ascii	"\3610\242\355\221\366p,\036\331\035fZ\"z\"\002\307~"
 162      91F6702C 
 162      1ED91D66 
 162      5A227A22 
 162      02C77E
 163 0270 02C1DD2A 		.ascii	"\002\301\335*\212"
 163      8A
 164              		.text
 165              		.section	.gnu.lto_chCoreGetStatusX.b66e16c8,"",%progbits
 166 0000 789C6D4F 		.ascii	"x\234mO=K\003A\020\235\331\275/I#\226\301\302.\235G"
 166      3D4B0341 
 166      109DD9BD 
 166      2F492396 
 166      C1C22E9D 
 167 0015 102C6CFD 		.ascii	"\020,l\375\011\376\001\361\014\230\"\034\344b\031\262"
 167      09FE01F1 
 167      0C98221C 
 167      E46219B2 
 168 0025 89012D44 		.ascii	"\211\001-D$\244\210\370\211 \306\257\004\355\264\262"
 168      24A488F8 
 168      8920C6AF 
 168      04EDB4B2 
 169 0035 B45111C1 		.ascii	"\264Q\021\301S\213\2440\202v\006\005\011\022\342\214"
 169      538BA430 
 169      82760605 
 169      0912E28C 
 170 0045 172C340B 		.ascii	"\027,4\013\273;\357\315\360\336\033\011\377O\230n\011"
 170      BB3BEFCD 
 170      F0DE1B09 
 170      FF4F986E 
 170      09
 171 0056 0146E847 		.ascii	"\001F\350G\011(\226\257\000\262\226@\344\002\0202\002"
 171      092896AF 
 171      00B29640 
 171      E4021032 
 171      02
 172 0067 33F82A9A 		.ascii	"3\370*\232\002O+\037\227\241\027\321\0220\004\004\317"
 172      024F2B1F 
 172      97A117D1 
 172      12300404 
 172      CF
 173 0078 0A172583 		.ascii	"\012\027%\203!j\014\375\273\222\337\027\331Q*\367v\342"
 173      216A0CFD 
 173      BB92DF17 
 173      D9512AF7 
 173      76E2
 174 008a 4FAE14B7 		.ascii	"O\256\024\267\250#\340]\000\356b\030\313\310F\270\207"
 174      A823E05D 
 174      00EE6218 
ARM GAS  C:\Users\srich\AppData\Local\Temp\ccyNcnSh.s 			page 13


 174      CBC846B8 
 174      87
 175 009b 119E6DE6 		.ascii	"\021\236m\346\333~\310\310+\245\372y\202\032\373hP\010"
 175      DB7EC8C8 
 175      2BA5FA79 
 175      821AFB68 
 175      5008
 176 00ad A80E9CAB 		.ascii	"\250\016\234\253N\347is\361A\263\004\264\204\224\364"
 176      4EE76973 
 176      F141B304 
 176      B48494F4 
 177 00bd 681A573A 		.ascii	"h\032W:W\006?&\26024\350r\306g\002\364\313G\314\025"
 177      57063F26 
 177      B03234E8 
 177      72C66702 
 177      F4CB47CC 
 178 00d2 8EEBDB26 		.ascii	"\216\353\333&k}\012\016\274q\273T\021\351/\265\240\254"
 178      6B7D0A0E 
 178      BC71BB54 
 178      11E92FB5 
 178      A0AC
 179 00e4 96D0DB6C 		.ascii	"\226\320\333lDl\275q}cqn\375\007\226\263\3715\\\307"
 179      446CBD71 
 179      7D63716E 
 179      FD0796B3 
 179      F9355CC7 
 180 00f8 D5ACE229 		.ascii	"\325\254\342)\211\007\230\306CN\213GD\003\251\336w%"
 180      890798C6 
 180      434E8B47 
 180      4403A9DE 
 180      7725
 181 010a 25A9322E 		.ascii	"%\2512.`\200\265\036\026\330S\263\362\253Y\375\243\251"
 181      6080B51E 
 181      16D853B3 
 181      F2AB59FD 
 181      A3A9
 182 011c 930CE1B9 		.ascii	"\223\014\341\271\242\021\340\300F\347\221\332\374`\300"
 182      A211E0C0 
 182      46E791DA 
 182      FC60C0
 183 012b 9944430D 		.ascii	"\231DC\015\273\256&\360\352\310+\323BQg\314\036\237"
 183      BBAE26F0 
 183      EAC82BD3 
 183      425167CC 
 183      1E9F
 184 013d 894FC527 		.ascii	"\211O\305'R\263\323q\327v\270v\275\350h\324\266]\317"
 184      52B3D371 
 184      D776B876 
 184      BDE868D4 
 184      B65DCF
 185 0150 4EA66C2F 		.ascii	"N\246l/\351\020\233\210%\0347\031\033v\340\033\235;"
 185      E9109B88 
 185      251C3719 
 185      1B76E01B 
 185      9D3B
 186 0162 9B7E     		.ascii	"\233~"
 187              		.text
ARM GAS  C:\Users\srich\AppData\Local\Temp\ccyNcnSh.s 			page 14


 188              		.section	.gnu.lto_.symbol_nodes.b66e16c8,"",%progbits
 189 0000 789C558A 		.ascii	"x\234U\212\313\011\200@\020\305\362fX\360h\221\366\361"
 189      CB098040 
 189      10C5F266 
 189      58F06891 
 189      F6F1
 190 0012 5AB002D9 		.ascii	"Z\260\002\331&\374[\2035\311\202\007\315-!\011\014\274"
 190      26FC5B83 
 190      35C98207 
 190      CD2D2109 
 190      0CBC
 191 0024 C42AC378 		.ascii	"\304*\303x\203\315T;\312)zSf\251\206\263\\\212\246\213"
 191      83CD543B 
 191      CA297A53 
 191      66A986B3 
 191      5C8AA68B 
 192 0038 B2696CB2 		.ascii	"\262il\262\276{\354r\374\302!\3477\360\000\037\006\032"
 192      BE7BEC72 
 192      FCC221E7 
 192      37F0001F 
 192      061A
 193 004a 46       		.ascii	"F"
 194              		.text
 195              		.section	.gnu.lto_.refs.b66e16c8,"",%progbits
 196 0000 789C25C9 		.ascii	"x\234%\311\313\011\2000\024E\301s?y!\013\301F\354\277"
 196      CB098030 
 196      1445C173 
 196      3F79210B 
 196      C146ECBF 
 197 0014 3D05673B 		.ascii	"=\005g;\001\036~\305\222\274\234QO\026\335\370\310w"
 197      011E7EC5 
 197      92BC9C51 
 197      4F16DDF8 
 197      C877
 198 0026 867E39F2 		.ascii	"\206~9\362\345M\205\303\013\027\204\000\307"
 198      E54D85C3 
 198      0B178400 
 198      C7
 199              		.text
 200              		.section	.gnu.lto_.decls.b66e16c8,"",%progbits
 201 0000 789CAD55 		.ascii	"x\234\255UkL\024W\024\236\273\263,\354\272\256\306D"
 201      6B4C1457 
 201      149EBBB3 
 201      2CECBAAE 
 201      C644
 202 0012 6C4893AE 		.ascii	"lH\223\25611m\242\342\243\0175m\255\232\372J\323\332"
 202      31316DA2 
 202      E2A30F35 
 202      6DAD9AFA 
 202      4AD3DA
 203 0025 1A93266E 		.ascii	"\032\223&n2]\206Q6\262\273\226\031Z\351\257Q\324\020"
 203      325D8651 
 203      36B2BB96 
 203      195AE9AF 
 203      51D410
 204 0038 B58AF8B6 		.ascii	"\265\212\370\266jQ\361-\262\210\002\"\362\250\012\010"
 204      6A51F12D 
ARM GAS  C:\Users\srich\AppData\Local\Temp\ccyNcnSh.s 			page 15


 204      B2880222 
 204      F2A80A08 
 205 0048 882FA80F 		.ascii	"\210/\250\017P\027D\305\"\012\210\255\264\225\355\271"
 205      501744C5 
 205      220A88AD 
 205      B495EDB9 
 206 0058 6766D881 		.ascii	"gf\330\201\212&M'9\273\367\3349\347;\337y\314\275,\303"
 206      8A264D27 
 206      39BBF7DC 
 206      39E73BDF 
 206      79CCBD2C 
 207 006d 30C98461 		.ascii	"0\311\204a\002\360L03\314=\003\303\204\300\336l&\370"
 207      02F04C30 
 207      33CC3D03 
 207      C384C0DE 
 207      6C26F8
 208 0080 18418E80 		.ascii	"\030A\216\200\234\000\311\001\311S\367\316\201\224\201"
 208      9C00C901 
 208      C953F7CE 
 208      819481
 209 008f 94835432 		.ascii	"\224\203T2=\037joRqf\200\224\200\\\0009\003R\245\332"
 209      3D1F6A6F 
 209      52716680 
 209      94805C00 
 209      390352A5 
 210 00a4 10D5EE75 		.ascii	"\020\325\356uX4n?\020\033\210\025\344\013\020\237\016"
 210      58346E3F 
 210      101B8815 
 210      E40B109F 
 210      0E
 211 00b5 7716480D 		.ascii	"w\026H\015\310\035\220F\035~\250\352{\037\244\011\344"
 211      C81D9046 
 211      1D7EA8EA 
 211      7B1FA409 
 211      E4
 212 00c6 B1CABF15 		.ascii	"\261\312\277\025\244\035\304\240\306*\353\025\217\332"
 212      A41DC4A0 
 212      C62AEB15 
 212      8FDA
 213 00d4 84BD269E 		.ascii	"\204\275&\236>\207\234W`\345\251u\320\260|}`\344\275"
 213      3E879C57 
 213      60E5A975 
 213      D0B07C7D 
 213      60E4BD
 214 00e7 02A3CD40 		.ascii	"\002\243\315@N\036\355\270\320\257\311@l\026;U\363R"
 214      4E1EEDB8 
 214      D0AFC940 
 214      6C163B55 
 214      F352
 215 00f9 CAB69840 		.ascii	"\312\266\230@\265Z\214T=\365WC\265q\310F\031\236\344"
 215      B55A8C54 
 215      3DF55743 
 215      B571C846 
 215      199EE4
 216 010c 4479A091 		.ascii	"Dy\240\221\314\016'\373I\0049@\"\000\375 \031\002\277"
 216      CC0E27FB 
 216      49043940 
ARM GAS  C:\Users\srich\AppData\Local\Temp\ccyNcnSh.s 			page 16


 216      2200FD20 
 216      1902BF
 217 011f F38C0AD2 		.ascii	"\363\214\012\322\216\375\033\252\215\254\201\320\365"
 217      8EFD1BAA 
 217      8DAC81D0 
 217      F5
 218 012c 9E2DF5D5 		.ascii	"\236-\365\325\226\021\207\300-I.j\"\301p\353\326\227"
 218      961187C0 
 218      2D492E6A 
 218      22C170EB 
 218      D697
 219 013e 5FB7DA77 		.ascii	"_\267\332w\312\251\276\326#\371+\330\255r\352R\271+"
 219      CAA9BED6 
 219      23F92BD8 
 219      AD72EA52 
 219      B92B
 220 0150 10200846 		.ascii	"\020 \010F\016\021\226\034&#\220:\254\225\034\216\020"
 220      0E11961C 
 220      2623903A 
 220      AC951C8E 
 220      10
 221 0161 3B38E6EF 		.ascii	";8\346\357\313\014a\247!\370\222}\247V\207\002\307\031"
 221      CB0C61A7 
 221      21F8927D 
 221      A7568702 
 221      C719
 222 0173 1684BCF3 		.ascii	"\026\204\274\363Sg\232\031U:j\003`\313p\361pV\275\225"
 222      53679A19 
 222      553A6A03 
 222      60CB70F1 
 222      7056BD95 
 223 0187 588627C9 		.ascii	"X\206'\311\362RJ\334\\fc\272y\223L2\034\2141\0209\012"
 223      F2524ADC 
 223      5C6663BA 
 223      79934C32 
 223      1C8C3110 
 224 019d 9B19B099 		.ascii	"\233\031\260\231\006T[w$6',\225?!>b!\351\335T0\216J"
 224      06545B77 
 224      2436272C 
 224      953F213E 
 224      6221E9DD 
 225 01b5 FF51E7AE 		.ascii	"\377Q\347\256'V#\224\023m\346a\215V\324\244w\206\351"
 225      27562394 
 225      136DE661 
 225      8D56D4A4 
 225      7786E9
 226 01c8 6BF48555 		.ascii	"k\364\205UW\243,\254\3211\242\026im\315\232\214\001"
 226      57A32CAC 
 226      D131A216 
 226      696DCD9A 
 226      8C01
 227 01da EC318289 		.ascii	"\3541\202\2114W\347\336\260\251\305\310+\325\027\003"
 227      3457E7DE 
 227      B0A9C5C8 
 227      2BD51703 
 228 01ea BCC8715D 		.ascii	"\274\310q]1\216k\3058\201\305HY\263\263\315\306\026"
 228      318E6BC5 
ARM GAS  C:\Users\srich\AppData\Local\Temp\ccyNcnSh.s 			page 17


 228      3881C548 
 228      59B3B3CD 
 228      C616
 229 01fc 282849E5 		.ascii	"((I\345\365\353C\000\305\357K]\265\327T&\027\005\002"
 229      F5EB4300 
 229      C5EF4B5D 
 229      B5D75426 
 229      170502
 230 020f 85324188 		.ascii	"\2052A\210l\035D\266\006\221\203\020\327^do4\351Y\323"
 230      6C1D44B6 
 230      06918310 
 230      D75E646F 
 230      34E959D3 
 231 0223 8482B473 		.ascii	"\204\202\264s{\264\266\362\354\356C6\266B\211\267}C"
 231      7BB4B6F2 
 231      ECEE4336 
 231      B64289B7 
 231      7D43
 232 0235 47B21159 		.ascii	"G\262\021Y\373O-/\261\312\030qR\030u!'u\001Oj\001\363"
 232      FB4F2D2F 
 232      B1CA1871 
 232      52187521 
 232      2775014F 
 233 024c 30E0E6CB 		.ascii	"0\340\346\313\327s\214l\235\202\261\262\366`e(\333H"
 233      D7738C6C 
 233      9D82B1B2 
 233      F6606528 
 233      DB48
 234 025e 7AF4335C 		.ascii	"z\3643\\\351\347\232\212m\305,\252\001\372\332\220r"
 234      E9E79A8A 
 234      6DC52CAA 
 234      01FADA90 
 234      72
 235 026f B7632FD1 		.ascii	"\267c/\321\232\331\232\"\263o0dD\004y\007:Y\004\235"
 235      9AD99A22 
 235      B36F3064 
 235      44047907 
 235      3A59049D 
 236 0283 0C573B79 		.ascii	"\014W;y\032\270\027h\235\274\275\177\355\233\262l$\205"
 236      1AB81768 
 236      9DBCBD7F 
 236      ED9BB26C 
 236      2485
 237 0295 90547EB0 		.ascii	"\220T~\260\223\341\335\2354\370\257\355\375\362\345"
 237      93E1DD9D 
 237      34F8AFED 
 237      FDF2E5
 238 02a4 A0BFF405 		.ascii	"\240\277\364\005\232\276\252b0\005-\006\320SAP\210\321"
 238      9ABEAA62 
 238      30052D06 
 238      D0534150 
 238      88D1
 239 02b6 3D1FE595 		.ascii	"=\037\345\225O\263\014\203\222\261\252\262l'\324\026"
 239      4FB30C83 
 239      92B1AAB2 
 239      6C27D416 
 240 02c6 6B70860C 		.ascii	"kp\206\014\3526\252*.\336N\330L\026\223\3771\363\334"
ARM GAS  C:\Users\srich\AppData\Local\Temp\ccyNcnSh.s 			page 18


 240      EA36AA2A 
 240      2EDE4ED8 
 240      4C1693FF 
 240      31F3DC
 241 02d9 6576D82E 		.ascii	"ev\330.\331/\267\036\271\264b\360\022\271\036|\241\236"
 241      D92FB71E 
 241      B9B462F0 
 241      12B91E7C 
 241      A19E
 242 02eb 84BA90B3 		.ascii	"\204\272\220\263Z\015\325\0059G\206\201Sm\335\352\015"
 242      5A0DD505 
 242      39478681 
 242      536DDDEA 
 242      0D
 243 02fc C4BA3238 		.ascii	"\304\27228\335\310)\330\275\022bUc\335\316(\3140\260"
 243      DDC829D8 
 243      BD126255 
 243      63DDCE28 
 243      CC30B0
 244 030f 854AACE5 		.ascii	"\205J\254\345\273\226\334\017\201X\362n\177\327\225"
 244      BB96DC0F 
 244      8158F26E 
 244      7FD795
 245 031e E8A26532 		.ascii	"\350\242e2N\033\265&\245J>:\214R5b\031FL\255\353\370"
 245      4E1BB526 
 245      A54A3E3A 
 245      8C523562 
 245      19464CAD 
 246 0334 DDC6962A 		.ascii	"\335\306\226*8\355%\247\237\021\344\354?xfV\352\026"
 246      38ED25A7 
 246      9F11E4EC 
 246      3F786656 
 246      EA16
 247 0346 59F60702 		.ascii	"Y\366\007\002o!\341\363\032auA\312\321=\351\305\336"
 247      6F21E1F3 
 247      1A617541 
 247      CAD13DE9 
 247      C5DE
 248 0358 0D84AD56 		.ascii	"\015\204\255V\334\037u>\023\025\026\201^,*\376\305\242"
 248      DC1F753E 
 248      13151681 
 248      5E2C2AFE 
 248      C5A2
 249 036a 4285A944 		.ascii	"B\205\251D\230\346\206\222vS\217\274i\314\240\365\005"
 249      98E68692 
 249      76538FBC 
 249      69CCA0F5 
 249      05
 250 037b 256FFA0F 		.ascii	"%o\372\017\326\327\033J[\214=\254i\214\240u\225j]\205"
 250      D6D71B4A 
 250      5B8C3DAC 
 250      698CA075 
 250      956A5D85 
 251 038f D68505CF 		.ascii	"\326\205\005\317K,l\255Bqu\222\377\274\205md{\314\347"
 251      4B2C6CAD 
 251      42717592 
 251      FFBC856D 
ARM GAS  C:\Users\srich\AppData\Local\Temp\ccyNcnSh.s 			page 19


 251      647BCCE7 
 252 03a3 D09EE7CD 		.ascii	"\320\236\347\315\320\340ySv_\336c#\303-\352\3545\314"
 252      D0E07953 
 252      765FDE63 
 252      23C32DEA 
 252      EC35CC
 253 03b6 488453A4 		.ascii	"H\204S\244\032Zr)8&C\325)y\371\231t\025\206n\250:t\227"
 253      1A5A7229 
 253      382643D5 
 253      2979F999 
 253      7415866E 
 254 03ce 61F30A6C 		.ascii	"a\363\012l\002\360\271\277\013\226\205\364y\220\375"
 254      02F0B9BF 
 254      0B9685F4 
 254      7990FD
 255 03dd FA122775 		.ascii	"\372\022'uRS\302\351\244\326\000\205\213A\012\325\332"
 255      5253C2E9 
 255      A4D60085 
 255      8B410AD5 
 255      DA
 256 03ee A4D21790 		.ascii	"\244\322\027\220I\331\341\035\337\260O0I\343\335\355"
 256      49D9E11D 
 256      DFB04F30 
 256      49E3DDED 
 257 03fe BEEC0164 		.ascii	"\276\354\001dxD\004&\221\004\374k\301\371\232\332N\345"
 257      78440426 
 257      9104FC6B 
 257      C1F99ADA 
 257      4EE5
 258 0410 D902FBCF 		.ascii	"\331\002\373\317'\321\027\260\014\303\377\227|?\327"
 258      27D117B0 
 258      0CC3FF97 
 258      7C3FD7
 259 041f 81157DC5 		.ascii	"\201\025}\305\220\233\300\351\006&B*\032\236?\265\342"
 259      909BC0E9 
 259      0626422A 
 259      1A9E3FB5 
 259      E2
 260 0430 353390AA 		.ascii	"53\220\252\333\256\335\353`\361\2321\340q\260*3\020"
 260      DBAEDDEB 
 260      60F19A31 
 260      E071B02A 
 260      3310
 261 0442 6A49520F 		.ascii	"jIR\017#\332)\253~\234o#\332\333\010\017\326;\2336m"
 261      23DA29AB 
 261      7E9C6F23 
 261      DADB080F 
 261      D63B9B36 
 262 0457 33AB1F59 		.ascii	"3\253\037Y*\375\310(\323:\260\276\205\326w\350\247\246"
 262      2AFDC828 
 262      D33AB0BE 
 262      85D677E8 
 262      A7A6
 263 0469 F8A0423B 		.ascii	"\370\240B;X\224~5\024\243\217\247\000\177\354\3617\023"
 263      58947E35 
 263      14A38FA7 
 263      007FECF1 
ARM GAS  C:\Users\srich\AppData\Local\Temp\ccyNcnSh.s 			page 20


 263      3713
 264 047b 8C1E4AD5 		.ascii	"\214\036J\325\224\345\271\2716TMTMKk\335\324\277o2w"
 264      94E5B9B9 
 264      36544D54 
 264      4D4B6BDD 
 264      D4BF6F32 
 265 0490 35320D4A 		.ascii	"52\015Jf-\211\315\351&\375'O\331\370\301\274\036\315"
 265      662D89CD 
 265      E926FD27 
 265      4FD9F8C1 
 265      BC1ECD
 266 04a3 1B91CD5D 		.ascii	"\033\221\315]\205M#\262)\336\266\177\263\231\355P\206"
 266      854D23B2 
 266      29DEB67F 
 266      B399ED50 
 266      86
 267 04b4 EB405DE0 		.ascii	"\353@]\340\026\013\247i\221\317\327u\361\261\241\373"
 267      160BA769 
 267      91CFD775 
 267      F1B1A1FB 
 268 04c4 0E988217 		.ascii	"\016\230\202\027\342=\335yzO\373\264\356\343y\332X\335"
 268      E23DDD79 
 268      7A4FFBB4 
 268      EEE379DA 
 268      58DD
 269 04d6 265BD80C 		.ascii	"&[\330\014#\242\354k\311o2+(\235\231\376\017{\241<\320"
 269      23A2EC6B 
 269      C96F322B 
 269      289D99FE 
 269      0F7BA13C 
 270 04eb A13CD050 		.ascii	"\241<\320P\232\020%)\335\227o\306\013\255\246\373B\253"
 270      9A102529 
 270      DD976FC6 
 270      0BADA6FB 
 270      42AB
 271 04fd CDEA7A3C 		.ascii	"\315\352z<\240\317K\3777\274\031\036j\027Z\227\177\255"
 271      A0CF4BFF 
 271      37BC191E 
 271      6A175A97 
 271      7FAD
 272 050f 0CC92834 		.ascii	"\014\311(4v=\274\261\326\302.\015A\245\245\264++\004"
 272      763DBCB1 
 272      D6C22E0D 
 272      41A5A5B4 
 272      2B2B04
 273 0522 A0C9230C 		.ascii	"\240\311#\014\011;\211\353\213:\010\262l=p\342\300\264"
 273      093B89EB 
 273      8B3A08B2 
 273      6C3D70E2 
 273      C0B4
 274 0534 75192B94 		.ascii	"u\031+\224\313\203\374\\\224l\244\300\244YcJZ \000U"
 274      CB83FC5C 
 274      946CA4C0 
 274      A459634A 
 274      5A200055 
 275 0548 15B28F91 		.ascii	"\025\262\217\221l\366\315u[\255l\225\002\337\225\275"
 275      6CF6CD75 
ARM GAS  C:\Users\srich\AppData\Local\Temp\ccyNcnSh.s 			page 21


 275      5BAD6C95 
 275      02DF95BD 
 276 0558 E94F8302 		.ascii	"\351O\203\002\326u\361iTJ\242\234\206\307Pj\030\346"
 276      D675F169 
 276      544AA29C 
 276      86C7506A 
 276      18E6
 277 056a FC4497F3 		.ascii	"\374D\227\363\023\015\246\025av^\272\365\320\310\336"
 277      130DA615 
 277      61765EBA 
 277      F5D0C8DE 
 278 057a 5461122F 		.ascii	"Ta\022/\335\011\321*\227\372q\257\312\265\351P\3324"
 278      DD09D12A 
 278      97FA71AF 
 278      CAB5E950 
 278      DA34
 279 058c 94766267 		.ascii	"\224vbg,\034\357\215\0238\227\307%\231\246\177>\327"
 279      2C1CEF8D 
 279      133897C7 
 279      2599A67F 
 279      3ED7
 280 059e 3E9519C3 		.ascii	">\225\031\303O\214\234\032\343\212r\315\221\342\243"
 280      4F8C9C1A 
 280      E38A72CD 
 280      91E2A3
 281 05ad 5DDE489E 		.ascii	"]\336H\236\256\275\342\230\367\307DFz\305\3108)R\214"
 281      AEBDE298 
 281      F7C74446 
 281      7AC5C838 
 281      29528C
 282 05c0 E361D72D 		.ascii	"\343a\327-\270\251\353(\2361\211\256\037\004N\212\346"
 282      B8A9EB28 
 282      9E3189AE 
 282      1F044E8A 
 282      E6
 283 05d1 273AD058 		.ascii	"':\320XDG\207\344\365\306\212\216\005\236x;\256\354"
 283      444787E4 
 283      F5C68A8E 
 283      059E783B 
 283      AEEC
 284 05e3 CE38B75D 		.ascii	"\3168\267]pG\011\321\321B\264\343\335Q\023\354cG\217"
 284      704709D1 
 284      D142B4E3 
 284      DD5113EC 
 284      63478F
 285 05f6 79EFDB71 		.ascii	"y\357\333q\216XW\224c\001\317;\340\375H\217\327#\214"
 285      8E585794 
 285      6301CF3B 
 285      E0FD488F 
 285      D7238C
 286 0609 149C512E 		.ascii	"\024\234Q.j0j\234\303\345\341c\343\243\005\207(\201"
 286      6A306A9C 
 286      C3E5E163 
 286      E3A30587 
 286      2881
 287 061b D7FC5131 		.ascii	"\327\374Q1L?>f*D\235\034\033\353\345\255\272\365\314"
 287      4C3F3E66 
ARM GAS  C:\Users\srich\AppData\Local\Temp\ccyNcnSh.s 			page 22


 287      2A449D1C 
 287      1BEBE5AD 
 287      BAF5CC
 288 062e 818A325D 		.ascii	"\201\2122]\220\346HN)^\374:4\336\345\221\306s\222\231"
 288      90E6484E 
 288      295EFC3A 
 288      34DEE591 
 288      C6739299 
 289 0642 E3D4D5FC 		.ascii	"\343\324\325\374\377H\260'1\215\222\333\011X\036\301"
 289      FF48B027 
 289      318D92DB 
 289      09581EC1 
 290 0652 C1013167 		.ascii	"\301\0011g|\254\304I\011\213\004\021(\316\373_\303\210"
 290      7CACC449 
 290      098B0411 
 290      28CEFB5F 
 290      C388
 291 0664 09A28383 		.ascii	"\011\242\203\203\364!\005\300\356\317q1\202s\021\027"
 291      F42105C0 
 291      EECF7131 
 291      82731117 
 292 0674 E514058E 		.ascii	"\345\024\005\216\013\365\010\213%\350\203U\335\025<"
 292      0BF5088B 
 292      25E88355 
 292      DD153C
 293 0683 D11C6782 		.ascii	"\321\034g\202_\330\013\243I\217\033\313I\026%\177\272"
 293      5FD80BA3 
 293      498F1BCB 
 293      4916257F 
 293      BA
 294 0694 34F231CE 		.ascii	"4\3621\31683\0373'A\374\314\313/\034\335\213h\260\323"
 294      38331F33 
 294      2741FCCC 
 294      CB2F1CDD 
 294      8B68B0D3 
 295 06a8 0EAFE888 		.ascii	"\016\257\350\210\223\2729\3601\300\002\242\233\027y"
 295      93BA39F0 
 295      31C002A2 
 295      9B1779
 296 06b7 E3240EAA 		.ascii	"\343$\016\252\275p\342\353\\\251\245HS\342\335\213\341"
 296      BD70E2EB 
 296      5CA9A548 
 296      53E2DD8B 
 296      E1
 297 06c8 2D0ED977 		.ascii	"-\016\331w\037\270\225\024DA\342\246L\236\363\351\354"
 297      1FB89514 
 297      4441E2A6 
 297      4C9EF3E9 
 297      EC
 298 06d9 AF66F677 		.ascii	"\257f\366w\306~\357L\020a\000c\241\230\037\275\022\026"
 298      C67EEF4C 
 298      10610063 
 298      A1981FBD 
 298      1216
 299 06eb 9275F06E 		.ascii	"\222u\360n\321%\006\211QX\336=?\336\303+\263\001\231"
 299      D1250689 
 299      5158DE3D 
ARM GAS  C:\Users\srich\AppData\Local\Temp\ccyNcnSh.s 			page 23


 299      3FDEC32B 
 299      B30199
 300 06fe CDF55082 		.ascii	"\315\365P\202\375\220j<\256\377\001\030W \335"
 300      FD906A3C 
 300      AEFF0118 
 300      5720DD
 301              		.text
 302              		.section	.gnu.lto_.symtab.b66e16c8,"",%progbits
 303 0000 5F636F72 		.ascii	"_core_init\000\000\000\000\000\000\000\000\000\000\000"
 303      655F696E 
 303      69740000 
 303      00000000 
 303      00000000 
 304 0015 00AC0000 		.ascii	"\000\254\000\000\000chCoreAlloc\000\000\000\000\000"
 304      00636843 
 304      6F726541 
 304      6C6C6F63 
 304      00000000 
 305 002a 00000000 		.ascii	"\000\000\000\000\000\000\000\265\000\000\000chCoreA"
 305      000000B5 
 305      00000063 
 305      68436F72 
 305      6541
 306 003c 6C6C6F63 		.ascii	"llocI\000\000\000\000\000\000\000\000\000\000\000\000"
 306      49000000 
 306      00000000 
 306      00000000 
 306      00
 307 004d B7000000 		.ascii	"\267\000\000\000chCoreGetStatusX\000\000\000\000\000"
 307      6368436F 
 307      72654765 
 307      74537461 
 307      74757358 
 308 0066 00000000 		.ascii	"\000\000\000\000\000\000\000\272\000\000\000__heap_"
 308      000000BA 
 308      0000005F 
 308      5F686561 
 308      705F
 309 0078 62617365 		.ascii	"base__\000\000\002\000\000\000\000\000\000\000\000\000"
 309      5F5F0000 
 309      02000000 
 309      00000000 
 309      0000
 310 008a C5000000 		.ascii	"\305\000\000\000__heap_end__\000\000\002\000\000\000"
 310      5F5F6865 
 310      61705F65 
 310      6E645F5F 
 310      00000200 
 311 00a0 00000000 		.ascii	"\000\000\000\000\000\000\312\000\000\000"
 311      0000CA00 
 311      0000
 312              		.text
 313              		.section	.gnu.lto_.opts,"",%progbits
 314 0000 272D666E 		.ascii	"'-fno-trapv' '-mcpu=cortex-m3' '-mno-thumb-interwor"
 314      6F2D7472 
 314      61707627 
 314      20272D6D 
ARM GAS  C:\Users\srich\AppData\Local\Temp\ccyNcnSh.s 			page 24


 314      6370753D 
 315 0033 6B272027 		.ascii	"k' '-mthumb' '-ggdb' '-O2' '-fomit-frame-pointer' '"
 315      2D6D7468 
 315      756D6227 
 315      20272D67 
 315      67646227 
 316 0066 2D66616C 		.ascii	"-falign-functions=16' '-ffunction-sections' '-fdata"
 316      69676E2D 
 316      66756E63 
 316      74696F6E 
 316      733D3136 
 317 0099 2D736563 		.ascii	"-sections' '-fno-common' '-flto'\000"
 317      74696F6E 
 317      73272027 
 317      2D666E6F 
 317      2D636F6D 
 318              		.text
 319              		.comm	__gnu_lto_v1,1,1
 320              		.comm	__gnu_lto_slim,1,1
 321              		.ident	"GCC: (GNU Tools for ARM Embedded Processors) 4.9.3 20150529 (release) [ARM/embedded-4_9-br
ARM GAS  C:\Users\srich\AppData\Local\Temp\ccyNcnSh.s 			page 25


DEFINED SYMBOLS
                            *ABS*:00000000 chmemcore.c
                            *COM*:00000001 __gnu_lto_v1
                            *COM*:00000001 __gnu_lto_slim

NO UNDEFINED SYMBOLS
