ARM GAS  C:\Users\srich\AppData\Local\Temp\cc8ToYhg.s 			page 1


   1              		.syntax unified
   2              		.cpu cortex-m3
   3              		.fpu softvfp
   4              		.eabi_attribute 20, 1
   5              		.eabi_attribute 21, 1
   6              		.eabi_attribute 23, 3
   7              		.eabi_attribute 24, 1
   8              		.eabi_attribute 25, 1
   9              		.eabi_attribute 26, 1
  10              		.eabi_attribute 30, 2
  11              		.eabi_attribute 34, 1
  12              		.eabi_attribute 18, 4
  13              		.thumb
  14              		.file	"chregistry.c"
  15              		.text
  16              	.Ltext0:
  17              		.section	.gnu.lto_.profile.b66e3a5b,"",%progbits
  18 0000 789C6366 		.ascii	"x\234cf```a\200\000F\006Y!\000\000\300\0008"
  18      60606061 
  18      80004606 
  18      59210000 
  18      C00038
  19              		.text
  20              		.section	.gnu.lto_.jmpfuncs.b66e3a5b,"",%progbits
  21 0000 789C6366 		.ascii	"x\234cf\300\016\004\2404\023\010322\32632\227\203\370"
  21      C00E04A0 
  21      34130833 
  21      3232D633 
  21      329783F8 
  22 0014 0008FA01 		.ascii	"\000\010\372\001\025"
  22      15
  23              		.text
  24              		.section	.gnu.lto_.inline.b66e3a5b,"",%progbits
  25 0000 789C6366 		.ascii	"x\234cf\300\016\364\2414\023\003\003'\007#\003\023\317"
  25      C00EF4A1 
  25      34130303 
  25      27072303 
  25      13CF
  26 0012 835806B6 		.ascii	"\203X\006\266\005\362L\0201^Q\240\020\377\202\022\006"
  26      05F24C10 
  26      315E51A0 
  26      10FF8212 
  26      06
  27 0023 F60E7588 		.ascii	"\366\016u\210\0207\003\003\343\004?\006\000\200 \005"
  27      10370303 
  27      E3043F06 
  27      00802005 
  28 0033 47       		.ascii	"G"
  29              		.text
  30              		.section	.gnu.lto_.pureconst.b66e3a5b,"",%progbits
  31 0000 789C6366 		.ascii	"x\234cf```e\200\000&\006+&+\000\001{\000\201"
  31      60606065 
  31      80002606 
  31      2B262B00 
  31      017B0081 
  32              		.text
  33              		.section	.gnu.lto_chRegFirstThread.b66e3a5b,"",%progbits
ARM GAS  C:\Users\srich\AppData\Local\Temp\cc8ToYhg.s 			page 2


  34 0000 789C8D53 		.ascii	"x\234\215SYL\023Q\024}\367\315\264\224-\020?\374\340"
  34      594C1351 
  34      147DF7CD 
  34      B4942D10 
  34      3FFCE0
  35 0013 8726C460 		.ascii	"\207&\304`\242\265h\342\022\014\372\341\267?\362;\211"
  35      A2B568E2 
  35      120CFAE1 
  35      B73FF23B 
  35      89
  36 0024 C1B14A13 		.ascii	"\301\261J\023j\311L!\360A\230\026\024\215\033A\215\200"
  36      6AC94C21 
  36      F0419816 
  36      148D1B41 
  36      8D80
  37 0036 1B289BB2 		.ascii	"\033(\233\262\250\270\202\013UAq\027%\020!\201j\320"
  37      A8B8820B 
  37      55417117 
  37      25102181 
  37      6AD0
  38 0048 60C40428 		.ascii	"`\304\004(\250\023\025\274\357\225\265\256\223\2643"
  38      A81315BC 
  38      EF95B5AE 
  38      93B433
  39 0057 EFDD7BEE 		.ascii	"\357\335{\3569\367\276\363\004\362\353\023\203\277j"
  39      39F7BEF3 
  39      04F2EB13 
  39      83BF6A
  40 0066 91100108 		.ascii	"\221\020\001\010\001\201\000-|F\210\333D\001\330\007"
  40      0181002D 
  40      7C4688DB 
  40      4401D807 
  41 0076 01924B21 		.ascii	"\001\222K!\027>\320\021\012M\015cO\303\007\251N\211"
  41      173ED011 
  41      0A4D0D63 
  41      4FC307A9 
  41      4E89
  42 0088 99E0B2B9 		.ascii	"\231\340\262\271\250\275\330\310\226 \262ewWqwh|\245"
  42      A8BDD8C8 
  42      9620B265 
  42      77577177 
  42      687CA5
  43 009b A679861B 		.ascii	"\246y\206\033;\322J\016\227a\204\022?%P\0151P\003\214"
  43      3BD24A0E 
  43      97618412 
  43      3F25500D 
  43      3150038C 
  44 00af 08CE423C 		.ascii	"\010\316B<\313u{\367wF\012+\201}\347]w\267D\304\225"
  44      CB757BF7 
  44      77460A2B 
  44      817DE75D 
  44      77B744C4 
  45 00c4 23CEB7AF 		.ascii	"#\316\267\257\362A\204\326\256\345\373&'c\021\014\347"
  45      F24184D6 
  45      AEE5FB26 
  45      2763110C 
  45      E7
ARM GAS  C:\Users\srich\AppData\Local\Temp\cc8ToYhg.s 			page 3


  46 00d5 40988F67 		.ascii	"@\230\217g\017BF\362\177t\207\033\3635M\213\206Z\210"
  46      0F4246F2 
  46      7F74871B 
  46      F3354D8B 
  46      865A88
  47 00e8 632458BB 		.ascii	"c$X\273\016\214\254\007\266s~\201W\233\234\364\267\235"
  47      0E8CAC07 
  47      B6737E81 
  47      579B9CF4 
  47      B79D
  48 00fa DEB3F62C 		.ascii	"\336\263\366,5aW\270'\022\235\012\006\366G\310\000\002"
  48      356157B8 
  48      27129D0A 
  48      06F647C8 
  48      0002
  49 010c 587BEF50 		.ascii	"X{\357P!\276\205.\360D\263\302\376Z\355\260 \254\341"
  49      21BE852E 
  49      F044B3C2 
  49      FE5AEDB0 
  49      20ACE1
  50 011f BA3E7696 		.ascii	"\272>v\226W\206q]\303\023\027N.,\321\312<\205Xt=\350"
  50      5786715D 
  50      C313174E 
  50      2E2CD1CA 
  50      3C855874 
  51 0135 5484FADF 		.ascii	"T\204\372\337)\203\006\210C\340\233\375\343\227\200"
  51      29830688 
  51      43E09BFD 
  51      E39780
  52 0144 CD453413 		.ascii	"\315E4\0238\217\321^\360\274\365\027\274/6\316\223\356"
  52      388FD15E 
  52      F0BCF517 
  52      BC2F36CE 
  52      93EE
  53 0156 6B3D035C 		.ascii	"k=\003\\\264\237\302\374\246|}{\373\014\004.\260\020"
  53      B49FC2FC 
  53      A67C7D7B 
  53      FB0C042E 
  53      B010
  54 0168 0D0A7D2F 		.ascii	"\015\012}/Ob4\004.\262\250\0204\015\002\215`D!\227\330"
  54      4F623404 
  54      2EB2A810 
  54      340D028D 
  54      60442197 
  55 017d 28800C02 		.ascii	"(\200\014\002\206\373\207\276\036\022bu8\241\025\233"
  55      86FB87BE 
  55      1E126275 
  55      38A1159B 
  56 018d 756A6088 		.ascii	"uj`\210#\275\337\334a\"\316\000.C,\237h\351\316\243"
  56      23BDDFDC 
  56      6122CE00 
  56      2E432C9F 
  56      68E9CEA3 
  57 01a1 2511B803 		.ascii	"%\021\270\003W@\344\232\011\\\005\021\003\217\012\312"
  57      5740E49A 
  57      095C0511 
  57      038F0ACA 
ARM GAS  C:\Users\srich\AppData\Local\Temp\cc8ToYhg.s 			page 4


  58 01b1 3E8BB1DF 		.ascii	">\213\261\337\247\320F\226\373b\350~s(G_ch\270\216\347"
  58      A7D04696 
  58      FB62E87E 
  58      7328475F 
  58      6368B88E 
  59 01c6 DF039EAB 		.ascii	"\337\003\236\253MzM\004\353\347\013\0250\353\344\253"
  59      4D7A4D04 
  59      EBE70B15 
  59      30EBE4AB 
  60 01d6 030D34E7 		.ascii	"\003\0154\347\233\266[3\3514\344\007\015\234\\\377\300"
  60      9BB65B33 
  60      E934E407 
  60      0D9C5CFF 
  60      C0
  61 01e7 F30E139B 		.ascii	"\363\016\023\233M\010_\326\270\363\217\303\0118\346"
  61      4D085FD6 
  61      B8F38FC3 
  61      0938E6
  62 01f6 D6589609 		.ascii	"\326X\226\011\232 \007\232\031;\306&\352\0166\032-\265"
  62      9A20079A 
  62      193BC626 
  62      EA0E361A 
  62      2DB5
  63 0208 D8963746 		.ascii	"\330\2267F\247\241p\003\023G\351\224\003n\265\274\234"
  63      A7A17003 
  63      1347E994 
  63      036EB5BC 
  63      9C
  64 0219 1003C1C5 		.ascii	"\020\003\301\305\314)7\3012\212cD5\267\300B\3608\265"
  64      CC2937C1 
  64      328A6344 
  64      35B7C042 
  64      F038B5
  65 022c 48EE073C 		.ascii	"H\356\007<w\224\303\345\215<\331\024P'\316\325Ay\271"
  65      7794C3E5 
  65      8D3CD914 
  65      5027CED5 
  65      4179B9
  66 023f 2B5F4F7D 		.ascii	"+_O}\212D\035x\266a\230\017\267\2474\034\037;\364:\312"
  66      8A441D78 
  66      B661980F 
  66      B7A7341C 
  66      1F3BF43A 
  67 0254 B244A7E1 		.ascii	"\262D\247\341\320\302\351\271\321\274H\321\003yE\273"
  67      D0C2E9B9 
  67      D1BC48D1 
  67      037945BB 
  68 0264 862050D1 		.ascii	"\206 P\321\020(\332QZ\225\027\305\212\206\343\360\357"
  68      1028DA51 
  68      5A9517C5 
  68      8A86E3F0 
  68      EF
  69 0275 6009A42D 		.ascii	"`\011\244-\342)s(\260U\257\341\3174wgi\356\201\005K"
  69      E2297328 
  69      B055AFE1 
  69      CF347767 
  69      69EE8105 
ARM GAS  C:\Users\srich\AppData\Local\Temp\cc8ToYhg.s 			page 5


  70 028a 93696FCE 		.ascii	"\223io\316\365c\341\251\377\362c+\367\343L\257x\313"
  70      F563E1A9 
  70      FFF2632B 
  70      F7E34CAF 
  70      78CB
  71 029c A1EDCF7E 		.ascii	"\241\355\317~\034\250\232\366\243\370\213\255\3563["
  71      1CA89AF6 
  71      A3F88BAD 
  71      EE335B
  72 02ab 0599F4F1 		.ascii	"\005\231\364\3618\232\364\001\3137\004\233\264~\035"
  72      389AF401 
  72      CB37049B 
  72      B47E1D
  73 02ba E326D0FE 		.ascii	"\343&\320\376{\223>\344&}4\307\244\025\237|\315\306"
  73      7B933EE4 
  73      267D34C7 
  73      A4159F7C 
  73      CDC6
  74 02cc 69FFB571 		.ascii	"i\377\265q\377=\346\376\0136\333\0234[\037\270}\025"
  74      FF3DE6FE 
  74      0B36DB13 
  74      345B1FB8 
  74      7D15
  75 02de D553B3C7 		.ascii	"\325S\263\307\333\214\327\031\3305\306\254\025r\242"
  75      DB8CD719 
  75      D835C6AC 
  75      1572A2
  76 02ed 7543AA7D 		.ascii	"uC\252}\213=\331\225\261\325\356\264\312\354\333\251"
  76      8B3DD995 
  76      B1D5EEB4 
  76      CAECDBA9 
  77 02fd 2E5FB5DC 		.ascii	"._\265\334ju\252V\305eU\025\031w\025\333v\273\352R\262"
  77      6A75AA56 
  77      C5655515 
  77      197715DB 
  77      76BBEA52 
  78 0312 97C984BA 		.ascii	"\227\311\204\272\322\015\231)i\031\266D9Q\342\371*\307"
  78      D20D9929 
  78      6919B644 
  78      3951E2F9 
  78      2AC7
  79 0324 4AB358C9 		.ascii	"J\263X\311\251J\212KJw*.UJQ\034\262#\013\243\262S\261"
  79      A94A8A4B 
  79      4A772A2E 
  79      554A511C 
  79      B2230BA3 
  80 033b 6DCE5CED 		.ascii	"m\316\\\355X\226J\222\376\012\265e\271$\331\241\332"
  80      58964A92 
  80      FE0AB565 
  80      B924D9A1 
  80      DA
  81 034c 55C9BE43 		.ascii	"U\311\276CN\313\330j\2238Tvl\313\330!#:\341_\3043\260"
  81      4ECBD86A 
  81      93385476 
  81      6CCBD821 
  81      233AE15F 
  82 0363 54355B45 		.ascii	"T5[E@\364\306\344M\346-)\252-]\261/5/J T!!\016\233\303"
ARM GAS  C:\Users\srich\AppData\Local\Temp\cc8ToYhg.s 			page 6


  82      40F4C6E4 
  82      4DE62D29 
  82      AA2D5DB1 
  82      2F352F4A 
  83 037e A964939F 		.ascii	"\251d\223\237\017\016\375]"
  83      0F0EFD5D 
  84              		.text
  85              		.section	.gnu.lto_chRegNextThread.b66e3a5b,"",%progbits
  86 0000 789C8D54 		.ascii	"x\234\215ToL[U\024\277\347\276\327\327\002e\020?\231"
  86      6F4C5B55 
  86      14BFE7BE 
  86      D7D70265 
  86      103F99
  87 0013 69421342 		.ascii	"iB\023B\370\240\254\233\361_\210\213&~\366\213\373\332"
  87      F8A0AC9B 
  87      F15F888B 
  87      267EF68B 
  87      FBDA
  88 0025 C4B04795 		.ascii	"\304\260G\225&\224\222\367\3122>\220]\332\272\031\027"
  88      269492F7 
  88      CA323E90 
  88      5DDABA19 
  88      17
  89 0036 D4145498 		.ascii	"\324\024T\230C\267\010\333\224\011\016\034\023\206\256"
  89      43B708DB 
  89      94090E1C 
  89      1386AE
  90 0045 2A32F687 		.ascii	"*2\366\207\015\"R\267\351V\015\020t,\331\326m\254\251"
  90      0D2252B7 
  90      E9560D10 
  90      742CD9D6 
  90      6DACA9
  91 0058 58CFB94F 		.ascii	"X\317\271O\006\224M}I\373\356\275\347\376\316\237\337"
  91      06944D7D 
  91      49FBEEBD 
  91      E7FECE9F 
  91      DF
  92 0069 F99DA7B0 		.ascii	"\371\235\247\260\265\317\223\370k\2631f\007\306\300"
  92      B5CF93F8 
  92      6BB33166 
  92      07C6C0
  93 0078 C680BF73 		.ascii	"\306\200\277s\216\261F\007\347j\014\230\310U\306\317"
  93      8EB14607 
  93      E76A0C98 
  93      C855C6CF 
  94 0088 32269C0A 		.ascii	"2&\234\012\250\326\271\012@\013\006l\007WT\330\001\277"
  94      A8D6B90A 
  94      400B066C 
  94      075754D8 
  94      01BF
  95 009a F31B1C06 		.ascii	"\363\033\034\006\272o\215\345\315\361\024g.\206\333"
  95      BA6F8DE5 
  95      CDF11467 
  95      2E86DB
  96 00a9 C1E868AB 		.ascii	"\301\350h\253F[Pi\033\237j\215\347\224v\012\021\272"
  96      465B5069 
  96      1B9F6A8D 
ARM GAS  C:\Users\srich\AppData\Local\Temp\cc8ToYhg.s 			page 7


  96      E794760A 
  96      11BA
  97 00bb DE1BAF6E 		.ascii	"\336\033\257nk\331\207\026\316\222\234\301AX\017\207"
  97      6BD98716 
  97      CE929CC1 
  97      41580F87 
  98 00cb 603DF9FB 		.ascii	"`=\371\373\004J\361jc\254i2_y\012\0106\3343\225r\224"
  98      044AF16A 
  98      63AC6932 
  98      5F790A08 
  98      36DC3395 
  99 00e1 7C8CB0D8 		.ascii	"|\214\260\330X\257xAE\020|\012\312J\034\371\201.(\241"
  99      58AF7841 
  99      45107C0A 
  99      CA4A1CF9 
  99      812E28A1 
 100 00f5 EB7DB1F4 		.ascii	"\353}\261\364UUyVBO\314\375\321\342,\336\217\320\304"
 100      55557956 
 100      424FCCFD 
 100      D1E22CDE 
 100      8FD0C4
 101 0108 50E749A7 		.ascii	"P\347I\247\030\025\221D&SD\036\016\257\366`=\010\271"
 101      18159144 
 101      2653441E 
 101      0EAFF660 
 101      3D08B9
 102 011b 11598CE7 		.ascii	"\021Y\214\347i\021!D!|\006\305\213\234Q\206\230X7hD"
 102      69112144 
 102      217C06C5 
 102      8B9C5186 
 102      98583768 
 103 0130 0D1DF63C 		.ascii	"\015\035\366<\024\023\231L\362\227\350\356\322n\356"
 103      1413994C 
 103      F297E8EE 
 103      D26EEE
 104 013f 04466736 		.ascii	"\004Fg6\240\0044\271\266cB\212\203\376\030\233F015\203"
 104      A00434B9 
 104      B663428A 
 104      83FE189B 
 104      46303135 
 105 0154 29E25B99 		.ascii	")\342[\231\202P!\305Iv\211\026EyN\246yur\177g\256L\363"
 105      825021C5 
 105      49768916 
 105      45794EA6 
 105      7975727F 
 106 016c FA9BE159 		.ascii	"\372\233\341Y=\032\026\035\270\314<\217\211\252\320"
 106      3D1A161D 
 106      B8CC3C8F 
 106      89AAD0
 107 017b 73BF44E1 		.ascii	"s\277D\341s(F\340\257M\267\373\200\010V]\014\216\240"
 107      732846E0 
 107      AF4DB7FB 
 107      8008565D 
 107      0C8EA0
 108 018e F512847E 		.ascii	"\365\022\204~K\357\232m\325VU\222\030\356\001Y@\222"
 108      4BEF9A6D 
 108      D5565592 
ARM GAS  C:\Users\srich\AppData\Local\Temp\cc8ToYhg.s 			page 8


 108      18EE0159 
 108      4092
 109 01a0 C3EA1A13 		.ascii	"\303\352\032\023wv_\306f\367\222\211g\231ZvN\332)\016"
 109      77765FC6 
 109      66F79289 
 109      67995A76 
 109      4EDA290E 
 110 01b4 833E322B 		.ascii	"\203>2+Y\3540\370\0024\314\344(\361\002l\036\320|e\376"
 110      59EC30F8 
 110      0234CCE4 
 110      28F1026C 
 110      1ED07C65 
 111 01c9 6EB352B4 		.ascii	"n\263R\264\010\355\242\325\225\3426B\274{)\335\230\253"
 111      08EDA2D5 
 111      95E23642 
 111      BC7B29DD 
 111      98AB
 112 01db 2209D00F 		.ascii	"\"\011\320\017E\222\341=\257\277\337\346\304\0238\006"
 112      4592E13D 
 112      AFBFDFE6 
 112      C4133806 
 113 01eb AA4C9AC1 		.ascii	"\252L\232\301\227\240\242\341\364\256}w\324\"\301-\264"
 113      97A0A2E1 
 113      F4AE7D77 
 113      D422C12D 
 113      B4
 114 01fc 4677C7E7 		.ascii	"Fw\307\347G\006s$z\200\3200\210J\272\010\241\376\201"
 114      47067324 
 114      7A80D030 
 114      884ABA08 
 114      A1FE81
 115 020f 54D73A2A 		.ascii	"T\327:*h\201S\245W\246\317O8\346\244\232\010t\364\356"
 115      688153A5 
 115      57A6CF4F 
 115      38E6A49A 
 115      0874F4EE 
 116 0223 47D7F2DB 		.ascii	"G\327\362\333\341\203F!b\217\244\270}\201\333\3408\305"
 116      E1834621 
 116      628FA4B8 
 116      7D81DBE0 
 116      38C5
 117 0235 41DBDE5B 		.ascii	"A\333\336[\315\027\012\312\036#\005\014A;\334\344\222"
 117      CD170ACA 
 117      1E23050C 
 117      413BDCE4 
 117      92
 118 0246 CDAFA08C 		.ascii	"\315\257\240\214acD\201\3542v\020\375\262\037!\362S"
 118      61634481 
 118      EC327610 
 118      FDB21F21 
 118      F253
 119 0258 F8E07BDA 		.ascii	"\370\340{\332r\234\017\177x\253\2337\244\305\033\302"
 119      729C0F7F 
 119      78AB9B37 
 119      A4C51BC2 
 120 0268 91E28E45 		.ascii	"\221\342\216E$\223\255\214\356\220\333C\215\221\275"
 120      2493AD8C 
ARM GAS  C:\Users\srich\AppData\Local\Temp\cc8ToYhg.s 			page 9


 120      EE90DB43 
 120      8D91BD
 121 0277 6045C75B 		.ascii	"`E\307[9\36054\300\211\177\242\377u\370\355^\255\254"
 121      39F03534 
 121      C0897FA2 
 121      FF75F8ED 
 121      5EADAC
 122 028a 0BE98B6D 		.ascii	"\013\351\213mN\361\\\210\311\024\300R^S\372@\263&\275"
 122      4EF15C88 
 122      C914C052 
 122      5E53FA40 
 122      B326BD
 123 029d C7CA533C 		.ascii	"\307\312S<\017\276\301\244\030|\013\015\262\3433\330"
 123      0FBEC1A4 
 123      187C0B0D 
 123      B2E333D8 
 124 02ad 009C4185 		.ascii	"\000\234A\205\252?2\037R\254\254\354+\312\005Y\252\266"
 124      AA3F321F 
 124      52ACACEC 
 124      2BCA0559 
 124      AAB6
 125 02bf B654277C 		.ascii	"\266T'|'\343H\031\017\243\327\213\020\216\356\034\346"
 125      27E34819 
 125      0FA3D78B 
 125      108EEE1C 
 125      E6
 126 02d0 960B87E5 		.ascii	"\226\013\207\345eb\317\201p\001UAz\376\036]`\240(\320"
 126      6562CF81 
 126      70015541 
 126      7AFE1E5D 
 126      60A028D0 
 127 02e4 952C461F 		.ascii	"\225,F\037~p\230\221\3450'\241l\201\010\301\274\325"
 127      7E709891 
 127      E53027A1 
 127      6C8108C1 
 127      BCD5
 128 02f6 65DD5BD4 		.ascii	"e\335[\324\002[\032\202U\302\277\371\277\204?*\205\177"
 128      025B1A82 
 128      55C2BFF9 
 128      BF843F2A 
 128      857F
 129 0308 8F73158F 		.ascii	"\217s\025\217N=X\370\323\375K\302W\327\310\3674\311"
 129      4E3D58F8 
 129      D3FD4BC2 
 129      57D7C8F7 
 129      34C9
 130 031a 376B1ACE 		.ascii	"7k\032\316\334\306i8C\367m\331\32302c\247\340\014\316"
 130      DCC66938 
 130      43F76DD9 
 130      D3303263 
 130      A7E00CCE 
 131 032e DE7F1AC6 		.ascii	"\336\177\032\306\3444\234[1\015\035\327\022\203\332"
 131      E4349C5B 
 131      310D1DD7 
 131      1283DA
 132 033d 92D04F49 		.ascii	"\222\320OI\241\237\227B\317V\3658\252\372g\210$:\216"
 132      A19F9742 
ARM GAS  C:\Users\srich\AppData\Local\Temp\cc8ToYhg.s 			page 10


 132      CF56F538 
 132      AAFA6788 
 132      243A8E
 133 0350 49C259B6 		.ascii	"I\302Y\266\324\362\223\234|O\240\024P\313)\276\216]"
 133      D4F2939C 
 133      7C4FA014 
 133      50CB29BE 
 133      8E5D
 134 0362 C62FE478 		.ascii	"\306/\344x\236\325@\224\317,\000\365\203\017]\250\304"
 134      9ED54094 
 134      CF2C00F5 
 134      830F5DA8 
 134      C4
 135 0373 D6287FC6 		.ascii	"\326(\177\306\037\305\357\016\020\357\030\344\011\275"
 135      1FC5EF0E 
 135      10EF18E4 
 135      09BD
 136 0381 DCFD6295 		.ascii	"\334\375b\225o\253oK\260\256\322\027p\353\264\016\230"
 136      6FAB6F4B 
 136      B0AED217 
 136      70EBB40E 
 136      98
 137 0392 9B9EDEE4 		.ascii	"\233\236\336\344v\007L\267\021t\233\206\216\247\206"
 137      76074CB7 
 137      11749B86 
 137      8EA786
 138 03a1 F7359F19 		.ascii	"\3675\237\0314\3527\350\214\007k\225\232`\255m[Eu\235"
 138      34EA37E8 
 138      8C076B95 
 138      9A60AD6D 
 138      5B45759D 
 139 03b5 B75C2FF7 		.ascii	"\267\\/\367H\214)\361\236e\274'`z\214\240\2476`\004"
 139      488C29F1 
 139      9E65BC27 
 139      607A8CA0 
 139      A7366004 
 140 03c9 4D4F85E1 		.ascii	"MO\205\341\327\375\333\321\252\007\014\357+\333\236"
 140      D7FDDBD1 
 140      AA070CEF 
 140      2BDB9E
 141 03d8 F16FA862 		.ascii	"\361o\250b\233\377\025\352\335\036\364\350~\323gz|5"
 141      9BFF15EA 
 141      DD1EF4E8 
 141      7ED3677A 
 141      7C35
 142 03ea 7A755DA5 		.ascii	"zu]\245\327#\241\272\377\325\272\032\035\321\033\377"
 142      D723A1BA 
 142      FFD5BA1A 
 142      1DD11BFF 
 143 03fa 2BF03D58 		.ascii	"+\360=X\225Yo\"\240\360\245-/\273\266V\230\336Z\303"
 143      95596F22 
 143      A0F0A52D 
 143      2FBBB656 
 143      98DE5AC3 
 144 040e F7B8AB64 		.ascii	"\367\270\253d#\343\006\263\373\275\376\200Q\317\376"
 144      23E306B3 
 144      FBBDFE80 
ARM GAS  C:\Users\srich\AppData\Local\Temp\cc8ToYhg.s 			page 11


 144      51CFFE
 145 041d 065CDC54 		.ascii	"\006\\\334T."
 145      2E
 146              		.text
 147              		.section	.gnu.lto_.symbol_nodes.b66e3a5b,"",%progbits
 148 0000 789C6366 		.ascii	"x\234cf``\360f\200\002\246m\214\365\014\014\023\316"
 148      6060F066 
 148      8002A66D 
 148      8CF50C0C 
 148      13CE
 149 0012 3130D4D7 		.ascii	"10\324\3273\314[\300\301\300\272\203\221A\240\236\201"
 149      33CC5BC0 
 149      C1C0BA83 
 149      9141A09E 
 149      81
 150 0023 693B633D 		.ascii	"i;c=#\212\370VF\306\205L\365\014\214\273\030\353\231"
 150      238AF856 
 150      46C6854C 
 150      F50C8CBB 
 150      18EB99
 151 0036 20120C0D 		.ascii	" \022\014\015\015\034\014\314L,\014K\332\337\3103\000"
 151      0D1C0CCC 
 151      4C2C0C4B 
 151      DADFC833 
 151      00
 152 0047 00F6D013 		.ascii	"\000\366\320\023\221"
 152      91
 153              		.text
 154              		.section	.gnu.lto_.refs.b66e3a5b,"",%progbits
 155 0000 789C6366 		.ascii	"x\234cf``\340f\200\000F bfdbbde\000\000\001z\000\037"
 155      6060E066 
 155      80004620 
 155      62666462 
 155      62646500 
 156              		.text
 157              		.section	.gnu.lto_.decls.b66e3a5b,"",%progbits
 158 0000 789CB53B 		.ascii	"x\234\265;\013TT\311\225]\257\272i\272i\232\3118!s<"
 158      0B5454C9 
 158      955DAFBA 
 158      69BA699A 
 158      C9382173 
 159 0015 930CCB64 		.ascii	"\223\014\313d\331$;\243\316d\306d\262\311\231\331L&"
 159      D9243BA3 
 159      CE64C664 
 159      B2C999D9 
 159      4C26
 160 0027 D94D7266 		.ascii	"\331Mrf&\231\344\354\3313\344t\030h\225\035~\351nG\315"
 160      2699E4EC 
 160      D933E474 
 160      1868951D 
 160      7EE96E47 
 161 003c D9B3FB04 		.ascii	"\331\263\373\004Q\001\005\004AP\221F@\001A\020\025P"
 161      51010504 
 161      41509146 
 161      40014110 
 161      1550
 162 004e 50C00F8A 		.ascii	"P\300\017\212\370\001\001A\024i\001\345\343\017\004"
ARM GAS  C:\Users\srich\AppData\Local\Temp\cc8ToYhg.s 			page 12


 162      F8010141 
 162      146901E5 
 162      E30F04
 163 005d 07543E7B 		.ascii	"\007T>{\253\352\365{\257\333\207:{\222>\347\362\352"
 163      ABEAF57B 
 163      AFDB873A 
 163      7B923EE7 
 163      F2EA
 164 006f BEBA75EF 		.ascii	"\276\272u\357\255[\267n\335\252z`\225J\365S\244R\315"
 164      AD5BB76E 
 164      DDAA7A60 
 164      954AF553 
 164      A452CD
 165 0082 C2EF7F16 		.ascii	"\302\357\177\026\253T\235\236*\025\206w\237\250\244"
 165      AB549D9E 
 165      2A158677 
 165      9FA8A4
 166 0091 1FC16D40 		.ascii	"\037\301m@\263\022\340\277\0018\300\247\340\371!\247"
 166      B312E0BF 
 166      0138C0A7 
 166      E0F921A7 
 167 00a1 72F9111A 		.ascii	"r\371\021\032\003<\215*\366\374\010p_xV\002\374\012"
 167      033C8D2A 
 167      F6FC0870 
 167      5F785602 
 167      FC0A
 168 00b3 687F03F0 		.ascii	"h\177\003\360[\200\207\360~3\300{\000\323\002\377\011"
 168      5B8087F0 
 168      7E33C07B 
 168      00D302FF 
 168      09
 169 00c4 286F0458 		.ascii	"(o\004X\002\340!\360\372\030h\177\007\360\037\000\377"
 169      02E021F0 
 169      FA18687F 
 169      07F01F00 
 169      FF
 170 00d5 09F01900 		.ascii	"\011\360\031\000\022d\313\177D/\237g\310%\262\344\262"
 170      1264CB7F 
 170      442F9F67 
 170      C825B2E4 
 170      B2
 171 00e6 033926FB 		.ascii	"\0039&\373O\360\374+b:\374\0211=\210\016Z\201\257\222"
 171      4FF0FC2B 
 171      623AFC11 
 171      313D880E 
 171      5A81AF92 
 172 00fa 0E4E1B84 		.ascii	"\016N\033\204pO\3522\312\241\374\272\211\004n\220CF"
 172      704FEA32 
 172      CAA1FCBA 
 172      89046E90 
 172      4346
 173 010c BD5D4DF0 		.ascii	"\275]M\360\242\252\370\307\236\200\033\364\277 hay\311"
 173      A2AAF8C7 
 173      9E801BF4 
 173      BF206861 
 173      79C9
 174 011e 5D0E7388 		.ascii	"]\016s\210\224s3\256\267\351_/\342y~=_\327\211$\036"
ARM GAS  C:\Users\srich\AppData\Local\Temp\cc8ToYhg.s 			page 13


 174      947333AE 
 174      B7E95F2F 
 174      E2797E3D 
 174      5FD78924 
 175 0133 7DD94D37 		.ascii	"}\331M7}\360\213\224(m\240\344\276\016\277B\313\207"
 175      7DF08B94 
 175      286DA0E4 
 175      BE0EBF42 
 175      CB87
 176 0145 F68E9FF3 		.ascii	"\366\216\237\363\242\274\375\010z8\345t\206\007eM%]"
 176      A2BCFD08 
 176      7A38E574 
 176      8607654D 
 176      255D
 177 0157 4E1C4BF6 		.ascii	"N\034K\366\304\257Q\312KI\267\332\014\370\007\264\\"
 177      C4AF51CA 
 177      4B49B7DA 
 177      0CF807B4 
 177      5C
 178 0168 7B74B241 		.ascii	"{t\262A\217\337\242\345\015\353\035\215z\374/\264\274"
 178      8FDFA2E5 
 178      0DEB1D8D 
 178      7AFC2FB4 
 178      BC
 179 0179 7A57F506 		.ascii	"zW\365\006-4\377\007=\025\332\263\355a\236\216\242\304"
 179      2D34FF07 
 179      3D15DAB3 
 179      ED619E8E 
 179      A2C4
 180 018b 1B7CE015 		.ascii	"\033|\340\025w\372&\237kD\001\372<Pq$1\267\367\337b"
 180      77FA269F 
 180      6B4401FA 
 180      3C507124 
 180      31B7F7DF 
 181 01a0 F8F75105 		.ascii	"\370\367Q\005\322\243r\204Q\021z\035\264\245\255\311"
 181      D2A37284 
 181      51117A1D 
 181      B4A5ADC9 
 182 01b0 6F3DCF47 		.ascii	"o=\317G\363\3111\274\356\264Q\205J\320|\264\027\315"
 182      F3C931BC 
 182      EEB45185 
 182      4AD07CB4 
 182      17CD
 183 01c2 57A18328 		.ascii	"W\241\203(\000((-\332\017/\017\300K`|r\352\350\032\015"
 183      0028282D 
 183      DA0F2F0F 
 183      C04B607C 
 183      72EAE81A 
 184 01d7 D2072837 		.ascii	"\322\007(7\252RhDU\350\216M\361\345y5\252\004\025\366"
 184      AA526844 
 184      55E88E4D 
 184      F1E57935 
 184      AA0415F6 
 185 01eb 492A8046 		.ascii	"I*\200FN\323qyC\321{4N\2253\343z\227\021\225\017\003"
 185      4ED37179 
 185      43D17B34 
 185      4E9533E3 
ARM GAS  C:\Users\srich\AppData\Local\Temp\cc8ToYhg.s 			page 14


 185      7A971195 
 186 0201 7D99445F 		.ascii	"}\231D_\211\236\252\363!E\235Q\366\211\0079^\370\002"
 186      899EAAF3 
 186      21459D51 
 186      F6890739 
 186      5EF802
 187 0214 1BBABCB4 		.ascii	"\033\272\274\264\364b\0155\275'A[\373Gn{\342K\254\256"
 187      F4620D35 
 187      BD27415B 
 187      FB476E7B 
 187      E24BACAE 
 188 0228 E15C4B3F 		.ascii	"\341\\K?b\036\300\021<\247\357L\223\027\245\375.A\223"
 188      621EC011 
 188      3CA7EF4C 
 188      9317A5FD 
 188      2E4193
 189 023b 77D73578 		.ascii	"w\3275x\341k\214\366\342\375C\274\026\017S\204\333\330"
 189      E16B8CF6 
 189      E2FD43BC 
 189      160F5384 
 189      DBD8
 190 024d D233A346 		.ascii	"\3223\243F\001\006\252\373\255=c+W\203\356\307\221\001"
 190      0106AAFB 
 190      AD3D632B 
 190      5783EEC7 
 190      9101
 191 025f D54BBA7F 		.ascii	"\325K\272\177l`\252\307K\252\243O|%\345\217\201\362"
 191      6C60AAC7 
 191      4BAAA34F 
 191      7C25E58F 
 191      81F2
 192 0271 1F1B046A 		.ascii	"\037\033\004j\020\360\025\337\020\357\203\2130\225\026"
 192      10F015DF 
 192      10EF838B 
 192      309516
 193 0280 3FB6A6DE 		.ascii	"?\266\246\336\200K\030r\357Hc\226\017.c\310\340\350"
 193      804B1872 
 193      EF486396 
 193      0F2E63C8 
 193      E0E8
 194 0292 E02523DE 		.ascii	"\340%#\336\317\220\324\341\272^#\256`HS\357\344\230"
 194      CF90D4E1 
 194      BA5E23AE 
 194      604853EF 
 194      E498
 195 02a4 816AFF02 		.ascii	"\201j\377\002Aw\326\366\305\030\360!Vw%ym\201\016\327"
 195      4177D6F6 
 195      C518F021 
 195      56772579 
 195      6D810ED7 
 196 02b8 302473E2 		.ascii	"0$s\342l\203\017%|\231\240\3059\231\025:\\\307\352\356"
 196      6C830F25 
 196      7C99A0C5 
 196      3999153A 
 196      5CC7EAEE 
 197 02cc 3616F772 		.ascii	"6\026\367r\370\004v\361b\003\365b\257\361\302\352\034"
 197      F80476F1 
ARM GAS  C:\Users\srich\AppData\Local\Temp\cc8ToYhg.s 			page 15


 197      6203F562 
 197      AFF1C2EA 
 197      1C
 198 02dd 03F267BF 		.ascii	"\003\362g\277y\376\001\376v\350\332HRi\321\257Sb\370"
 198      79FE01FE 
 198      76E8DA48 
 198      5269D1AF 
 198      5362F8
 199 02f0 BC97A901 		.ascii	"\274\227\251\001N\202\001:\320<\251\233\337\233\257"
 199      4E82013A 
 199      D03CA99B 
 199      DF9BAF
 200 02ff A223069D 		.ascii	"\242#\006\235$\344\366\222B\217\323\213(\351\031w\322"
 200      24E4F692 
 200      428FD38B 
 200      28E91977 
 200      D2
 201 0310 46E446BB 		.ascii	"F\344F\273W\244mr\247=Ki\177 \222\356\021IO\271\223"
 201      57A46D72 
 201      A73D4B69 
 201      7F2092EE 
 201      11494FB9 
 202 0325 D6B8B32D 		.ascii	"\326\270\263-\022i\033\224i%\266U\"\351yw\322\013n\244"
 202      12691B94 
 202      6925B655 
 202      22E97977 
 202      D20B6EA4 
 203 0339 0522E909 		.ascii	"\005\"\351\011E\033P\312M\3400|2\317\277oS\241\243P"
 203      451B50CA 
 203      4DE0307C 
 203      32CFBF6F 
 203      53A1A350 
 204 034d 5D4BAAEB 		.ascii	"]K\252\353\004zp\005t\031\274\342\022\362G\315\000m"
 204      047A7005 
 204      7419BCE2 
 204      12F247CD 
 204      006D
 205 035f 00AD005D 		.ascii	"\000\255\000]\000-\000\027\001:\001\332\221?\365,*\266"
 205      002D0017 
 205      013A01DA 
 205      913FF52C 
 205      2AB6
 206 0371 54147B4E 		.ascii	"T\024{N\331F\254\343\304S\035\323\353<xDhT\202\333\011"
 206      D946ACE3 
 206      C4531DD3 
 206      EB3C7844 
 206      685482DB 
 207 0386 3FC2C851 		.ascii	"?\302\310Q\\x\306\300\013\254N+\017\015\355\002\370"
 207      5C78C6C0 
 207      0BAC4E2B 
 207      0F0DED02 
 207      F8
 208 0397 C540ECFA 		.ascii	"\305@\354\372<\215A\356\330rb\025\272\202\014B|\034"
 208      3C8D41EE 
 208      D8726215 
 208      BA820C42 
 208      7C1C
ARM GAS  C:\Users\srich\AppData\Local\Temp\cc8ToYhg.s 			page 16


 209 03a9 5A17FB6B 		.ascii	"Z\027\373k\034\255&\336\204\353\0236\255@\3406\314\006"
 209      1CAD26DE 
 209      84EB1336 
 209      AD40E036 
 209      CC06
 210 03bb 31D406A2 		.ascii	"1\324\006\242\200# \261[\260A\017\330\340\232\254\217"
 210      802320B1 
 210      5BB0410F 
 210      D8E09AAC 
 210      8F
 211 03cc 23B79A76 		.ascii	"#\267\232v\255b.\006\234\321U\201T\301\274\264\227\231"
 211      AD622E06 
 211      9CD15581 
 211      54C1BCB4 
 211      9799
 212 03de B1A497DD 		.ascii	"\261\244\227\335O\364\022\324\231J\353[\353\211\327"
 212      4FF412D4 
 212      994AEB5B 
 212      EB89D7
 213 03ed 527D504F 		.ascii	"R}PO\305\3111\035\336\300\220\255e\223\023z\274\231"
 213      C5C9311D 
 213      DEC090AD 
 213      6593137A 
 213      BC99
 214 03ff 21A7F764 		.ascii	"!\247\367d\375\031o\247eu\337\366\262\012\037\0240\177"
 214      FD196FA7 
 214      6575DFF6 
 214      B20A1F14 
 214      307F
 215 0411 3E0D54EB 		.ascii	">\015T\353a\236\017@\214\352CX\266\230d\300\373\311"
 215      619E0F40 
 215      8CEA4358 
 215      B69864C0 
 215      FBC9
 216 0423 F7480514 		.ascii	"\367H\005\024=\351\223\006\254\221\024\036\277\254B"
 216      3DE99306 
 216      AC91141E 
 216      BFAC42
 217 0432 AFCF47DF 		.ascii	"\257\317G\337\0075\373\241[\244J\205n\202\3467X\254"
 217      0735FBA1 
 217      5BA44A85 
 217      6E82E637 
 217      58AC
 218 0444 EA4D1D8D 		.ascii	"\352M\035\215\323\350\005\352\365\317\242\316\210\317"
 218      D3E805EA 
 218      F5CFA2CE 
 218      88CF
 219 0452 586F7031 		.ascii	"Xop1\374 (#\031~H4|{\337&\210E9\254?S\323k\266\370\340"
 219      FC202823 
 219      197E4834 
 219      7C7BDF26 
 219      884539AC 
 220 046d 02866C69 		.ascii	"\002\206li\351\254T\343}\014\211\277RxV\213\017\251"
 220      E9AC54E3 
 220      7D0C89BF 
 220      5278568B 
 220      0FA9
ARM GAS  C:\Users\srich\AppData\Local\Temp\cc8ToYhg.s 			page 17


 221 047f 5D96195F 		.ascii	"]\226\031_\266\314$6m\255\307\024\235\245A/\245o<\037"
 221      B6CC2436 
 221      6DADC714 
 221      9DA5412F 
 221      A56F3C1F 
 222 0493 399702D7 		.ascii	"9\227\002\327\256\215\202\262\276B \276\013\332\334"
 222      AE8D82B2 
 222      BE4220BE 
 222      0BDADC
 223 04a2 73AE0389 		.ascii	"s\256\003\211\271I\257\220u`\004\324\274#\305F_i\031"
 223      B949AF90 
 223      756004D4 
 223      BC23C546 
 223      5F6919
 224 04b5 7074E4FF 		.ascii	"pt\344\377N\231\351\330\\L\273c\233\276I\230\336\007"
 224      4E99E9D8 
 224      5C4CBB63 
 224      9BBE4998 
 224      DE07
 225 04c7 A6B725A6 		.ascii	"\246\267%\246#\262\305\305\2213\261T\231\353\203\271"
 225      23B2C5C5 
 225      9133B154 
 225      99EB83B9 
 226 04d7 B86616F6 		.ascii	"\270f\026\366|\207p\035\007\256\267$\256\367%\256\250"
 226      7C87701D 
 226      07AEB724 
 226      AEF725AE 
 226      A8
 227 04e8 ABB8E304 		.ascii	"\253\270\343\004\306\307\231\265\316\265g\304z\343&"
 227      C6C799B5 
 227      CEB567C4 
 227      7AE326
 228 04f7 8A70EDD3 		.ascii	"\212p\355\323k\347)\313{8\207<\373\024\317{\252\320"
 228      6BE729CB 
 228      7B38873C 
 228      FB14CF7B 
 228      AAD0
 229 0509 24489B50 		.ascii	"$H\233P\226\326w\277\253\300\200[\231\264\202\336\363"
 229      96D677BF 
 229      ABC0805B 
 229      99B482DE 
 229      F3
 230 051a 29DE74A9 		.ascii	")\336t\251\372\036A\267\257\033\177\244\306W\230\360"
 230      FA1E41B7 
 230      AF1B7FA4 
 230      C65798F0 
 231 052a 031B7B62 		.ascii	"\003\033{b\261\262\364\231\271\244\317P\351\323 }JY"
 231      B1B2F499 
 231      B9A4CF50 
 231      E9D3207D 
 231      4A59
 232 053c FAF5E1A3 		.ascii	"\372\365\341\243\273\324\270O\230*\023=\307\264T\372"
 232      BBD4B84F 
 232      982A133D 
 232      C7B454FA 
 233 054c 22821E68 		.ascii	"\"\202\036h\3509\347\215\207Y]\365@\364e-\036a\310\344"
 233      E839E78D 
ARM GAS  C:\Users\srich\AppData\Local\Temp\cc8ToYhg.s 			page 18


 233      87595DF5 
 233      40F4652D 
 233      1E61C8E4 
 234 0560 F0008CC8 		.ascii	"\360\000\214\310$C\366v\037_\001\215<\364d\302O\222"
 234      2443F676 
 234      1F5F018D 
 234      3CF464C2 
 234      4F92
 235 0572 5C05FD2F 		.ascii	"\\\005\375/\274nl\275\320\254\241\357\311+-\351\301"
 235      BC6E6CBD 
 235      D0ACA1EF 
 235      C92B2DE9 
 235      C1
 236 0583 C31355A5 		.ascii	"\303\023U\245\036\254\007\374\223\313\374:.\000\210"
 236      1EAC07FC 
 236      93CBFC3A 
 236      2E0088
 237 0592 5927D670 		.ascii	"Y'\326p\363Q,\347\364\256\276l\352]k9=\212\341\304n"
 237      F3512CE7 
 237      F4AEBE6C 
 237      EA5D6B39 
 237      3D8AE1C4 
 238 05a7 78487E70 		.ascii	"xH~p\371`\316a1/\352\276q\201\372M\034\220GK\344\320"
 238      F960CE61 
 238      312FEABE 
 238      7181FA4D 
 238      1C90474B 
 239 05bd 5A4C3214 		.ascii	"ZL2\024\244\257W\220\016\234w^\354\213Gb\372R\310\322"
 239      A4AF5790 
 239      0E9C775E 
 239      EC8B4762 
 239      FA52C8D2 
 240 05d1 9704E0BC 		.ascii	"\227\004\340\274Z\342\034\367t\316\361\212\234Qr\307"
 240      5AE21CF7 
 240      74CEF18A 
 240      9C5172C7 
 241 05e1 E5194F1C 		.ascii	"\345\031O\034\255\2416l+l\266\373\3408\206t^>\221\245"
 241      ADA1366C 
 241      2B6CB6FB 
 241      E0388674 
 241      5E3E91A5 
 242 05f5 C5290C39 		.ascii	"\305)\0149\264\271\340\244\001g2\344\370\376\352\017"
 242      B4B9E0A4 
 242      016732E4 
 242      F8FEEA0F 
 243 0605 71312B97 		.ascii	"q1+\227\325\356\211\323\321\301\3723A'bG\342\364t\021"
 243      D5EE89D3 
 243      D1C1FA33 
 243      41276247 
 243      E2F47411 
 244 0619 37D02CA1 		.ascii	"7\320,\241q\370\232\026\2273\322\362\334\374\012F\372"
 244      71F89A16 
 244      9733D2F2 
 244      DCFC0A46 
 244      FA
 245 062a 3E5DFCD7 		.ascii	">]\374\327mi\347p-\253\333\332x\305\007_`\345S\011\271"
 245      6D69E770 
ARM GAS  C:\Users\srich\AppData\Local\Temp\cc8ToYhg.s 			page 19


 245      2DABDBDA 
 245      78C5075F 
 245      60E55309 
 246 063f 173DB083 		.ascii	"\027=\260\203!\225w\362\3235x\220\"\\y\326\311L\235"
 246      219577F2 
 246      D3357890 
 246      225C79D6 
 246      C94C9D
 247 0652 6006FB46 		.ascii	"`\006\373F\214\320V0A\306s\233 S\331\004\2617\253\322"
 247      8CD05630 
 247      41C6739B 
 247      2053D904 
 247      B137ABD2 
 248 0666 31BECBE4 		.ascii	"1\276\313\344M\236\357/\322\342q\206\244\325lOa\032"
 248      4D9EEF2F 
 248      D2E27186 
 248      A4D56C4F 
 248      611A
 249 0678 F3141FB9 		.ascii	"\363\024\037\271\226\374\310\033?f\225\321\303\231v"
 249      96FCC81B 
 249      3F6695D1 
 249      C39976
 250 0687 84D77850 		.ascii	"\204\327xP\344\306\332\362,5\336\300\220\364=Y\217<"
 250      E4C6DAF2 
 250      2C35DEC0 
 250      90F43D59 
 250      8F3C
 251 0699 F06686A4 		.ascii	"\360f\206\244&^;h\300\333\031\262wxt\263\006\3472d\337"
 251      265E3B68 
 251      C0DB19B2 
 251      777874B3 
 251      06E73264 
 252 06ae 50D71BB8 		.ascii	"P\327\033\270\210\226\271\314\361\033g\320\234\231\357"
 252      8896B9CC 
 252      F11B67D0 
 252      9C99EF
 253 06bd 2E4E39F3 		.ascii	".N9\363\265'\200\015\362\301\006y\334\223Y,H\310\272"
 253      B527800D 
 253      F2C10679 
 253      DC93592C 
 253      48C8BA
 254 06d0 BA2BDB80 		.ascii	"\272+\333\200+\230\270\035\253;R5\370\010Cfr7T#\\\317"
 254      2B98B81D 
 254      AB3B5235 
 254      F8084366 
 254      72375423 
 255 06e6 90EBA503 		.ascii	"\220\353\245\003C\034nfH\306\371\215\255\006\354`\310"
 255      431C6E66 
 255      48C6F98D 
 255      AD06EC60 
 255      C8
 256 06f7 C6638E8B 		.ascii	"\306c\216\213\032<\354\341\022\025\014,*\024^\276tJ"
 256      1A3CECE1 
 256      12150C2C 
 256      2A145EBE 
 256      744A
 257 0709 8B1F78B8 		.ascii	"\213\037x\270\314Y\003\233\263Y\216\361\353:\374\230"
ARM GAS  C:\Users\srich\AppData\Local\Temp\cc8ToYhg.s 			page 20


 257      CC59039B 
 257      B3598EF1 
 257      EB3AFC98 
 258 0719 D55D3B11 		.ascii	"\325];\021}I\215\327jY\330\257+ie\204?\246\331\341\311"
 258      7D498DD7 
 258      6A59D8AF 
 258      2B696584 
 258      3FA6D9E1 
 259 072e B4712F9C 		.ascii	"\264q/\234\314\352bb\2166h\3606\255\213\267\030\250"
 259      CCEA6262 
 259      8E3668F0 
 259      36AD8BB7 
 259      18A8
 260 0740 B7FCF4DA 		.ascii	"\267\374\364\332\365\3345\316t0\300\340?/\200<\347\321"
 260      F5DC35CE 
 260      7430C0E0 
 260      3F2F803C 
 260      E7D1
 261 0752 D470DE3C 		.ascii	"\324p\336<\203\201\224\002h\246H^\032^bY\243\201\374"
 261      83819402 
 261      68A6485E 
 261      1A5E6259 
 261      A381FC
 262 0765 3504D01F 		.ascii	"5\004\320\037\311\037\371\221\246#\216\357\036*\347"
 262      C91FF991 
 262      A6238EEF 
 262      1E2AE7
 263 0774 EBD6603A 		.ascii	"\353\326`:}6\202\335\256q/)\255\3564\337I\334C\362\035"
 263      7D3682DD 
 263      AE712F29 
 263      ADEE34DF 
 263      49DC43F2 
 264 0789 62E132A0 		.ascii	"b\3412\240\354\342dy@)\347\232\350\215\224\324\216|"
 264      ECE26479 
 264      4029E79A 
 264      E88D94D4 
 264      8E7C
 265 079b 9A4AF386 		.ascii	"\232J\363\206\363\234\001\331\201\376,7w\262W\326t\244"
 265      F39C01D9 
 265      81FE2C37 
 265      77B257D6 
 265      74A4
 266 07ad EA1F3379 		.ascii	"\352\0373y\3731\204\216\000y\362S\025\341\035q\205\347"
 266      FB31848E 
 266      0079F253 
 266      15E11D71 
 266      85E7
 267 07bf 69BE4494 		.ascii	"i\276D\224\336\360\014\245\033\0074\031\213h\254\177"
 267      DEF00CA5 
 267      1B073419 
 267      8B68AC7F 
 268 07cf 84       		.ascii	"\204"
 269 07d0 98D2427C 		.ascii	"\230\322B|f)\332c1E\033Il\261{7BlF\027\200(M\362\241"
 269      6629DA63 
 269      31451B49 
 269      6CB17B37 
 269      426C4617 
ARM GAS  C:\Users\srich\AppData\Local\Temp\cc8ToYhg.s 			page 21


 270 07e9 466EDE93 		.ascii	"Fn\336\223\333\211s\240\246\264\370\203\322b\306\324"
 270      DB8973A0 
 270      A6B4F883 
 270      D262C6D4 
 271 07f9 74A426E0 		.ascii	"t\244&\34003\352\015 \312\235[?yF\272\033\252\013hF"
 271      3033EA0D 
 271      20CA9D5B 
 271      3F7946BA 
 271      1BAA0B68 
 272 080e 0ADE4DB4 		.ascii	"\012\336M\264$\331\330\010\224\217q\220}\002t\0004\003"
 272      24D9D808 
 272      948F7190 
 272      7D027400 
 272      3403
 273 0820 B403F402 		.ascii	"\264\003\364\002\264\0018\000\252\001n\002\234\006h"
 273      B4013800 
 273      AA016E02 
 273      9C0668
 274 082f 00B80E30 		.ascii	"\000\270\0160\010P\011p\011`\010\340\012\3072:\322\315"
 274      08500970 
 274      096008E0 
 274      0AC7323A 
 274      D2CD
 275 0841 B2C49629 		.ascii	"\262\304\226)LBq-\010)\224\026\240.g/\205\361\310\373"
 275      4C42712D 
 275      08299416 
 275      A02E672F 
 275      85F1C8FB 
 276 0855 161B0F32 		.ascii	"\026\033\0172|\305@\326\317)\246}\324\306\011\273\211"
 276      7CC540D6 
 276      CF29A67D 
 276      D4C609BB 
 276      89
 277 0866 633829BB 		.ascii	"c8)\273\236B9\231/\247lT\246\244\243QR[\366\033\022"
 277      9E423999 
 277      2FA76C54 
 277      A6A4A351 
 277      525BF61B 
 278 087b D73B8126 		.ascii	"\327;\201&G\032\214\263N5\025S\331V0X\277`\274[P\256"
 278      471A8CB3 
 278      4E351553 
 278      D9563058 
 278      BF60BC5B 
 279 0891 E7C45496 		.ascii	"\347\304T\226'>\366O\254O'\201d\217\273\013_p\335\253"
 279      273EF64F 
 279      AC4F2781 
 279      648FBB0B 
 279      5F70DDAB 
 280 08a5 F065532D 		.ascii	"\360eS-\007\360jJO\034b\013\3207\301s3\204\312\232'"
 280      07F06A4A 
 280      4F1C620B 
 280      D037C173 
 280      3384CA9A 
 281 08ba 7D92584C 		.ascii	"}\222XL\340NF\273@\231\273l\330\355Ts\221[:\307\314"
 281      E04E46BB 
 281      4099BB6C 
 281      D8ED5473 
ARM GAS  C:\Users\srich\AppData\Local\Temp\cc8ToYhg.s 			page 22


 281      915B3AC7 
 282 08cf 4134BF0D 		.ascii	"A4\277\015\232\037\207ak\341d\211xI\355\2440\241\272"
 282      9A1F8761 
 282      6BE16489 
 282      7849EDA4 
 282      30A1BA
 283 08e2 C17A3B95 		.ascii	"\301z;\225'\024\323^\356W\233@@\012LN\224*\350O\004"
 283      2714D35E 
 283      EE579B40 
 283      400A4C4E 
 283      942AE84F 
 284 08f7 DC0101A7 		.ascii	"\334\001\001\247@\300\250 @\336 \013\032\220-\007\332"
 284      40C0A820 
 284      40DE200B 
 284      1A902D07 
 284      DA
 285 0908 2188200D 		.ascii	"!\210 \015\356A\203\001hP\005pFh$\237\015\265rU.\003"
 285      EE418301 
 285      68500570 
 285      4668249F 
 285      0DB57255 
 286 091e 31196136 		.ascii	"1\031a6bs\221\251d4r\371\242Ej\200\315S,B\243\327+B"
 286      627391A9 
 286      643472F9 
 286      A2456A80 
 286      CD532C42 
 287 0936 F4227B12 		.ascii	"\364\"{\022\207\273\353\271o>\035\017O\262\260A\004"
 287      87BBEBB9 
 287      6F3E1D0F 
 287      4FB2B041 
 287      04
 288 0947 972ABA9F 		.ascii	"\227*\272\237l\247\272Q\364\351RE\237.\221\007\216~"
 288      6CA7BA51 
 288      F4E95245 
 288      9F2E9107 
 288      8E7E
 289 0959 C3691238 		.ascii	"\303i\0228\210_\025J\276\332/\237R\240n\301\267\205"
 289      885F154A 
 289      BEDA2F9F 
 289      52A06EC1 
 289      B785
 290 096b B8007B05 		.ascii	"\270\000{\0054\354\316\325}[\275UT\340\272;i\243\033"
 290      34ECCED5 
 290      7D5BBD55 
 290      54E0BA3B 
 290      69A31B
 291 097e 69160DCC 		.ascii	"i\026\015\314$\332\354s\367\273r\316\205\324\221\264"
 291      24DAEC73 
 291      F7BB72CE 
 291      85D491B4 
 292 098e 9BD9809C 		.ascii	"\233\331\200\234\366T+[\354\211\330$\272\304\011\030"
 292      F6542B5B 
 292      EC89D824 
 292      BAC40918 
 293 099e 86A7B984 		.ascii	"\206\247\271\204`\2152C1\261\006\011\221I\2225\316s"
 293      608D3243 
 293      31B10609 
ARM GAS  C:\Users\srich\AppData\Local\Temp\cc8ToYhg.s 			page 23


 293      91499235 
 293      CE73
 294 09b0 06D513DE 		.ascii	"\006\325\023\336&\206\275=\202.\177\217\260'\230\337"
 294      2686BD3D 
 294      822E7F8F 
 294      B02798DF 
 295 09c0 F18660FE 		.ascii	"\361\206`\376\217\015\350\200\273\235\016\272\332\311"
 295      8F0DE880 
 295      BB9D0EBA 
 295      DAC9
 296 09ce 7E94EEED 		.ascii	"~\224\356\355\207\241\013\333\347\016\340r\337\356t"
 296      87A10BDB 
 296      E70EE072 
 296      DFEE74
 297 09dd F1ED6ED6 		.ascii	"\361\355n\326\331\024\205 \245\242\334H?\357B?\017\203"
 297      D9148520 
 297      A5A2DC48 
 297      3FEF423F 
 297      0F83
 298 09ef 9E15007D 		.ascii	"\236\025\000}\000\207\000\256\002\034\005\350\221\351"
 298      008700AE 
 298      021C05E8 
 298      91E9
 299 09fd EEE811D6 		.ascii	"\356\350\021\326;\262\364\356~\306zw\204\256wd'\365"
 299      3BB2F4EE 
 299      7EC67A77 
 299      84AE7764 
 299      27F5
 300 0a0f 95D27A27 		.ascii	"\225\322z'\3057\373\324\367\201%\011m\305\2021\304\251"
 300      C537FBD4 
 300      F7812509 
 300      6DC58231 
 300      C4A9
 301 0a21 57E2E634 		.ascii	"W\342\3464\333NI\023\247W\331\031e3'\233\232\016\214"
 301      DB4E4913 
 301      A757D919 
 301      6533279B 
 301      9A0E8C
 302 0a34 9CF8ACA5 		.ascii	"\234\370\254\245\317-z\027qX1z\313\315|\326\305\314"
 302      CF2D7A17 
 302      7158317A 
 302      CBCD7CD6 
 302      C5CC
 303 0a46 37A475D7 		.ascii	"7\244u\327q~\367y/\036\272N6V\263J]\34791X\227\324\016"
 303      717EF779 
 303      2F1EBA4E 
 303      3656B34A 
 303      5DE73931 
 304 0a5e CA427BB6 		.ascii	"\312B{\266\020\351\346\016\355\366\327Yh'\011\307^\345"
 304      10E9E60E 
 304      EDF6D759 
 304      682709C7 
 304      5EE5
 305 0a70 DC471A81 		.ascii	"\334G\032\201B:\033\311\004\333\257<\033\231\255\344"
 305      423A1BC9 
 305      04DBAF3C 
 305      1B99ADE4 
ARM GAS  C:\Users\srich\AppData\Local\Temp\cc8ToYhg.s 			page 24


 306 0a80 BD6A72E9 		.ascii	"\275jr\351\3250\353\025=Q\031\244'*$\222\270\236\250"
 306      D530EB15 
 306      3D5119A4 
 306      272A2492 
 306      B89EA8
 307 0a93 D084F79E 		.ascii	"\320\204\367\236\006\321\354\344\311\252\221\251\226"
 307      06D1ECE4 
 307      C9AA91A9 
 307      96
 308 0aa0 B20FA261 		.ascii	"\262\017\242a\371lR\256n:2\370*Y]ax\224\252Kj\373? "
 308      F96C52AE 
 308      6E3A32F8 
 308      2A595D61 
 308      7894AA4B 
 309 0ab8 E7AA6715 		.ascii	"\347\252g\025[\203A\012\350\346\257\353\211j;\223]\363"
 309      5B83410A 
 309      E8E6AFEB 
 309      896A3B93 
 309      5DF3
 310 0aca 1BB65491 		.ascii	"\033\266T\221\035\3116a\341Q\2122\220\331\326\255\036"
 310      1DC93661 
 310      E1518A32 
 310      90D9D6AD 
 310      1E
 311 0adb FDCAFB5B 		.ascii	"\375\312\373[i\202?\274\240\246N&\331\342>\367-\370"
 311      69823FBC 
 311      A0A64E26 
 311      D9E23EF7 
 311      2DF8
 312 0aed FB999A11 		.ascii	"\373\231\232\021\367\325L7k\360\035Ov6;\323\270\335"
 312      F7D54C37 
 312      6BF01D4F 
 312      76363BD3 
 312      B8DD
 313 0aff C36F076F 		.ascii	"\303o\007o/\033\231i-~i\033\231\334\374\024\354t\021"
 313      2F1B9969 
 313      2D7E691B 
 313      99DCFC14 
 313      EC7411
 314 0b12 6985C6C4 		.ascii	"i\205\306\304\320\243\"e\252\036\032\347\374\240\345"
 314      D0A32265 
 314      AA1E1AE7 
 314      FCA0E5
 315 0b21 DA86E961 		.ascii	"\332\206\351a\0375'\254A\237\321\213\201\352\263\243"
 315      1F3527AC 
 315      419FD18B 
 315      81EAB3A3 
 316 0b31 D3686E3D 		.ascii	"\323hn=\276\242z<\340\004E\312s\243;\020\336\247c\307"
 316      BEA27A3C 
 316      E00445CA 
 316      73A33B10 
 316      DEA763C7 
 317 0b45 1177076E 		.ascii	"\021w\007nzRE\354\325\220\337\360u\263\263\357\221\006"
 317      7A5245EC 
 317      D590DFF0 
 317      75B3B3EF 
 317      9106
ARM GAS  C:\Users\srich\AppData\Local\Temp\cc8ToYhg.s 			page 25


 318 0b57 6842A6C2 		.ascii	"hB\246\302\204S\205\3119Up\304\367\336\345\344*\310"
 318      845385C9 
 318      395570C4 
 318      F7DEE5E4 
 318      2AC8
 319 0b69 CEAC55E8 		.ascii	"\316\254U\350\021\325\340\241S\203\312\262\216^\015"
 319      11D5E0A1 
 319      5383CAB2 
 319      8E5E0D
 320 0b78 AE671A34 		.ascii	"\256g\0324\2657\255%\246p\360#;:n\0332\312\371cNS@3"
 320      B537AD25 
 320      A670F023 
 320      3B3A6E1B 
 320      32CAF963 
 321 0b90 F458A6C7 		.ascii	"\364X\246\307c\247\036ST\217\224\232\234hO\266\251\373"
 321      63A71E53 
 321      548F949A 
 321      9C684FB6 
 321      A9FB
 322 0ba2 26DDFD14 		.ascii	"&\335\375\024\305\216\262\353\222fz.\277\366r\225\031"
 322      C58EB2EB 
 322      92667A2E 
 322      BFF67295 
 322      19
 323 0bb3 C7E8D9EE 		.ascii	"\307\350\331\356\263~\374\0338\211\225\253'+v\033i;"
 323      B37EFC1B 
 323      388995AB 
 323      272B761B 
 323      693B
 324 0bc5 07DBA0D4 		.ascii	"\007\333\240\324\014>`\007\333\257\320\355\340\364\343"
 324      0C3E6007 
 324      DBAFD0ED 
 324      E0F4E3
 325 0bd4 7E23CE64 		.ascii	"~#\316d\264\207\362+\013\275\361.\206\244l\031(7\342"
 325      B487F22B 
 325      0BBDF12E 
 325      86A46C19 
 325      2837E2
 326 0be7 030C892B 		.ascii	"\003\014\211+l\3523\340\032\201\254\374`\026\207\217"
 326      6CEA33E0 
 326      1A81ACFC 
 326      6016878F 
 327 0bf7 33646075 		.ascii	"3d`uN\226\02172\344\344\346\241?\340\026Vn\355m\337"
 327      4E961137 
 327      32E4E4E6 
 327      A13FE016 
 327      566EED6D 
 328 0c0c E58D2F53 		.ascii	"\345\215/S\304s\247}\303n-\362\237\3076B\3168\377\216"
 328      C473A77D 
 328      C36E2DF2 
 328      9FC73642 
 328      CE38FF8E 
 329 0c20 10E78965 		.ascii	"\020\347\211e\3430F\033\360\034\341J\276\022\255\306"
 329      E330461B 
 329      F01CE14A 
 329      BE12ADC6 
 330 0c30 F3513406 		.ascii	"\363Q4\006\2025B\013\022\205Rp\000J\302\376(\031 \021"
ARM GAS  C:\Users\srich\AppData\Local\Temp\cc8ToYhg.s 			page 26


 330      8235420B 
 330      12855270 
 330      004AC2FE 
 330      28192011 
 331 0c44 60234002 		.ascii	"`#@\002\300&,?\006.q.\324\353\225\205I\033\227\342\022"
 331      C0262C3F 
 331      062E712E 
 331      D4EB9585 
 331      491B97E2 
 332 0c59 164849BE 		.ascii	"\026HI\276\262\316\235\270\306=@\027\276!\004\350X\201"
 332      B2CE9DB8 
 332      C63D4017 
 332      BE2104E8 
 332      5881
 333 0c6b 54394045 		.ascii	"T9@E\333\213J\234\021g\2552S)\224W\237\223By\274;\261"
 333      DB8B4A9C 
 333      1167AD32 
 333      53299457 
 333      9F934279 
 334 0c82 2C05A1C1 		.ascii	",\005\241\301\247`#\011>@\362\304q.w\242`\246M\203\002"
 334      A7602309 
 334      3E40F2C4 
 334      712E77A2 
 334      60A64D83 
 335 0c97 E6094B7E 		.ascii	"\346\011K~\215\367Q\262\344o\006n1X\\\362I\313'\226"
 335      8DF751B2 
 335      E46F066E 
 335      31585CF2 
 335      49CB2796 
 336 0cab 7CD1D0A9 		.ascii	"|\321\320\251`\334\34754\014\374\325\274\216J5\356c"
 336      60DCE735 
 336      340CFCD5 
 336      BC8E4A35 
 336      EE63
 337 0cbd 5E50387E 		.ascii	"^P8~\3426\306C\014\331\273\277\256\321\013\3172\344"
 337      E236C643 
 337      0CD9BBBF 
 337      AED10BCF 
 337      32E4
 338 0ccf 44CB953D 		.ascii	"D\313\225=\036\354b\211\235Z4Uu\2633\230\227\350\275"
 338      1EEC6289 
 338      9D5A3455 
 338      75B33398 
 338      97E8BD
 339 0ce2 536EDF66 		.ascii	"Sn\337f\035N\367bN\2667\032\326\250]\014IOM\253\324"
 339      1D4EF762 
 339      4EB6371A 
 339      D6A85D0C 
 339      494F4DAB 
 340 0cf7 E14A86F4 		.ascii	"\341J\206\364\027\3466y\343Z/\227\333\035#\273\335\331"
 340      17E63679 
 340      E35A2F97 
 340      DB1D23BB 
 340      DDD9
 341 0d09 DA71631C 		.ascii	"\332qc\034S\216t\206\234\337a?\340\203O1\322\2643\333"
 341      538E7486 
 341      9CDF613F 
ARM GAS  C:\Users\srich\AppData\Local\Temp\cc8ToYhg.s 			page 27


 341      E0834F31 
 341      D2B433DB 
 342 0d1d 9234B885 		.ascii	"\2224\270\205!\311\327SZ\325\270\313\313\345\204\327"
 342      21C9D753 
 342      5AD5B8CB 
 342      CBE584D7 
 343 0d2d 8F9DF06E 		.ascii	"\217\235\360n\2715y\300\223\242\263\263\230\036ju7_"
 343      B93579C0 
 343      93A2B3B3 
 343      981E6A75 
 343      375F
 344 0d3f D789D788 		.ascii	"\327\211\327\210}\227h\200\335\205\365h\247dO?\371\225"
 344      7D976880 
 344      DD85F568 
 344      A7644F3F 
 344      F995
 345 0d51 1C1FC36B 		.ascii	"\034\037\303k\012\214\220\247\203=\263\211=\363\301"
 345      0A8C90A7 
 345      833DB389 
 345      3DF3C1
 346 0d60 867EC2B9 		.ascii	"\206~\302\271H.\274\314\303\364\264l\177\357\335\004"
 346      482EBCCC 
 346      C3F4B46C 
 346      7FEFDD04 
 347 0d70 BD780E77 		.ascii	"\275x\016w2\221^\016\026\000\343\034\2111\310y\032\347"
 347      32915E0E 
 347      1600E31C 
 347      8931C879 
 347      1AE7
 348 0d82 DDCA9CEB 		.ascii	"\335\312\234\353\367\265m\305\242\312-\007>%\013N\021"
 348      F7B56DC5 
 348      A2CA2D07 
 348      3E250B4E 
 348      11
 349 0d93 70B64B9C 		.ascii	"p\266K\234\013\236\316\271P\2213\312m=z\020\341\033"
 349      0B9ECEB9 
 349      509133CA 
 349      6D3D7A10 
 349      E11B
 350 0da5 CC72C72E 		.ascii	"\314r\307.T\245#\032*?vF\312\211\332\223\243\036sF\312"
 350      54A5231A 
 350      2A3F7646 
 350      CA89DA93 
 350      A31E7346 
 351 0dba 124C2265 		.ascii	"\022L\"e1\026\"e\365\265\261&\035\276\313\230\025\247"
 351      31162265 
 351      F5B5B126 
 351      1DBECB98 
 351      15A7
 352 0dcc 56D679B9 		.ascii	"V\326y\271\034\343\003\265\254m)\226\356\005\271\342"
 352      1CE303B5 
 352      AC6D2996 
 352      EE05B9E2 
 353 0ddc D682342F 		.ascii	"\326\2024/d\010\230\213\034\355\003\365\245\026t\316"
 353      6408988B 
 353      1CED03F5 
 353      A51674CE 
ARM GAS  C:\Users\srich\AppData\Local\Temp\cc8ToYhg.s 			page 28


 354 0dec D4C4E861 		.ascii	"\324\304\350a\316\224\301\313\275\222\025\200\3069s"
 354      CE94C1CB 
 354      BD921580 
 354      C63973
 355 0dfb D0CEF1D4 		.ascii	"\320\316\361\324C^x\202\251S\344\310~h\304\263\024\321"
 355      435E7882 
 355      A953E4C8 
 355      7E68C4B3 
 355      14D1
 356 0e0d 3F9ACA3F 		.ascii	"?\232\312?\216`N\321xf\360\017\240\374\032s_\004~\007"
 356      8E604ED1 
 356      7866F00F 
 356      A0FC1A73 
 356      5F047E07 
 357 0e21 619E6C95 		.ascii	"a\236l\225\370U*M\254\014\260_&1\352\001\320\252R\230"
 357      F8552A4D 
 357      AC0CB05F 
 357      2631EA01 
 357      D0AA5298 
 358 0e35 5847A05C 		.ascii	"XG\240\\\001\023\251\006\340\020@\025\300a\354\222\027"
 358      0113A906 
 358      E0104015 
 358      C061EC92 
 358      17
 359 0e46 8F2C10E2 		.ascii	"\217,\020\342e5(\275\035\204Tb\305m\271\242\254m\002"
 359      653528BD 
 359      1D845462 
 359      C56DB9A2 
 359      AC6D02
 360 0e59 FDF3C872 		.ascii	"\375\363\310r\364\354a\301\207X\247\334]\320\023w\205"
 360      F4EC61C1 
 360      8758A7DC 
 360      5DD01377 
 360      85
 361 0e6a D7123C0A 		.ascii	"\327\022<\012\026Q\177\332#\320\212n\343\036\325\206"
 361      16517FDA 
 361      23D08A6E 
 361      E31ED586 
 362 0e7a 9A186370 		.ascii	"\232\030cp\220\375\356|e1X>\216\007\261<\345\252\306"
 362      90FDEE7C 
 362      6531583E 
 362      8E07B13C 
 362      E5AAC6
 363 0e8d 622269EF 		.ascii	"b\"i\357\246\371\0331F\226\2421d\267zW\022H\200\254"
 363      A6F91B31 
 363      4696A231 
 363      64B77A57 
 363      124880AC 
 364 0ea1 54089028 		.ascii	"T\010\220(\345Xc%\207\327\032\310\310z$\327\2257\032"
 364      E5586325 
 364      87D71AC8 
 364      C87A24D7 
 364      95371A
 365 0eb4 D93A4557 		.ascii	"\331:EW)\307\224\240\260\323\344u\3176\271\270\223\337"
 365      29C794A0 
 365      B0D3E475 
 365      CF36B9B8 
ARM GAS  C:\Users\srich\AppData\Local\Temp\cc8ToYhg.s 			page 29


 365      93DF
 366 0ec6 22D01393 		.ascii	"\"\320\023\223\237\000\223\327\202\231\217\001\324\003"
 366      9F0093D7 
 366      82998F01 
 366      D403
 367 0ed4 1C979B7B 		.ascii	"\034\227\233{}I\242\201\227\231\260\356i&\234\221i\224"
 367      7D49A281 
 367      9799B0EE 
 367      69269C91 
 367      6994
 368 0ee6 A5A8916C 		.ascii	"\245\250\221l'\235!\343|T\2313\240N+=\246V\252SZF\006"
 368      279D21E3 
 368      7C549933 
 368      A04E2B3D 
 368      A656AA53 
 369 0efd AB9B2FEB 		.ascii	"\253\233/\353\320\274\000\305\2166@\347\236\325Q!\366"
 369      D0BC00C5 
 369      8E3640E7 
 369      9ED55121 
 369      F6
 370 0f0e 54193BE9 		.ascii	"T\031;\351\006\034\250\323\245iR\347\234&\344\020\266"
 370      061CA8D3 
 370      A56952E7 
 370      9C26E410 
 370      B6
 371 0f1f 67684C8D 		.ascii	"ghL\215S\014\354\243\222\231\354RO\234\311\220\272\033"
 371      530CECA3 
 371      9299EC52 
 371      4F9CC990 
 371      BA1B
 372 0f31 B16DDEB8 		.ascii	"\261m\336\270\200!\307z\317&\350H|\210y\3265_zU\361"
 372      8021C77A 
 372      CF26E848 
 372      7C8879D6 
 372      355F7A55 
 373 0f46 031DAEA2 		.ascii	"\003\035\256\242\315pKs^\247'\0140\214\356\232\030\222"
 373      CD704B73 
 373      5EA7270C 
 373      308CEE9A 
 373      1892
 374 0f58 5D2F3ECB 		.ascii	"]/>\313\346\324\0310g\023ht\356i\003\354\266\017j\024"
 374      E6D41930 
 374      67136874 
 374      EE6903EC 
 374      B60F6A14 
 375 0f6c E849BFCF 		.ascii	"\350I\277\317C\277\317\312\372\3528C\327\344sJ\306\354"
 375      43BFCFCA 
 375      FAEA3843 
 375      D7E4734A 
 375      C6EC
 376 0f7e ECAF2AE6 		.ascii	"\354\257*\346Dc\2721m\006Fs1\005\003\3366\322\023\214"
 376      4463BA31 
 376      6D064673 
 376      310503DE 
 376      36D2138C 
 377 0f92 0B40715A 		.ascii	"\013@qZ2\3409\231\001g\327\234mF"
 377      32E03999 
ARM GAS  C:\Users\srich\AppData\Local\Temp\cc8ToYhg.s 			page 30


 377      0167D79C 
 377      6D46
 378 0fa0 F8183353 		.ascii	"\370\0303SZs\361%-n`HsGs\032\302-\014\351\331uuV\215"
 378      5A73F125 
 378      2D6E6048 
 378      7347731A 
 378      C22D0CE9 
 379 0fb9 7B29C25D 		.ascii	"{)\302]\2378}[vSs\215\336\362]\002\247i\303\317\373"
 379      9F387D5B 
 379      7653738D 
 379      DEF25D02 
 379      A769C3CF 
 380 0fce A1493B56 		.ascii	"\241I;V\374\320\244x`\177\027\306\303\314\372\245\245"
 380      FCD0A478 
 380      607F17C6 
 380      C3CCFAA5 
 380      A5
 381 0fdf 97FF34D7 		.ascii	"\227\3774\327\365\266\012u\012\275\356\002N\227\345"
 381      F5B60A75 
 381      0ABDEE02 
 381      4E97E5
 382 0fee A16F686C 		.ascii	"\241ohlD\330\247\020\225:@\245N\345Q\242\206\237"
 382      44D8A710 
 382      953A40A5 
 382      4EE551A2 
 382      869F
 383 1000 7CCB93D4 		.ascii	"|\313\223\324?i\366\372f\376\2613\025rL{ t\025\270\264"
 383      3F69F6FA 
 383      66FEB133 
 383      15724C7B 
 383      207415B8 
 384 1015 4A1DECC4 		.ascii	"J\035\354\304O;\262\274\002Z)iH68\347\023\342\020\316"
 384      4F3BB2BC 
 384      025A2969 
 384      483638E7 
 384      13E210CE 
 385 1029 F1A676CD 		.ascii	"\361\246v\315N,\177\310\022\363(\202\036\031J\256\326"
 385      4E2C7FC8 
 385      12F32882 
 385      1E194AAE 
 385      D6
 386 103a E33C56B7 		.ascii	"\343<V\267y\244\252S\207K\0312z.\353\204\021Wy\273d"
 386      79A4AA53 
 386      874B1932 
 386      7A2EEB84 
 386      115779BB 
 387 104f 1DFE2CEB 		.ascii	"\035\376,\353x\270.n\215\236\242\263\316\037\035\247"
 387      78B82E6E 
 387      8D9EA2B3 
 387      CE1F1DA7 
 388 105f 33B19BF2 		.ascii	"3\261\233\362\015\316\013\027{\014\377\215\325\373^"
 388      0DCE0B17 
 388      7B0CFF8D 
 388      D5FB5E
 389 106e 911DC5DD 		.ascii	"\221\035\305\335\000\275\374\2051\350\205i\336\207\305"
 389      00BDFC85 
 389      31E88569 
ARM GAS  C:\Users\srich\AppData\Local\Temp\cc8ToYhg.s 			page 31


 389      DE87C5
 390 107d 5BC0BBF4 		.ascii	"[\300\273\364s\247~\260\337u\251\307\376\322-`\367\301"
 390      73A77EB0 
 390      DF75A9C7 
 390      FED22D60 
 390      F7C1
 391 108f C669CDDC 		.ascii	"\306i\315\334\234\007\346\342\334}2\225&*7\201\263C"
 391      9C07E6E2 
 391      DC7D3295 
 391      262A3781 
 391      B343
 392 10a1 E2DC8F25 		.ascii	"\342\334\217%\326\231c]\247\237\242\364\320\\\254o\355"
 392      D699635D 
 392      A79FA2F4 
 392      D05CAC6F 
 392      ED
 393 10b2 99F88464 		.ascii	"\231\370\204d*\203\300\272Gb}Sb\215\370\007\355I>4\343"
 393      2A83C0BA 
 393      47627D53 
 393      628DF807 
 393      ED493E34 
 394 10c7 ABF326F8 		.ascii	"\253\363&\370\225\270M1Fj\374Nva\264\257v\202}\357C"
 394      95B84D31 
 394      466AFC4E 
 394      7661B4AF 
 394      76827DEF 
 395 10dc 9DB16BBA 		.ascii	"\235\261k\272\255\307G/\273f\203\012\231\003\336!\234"
 395      ADC7472F 
 395      BB66830A 
 395      9903DE21 
 395      9C
 396 10ed C19DD06D 		.ascii	"\301\235\320m\226\335\034\231-\035\363~1Y\010y~\031"
 396      96DD1C99 
 396      2D1DF37E 
 396      31590879 
 396      7E19
 397 10ff 46AACA30 		.ascii	"F\252\3120\350x\213\004Mt\027\277\350lEo\344\342\037"
 397      E8788B04 
 397      4D7417BF 
 397      E86C456F 
 397      E4E21F
 398 1112 B41AF071 		.ascii	"\264\032\360q6\240\373\332\007;X:\273\222l\200Ro\235"
 398      36A0FBDA 
 398      073B583A 
 398      BB926C80 
 398      526F9D
 399 1125 3A6244F4 		.ascii	":bD\364\342\207--dk_\3633\341X\2248b7\364p\\\356\326"
 399      E2872D2D 
 399      646B5FF3 
 399      33E15894 
 399      386237F4 
 400 113d D7B0CB9E 		.ascii	"\327\260\313\236\304\276u!D}\0228O\011\224b\374}\342"
 400      C4BE7521 
 400      447D1238 
 400      4F099462 
 400      FC7DE2
 401 1150 C4684729 		.ascii	"\304hG)Y\031I\214hq\347*;2\022cy\006\314\343i`6C\230"
ARM GAS  C:\Users\srich\AppData\Local\Temp\cc8ToYhg.s 			page 32


 401      5919498C 
 401      6871E72A 
 401      3B321263 
 401      7906CCE3 
 402 1169 F1420BE2 		.ascii	"\361B\013\342\347\22304\023\020\304\357\003\214\001"
 402      E7933034 
 402      1310C4EF 
 402      038C01
 403 1178 7C05300A 		.ascii	"|\0050\012\360@\232\235\274\243\351\236\272.c\0211\006"
 403      F0409A9D 
 403      BCA3E99E 
 403      BA2E6311 
 403      3106
 404 118a BA27B475 		.ascii	"\272'\264u\232\010\215\270\366\301QT\372\021Y\273\310"
 404      9A088DB8 
 404      F6C15154 
 404      FA1159BB 
 404      C8
 405 119b F9F24581 		.ascii	"\371\362E\201V<Y,\341\334z\221H:Lv*i\002\251\270#q\233"
 405      563C592C 
 405      E1DC7A91 
 405      483A4C76 
 405      2A6902A9 
 406 11b3 F1F14924 		.ascii	"\361\361I$\324\216+\315\371G\017\332z\274\345\353\226"
 406      D48E2BCD 
 406      F9470FDA 
 406      7ABCE5EB 
 406      96
 407 11c4 4B5F1F41 		.ascii	"K_\037A\377\236\267\257\316\253'\237\303$\376>\204V"
 407      FF9EB7AF 
 407      CEAB279F 
 407      C324FE3E 
 407      8456
 408 11d6 B3D299E9 		.ascii	"\263\322\231\351\270,\376\216m\273\016y\365Ea^\317L"
 408      B82CFE8E 
 408      6DBB0E79 
 408      F545615E 
 408      CF4C
 409 11e8 ACD1BE96 		.ascii	"\254\321\276\226C6\374MG\372\177Q\237\317\333\327\307"
 409      4336FC4D 
 409      47FA7F51 
 409      9FCFDBD7 
 409      C7
 410 11f9 F0FC4F67 		.ascii	"\360\374Ogg\265\224\307c\346\327\242J*\362\2060BS\370"
 410      67B594C7 
 410      63E6D7A2 
 410      4A2AF286 
 410      304253F8 
 411 120d 35687FBF 		.ascii	"5h\177\277*i\033\333\276\227Q~\335\365\307\273\330E"
 411      2A691BDB 
 411      BE97517E 
 411      DDF5C7BB 
 411      D845
 412 121f A42F4113 		.ascii	"\244/A\023\367\346\215\261\335<\246w\2359W\317\342\271"
 412      F7E68DB1 
 412      DD3CA677 
 412      9D3957CF 
ARM GAS  C:\Users\srich\AppData\Local\Temp\cc8ToYhg.s 			page 33


 412      E2B9
 413 1231 FD9B570B 		.ascii	"\375\233W\013\376=\313\374\273u$\347\212Q\360o;\357"
 413      FE3DCBFC 
 413      BB7524E7 
 413      8A51F06F 
 413      3BEF
 414 1243 87E8673B 		.ascii	"\207\350g;\022\371j\365\213\316F\204:>\177\307n\015"
 414      12F96AF5 
 414      8BCE4684 
 414      3A3E7FC7 
 414      6E0D
 415 1255 6E67FD8A 		.ascii	"ng\375\212\257\211\351\365\306}\014\331\2721\257\310"
 415      AF89E9F5 
 415      C67D0CD9 
 415      BA31AFC8 
 416 1265 07DF6248 		.ascii	"\007\337bH\306\300\346:#\036c\310\306\334\366\257tx"
 416      C6C0E63A 
 416      231E63C8 
 416      C6DCF6AF 
 416      7478
 417 1277 8621999D 		.ascii	"\206!\231\235\311\260\006\304\031)\262\316\3364\356"
 417      C9B006C4 
 417      1929B2CE 
 417      DE34EE
 418 1286 8DD31852 		.ascii	"\215\323\030R\237\271s\326\210s\215.\237\336\031\331"
 418      9FB973D6 
 418      88738D2E 
 418      9FDE19D9 
 419 1296 A77729A9 		.ascii	"\247w)\251\255\2074\270\224\325\015\244U\277\203\017"
 419      AD8734B8 
 419      94D50DA4 
 419      55BF830F 
 420 12a6 1B850386 		.ascii	"\033\205\003\206\2722\214O1d\327\216mV\334ft\271\254"
 420      BA328C4F 
 420      3164D78E 
 420      6D56DC66 
 420      74B9AC
 421 12b9 35B2CBDA 		.ascii	"5\262\313\332\272\226\306\373Z\354`u\325\015\245\005"
 421      BA96C6FB 
 421      5AEC6075 
 421      D50DA505 
 422 12c9 3A3CC290 		.ascii	":<\302\220\264\265;+4x\232!\373\362\012\357\030q\274"
 422      B4B53B2B 
 422      34789A21 
 422      FBF20AEF 
 422      1871BC
 423 12dc 0F452AEE 		.ascii	"\017E*\356\324\244s8\235!\231\365\233!W\311\247\310"
 423      D4A47338 
 423      9D2199F5 
 423      9B2157C9 
 423      A7C8
 424 12ee 4B1DD307 		.ascii	"K\035\323\007\266k\320<\177\267_\200\277\277\350b\026"
 424      B66BD03C 
 424      7FB75F80 
 424      BFBFE862 
 424      16
 425 12ff F030F0D4 		.ascii	"\3600\360\324\031\352\373\351j\346^\273\325\001\250"
ARM GAS  C:\Users\srich\AppData\Local\Temp\cc8ToYhg.s 			page 34


 425      19EAFBE9 
 425      6AE65EBB 
 425      D501A8
 426 130e 50ED8FB6 		.ascii	"P\355\217\266\000\024\000\344\002d\003l\005\310\000"
 426      001400E4 
 426      0264036C 
 426      05C800
 427 131d C804C802 		.ascii	"\310\004\310\002\330\005\260\023\300\016\260\015 \017"
 427      D805B013 
 427      C00EB00D 
 427      200F
 428 132b 6007C076 		.ascii	"`\007\300v\200|\200\034\265|a\234\256\372b4\232\337"
 428      807C801C 
 428      B57C619C 
 428      AEFA6234 
 428      9ADF
 429 133d F032FDCE 		.ascii	"\3602\375\316'F\215\2518\3410\325\375\242\344\361^\376"
 429      27468DA9 
 429      38E130D5 
 429      FDA2E4F1 
 429      5EFE
 430 134f FDD59852 		.ascii	"\375\325\230R\256w\245\224'\202\224tJ\"\215S\"\215W"
 430      AE77A594 
 430      27829474 
 430      4A228D53 
 430      228D57
 431 1362 8BA48F24 		.ascii	"\213\244\217$\322uJ\244\257\213\224q}\344\300\233\020"
 431      D2754AA4 
 431      AF8B9471 
 431      7DE4C09B 
 431      10
 432 1373 26BB12BA 		.ascii	"&\273\022\272\337\222l\024\011S\225\010e\302\247%\341"
 432      DF926C14 
 432      09539508 
 432      65C2A725 
 432      E1
 433 1384 094AC265 		.ascii	"\011J\302e\275\337 2MQb*\353\374C\211\351Z%\246\222"
 433      BDDF2032 
 433      4D51622A 
 433      EBFC4389 
 433      E95A25A6 
 434 1399 A2EB459E 		.ascii	"\242\353E\236\211J\204I\222\242\031\"e\232\222\364\307"
 434      894A8449 
 434      92A21922 
 434      659A92F4 
 434      C7
 435 13aa 929EB392 		.ascii	"\222\236\263\222\364\215JL\305\303\361h\373d\031\377"
 435      F48D4A4C 
 435      C5C3F168 
 435      FB6419FF 
 436 13ba 7E34A647 		.ascii	"~4\246G\004\261\002\251\230\333\177\317\2156AT`\223"
 436      04B102A9 
 436      98DB7FCF 
 436      8D364154 
 436      6093
 437 13cc 9202D228 		.ascii	"\222\002\322(%\212\204\233\225\010e\026\235\2214\335"
 437      258A849B 
ARM GAS  C:\Users\srich\AppData\Local\Temp\cc8ToYhg.s 			page 35


 437      95086516 
 437      9D9134DD 
 438 13dc A0A4A974 		.ascii	"\240\244\251tc\357\270\015)\031\324+}Ry\357p`\235\300"
 438      63EFB80D 
 438      2919D42B 
 438      7D5279EF 
 438      70609DC0 
 439 13f0 658D82FF 		.ascii	"e\215\202\377>\226\226\203;\321T\036D%\024-P*\244\200"
 439      3E969683 
 439      3BD1541E 
 439      4425142D 
 439      502AA480 
 440 1404 305F3765 		.ascii	"0_7e\027\247\031\360\000\235\257\334\301\373\273\323"
 440      17A719F0 
 440      009DAFDC 
 440      C1FBBBD3 
 441 1414 F4F20540 		.ascii	"\364\362\005@6;Q1L\312\277\327\004e\337Y\006{\242=D"
 441      363B5131 
 441      4CCABFD7 
 441      0465DF59 
 441      067BA23D 
 442 1429 805A5C2A 		.ascii	"\200Z\\*\210\035\234K\305\2513{\253\015\363\004\325"
 442      881D9C4B 
 442      C5A9337B 
 442      AB0DF304 
 442      D5
 443 143a EC73A9A6 		.ascii	"\354s\251\246\372\233\352E\276\251\331\271uH\213GYt"
 443      FA9BEA45 
 443      BEA9D9B9 
 443      75488B47 
 443      5974
 444 144c 6B5B73E9 		.ascii	"k[s\351/\257>\362\311\342=i\335\366\350\344k$c\202\245"
 444      2FAF3EF2 
 444      C9E23D69 
 444      DDF6E8E4 
 444      6B246382 
 445 1461 209CE049 		.ascii	" \234\340I\331Y\263\002\036$?T3\262C\265\332\322\213"
 445      D959B302 
 445      1E243F54 
 445      33B243B5 
 445      DAD28B
 446 1474 F78CAC3A 		.ascii	"\367\214\254:T\276 \031\331\2024\262s\364]V\033A\017"
 446      54BE2019 
 446      D98234B2 
 446      73F45D56 
 446      1B410F
 447 1487 DA6AEAB6 		.ascii	"\332j\352\266y,>\300\257\267\373\321q\374\301|T\246"
 447      792C3EC0 
 447      AFB7FBD1 
 447      71FCC17C 
 447      54A6
 448 1499 9E8FFE79 		.ascii	"\236\217\376y>\332\007\217r\200\375\000\007\000\016"
 448      3EDA078F 
 448      7280FD00 
 448      07000E
 449 14a8 AAE7CB97 		.ascii	"\252\347\313\227;_\266\334\035\316\252\350\324\321\303"
 449      3B5FB6DC 
ARM GAS  C:\Users\srich\AppData\Local\Temp\cc8ToYhg.s 			page 36


 449      1DCEAAE8 
 449      D4D1C3
 450 14b7 B8E3F483 		.ascii	"\270\343\364\203\035\347\377\014\370\262\377\031p\352"
 450      1DE7FF0C 
 450      F8B2FF19 
 450      70EA
 451 14c5 E6CB7473 		.ascii	"\346\313ts\376\263\202/\373g\005\347W\356\276\354+w"
 451      FEB3822F 
 451      FB6705E7 
 451      57EEBEEC 
 451      2B77
 452 14d7 E7375FBE 		.ascii	"\3477_\276\3027_\302\331\241/;;t\236F\372\262\323H\347"
 452      C2375FC2 
 452      D9A12F3B 
 452      3B749E46 
 452      FAB2D348 
 453 14ec 9AE4CBD6 		.ascii	"\232\344\313\326$\347!\272/;D\337\226\335q\327\233\242"
 453      24E721BA 
 453      2F3B44DF 
 453      96DD71D7 
 453      9BA2
 454 14fe DFA6264B 		.ascii	"\337\246&K\235\336\317Q\364;\004m\217\331Y\356I;\335"
 454      9DDECF51 
 454      F43B046D 
 454      8FD959EE 
 454      493BDD
 455 1511 CCA11218 		.ascii	"\314\241\022\030R2\232\025\352\305tD\311\007\207dT+"
 455      52329A15 
 455      EAC57444 
 455      C9078764 
 455      542B
 456 1523 A1CF6464 		.ascii	"\241\317dd\253\340IF\367\020<\311\010\037\206'\031\345"
 456      ABE04946 
 456      F7103CC9 
 456      081F8627 
 456      19E5
 457 1535 6A789291 		.ascii	"jx\222\221\256\201'\031\355#\360$#~\024\236d\324k\341"
 457      AE812719 
 457      ED23F024 
 457      237E149E 
 457      64D46BE1 
 458 1549 4946BE0E 		.ascii	"IF\276\016\236\333\004\276\304\003\352\001'^p\014\236"
 458      9EDB04BE 
 458      C403EA01 
 458      275E700C 
 458      9E
 459 155a C4138EC3 		.ascii	"\304\023\216\3033_\250\317aO\242cGj\332\260\027\244"
 459      335FA8CF 
 459      614FA263 
 459      476ADAB0 
 459      17A4
 460 156c 2965F691 		.ascii	")e\366\221\231V\273wq4\271\242\341g\336\233\305T\343"
 460      9956BB77 
 460      7134B9A2 
 460      E167DE9B 
 460      C554E3
 461 157f BD6A214B 		.ascii	"\275j!K\021\2275\362\246T\375\252\012\235P/V\241\223"
ARM GAS  C:\Users\srich\AppData\Local\Temp\cc8ToYhg.s 			page 37


 461      119735F2 
 461      A654FDAA 
 461      0A9D502F 
 461      56A193
 462 1592 6A92ABC4 		.ascii	"j\222\253\304'\354\233\325\316\235}48\263\217\357S\221"
 462      27EC9BD5 
 462      CE9D7D34 
 462      38B38FEF 
 462      5391
 463 15a4 3B06D3B7 		.ascii	";\006\323\267\352\334\223\017g\374R\241S4\371\240m("
 463      EADC930F 
 463      67FC52A1 
 463      5334F9A0 
 463      6D28
 464 15b6 42462CD7 		.ascii	"BF,\327q\013\321dGK\023\203\330\252*\226\353{\320\341"
 464      710BD164 
 464      474B1383 
 464      D8AA2A96 
 464      EB7BD0E1 
 465 15ca CD1B49F7 		.ascii	"\315\033I\367\236[\372\031\247\364F\346Ywbn\225xH\271"
 465      9E5BFA19 
 465      A7F446E6 
 465      5977626E 
 465      957848B9 
 466 15de 3D130F11 		.ascii	"=\023\017\021\033\235&Q\0335Q\361g\230\370&*>\267\341"
 466      1B9D2651 
 466      1B3551F1 
 466      6798F826 
 466      2A3EB7E1 
 467 15f2 70BBB7CB 		.ascii	"p\273\267\313\211\344C\227\243\251\263jz\342@\236$\321"
 467      89E44397 
 467      A3A9B36A 
 467      7AE2409E 
 467      24D1
 468 1604 78DCDBA6 		.ascii	"x\334\333\246\236\363\344\363\234Z~[V\277u\367\026\035"
 468      9EF3E4F3 
 468      9C5A7E5B 
 468      56BF75F7 
 468      161D
 469 1616 4E78817D 		.ascii	"Nx\201}\257vu\266\033\373\355\340\353\312\312J6\015"
 469      AF7675B6 
 469      1BFBEDE0 
 469      EBCACA4A 
 469      360D
 470 1628 BD91C9DB 		.ascii	"\275\221\311\333\243\371\031\330\376\375\2344B\347\325"
 470      A3F919D8 
 470      FEFD9C34 
 470      42E7D5
 471 1637 D20D1194 		.ascii	"\322\015\021\224\351\214F\027\324~\344(\274m\224\327"
 471      E98C4617 
 471      D47EE428 
 471      BC6D94D7 
 472 1647 E306C665 		.ascii	"\343\006\306e\327\235\232A\035\343\222\224t\023\273"
 472      D79D9A41 
 472      1DE39294 
 472      7413BB
 473 1656 71699671 		.ascii	"qi\226qivri\241\\\326\227\224\325\350\350!.\371\277"
ARM GAS  C:\Users\srich\AppData\Local\Temp\cc8ToYhg.s 			page 38


 473      69767269 
 473      A15CD697 
 473      94D5E8E8 
 473      212EF9BF 
 474 166a 14768A7B 		.ascii	"\024v\212{e\377\314]\2379\373\322J\373rQ-tf\306\221"
 474      65FFCC5D 
 474      9F39FBD2 
 474      4AFB7251 
 474      2D7466C6 
 475 167f C4EB7033 		.ascii	"\304\353p3S#g\350r\222\036_c\310\235S3\3735\300\032"
 475      532367E8 
 475      72921E5F 
 475      63C89D53 
 475      33FB35C0 
 476 1694 B55391F0 		.ascii	"\265S\221\360&&\265n\034Q-G\256\246\026\376rS\351Z\236"
 476      2626B56E 
 476      1C512D47 
 476      AEA616FE 
 476      7253E95A 
 477 16a9 DECAA1EC 		.ascii	"\336\312\241\354\272d5a\214\332\234\232\242K \200\240"
 477      BA643561 
 477      8CDA9C9A 
 477      A24B2080 
 477      A0
 478 16ba 4CD90EAA 		.ascii	"L\331\016\252lE\327\246L\003.\372\006\333\353U\244?"
 478      6C45D7A6 
 478      4C032EFA 
 478      06DBEB55 
 478      A43F
 479 16cc E218B392 		.ascii	"\342\030\263\222M\207\026\024\213\327\214\253\327 \332"
 479      4D871614 
 479      8BD78CAB 
 479      D720DA
 480 16db EB4E59AF 		.ascii	"\353NY\257;\235\214.SF;\232\273\207\324\270B`\024\323"
 480      3B9D8C2E 
 480      53463B9A 
 480      BB87D4B8 
 480      426014D3 
 481 16ef DCA371DA 		.ascii	"\334\243q\332\356\276\273\355\272d\\\272\234\\\256P"
 481      EEBEBBED 
 481      BA645CBA 
 481      9C5CAE50 
 482 16ff 2E5B4B4B 		.ascii	".[KK\016#\027\017\331\354\342!W\005\017\271J=dv\340"
 482      0E23170F 
 482      D9ECE221 
 482      57050FB9 
 482      4A3D6476 
 483 1714 C19F5D88 		.ascii	"\301\237]\210\311\015\240\354\313\004\201\270\233\022"
 483      C90DA0EC 
 483      CB0481B8 
 483      9B12
 484 1722 773AA2CF 		.ascii	"w:\242\317\260\1773\361\241q\2613:\333cng\357q:\373"
 484      B07F33F1 
 484      A171B133 
 484      3ADB636E 
 484      67EF713A 
 485 1737 35E6ECC7 		.ascii	"5\346\354\307\367_\274\353\351\356\354\316\257ET\310"
ARM GAS  C:\Users\srich\AppData\Local\Temp\cc8ToYhg.s 			page 39


 485      F75FBCEB 
 485      E9EEECCE 
 485      AF4554C8 
 486 1747 419DBDC7 		.ascii	"A\235\275\307\231\350o\3508\034\243\226S\017>\215\372"
 486      99E86FE8 
 486      381CA396 
 486      530F3E8D 
 486      FA
 487 1758 464ADA08 		.ascii	"FJ\332\010\306\307\230\351\246o\355\030\303\270\211"
 487      C6C798E9 
 487      A66FED18 
 487      C3B889
 488 1767 213147CF 		.ascii	"!1G\317\336\362\200\240\322L\202J\215o\032\037\275\001"
 488      DEF280A0 
 488      D24C824A 
 488      8D6F1A1F 
 488      BD01
 489 1779 72D6D9F7 		.ascii	"r\326\331\367^E\327!\366\367\202\035'9?\031\343>bM\264"
 489      5E45D721 
 489      F6F7821D 
 489      27393F19 
 489      E33E624D 
 490 178e 0B8187F4 		.ascii	"\013\201\207\364\253_Sy\332\226Y\314A!&\233\307\257"
 490      AB5F5379 
 490      DA9659CC 
 490      4121269B 
 490      C7AF
 491 17a0 3EFAA3DF 		.ascii	">\372\243\337\007*]\3602\023{\345\021e\2120\257\264"
 491      072A5DF0 
 491      32137BE5 
 491      11658A30 
 491      AFB4
 492 17b2 C123CA62 		.ascii	"\301#\312b\376Rk\213\262\204F\232l\236\313C#l?|\313"
 492      FE526B8B 
 492      B284469A 
 492      6C9ECB43 
 492      236C3F7C 
 493 17c7 64D39B4C 		.ascii	"d\323\233L\316\342\222\340\237"
 493      CEE292E0 
 493      9F
 494 17d0 04062F0B 		.ascii	"\004\006/\013\375<\324j[\036\022\032\031h\213\214\014"
 494      FD3CD46A 
 494      5B1E121A 
 494      19688B8C 
 494      0C
 495 17e1 B3062E8D 		.ascii	"\263\006.\215X\356GK~A\226p?s\370\347\346\220\020sH"
 495      58EE474B 
 495      7E419670 
 495      3F73F8E7 
 495      E6901073 
 496 17f6 E0DB0BDE 		.ascii	"\340\333\013\336\365{k\321\233\357\374\345\207\201\360"
 496      F57B6BD1 
 496      9BEFFCE5 
 496      8781F0
 497 1805 FE8D88C8 		.ascii	"\376\215\210\310\010\363\033\346\240\317C\003C#\202"
 497      08F31BE6 
 497      A0CF4303 
ARM GAS  C:\Users\srich\AppData\Local\Temp\cc8ToYhg.s 			page 40


 497      432382
 498 1814 C3968798 		.ascii	"\303\226\207\230\003\303\203\200W\2049\320\024b^\022"
 498      03C38380 
 498      578439D0 
 498      14625E12 
 499 1824 B43CCC66 		.ascii	"\264<\314f\262\255\2122[\027,S}\3667\025c]e\0154Ym!"
 499      B2AD8A32 
 499      5B172C53 
 499      7DF63715 
 499      635D650D 
 500 183c D007E0FD 		.ascii	"\320\007\340\375\241\033oZ\216\264\276\271\370\315\300"
 500      A11B6F5A 
 500      8EB4BEB9 
 500      F8CDC0
 501 184b 486BA0C5 		.ascii	"Hk\240\305\026\030\025i\261Y\011\253\340\360\225\201"
 501      16181569 
 501      B15909AB 
 501      E0F09581 
 502 185b C191E151 		.ascii	"\301\221\341Q\241af\013H\017\016\006Z\247\206\324V\241"
 502      A161660B 
 502      480F0E06 
 502      5AA786D4 
 502      56A1
 503 186d 91DAE0C8 		.ascii	"\221\332\340\310\010\033\230\316\21342\201\200`\333"
 503      081B98CE 
 503      8B343281 
 503      8060DB
 504 187c 4A4F8B79 		.ascii	"JO\213y)\2646\331\026\177=I\313\202#-f`\315Y\336\346"
 504      29B436D9 
 504      167F3D49 
 504      CB82232D 
 504      6660CD59 
 505 1892 2CEF7096 		.ascii	",\357p\226\305\234\345G\234\345\307\234\345]lys\021"
 505      C59CE547 
 505      9CE5C79C 
 505      E55D6C79 
 505      7311
 506 18a4 C09B5C98 		.ascii	"\300\233\\\230\345'\377\017\236\246/\177\024\016|\201"
 506      E527FF0F 
 506      9EA62F7F 
 506      140E7C81 
 507 18b4 C30F3551 		.ascii	"\303\0175Q&\320PK\306{\205\331\002\317\310\260\020\263"
 507      26D0504B 
 507      C67B85D9 
 507      02CFC8B0 
 507      10B3
 508 18c6 451DBC2C 		.ascii	"E\035\274,\310B\234 (\334\354i\263\332\202lf\223MK\306"
 508      C8429C20 
 508      28DCEC69 
 508      B3DA826C 
 508      66934D4B 
 509 18db FCC7269B 		.ascii	"\374\307&\233\216\215>\224\200\234\326im\341\221!f\212"
 509      8E8D3E94 
 509      809CD669 
 509      6DE19121 
 509      668A
 510 18ed 2F090B5A 		.ascii	"/\011\013Zj\325\332,\346%V\023\361\037R\320\204[\227"
ARM GAS  C:\Users\srich\AppData\Local\Temp\cc8ToYhg.s 			page 41


 510      6AD5DA2C 
 510      E6255613 
 510      F11F52D0 
 510      845B97
 511 1900 42A5E031 		.ascii	"B\245\3401\320\\(yXBVA\225\247ye\250-\030\030x\254\260"
 511      D05C2879 
 511      58425641 
 511      95A77965 
 511      A82D1818 
 512 1917 457EFE5F 		.ascii	"E~\376_Q/\012n\011M\315\026sD00\326\254\260\331,Q\006"
 512      512F0A6E 
 512      094DCD16 
 512      73443030 
 512      D6ACB0D9 
 513 192e F04FAB39 		.ascii	"\360O\2539<(j\031\364\301\207QYM\177Yn^\016$/\210\316"
 513      3C286A19 
 513      F4C18751 
 513      594D7F59 
 513      6E5E0E24 
 514 1945 2BBCD20A 		.ascii	"+\274\322\012OMp\004\370\221\306j\202'H\000\006Q\236"
 514      4F4D7004 
 514      F891C66A 
 514      82274800 
 514      06519E
 515 1958 401BBE1C 		.ascii	"@\033\276\034\206I\033.\320\206\233\"WD@\377\351[\320"
 515      86491B2E 
 515      D0869B22 
 515      574440FF 
 515      E95BD0
 516 196b 2C9CF9FF 		.ascii	",\234\371\377\012[\270me\224\227\371Ks\204-<\310\372"
 516      0A5BB86D 
 516      659497F9 
 516      4B73842D 
 516      3CC8FA
 517 197e 05D49857 		.ascii	"\005\324\230W\220\002\2162-7:\305\205\201\355M6\037"
 517      90028E32 
 517      2D373AC5 
 517      8581ED4D 
 517      361F
 518 1990 9902E48D 		.ascii	"\231\002\344\215.\312\264\"(\324\026\032\261T\037e\202"
 518      2ECAB422 
 518      28D4161A 
 518      B1541F65 
 518      82
 519 19a1 6E326568 		.ascii	"n2eh\021^\230\243\314\021\340\177K\201\012D\020z=1V"
 519      115E98A3 
 519      CC11E07F 
 519      4B810A44 
 519      107A3D31 
 520 19b6 50187522 		.ascii	"P\030u\"x\031\005~\375\346\263\306\326\351\320\301\313"
 520      7819057E 
 520      FDE6B3C6 
 520      D6E9D0C1 
 520      CB
 521 19c7 ACC1CB42 		.ascii	"\254\301\313B`H\027=\177\013\020\013\015\336\371\032"
 521      6048173D 
 521      7F0B100B 
ARM GAS  C:\Users\srich\AppData\Local\Temp\cc8ToYhg.s 			page 42


 521      0DDEF91A 
 522 19d7 2256599D 		.ascii	"\"VY\235\316\3765\304\200\275\241\001\214\316\357\315"
 522      CEFE35C4 
 522      80BDA101 
 522      8CCEEFCD 
 523 19e7 4B7F196A 		.ascii	"K\177\031j\261\332\376@m\364V\360O\026~@Z}J9,\2248,"
 523      B1DAFE40 
 523      6DF456F0 
 523      4F167E40 
 523      5A7D4A39 
 524 19ff 5C18695D 		.ascii	"\\\030i]h\261-\264Z\202\341-L\035\020bY\265 X\345Cy"
 524      68B12DB4 
 524      5A82E12D 
 524      4C1D1062 
 524      59B52058 
 525 1a16 7C04E3C2 		.ascii	"|\004\343\302X\200;\374aY\310\357\315a\346 \253\371"
 525      58803BFC 
 525      6159C8EF 
 525      CD61E620 
 525      ABF9
 526 1a28 EDE7D728 		.ascii	"\355\347\327(d\025\270uh0h\345E\034\012ze\206\271\251"
 526      6415B875 
 526      683068E5 
 526      451C0A7A 
 526      6586B9A9 
 527 1a3c 13CB06C2 		.ascii	"\023\313\006\302|\2250\252\336\360Z\302\265\026\346"
 527      7C9530AA 
 527      DEF05AC2 
 527      B516E6
 528 1a4b 2F1E163A 		.ascii	"/\036\026:\3315\026:y,\302\344\261\260\311\243\203\267"
 528      D935163A 
 528      792CC2E4 
 528      B1B0C9A3 
 528      83B7
 529 1a5d CB2DE0B9 		.ascii	"\313-\340\2716\215\2054\372\346\227\241\026\333\362"
 529      368D8534 
 529      FAE697A1 
 529      16DBF2
 530 1a6c A030932D 		.ascii	"\2400\223-4\034\342\206\300\330\027\030+T\370\270\274"
 530      341CE286 
 530      C0D81718 
 530      2B54F8B8 
 530      BC
 531 1a7d 636EEDF2 		.ascii	"cn\355\362J\373\245\215\372&y\222\340\254#JC\205\020"
 531      4AFBA58D 
 531      FA267992 
 531      E0AC234A 
 531      438510
 532 1a90 9EDF5C2C 		.ascii	"\236\337\\,\206gR\364\004\252\020s\230-\010\012K\226"
 532      866752F4 
 532      04AA1073 
 532      982D080A 
 532      4B96
 533 1aa2 47049B68 		.ascii	"G\004\233h;R\362 \355\203,^\360\010\013\262\332\010"
 533      3B52F220 
 533      ED832C5E 
 533      F0080BB2 
ARM GAS  C:\Users\srich\AppData\Local\Temp\cc8ToYhg.s 			page 43


 533      DA08
 534 1ab4 0B784554 		.ascii	"\013xET0\012&\0111\177\276|)\363k\371\033]TPDh0qc\034"
 534      300A2609 
 534      317FBE7C 
 534      29F36BF9 
 534      1B5D5450 
 535 1ace F2F9527D 		.ascii	"\362\371R}x\020\210\242\343\361\202-\334\024\034\024"
 535      781088A2 
 535      E3F1822D 
 535      DC141C14 
 536 1ade 16FAB925 		.ascii	"\026\372\271%\310\026\032\031\001\242,6:\367<\"\227"
 536      C8161A19 
 536      01A22C36 
 536      3AF73C22 
 536      97
 537 1aef 2CB19A6D 		.ascii	",\261\232m\013\237\177\210l\304g8[\270\336j\373\002"
 537      0B9F7F88 
 537      6CC46738 
 537      5BB8DE6A 
 537      FB02
 538 1b01 382E8D10 		.ascii	"8.\215\020z\267\370m\261w\244h\014\015\0113\013\223"
 538      7AB7F86D 
 538      B177A468 
 538      0C0D0933 
 538      0B93
 539 1b13 0E261B17 		.ascii	"\016&\033\027\274\214\014Wh\010\230>tI(\330\012\260"
 539      BC8C0C57 
 539      6808983E 
 539      744928D8 
 539      0AB0
 540 1b25 BF9A2D91 		.ascii	"\277\232-\221\344i\015\375\253YO\214\011\226\006\355"
 540      E4690DFD 
 540      AB594F8C 
 540      099606ED 
 541 1b35 4831CA66 		.ascii	"H1\312f!o\211\027\220\356\223\262\2674\211i\315\022"
 541      216F8917 
 541      90EE93B2 
 541      B7348969 
 541      CD12
 542 1b47 13E84EC7 		.ascii	"\023\350N\307Z/\224a\300\015B\221\216\272\023\241C\357"
 542      5A2F9461 
 542      C00D4291 
 542      8EBA13A1 
 542      43EF
 543 1b59 6C40E2A6 		.ascii	"l@\342\246\217P\206.\204\205\206\207\332\014\"\016\021"
 543      8F50862E 
 543      84858687 
 543      DA0C220E 
 543      11
 544 1b6a D389D070 		.ascii	"\323\211\320p\351lEb\245Q\024i\206@esV\021\375\276\306"
 544      E96C4562 
 544      A5511469 
 544      86406573 
 544      5611FDBE 
 545 1b7f 541567CD 		.ascii	"T\025g\3152\262\250\013\003I\242\036-\276\260\300\022"
 545      32B2A80B 
 545      0349A21E 
ARM GAS  C:\Users\srich\AppData\Local\Temp\cc8ToYhg.s 			page 44


 545      2DBEB0C0 
 545      12
 546 1b90 1912640B 		.ascii	"\031\022d\013Z\340|\0014\237\256\262\37662\370\213\257"
 546      5AE07C01 
 546      349FAEB2 
 546      FE3632F8 
 546      8BAF
 547 1ba2 33B15791 		.ascii	"3\261W\221H\240\243\353\\\0304\3656Ap\266\231~\376\257"
 547      48A0A3EB 
 547      5C1834F5 
 547      364170B6 
 547      997EFEAF 
 548 1bb6 9F7EF8C9 		.ascii	"\237~\370\311\357\377\335;(lE\320*+\204\3720X\320\177"
 548      EFFFDD3B 
 548      286C45D0 
 548      2A2B84FA 
 548      3058D07F 
 549 1bca F654B6E0 		.ascii	"\366T\266\340\315\201\301\341\326P\253\304\235,R\301"
 549      CD81C1E1 
 549      D650ABC4 
 549      9D2C52C1 
 550 1bda E1C44FD9 		.ascii	"\341\304O\3314\005\365\376\030A\244\260uu9-{\232\250"
 550      3405F5FE 
 550      1841A4B0 
 550      7575392D 
 550      7B9AA8
 551 1bed 279B4CDE 		.ascii	"'\233L\336\316\302\202w\336\375\321\242\377\003\336"
 551      CEC28277 
 551      DEFDD1A2 
 551      FF03DE
 552 1bfc BDCD35   		.ascii	"\275\3155"
 553              		.text
 554              		.section	.gnu.lto_.symtab.b66e3a5b,"",%progbits
 555 0000 63685265 		.ascii	"chRegFirstThread\000\000\000\000\000\000\000\000\000"
 555      67466972 
 555      73745468 
 555      72656164 
 555      00000000 
 556 0019 00000074 		.ascii	"\000\000\000t\001\000\000chRegNextThread\000\000\000"
 556      01000063 
 556      68526567 
 556      4E657874 
 556      54687265 
 557 0032 00000000 		.ascii	"\000\000\000\000\000\000\000\000\000x\001\000\000ch"
 557      00000000 
 557      00780100 
 557      006368
 558 0041 5F646562 		.ascii	"_debug\000\000\000\000\000\000\000\000\000\000\000\000"
 558      75670000 
 558      00000000 
 558      00000000 
 558      0000
 559 0053 45020000 		.ascii	"E\002\000\000ch\000\000\002\000\000\000\000\000\000"
 559      63680000 
 559      02000000 
 559      000000
 560 0062 000000FC 		.ascii	"\000\000\000\374\001\000\000chThdRelease\000\000\002"
ARM GAS  C:\Users\srich\AppData\Local\Temp\cc8ToYhg.s 			page 45


 560      01000063 
 560      68546864 
 560      52656C65 
 560      61736500 
 561 0078 00000000 		.ascii	"\000\000\000\000\000\000\000\000\000|\001\000\000"
 561      00000000 
 561      007C0100 
 561      00
 562              		.text
 563              		.section	.gnu.lto_.opts,"",%progbits
 564 0000 272D666E 		.ascii	"'-fno-trapv' '-mcpu=cortex-m3' '-mno-thumb-interwor"
 564      6F2D7472 
 564      61707627 
 564      20272D6D 
 564      6370753D 
 565 0033 6B272027 		.ascii	"k' '-mthumb' '-ggdb' '-O2' '-fomit-frame-pointer' '"
 565      2D6D7468 
 565      756D6227 
 565      20272D67 
 565      67646227 
 566 0066 2D66616C 		.ascii	"-falign-functions=16' '-ffunction-sections' '-fdata"
 566      69676E2D 
 566      66756E63 
 566      74696F6E 
 566      733D3136 
 567 0099 2D736563 		.ascii	"-sections' '-fno-common' '-flto'\000"
 567      74696F6E 
 567      73272027 
 567      2D666E6F 
 567      2D636F6D 
 568              		.text
 569              		.comm	__gnu_lto_v1,1,1
 570              		.comm	__gnu_lto_slim,1,1
 571              		.ident	"GCC: (GNU Tools for ARM Embedded Processors) 4.9.3 20150529 (release) [ARM/embedded-4_9-br
ARM GAS  C:\Users\srich\AppData\Local\Temp\cc8ToYhg.s 			page 46


DEFINED SYMBOLS
                            *ABS*:00000000 chregistry.c
                            *COM*:00000001 __gnu_lto_v1
                            *COM*:00000001 __gnu_lto_slim

NO UNDEFINED SYMBOLS
