ARM GAS  C:\Users\srich\AppData\Local\Temp\ccB2CoIM.s 			page 1


   1              		.syntax unified
   2              		.cpu cortex-m3
   3              		.fpu softvfp
   4              		.eabi_attribute 20, 1
   5              		.eabi_attribute 21, 1
   6              		.eabi_attribute 23, 3
   7              		.eabi_attribute 24, 1
   8              		.eabi_attribute 25, 1
   9              		.eabi_attribute 26, 1
  10              		.eabi_attribute 30, 2
  11              		.eabi_attribute 34, 1
  12              		.eabi_attribute 18, 4
  13              		.thumb
  14              		.file	"crt1.c"
  15              		.text
  16              	.Ltext0:
  17              		.section	.gnu.lto_.profile.ab66fd88,"",%progbits
  18 0000 789C6366 		.ascii	"x\234cf```a\200\000F\006IQ\000\000\273\0007"
  18      60606061 
  18      80004606 
  18      49510000 
  18      BB0037
  19              		.text
  20              		.section	.gnu.lto_.jmpfuncs.ab66fd88,"",%progbits
  21 0000 789C6366 		.ascii	"x\234cf\300\016\004\2414+\020320010030\260\0009\000"
  21      C00E04A1 
  21      342B1033 
  21      32303031 
  21      30303330 
  22 0018 03080024 		.ascii	"\003\010\000$"
  23              		.text
  24              		.section	.gnu.lto_.inline.ab66fd88,"",%progbits
  25 0000 789C6366 		.ascii	"x\234cf\300\016\342\2414+\003\0033\023#\003\023\220"
  25      C00EE2A1 
  25      342B0303 
  25      33132303 
  25      1390
  26 0012 C9B6401E 		.ascii	"\311\266@\036D10b\2100a\2100\003y\020\021\0260\011\244"
  26      44313062 
  26      88306188 
  26      30037910 
  26      11163009 
  27 0027 445E7102 		.ascii	"D^q\002E\224\332\026\315d\204+c\000\000\376\271\006"
  27      4594DA16 
  27      CD64842B 
  27      630000FE 
  27      B906
  28 0039 9F       		.ascii	"\237"
  29              		.text
  30              		.section	.gnu.lto_.pureconst.ab66fd88,"",%progbits
  31 0000 789C6366 		.ascii	"x\234cf``\340f\200\000V\006\011F\011&\011f\023\026)"
  31      6060E066 
  31      80005606 
  31      09460926 
  31      09661316 
  32 0015 00043A00 		.ascii	"\000\004:\000\264"
  32      B4
ARM GAS  C:\Users\srich\AppData\Local\Temp\ccB2CoIM.s 			page 2


  33              		.text
  34              		.section	.gnu.lto___core_init.ab66fd88,"",%progbits
  35 0000 789C6366 		.ascii	"x\234cf\300\004R@\\\002\304\236@\314\310\314\300\310"
  35      C0045240 
  35      5C02C49E 
  35      40CCC8CC 
  35      C0C8
  36 0012 34E11C03 		.ascii	"4\341\034\003C#\007\023##\210\301\300\310P\317\304X"
  36      43230713 
  36      232388C1 
  36      C0C850CF 
  36      C458
  37 0024 CFF892E9 		.ascii	"\317\370\222\351#\023\343\204\003\253gp\253/mhh\370"
  37      2313E384 
  37      03AB6770 
  37      AB2F6D68 
  37      68F8
  38 0036 D07459A2 		.ascii	"\320tY\242U\342'\023\003\303g&\2101\214\313\031\325"
  38      55E22713 
  38      03C36726 
  38      88318CCB 
  38      19D5
  39 0048 19806A3E 		.ascii	"\031\200j>\266\374\275\316\315\326\002T#\000\221c\\"
  39      B6FCBDCE 
  39      CDD60254 
  39      23009163 
  39      5C
  40 0059 C1C8C608 		.ascii	"\301\310\306\010\244\327\013\035h\370\377\177\361\234"
  40      A4D70B1D 
  40      68F8FF7F 
  40      F19C
  41 0067 37975980 		.ascii	"7\227Y\200\302O\200\030d\376S&&\020\315|\217\221\021"
  41      C24F8018 
  41      64FE5326 
  41      2610CD7C 
  41      8F9111
  42 007a A41064D2 		.ascii	"\244\020d\322\023&F\220\020P\201{\262\225\276sFfRfp"
  42      13264690 
  42      1050817B 
  42      B295BE73 
  42      46665266 
  43 008f 49694A66 		.ascii	"IiJf\276~2\210\235_lhf\250\257\237_\254\237\234\237"
  43      BE7E3288 
  43      9D5F6C68 
  43      66A8AF9F 
  43      5FAC9F9C 
  44 00a4 9B9B9FA7 		.ascii	"\233\233\237\247_\220_TR\254\357\030\344\353\354[\001"
  44      5F905F54 
  44      52ACEF18 
  44      E4EBEC5B 
  44      01
  45 00b5 122BC8CC 		.ascii	"\022+\310\314I-*\326wwv\326O.*1\324Kf\000\000 \224A"
  45      492D2AD6 
  45      777776D6 
  45      4F2E2A31 
  45      D44B6600 
  46 00cd DC       		.ascii	"\334"
ARM GAS  C:\Users\srich\AppData\Local\Temp\ccB2CoIM.s 			page 3


  47              		.text
  48              		.section	.gnu.lto___early_init.ab66fd88,"",%progbits
  49 0000 789C6366 		.ascii	"x\234cf\300\004R@\\\004\304\236@\314\310\314\300\310"
  49      C0045240 
  49      5C04C49E 
  49      40CCC8CC 
  49      C0C8
  50 0012 34E11C03 		.ascii	"4\341\034\003C#\007\023##\210\301\300\310P\317\304X"
  50      43230713 
  50      232388C1 
  50      C0C850CF 
  50      C458
  51 0024 CFF892E9 		.ascii	"\317\370\222\351#\023\343\204\003\253gp\253/mhh\370"
  51      2313E384 
  51      03AB6770 
  51      AB2F6D68 
  51      68F8
  52 0036 B0E9BA44 		.ascii	"\260\351\272D\253\304O&\006\206\317L\020c\030\2273\252"
  52      ABC44F26 
  52      0686CF4C 
  52      10631897 
  52      33AA
  53 0048 3300D57C 		.ascii	"3\000\325|l\371{\235\233\255\005\250F\000\"\307\270"
  53      6CF97B9D 
  53      9BAD05A8 
  53      460022C7 
  53      B8
  54 0059 82918D11 		.ascii	"\202\221\215\021H\257\027:\320\360\377\377\3439\022"
  54      48AF173A 
  54      D0F0FFFF 
  54      E33912
  55 0068 40C12740 		.ascii	"@\301'@\0142\375)\023\023\210f\276\307\310\010R\006"
  55      0C32FD29 
  55      13138866 
  55      BEC7C808 
  55      5206
  56 007a 32E70913 		.ascii	"2\347\011\023#H\010\250\300=\331J\3379#3)3\270\2444"
  56      234808A8 
  56      C03DD94A 
  56      DF392333 
  56      2933B8A4 
  57 008f 25335F3F 		.ascii	"%3_?\031\304\316/643\324\327\317/\326O\316\317\315\315"
  57      19C4CE2F 
  57      363433D4 
  57      D7CF2FD6 
  57      4FCECFCD 
  58 00a4 CFD32FC8 		.ascii	"\317\323/\310/*)\326w\014\362u\366\255\000\211\025d"
  58      2F2A29D6 
  58      770CF275 
  58      F6AD0089 
  58      1564
  59 00b6 E6A41615 		.ascii	"\346\244\026\025\353\273;;\353'\027\225\030\352%3\000"
  59      EBBB3B3B 
  59      EB271795 
  59      18EA2533 
  59      00
  60 00c7 00612F40 		.ascii	"\000a/@\243"
ARM GAS  C:\Users\srich\AppData\Local\Temp\ccB2CoIM.s 			page 4


  60      A3
  61              		.text
  62              		.section	.gnu.lto___late_init.ab66fd88,"",%progbits
  63 0000 789C6366 		.ascii	"x\234cf\300\004R@\\\004\304\236@\314\310\314\300\310"
  63      C0045240 
  63      5C04C49E 
  63      40CCC8CC 
  63      C0C8
  64 0012 34E11C03 		.ascii	"4\341\034\003C#\007\023##\210\301\300\310P\317\304X"
  64      43230713 
  64      232388C1 
  64      C0C850CF 
  64      C458
  65 0024 CFF892E9 		.ascii	"\317\370\222\351#\023\343\204\003\253gp\253/mhh\370"
  65      2313E384 
  65      03AB6770 
  65      AB2F6D68 
  65      68F8
  66 0036 30E9B644 		.ascii	"0\351\266D\253\304O&\006\206\317L\020c\030\2273\252"
  66      ABC44F26 
  66      0686CF4C 
  66      10631897 
  66      33AA
  67 0048 3300D57C 		.ascii	"3\000\325|l\371{\235\233\255\005\250F\000\"\307\270"
  67      6CF97B9D 
  67      9BAD05A8 
  67      460022C7 
  67      B8
  68 0059 82918D11 		.ascii	"\202\221\215\021H\257\027:\320\360\377\377\3429\022"
  68      48AF173A 
  68      D0F0FFFF 
  68      E23912
  69 0068 40C12740 		.ascii	"@\301'@\0142\375)\023\023\210f\276\307\310\010R\006"
  69      0C32FD29 
  69      13138866 
  69      BEC7C808 
  69      5206
  70 007a 32E70913 		.ascii	"2\347\011\023#H\010\250\300=\331J\3379#3)3\270\2444"
  70      234808A8 
  70      C03DD94A 
  70      DF392333 
  70      2933B8A4 
  71 008f 25335F3F 		.ascii	"%3_?\031\304\316/643\324\327\317/\326O\316\317\315\315"
  71      19C4CE2F 
  71      363433D4 
  71      D7CF2FD6 
  71      4FCECFCD 
  72 00a4 CFD32FC8 		.ascii	"\317\323/\310/*)\326w\014\362u\366\255\000\211\025d"
  72      2F2A29D6 
  72      770CF275 
  72      F6AD0089 
  72      1564
  73 00b6 E6A41615 		.ascii	"\346\244\026\025\353\273;;\353'\027\225\030\352%3\000"
  73      EBBB3B3B 
  73      EB271795 
  73      18EA2533 
  73      00
ARM GAS  C:\Users\srich\AppData\Local\Temp\ccB2CoIM.s 			page 5


  74 00c7 0031B740 		.ascii	"\0001\267@G"
  74      47
  75              		.text
  76              		.section	.gnu.lto___default_exit.ab66fd88,"",%progbits
  77 0000 789C6366 		.ascii	"x\234cf\300\004&@\\\014\304\236@\314\310\312\300\310"
  77      C0042640 
  77      5C0CC49E 
  77      40CCC8CA 
  77      C0C8
  78 0012 34E11C03 		.ascii	"4\341\034\003C#\007\023#3\210\301\310\314\310\002\021"
  78      43230713 
  78      233388C1 
  78      C8CCC802 
  78      11
  79 0023 60810838 		.ascii	"`\201\010822\32431\2630\002\011\210\376\227L\037\231"
  79      3232D433 
  79      31B33002 
  79      0988FE97 
  79      4C1F99
  80 0036 18271C58 		.ascii	"\030'\034X=\203[}iCC\303\207Gw%Z%~210|f\202(`\\\316"
  80      3D835B7D 
  80      694343C3 
  80      87477725 
  80      5A257E32 
  81 0053 A8CE0054 		.ascii	"\250\316\000T\363\261\345\357un\266\026\240\032\001"
  81      F3B1E5EF 
  81      756EB616 
  81      A01A01
  82 0062 881CE30A 		.ascii	"\210\034\343\012F6F \275^\350@\303\377\377\217\347\356"
  82      46364620 
  82      BD5EE840 
  82      C3FFFF8F 
  82      E7EE
  83 0074 B9CF02E4 		.ascii	"\271\317\002\344>\001J1\002I&\240\335O\200\226\000-"
  83      3E014A31 
  83      024926A0 
  83      DD4F8096 
  83      002D
  84 0086 657CC2C4 		.ascii	"e|\302\304\002\245\031\301F\272'[\351;gd&e\006\227\224"
  84      02A519C1 
  84      46BA275B 
  84      E93B6764 
  84      26650697 
  85 009b A664E6EB 		.ascii	"\246d\346\353'\203\330\371\305\206f\206\372\372\371"
  85      2783D8F9 
  85      C5866686 
  85      FAFAF9
  86 00aa C5FAC9F9 		.ascii	"\305\372\311\371\271\271\371y\372\005\371E%\305\372"
  86      B9B9F979 
  86      FA05F945 
  86      25C5FA
  87 00b9 8E41BECE 		.ascii	"\216A\276\316\276\025 \261\202\314\234\324\242b}wgg"
  87      BE1520B1 
  87      82CC9CD4 
  87      A2627D77 
  87      6767
  88 00cb FDE4A212 		.ascii	"\375\344\242\022C\275d\006\000r\377E\007"
ARM GAS  C:\Users\srich\AppData\Local\Temp\ccB2CoIM.s 			page 6


  88      43BD6406 
  88      0072FF45 
  88      07
  89              		.text
  90              		.section	.gnu.lto___init_ram_areas.ab66fd88,"",%progbits
  91 0000 789C8D54 		.ascii	"x\234\215T\377k[U\024\277\347\336\227\227\227\274\304"
  91      FF6B5B55 
  91      14BFE7DE 
  91      979797BC 
  91      C4
  92 0011 A46B8531 		.ascii	"\244k\2051\020\205\3760\177\331\336\352\017\"\375EF"
  92      1085FE30 
  92      7FD9DEEA 
  92      0F22FD45 
  92      46
  93 0022 7F98081B 		.ascii	"\177\230\010\0338\377\0015\023,\270%\264\025\004-}m"
  93      38FF0135 
  93      132CB825 
  93      B415042D 
  93      7D6D
  94 0034 A363C575 		.ascii	"\243c\305uu\270\021\220m\016\277\254\265\355\272Y\267"
  94      75B81190 
  94      6D0EBFAC 
  94      B5EDBA59 
  94      B7
  95 0045 25EDE6D2 		.ascii	"%\355\346\322u[:W+\303\254\202\312,\243\253\012*\215"
  95      755B3A57 
  95      2BC3AC82 
  95      CA2CA3AB 
  95      0A2A8D
  96 0058 D1A5514B 		.ascii	"\321\245QK<\347\334\024\323l\025\003y\367\236s\317\375"
  96      3CE7DC14 
  96      D36C1503 
  96      79F79E73 
  96      CFFD
  97 006a 9CCFF99C 		.ascii	"\234\317\371\234\367\216\022\367\376\216\342\3775S\210"
  97      F78E12F7 
  97      FE8EE2FF 
  97      355388
  98 0079 9DB84240 		.ascii	"\235\270B@\200\354\233\021\242\323\222\240\364F\201"
  98      80EC9B11 
  98      A2D392A0 
  98      F44681
  99 0088 476F0CBD 		.ascii	"Go\014\275\231\260<\322x+#\204\3537\343^\341\006L\260"
  99      99B03CD2 
  99      782B2384 
  99      EB37E35E 
  99      E1064CB0 
 100 009c C80F5EBD 		.ascii	"\310\017^\275NX\226\364\352s\037\237\373\244\255M?\233"
 100      4E5896F4 
 100      EA731F9F 
 100      FBA4AD4D 
 100      3F9B
 101 00ae B606DEEA 		.ascii	"\266\006\336\352\007\240U\200\350\220\312\360\230^\313"
 101      07A05580 
 101      E890CAF0 
 101      985ECB
ARM GAS  C:\Users\srich\AppData\Local\Temp\ccB2CoIM.s 			page 7


 102 00bd 67FBA1C3 		.ascii	"g\373\241\303P\002J\245R\007s\363h\212\226^~\2229\011"
 102      50024AA5 
 102      520773F3 
 102      688A965E 
 102      7E923909 
 103 00d1 7DE9C184 		.ascii	"}\351\301\204\275\361C\327u\027\273r\353\337X_\224B"
 103      BDF143D7 
 103      7517BB72 
 103      EBDF585F 
 103      9442
 104 00e3 E4A50E80 		.ascii	"\344\245\016\200\023\260Q`\314\310`\366(\250\247\201"
 104      13B05160 
 104      CCC860F6 
 104      28A8A781 
 105 00f3 F6A993BF 		.ascii	"\366\251\223\277\177a\377(\213\022\036!s\354\340T\302"
 105      7F61FF28 
 105      8B121E21 
 105      73ECE054 
 105      C2
 106 0104 24531A64 		.ascii	"$S\032d~\373\321\362>Y\177\334u\273\346z23\001w\312"
 106      7EFBD1F2 
 106      3E597FDC 
 106      75BBE67A 
 106      32330177 
 107 0119 8DCF954A 		.ascii	"\215\317\225J\017\027\245\202~P\210\013\003\260\001"
 107      0F17A582 
 107      7E50880B 
 107      03B001
 108 0128 3E860D65 		.ascii	">\206\015e\261\360J.\276\374\265m\306\221@\030\006\241"
 108      B1F04A2E 
 108      BEFCB56D 
 108      C6914018 
 108      06A1
 109 013a 5E278721 		.ascii	"^'\207!0A\010E\036\214\351L\357\317\006\325\016&\320"
 109      30410845 
 109      1E8CE94C 
 109      EFCF06D5 
 109      0E26D0
 110 014d 9DECBC18 		.ascii	"\235\354\274\030\320)\366\377\220\251Ha\300\360\375"
 110      D029F6FF 
 110      90A94861 
 110      C0F0FD
 111 015c 52C04986 		.ascii	"R\300I\206X\352\337wA\252g\030\"\363\367\335\233\017"
 111      58EADF77 
 111      41AA6718 
 111      22F3F7DD 
 111      9B0F
 112 016e 30C47BBD 		.ascii	"0\304{\275'\314\012\200\221\373\002\234\202\372\221"
 112      27CC0A80 
 112      91FB029C 
 112      82FA91
 113 017d 7569B754 		.ascii	"ui\267T\032\275\374\325\336\372q\371 \010\342%\031Z"
 113      1ABDFCD5 
 113      DEFA71F9 
 113      2008E225 
 113      195A
 114 018f F1B9C14F 		.ascii	"\361\271\301O\213\237~\366\333\274\017\010\204\015\342"
ARM GAS  C:\Users\srich\AppData\Local\Temp\ccB2CoIM.s 			page 8


 114      8B9F7EF6 
 114      DBBC0F08 
 114      840DE2
 115 019e C313623B 		.ascii	"\303\023b;\314g5\344\255eG\035C\0111\217U\337\020\342"
 115      CC6735E4 
 115      AD65471D 
 115      4309318F 
 115      55DF10E2 
 116 01b2 8E94B8A8 		.ascii	"\216\224\270\250Y\350J\037\352}\210U\320\012\034>\220"
 116      59E84A1F 
 116      EA7D8855 
 116      D00A1C3E 
 116      90
 117 01c3 4DAAF6BF 		.ascii	"M\252\366\277\334\204k\025\245\271,\265v\337\317\177"
 117      DC846B15 
 117      A5B92CB5 
 117      76DFCF7F 
 118 01d3 79C322F5 		.ascii	"y\303\"\365M6\007\016\274\223\204#\360ng\037Ey\3414"
 118      4D36070E 
 118      BC938423 
 118      F06E671F 
 118      4579E134 
 119 01e7 B4C32754 		.ascii	"\264\303'T\007\236\035\233\357O\330\014\220~\012\343"
 119      079E1D9B 
 119      EF4FD80C 
 119      907E0AE3 
 120 01f7 611403B1 		.ascii	"a\024\003\261\266O\241]PZ%\342^J\033f>\005\011\342\033"
 120      B64FA15D 
 120      505A25E2 
 120      5E4A1B66 
 120      3E0509E2 
 121 020c E83A9BBB 		.ascii	"\350:\233\273\232WU-B\372\304\233;\204\367\317\200Y"
 121      9A57552D 
 121      42FAC49B 
 121      3B84F7CF 
 121      8059
 122 021e 90FE4A2A 		.ascii	"\220\376J*\212\323\235Y:\366K\220\250\270n\332)J\013"
 122      8AD39D59 
 122      3AF64B90 
 122      A8B86EDA 
 122      294A0B
 123 0231 11E16C99 		.ascii	"\021\341l\231\312\257\227z\377\014m\032t\303E\351\203"
 123      CAAF977A 
 123      FF0C6D1A 
 123      74C345E9 
 123      83
 124 0242 73C8E337 		.ascii	"s\310\3437~\337 \011\233\004Rp\237$TJ\204\310L\343\355"
 124      7EDF2009 
 124      9B045270 
 124      9F24544A 
 124      84C84CE3 
 125 0257 8CD289EC 		.ascii	"\214\322\211\354*\344\315\377\205\234bd \344\261U\310"
 125      2AE4CDFF 
 125      859C6264 
 125      20E4B155 
 125      C8
 126 0268 A708D916 		.ascii	"\247\010\331\026b\001`\225\262s={\327\255\210\013\343"
ARM GAS  C:\Users\srich\AppData\Local\Temp\ccB2CoIM.s 			page 9


 126      62016095 
 126      B2733D7B 
 126      D7AD880B 
 126      E3
 127 0279 D02EFBBD 		.ascii	"\320.\373\275\005YgO\377\361\034\012d\010\374\350\024"
 127      0559674F 
 127      FFF11C0A 
 127      6408FCE8 
 127      14
 128 028a B2B9DB33 		.ascii	"\262\271\3333\233zB\323\011V\326m\254\252\033\212\322"
 128      9B7A42D3 
 128      0956D66D 
 128      ACAA1B8A 
 128      D2
 129 029b 5F9012CE 		.ascii	"_\220\022\316\0233\270@b\343\335\203\307\203t\263\252"
 129      1333B840 
 129      62E3DD83 
 129      C78374B3 
 129      AA
 130 02ac 0A2FC7AA 		.ascii	"\012/\307\252r\354g\030\213\320\030\336\235x\363Vj\213"
 130      72EC6718 
 130      8BD018DE 
 130      9D78F356 
 130      6A8B
 131 02be 4E15A200 		.ascii	"N\025\242\000z'gA\376[DHG-\244\036\323QaJY\031\305\""
 131      7A276741 
 131      FE5B4448 
 131      472DA41E 
 131      D351614A 
 132 02d6 86B9C31E 		.ascii	"\206\271\303\036\201\343\241\334b\276\254\20468F\352"
 132      81E3A1DC 
 132      62BEAC84 
 132      363846EA 
 133 02e6 7E4F8F7A 		.ascii	"~O\217z4R`u-k\253|\221Uf\311\322\250\362M\210\317t\357"
 133      34526075 
 133      2D6BAB7C 
 133      915566C9 
 133      D2A8F24D 
 134 02fe 2963500E 		.ascii	")cP\016A:K\354\244\372.\367:r1\246\363\273\026@a\003"
 134      413A4BEC 
 134      A4FA2EF7 
 134      3A7231A6 
 134      F3BB1640 
 135 0314 D4CFE408 		.ascii	"\324\317\344\010\031\347\363\244\257I/ \206b&\345\001"
 135      19E7F3A4 
 135      AF492F20 
 135      866226E5 
 135      01
 136 0325 74785704 		.ascii	"txW\004_\\\314\276\257\326\224\315(\3136\201<*\333\341"
 136      5F5CCCBE 
 136      AFD694CD 
 136      28CB3681 
 136      3C2ADBE1 
 137 0339 47DF253C 		.ascii	"G\337%<a\201f\307\3122\326\322\205{d\254e\201,\022\010"
 137      618166C7 
 137      CA32D6D2 
 137      857B64AC 
ARM GAS  C:\Users\srich\AppData\Local\Temp\ccB2CoIM.s 			page 10


 137      65812C12 
 138 034e 2A043258 		.ascii	"*\0042X\223\323\331\025Mj\376\257&\223\254\011\325\016"
 138      93D3D915 
 138      4D6AFEAF 
 138      2693AC09 
 138      D50E
 139 0360 97AB34A9 		.ascii	"\227\2534\251!X\326\304(H\313\304N\327z\207\370\005"
 139      2158D6C4 
 139      2848CBC4 
 139      4ED77A87 
 139      F805
 140 0372 F39100CC 		.ascii	"\363\221\000\314\366v\243\216\255\303\004\010}\375\366"
 140      F676A38E 
 140      ADC30408 
 140      7DFDF6
 141 0381 523EC023 		.ascii	"R>\300#\026\211]\251\340\316\037j\035\301Ow\217\037"
 141      16895DA9 
 141      E0CE1F6A 
 141      1DC14F77 
 141      8F1F
 142 0393 51F445A2 		.ascii	"Q\364E\242\275\346\260\250\236\016W+\246\303\007\207"
 142      BDE6B0A8 
 142      9E0E572B 
 142      A6C30787 
 143 03a3 0E0F7928 		.ascii	"\016\017y(\207m\221ymr\340\\\310\031v\373\334t#\026"
 143      876D9179 
 143      6D72E05C 
 143      C81976FB 
 143      DC742316 
 144 03b7 0A19BC07 		.ascii	"\012\031\274\007Sz\"\322\224\237L\016\373\364,y\224"
 144      537A22D2 
 144      949F4C0E 
 144      FBF42C79 
 144      94
 145 03c8 46FB3570 		.ascii	"F\3735p\260\324\317y\224\320(\263\305\250\011w\260\005"
 145      B0D4CF79 
 145      94D028B3 
 145      C5A80977 
 145      B005
 146 03da 38CA6EE1 		.ascii	"8\312n\341\360\316\355\320\323\202\316\000\235Hh[\244"
 146      F0CEEDD0 
 146      D382CE00 
 146      9D48685B 
 146      A4
 147 03eb D1697AA9 		.ascii	"\321iz\251\371\205\346g\333^\331\325\034u\"\264\217"
 147      F985E667 
 147      DB5ED9D5 
 147      1C7522B4 
 147      8F
 148 03fc B6363CDE 		.ascii	"\2666<\336\3408\321V'\022\335\275;\272\307\211E[\332"
 148      E038D156 
 148      2712DDBD 
 148      3BBAC789 
 148      455BDA
 149 040f 5A9DAD3B 		.ascii	"Z\235\255;\2677m\177\225|\261\346\227_liu\266559\221"
 149      B7376D7F 
 149      957CB1E6 
ARM GAS  C:\Users\srich\AppData\Local\Temp\ccB2CoIM.s 			page 11


 149      975F6C69 
 149      75B63535 
 150 0425 96B686CD 		.ascii	"\226\266\206\315\021\241Z\236\217\311\266\030\304\376"
 150      11A15A9E 
 150      8FC9B618 
 150      C4FE
 151 0433 012F715A 		.ascii	"\001/qZ\""
 151      22
 152              		.text
 153              		.section	.gnu.lto_.symbol_nodes.ab66fd88,"",%progbits
 154 0000 789C55CA 		.ascii	"x\234U\312\331Q\002a\024D\3413\377\314\350 (\270 \273"
 154      D9510261 
 154      1444E133 
 154      FFCCE820 
 154      28B820BB 
 155 0014 10098476 		.ascii	"\020\011\204vS0\002\212P\\\300\235]\020\005\001\201"
 155      5330028A 
 155      505CC09D 
 155      5D100501 
 155      81
 156 0025 40B08B07 		.ascii	"@\260\213\007\245_\276\252S\355\003U\217\335\334\015"
 156      A55FBEAA 
 156      53ED0355 
 156      8FDDDC0D 
 157 0035 06D71D30 		.ascii	"\006\327\0350\243\336\210p\267\230\267\027\3560\267"
 157      A3DE8870 
 157      B798B717 
 157      EE30B7
 158 0044 17EE31FF 		.ascii	"\027\3561\377/\004\270&\026\374\177\2045\032\316\374"
 158      2F04B826 
 158      16FC7F84 
 158      351ACEFC 
 159 0054 B0859732 		.ascii	"\260\205\2272\302\007\234x\304\027O\004\342\231P\274"
 159      C2079C78 
 159      C4174F04 
 159      E29950BC 
 160 0064 70205E39 		.ascii	"p ^9\024oD\242MLt8\022]\342\242GB\3649\026\003N\304"
 160      146F44A2 
 160      4D4C7438 
 160      125DE2A2 
 160      4742F439 
 161 007c 90A47827 		.ascii	"\220\244x'%F\234\2121g\342\203s1\341B|\222\026_\\\212"
 161      25469C8A 
 161      3167E283 
 161      7331E142 
 161      7C92165F 
 162 0092 29193123 		.ascii	")\0311#+\276\311\2119y\261\240 \226\024\305\017%\261"
 162      2BBEC989 
 162      3979B1A0 
 162      209614C5 
 162      0F25B1
 163 00a5 E24AAC29 		.ascii	"\342J\254)\213\015\225_\330\002OTIJ"
 163      8B0D955F 
 163      D8024F54 
 163      494A
 164              		.text
 165              		.section	.gnu.lto_.refs.ab66fd88,"",%progbits
ARM GAS  C:\Users\srich\AppData\Local\Temp\ccB2CoIM.s 			page 12


 166 0000 789C25C1 		.ascii	"x\234%\301[\032\201P\030\000\300\377\233:\024\241(\227"
 166      5B1A8150 
 166      1800C0FF 
 166      9B3A14A1 
 166      2897
 167 0012 90E3B61A 		.ascii	"\220\343\266\032\373\337\217\207f\212\210\370\305L)"
 167      FBDF8F87 
 167      668A88F8 
 167      C54C29
 168 0021 91A69C2C 		.ascii	"\221\246\234,,Uj+k\215\215\255\235Vg\357\24078:9\273"
 168      2C556A2B 
 168      6B8D8DAD 
 168      9D5667EF 
 168      A037383A 
 169 0037 185DDDDC 		.ascii	"\030]\335\334M\036\262\247\227\267\217o\374\001}Z\003"
 169      4D1EB2A7 
 169      97B78F6F 
 169      FC017D5A 
 169      03
 170 0048 98       		.ascii	"\230"
 171              		.text
 172              		.section	.gnu.lto_.decls.ab66fd88,"",%progbits
 173 0000 789CAD98 		.ascii	"x\234\255\230iPTW\026\307\373\276\333\013\264Mcie)\247"
 173      69505457 
 173      16C7FBBE 
 173      DB0BB44D 
 173      63696529 
 174 0015 2A43B4CA 		.ascii	"*C\264\312\232%\011\001\025k\362!\311\2145\225\324\314"
 174      9A250901 
 174      156BF221 
 174      C98C3595 
 174      D4CC
 175 0027 6499999A 		.ascii	"d\231\231\232O\241\252\013\2413\241\006!\003mMRS\251"
 175      4FA1AA0B 
 175      A133A106 
 175      21036D4D 
 175      5253A9
 176 003a 6A4509A0 		.ascii	"jE\011\240\"\"\"\213B+\020\210\254\"\240\354 \320\""
 176      2222228B 
 176      422B1088 
 176      AC22A0EC 
 176      20D022
 177 004d 8B1BA810 		.ascii	"\213\033\250\020v\242\"a\025Ppe\316\273\367\274\207"
 177      76A22261 
 177      15507065 
 177      CEBBF7BC 
 177      87
 178 005e FD1ECE7C 		.ascii	"\375\036\316|\231\256:\334w_\237\363;\377w\377\367\275"
 178      99AE3ADC 
 178      775F9FF3 
 178      3BFF77FF 
 178      F7BD
 179 0070 EE866A34 		.ascii	"\356\206j4\232&\242\321,\301\353\335\2274\232f\252\321"
 179      9A26A2D1 
 179      2CC1EBDD 
 179      97349A66 
 179      AAD1
ARM GAS  C:\Users\srich\AppData\Local\Temp\ccB2CoIM.s 			page 13


 180 0082 E8E1DCA7 		.ascii	"\350\341\334\247\232\345\227\016\242\020\3424D)D\005"
 180      9AE5970E 
 180      A210E234 
 180      44294405 
 181 0092 4415C4EB 		.ascii	"D\025\304\353\020\177\202\332\001\030\207!nA\214B\214"
 181      107F82DA 
 181      01188721 
 181      6E418C42 
 181      8C
 182 00a3 434C41DC 		.ascii	"CLA\334\203\230\207x\010\361\004b\011B\200|\003\204"
 182      83988778 
 182      08F10462 
 182      0942807C 
 182      0384
 183 00b5 11C20362 		.ascii	"\021\302\003b5\304K\020\257B\374\014\3425\210\015\020"
 183      35C44B10 
 183      AF42FC0C 
 183      E235880D 
 183      10
 184 00c6 1B217E09 		.ascii	"\033!~\011\361\006\204\017\304f\210\255\020\357@\274"
 184      F106840F 
 184      C46688AD 
 184      10EF40BC 
 185 00d6 07F13B88 		.ascii	"\007\361;\210\337C|H4./Q'yN?\301s\312\327\351\025\362"
 185      DF437C48 
 185      342E2F51 
 185      27794E3F 
 185      C173CAD7 
 186 00ed 4EAF9057 		.ascii	"N\257\220W\272B^\351\012y\025+\344U\254\220'\256\233"
 186      BA425EE9 
 186      0A79152B 
 186      E455AC90 
 186      27AE9B
 187 0100 09F3CC78 		.ascii	"\011\363\314x\374\021$;5|=?\206\343^\030\257C|\002\307"
 187      FC11243B 
 187      357C3D3F 
 187      86E35E18 
 187      AF437C02 
 188 0115 4D30FE01 		.ascii	"M0\376\001B\013q\011\242\035\342\012D\007\366\250\302"
 188      420B7109 
 188      A21DE20A 
 188      4407F6A8 
 188      C2
 189 0126 F14F8A75 		.ascii	"\361O\212u\270'\220\212\302\371\216Uw\005b6z\211\323"
 189      B827908A 
 189      C2F98E55 
 189      77056236 
 189      7A89D3
 190 0139 CA849664 		.ascii	"\312\204\226d=LMF\2558\255z<\322\245}\345\210\035^\361"
 190      3D4C4D46 
 190      AD38AD7A 
 190      3CD2A57D 
 190      E5881D5E 
 191 014e 91F6D55A 		.ascii	"\221\366\325Z\362\351\313$\207\254#\271d\035\020\277"
 191      F2E9CB24 
 191      87AC23B9 
 191      641D10BF 
ARM GAS  C:\Users\srich\AppData\Local\Temp\ccB2CoIM.s 			page 14


 192 015e 27AFC0DF 		.ascii	"'\257\300\337\317\264\234\364Cz\247\323\215\202up\234"
 192      CFB49CF4 
 192      437AA7D3 
 192      8D827570 
 192      9C
 193 016f 993CDC65 		.ascii	"\231<\334e|\343\024\224E\333\353g\310r\273\037\"\243"
 193      7CE31494 
 193      45DBEB67 
 193      C872BB1F 
 193      22A3
 194 0181 673DE94B 		.ascii	"g=\351K,i\357\245\361Y\252\0254$\237P\376\356\301\330"
 194      2C69EFA5 
 194      F159AA15 
 194      34249F50 
 194      FEEEC1D8 
 195 0195 DA1A4FAF 		.ascii	"\332\032O\257t\273\3031SY\034KS\354\216\363\366gKK\204"
 195      74BBC331 
 195      53591C4B 
 195      53EC8EF3 
 195      F6674B4B 
 196 01aa B522A708 		.ascii	"\265\"\247\010%y\344\015hY@\264\032q\312\027\261\220"
 196      2579E40D 
 196      685940B4 
 196      1A71CA17 
 196      B190
 197 01bc 7841EDF9 		.ascii	"xA\355\371C\263\223\204n\177\001y\327\300\205t3#;\252"
 197      43B39384 
 197      6E7F0179 
 197      D7C08574 
 197      33233BAA 
 198 01d0 B2F52DF1 		.ascii	"\262\365-\361\365KK\3571h\221\014-\026\241E\022\364"
 198      F54B4BEF 
 198      3168910C 
 198      2D16A145 
 198      12F4
 199 01e2 348326DD 		.ascii	"4\203&\3358>\352N\303^\000\255\350\273\353 \034\332"
 199      383EEA4E 
 199      C35E00AD 
 199      E8BBEB20 
 199      1CDA
 200 01f4 E3022D91 		.ascii	"\343\002-\221\241gDh\211\004-e\320\342\201\270Y\003"
 200      A1674468 
 200      89042D65 
 200      D0E281B8 
 200      5903
 201 0206 FD3783F6 		.ascii	"\3757\203\366\014\217u\031h,a\223\214\344\364\233&\261"
 201      0C8F7519 
 201      682C6193 
 201      8CE4F49B 
 201      26B1
 202 0218 43B9D461 		.ascii	"C\271\324a\240'\261\322]\352I\316\022fJ\343\241\204"
 202      A027B1D2 
 202      5DEA49CE 
 202      12664AE3 
 202      A184
 203 022a 61416C7B 		.ascii	"aAl{\3021\345\322\266Ln{Nl[&\265\255`mKO\336\3517\320"
 203      C231E5D2 
ARM GAS  C:\Users\srich\AppData\Local\Temp\ccB2CoIM.s 			page 15


 203      B64C6E7B 
 203      4E6C5B26 
 203      B5AD606D 
 204 0244 C3BCD568 		.ascii	"\303\274\325hT\323\237ED\261#:G\337b\227\021\225\022"
 204      54D39F45 
 204      44B1233A 
 204      47DF6297 
 204      119512
 205 0257 02CA2AA5 		.ascii	"\002\312*\245\372*V\177\244\372X\202;\333)v\206h\033"
 205      FA2A567F 
 205      A4FA5882 
 205      3BDB2976 
 205      86681B
 206 026a 599C33B1 		.ascii	"Y\2343\261\255\262Z\234\326\325.:\2154\213\343\367G"
 206      ADB25A9C 
 206      D6D52E3A 
 206      8D348BE3 
 206      F747
 207 027c 0F5D34D2 		.ascii	"\017]4\322\002>\331\365]\325~\003$\276nd\3274\230\366"
 207      023ED9F5 
 207      5DD57E03 
 207      24BE6E64 
 207      D73498F6 
 208 0290 30CB9D4D 		.ascii	"0\313\235M\305\307\211'\234\022Z\356\3303\315d\2431"
 208      C5C78927 
 208      9C125AEE 
 208      D833CD64 
 208      A331
 209 02a2 0B36CCCC 		.ascii	"\0136\314\314b\366\310\207\221\366\367I#1\222:Y\016"
 209      62F6C887 
 209      91F6F749 
 209      2331923A 
 209      590E
 210 02b4 AB165FD1 		.ascii	"\253\026_\321v\373nq3\272\267\2305\362^$\347\311F\310"
 210      76FB6E71 
 210      33BAB798 
 210      35F25E24 
 210      E7C946C8 
 211 02c8 60B9A41E 		.ascii	"`\271\244\036N6\300I\0007?\251\335\243#\306\215+\027"
 211      4E36C049 
 211      00373FA9 
 211      DDA323C6 
 211      8D2B17
 212 02db 35AF50C4 		.ascii	"5\257P\304$\324\305$\274l\267kI\023H\250]\226\000\212"
 212      24D4C524 
 212      BC6CB76B 
 212      491348A8 
 212      5D96008A 
 213 02ef E48D3C3D 		.ascii	"\344\215<=\030\225\2473\305.sY\362\362\275\341$&\314"
 213      1895A733 
 213      C52E7359 
 213      F2F2BDE1 
 213      2426CC
 214 0302 8C69BE57 		.ascii	"\214i\276W\244\245\217\371\215\261\277\254\341\216\231"
 214      A4A58FF9 
 214      8DB1BFAC 
 214      E18E99
ARM GAS  C:\Users\srich\AppData\Local\Temp\ccB2CoIM.s 			page 16


 215 0311 C6523629 		.ascii	"\306R6)\277\235\222\254\243\211|\222u$)_\307\226\323"
 215      BF9D92AC 
 215      A3897C92 
 215      7524295F 
 215      C796D3
 216 0324 4D9C3AB2 		.ascii	"M\234:\262\013\246\3654\203\275\247/\217{\226\352I\326"
 216      0BA6F534 
 216      83BDA72F 
 216      8F7B96EA 
 216      49D6
 217 0336 AF5FBF76 		.ascii	"\257_\277v\375F\007\264\234\251\354\033#\342\335A\304"
 217      FD4607B4 
 217      9CA9EC1B 
 217      23E2DD41 
 217      C4
 218 0347 3EA40524 		.ascii	">\244\005$^&k\227/\354\027\242\202\034Q\207FLw,\226"
 218      5E266B97 
 218      2FEC17A2 
 218      821C5187 
 218      464C772C 
 219 035c D8DFDF43 		.ascii	"\330\337\337CYn\2332\267\225(\222'\227\223/\254\010"
 219      596E9B32 
 219      B7952892 
 219      2797932F 
 219      AC08
 220 036e FE95987A 		.ascii	"\376\225\230z\210=\023\354\366\367m\032R\015o\3270\214"
 220      883D13EC 
 220      F6F76D1A 
 220      520D6FD7 
 220      308C
 221 0380 980C8B45 		.ascii	"\230\014\213E\256\302\312^\"\353I;\304\025\210\016\262"
 221      AEC2CA5E 
 221      22EB493B 
 221      C415880E 
 221      B2
 222 0391 9E2D1C6B 		.ascii	"\236-\034k0\275\334\340\342\312jX\007\321\211\241\011"
 222      30BDDCE0 
 222      E2CA6A58 
 222      07D189A1 
 222      09
 223 03a2 5F373141 		.ascii	"_71A#mJy\375g\346J\207\335h>[\037\241#~\354\260\201"
 223      236D4A79 
 223      FD67E64A 
 223      87DD683E 
 223      5B1FA123 
 224 03ba ACDDB892 		.ascii	"\254\335\270\222(\322\005Z\376\227.\326\353\241\236"
 224      28D2055A 
 224      FE972ED6 
 224      EBA19E
 225 03c9 904E48BC 		.ascii	"\220NH\274\266\354\270\330Z\352\230T\326zb\325Zl\341"
 225      B6ECB8D8 
 225      5AEA9854 
 225      D67A62D5 
 225      5A6CE1
 226 03dc 78510BCD 		.ascii	"xQ\013\315\212|\361vi\313\177\225\337=\314_\351n2\341"
 226      8A7CF176 
 226      69CB7F95 
ARM GAS  C:\Users\srich\AppData\Local\Temp\ccB2CoIM.s 			page 17


 226      DF3DCC5F 
 226      E96E32E1 
 227 03f0 DDB49039 		.ascii	"\335\264\22094N\330\334 N\207\236\305\333=\215\321\370"
 227      344ED8DC 
 227      204E879E 
 227      C5DB3D8D 
 227      D1F8
 228 0402 E015B797 		.ascii	"\340\025\267\227\351\371\335\325#\356Dp\203t\263}N2"
 228      E9F9DDD5 
 228      23EE4470 
 228      8374B37D 
 228      4E32
 229 0414 12B2EEB9 		.ascii	"\022\262\356\271\257\211\307\313\367\262\261\353\270"
 229      AF89C7CB 
 229      F7B2B1EB 
 229      B8
 230 0421 01E93759 		.ascii	"\001\3517Y\372\017d\215T$f_m\274^\240{>\373\372\177"
 230      FA0F648D 
 230      5424665F 
 230      6DBC5EA0 
 230      7B3EFBFA 
 231 0436 CB8E2CEE 		.ascii	"\313\216,\356\312\366\240\325|\227&\215'F\032\251\223"
 231      CAF6A0D5 
 231      7C97268D 
 231      27461AA9 
 231      93
 232 0447 4FCA8A0A 		.ascii	"O\312\212\012R\310\206\023\366\241\335C\321\231\255"
 232      52C88613 
 232      F6A1DD43 
 232      D199AD
 233 0456 26470B2C 		.ascii	"&G\013,\342\322\322\317\331\235\320\317\027\3619\315"
 233      E2D2D2CF 
 233      D99DD0CF 
 233      17F139CD 
 234 0466 FDFC7102 		.ascii	"\375\374q\002u\247\223\223z<\277y\014\237\015C5\221"
 234      75A79393 
 234      7A3CBF79 
 234      0C9F0D43 
 234      3591
 235 0478 7C0B0F90 		.ascii	"|\013\017\220\015\354\255\330\201\376\275\036\264\207"
 235      0DECADD8 
 235      81FEBD1E 
 235      B487
 236 0486 F36B52BB 		.ascii	"\363kR\273\336\225\360\235\256\370!\025~H\306/4?:J\020"
 236      DE95F09D 
 236      AEF82115 
 236      7E48C62F 
 236      343F3A4A 
 237 049b 0F8F1511 		.ascii	"\017\217\025\021?\214\370\212\263\307\347\015t\224\343"
 237      3F8CF88A 
 237      B3C7E70D 
 237      7494E3
 238 04aa 6F4CE5DF 		.ascii	"oL\345\337\226\344G\366\272\362\177T\361\177\224\371"
 238      96E447F6 
 238      BAF27F54 
 238      F17F94F9 
 239 04ba 89BDB113 		.ascii	"\211\275\261\023\006\211\3772\343\337B~Tq\346\202\221"
ARM GAS  C:\Users\srich\AppData\Local\Temp\ccB2CoIM.s 			page 18


 239      0689FF32 
 239      E3DF427E 
 239      5471E682 
 239      91
 240 04cb 3EE0FCE4 		.ascii	">\340\374\344Gc\203T\342\007\246\330O\354\266\333\305"
 240      47638354 
 240      E207A6D8 
 240      4FECB6DB 
 240      C5
 241 04dc E72C6B70 		.ascii	"\347,kpG\325\340\216\334\340\372L\356(\305\006\215\257"
 241      47D5E08E 
 241      DCE0FA4C 
 241      EE28C506 
 241      8DAF
 242 04ee B106A3D8 		.ascii	"\261\006\243\330 o!2\306\335\257\324\036\355\360b\256"
 242      206F2132 
 242      C6DDAFD4 
 242      1EEDF062 
 242      AE
 243 04ff 899B6D90 		.ascii	"\211\233m\220|\3036\334\010\214\342\246\273\015#l<r"
 243      7CC336DC 
 243      088CE2A6 
 243      BB0D236C 
 243      3C72
 244 0511 977C2396 		.ascii	"\227|#\226\264\\\310\274\357I\243\264L\323\344\236\211"
 244      B45CC8BC 
 244      EF49A3B4 
 244      4CD3E49E 
 244      89
 245 0522 5C13D7B4 		.ascii	"\\\023\327\264Oi\331O*I?\311\222\256N\336\016\342\212"
 245      4F69D94F 
 245      2A493FC9 
 245      92AE4EDE 
 245      0EE28A
 246 0535 EAD0B171 		.ascii	"\352\320\261qT\344\354\354\036u\243)\034?8x\276\221"
 246      54E4ECEC 
 246      1E75A329 
 246      1C3F3878 
 246      BE91
 247 0547 4A788565 		.ascii	"Jx\205e\223*\374\244\214\257\035\270\325\205W\\\207"
 247      932AFCA4 
 247      8CAF1DB8 
 247      D585575C 
 247      87
 248 0558 964D21BF 		.ascii	"\226M!\277\267%\362\276;\315\341\374\256\336\310l\035"
 248      B725F2BE 
 248      3BCDE1FC 
 248      AEDEC86C 
 248      1D
 249 0569 F29596CD 		.ascii	"\362\225\226\315\250\37032\177\376\333\245>\"\361\271"
 249      A8F83332 
 249      7FFEDBA5 
 249      3E22F1B9 
 250 0579 65F7907F 		.ascii	"e\367\220\177r`)\323\223\226s~\342\201\331Sz\211\257"
 250      726029D3 
 250      9396737E 
 250      E281D953 
ARM GAS  C:\Users\srich\AppData\Local\Temp\ccB2CoIM.s 			page 19


 250      7A89AF
 251 058c B46C4ED5 		.ascii	"\264lN\325`NnPY\234r\326\214\015\320\262yl0?|a\322M"
 251      604E6E50 
 251      599C72D6 
 251      8C0DD0B2 
 251      796C303F 
 252 05a4 61D9045A 		.ascii	"a\331\004Z6\215\226\315\242e\367\271e\2517o\317S\366"
 252      368D96CD 
 252      A265F7B9 
 252      65A9376F 
 252      CF53F6
 253 05b7 B010D87D 		.ascii	"\260\020\330}\326q\362\241\226:\271\304\003O\316\227"
 253      D671F2A1 
 253      963AB9C4 
 253      034FCE97 
 254 05c7 18B9C438 		.ascii	"\030\271\3048\245\203\213*\205\213\262\302\370\332\270"
 254      A5838B2A 
 254      858BB2C2 
 254      F8DAB8
 255 05d6 121357D8 		.ascii	"\022\023W\330\212\026>D\205\225\331\223=:\332\303\371"
 255      8A163E44 
 255      8595D993 
 255      3D3ADAC3 
 255      F9
 256 05e7 658716CB 		.ascii	"e\207\026\313t\022_a\341c\025\377\261\314\237\273\225"
 256      74125F61 
 256      E16315FF 
 256      B1CC9FBB 
 256      95
 257 05f8 7C53403E 		.ascii	"|S@>Z\370\004\371\007\316W\237q\247\243\234\337\234"
 257      5AF804F9 
 257      07CE579F 
 257      71A7A39C 
 257      DF9C
 258 060a D77E1797 		.ascii	"\327~\027\2278Ni\3413\025\377\231\314\357K\210]\222"
 258      384E69E1 
 258      3315FF99 
 258      CCEF4B88 
 258      5D92
 259 061c F4A3854B 		.ascii	"\364\243\205K\310\317\317\257\317\024\350\003\316\237"
 259      C8CFCFAF 
 259      CF14E803 
 259      CE9F
 260 062a 4AAEA8A2 		.ascii	"J\256\250\242\022_i\341.A\331\000\316`\203\201c\271"
 260      125F69E1 
 260      2E41D900 
 260      CE608381 
 260      63B9
 261 063c 07D1C256 		.ascii	"\007\321\302V\264p\267\300\033\\^|4\243UX\370\010-|"
 261      B470B7C0 
 261      1B5C5E7C 
 261      34A35558 
 261      F8082D7C 
 262 0650 8A16DA05 		.ascii	"\212\026\332\005na\244\300,\214+\314\232\363d\026Rq"
 262      6E61A4C0 
 262      2C8C2BCC 
 262      9AF36416 
ARM GAS  C:\Users\srich\AppData\Local\Temp\ccB2CoIM.s 			page 20


 262      5271
 263 0662 DA7F73EC 		.ascii	"\332\177s\354\252\201F\351\230\304[\367\357\343\012"
 263      AA8146E9 
 263      98C45BF7 
 263      EFE30A
 264 0671 A4281D8C 		.ascii	"\244(\035\214R\011\214\222\005F]K\257\302M\334\201\016"
 264      52098C92 
 264      05465D4B 
 264      AFC24DDC 
 264      810E
 265 0683 7E8B02FB 		.ascii	"~\213\002\373\363\343\312\004\232\302\361\205\025\203"
 265      F3E3CA04 
 265      9AC2F185 
 265      1583
 266 0691 E774125F 		.ascii	"\347t\022_\341`\214\212\037#\363/\357\213J\303\347Z"
 266      E1608C8A 
 266      1F23F32F 
 266      EF8B4AC3 
 266      E75A
 267 06a3 073A188B 		.ascii	"\007:\030\213\374\242\241\3744\017\232\303\371\011U"
 267      FCA2A1FC 
 267      340F9AC3 
 267      F90955
 268 06b2 7B36205E 		.ascii	"{6 ^i\340~\025~\277\214wf\036\354\224\361\334\300\003"
 268      69E07E15 
 268      7EBF8C77 
 268      661EEC94 
 268      F1DCC003 
 269 06c6 88DFF364 		.ascii	"\210\337\363d\250\237\322r\216\037\253\274:\"H|\245"
 269      A89FD272 
 269      8E1FABBC 
 269      3A22487C 
 269      A5
 270 06d7 8107550D 		.ascii	"\201\007U\015\016\312\015\026\306\236~\357\206\015\320"
 270      0ECA0D16 
 270      C69E7EEF 
 270      860DD0
 271 06e6 C0786C70 		.ascii	"\300xlp\242\253\261Ii`\264\300\015\334'p\003\343\320"
 271      A2ABB149 
 271      6960B4C0 
 271      0DDC2770 
 271      03E3D0
 272 06f9 C043DC40 		.ascii	"\300C\334@\351\227\220\231\377\022r\326\334w\012\324"
 272      E9979099 
 272      FF1272D6 
 272      DC770AD4 
 273 0709 C9255E6C 		.ascii	"\311%^l\351I_\305%\036S:\230\250R\230(+,j\236\030\322"
 273      E9495FC5 
 273      251E533A 
 273      98A85298 
 273      282B2C6A 
 274 0720 7185DDE8 		.ascii	"q\205\335\350\340\021T\230]\354\254\027h\017\347\327"
 274      E0115498 
 274      5DECAC17 
 274      680FE7D7 
 275 0730 253DBDE8 		.ascii	"%=\275\350!\361\025\016\036U\361\217\312\374\266\352"
 275      21F1150E 
ARM GAS  C:\Users\srich\AppData\Local\Temp\ccB2CoIM.s 			page 21


 275      1E55F18F 
 275      CAFCB6EA 
 276 0740 AE243DF2 		.ascii	"\256$=\362\321\301d\344\347\016\307Vk\351(\347O\357"
 276      D1C164E4 
 276      E70EC756 
 276      6BE928E7 
 276      4FEF
 277 0752 9A3D8BCF 		.ascii	"\232=\213\317\220cJ\013SU\374T\231_\233\336)\255p7Z"
 277      90634A0B 
 277      5355FC54 
 277      995F9BDE 
 277      29AD7037 
 278 0767 9886FC9C 		.ascii	"\230\206\374\234\204\214\202U\364\001\347\237\314\253"
 278      848C8255 
 278      F401E79F 
 278      CCAB
 279 0775 3C4C24BE 		.ascii	"<L$\276\322\302\343\252\006\307\345\006#\017\313\257"
 279      D2C2E3AA 
 279      06C7E506 
 279      230FCBAF 
 280 0785 786003B4 		.ascii	"x`\003\2640\035\033d\036\030J\025\024\026&\241\205)"
 280      301D1B64 
 280      1E184A15 
 280      141626A1 
 280      8529
 281 0797 68E131B4 		.ascii	"h\3411\2640\203[8\321\231Vib\026\352\304\351\276\344"
 281      30835B38 
 281      D1995669 
 281      6216EAC4 
 281      E9BEE4
 282 07aa F1EE5534 		.ascii	"\361\356U4J\317$N\0244\366\030\270\304\014\245\205'"
 282      4ACF244E 
 282      1434F618 
 282      B8C40CA5 
 282      8527
 283 07bc 550A4FCA 		.ascii	"U\012O\312\012\033\022\012[\360\273K/Z\230\211\012\347"
 283      0A1B120A 
 283      5BF0BB4B 
 283      2F5A9889 
 283      0AE7
 284 07ce FA4A     		.ascii	"\372J"
 285 07d0 C6753485 		.ascii	"\306u4\205\363KN\246LS\211\257\2600[\305\317^\336\304"
 285      F34B4EA6 
 285      4C5389AF 
 285      B0305BC5 
 285      CF5EDEC4 
 286 07e4 AD87B3D1 		.ascii	"\255\207\263\321\302^\264\360;\344?x2\020\003\237\204"
 286      C25EB4F0 
 286      3BE43F78 
 286      3210039F 
 286      84
 287 07f5 A8FF54DB 		.ascii	"\250\377T\333\014Z\230\241\2640W\305\317\225\371%#i"
 287      0C5A98A1 
 287      B43057C5 
 287      CF95F925 
 287      2369
 288 0807 0FCD129F 		.ascii	"\017\315\022\237[\370=\362'\332~<\344N\3139\337\261"
ARM GAS  C:\Users\srich\AppData\Local\Temp\ccB2CoIM.s 			page 22


 288      5BF83DF2 
 288      27DA7E3C 
 288      E44ECB39 
 288      DFB1
 289 0819 907E5890 		.ascii	"\220~X\220\370J\013\363T\015\362\344\006\027\007cn\340"
 289      F84A0BF3 
 289      540DF2E4 
 289      06170763 
 289      6EE0
 290 082b 47792F5A 		.ascii	"Gy/Z\230\217\015\252j.,\350\024\026f\241\2059h\341)"
 290      988F0DAA 
 290      6A2E2CE8 
 290      141666A1 
 290      853968E1 
 291 0840 B4B0805B 		.ascii	"\264\260\200[\230\260\367\33493\263P/N\333S;\347<\250"
 291      98B0F7DC 
 291      3933B350 
 291      2F4EDB53 
 291      3BE73CA8 
 292 0854 934B3C78 		.ascii	"\223K<x$:\301\215K<\245\264\260X\245\260XVX\327\336"
 292      243AC18D 
 292      4B3CA5B4 
 292      B058A5B0 
 292      585658D7 
 293 0869 52810A07 		.ascii	"R\201\012\007\320\302\323\250pww]$|\022r\376\211\302"
 293      D0C2D3A8 
 293      7077775D 
 293      247C1272 
 293      FE89C2
 294 087c 9ABD1E12 		.ascii	"\232\275\036\022_a\341\031\025\377\214\314\237\311h"
 294      5F61E119 
 294      15FF8CCC 
 294      9FC968
 295 088b 4FC4E7F4 		.ascii	"O\304\347\364\000ZX\212\374\2543i\027\365t\224\363G"
 295      005A588A 
 295      FCAC3369 
 295      17F57494 
 295      F347
 296 089d 2BF2FE88 		.ascii	"+\362\376\210x\245\203\345*|\271\214?\327\336\340\224"
 296      78A583E5 
 296      2A7CB98C 
 296      3FD7DEE0 
 296      94
 297 08ae F1DCC1B3 		.ascii	"\361\334\301\263\210\237\356\270\362\324@\037p\374\255"
 297      889FEEB8 
 297      F2D4401F 
 297      70FCAD
 298 08bd A8B23641 		.ascii	"\250\2626A\342+\035\254P5\250\220\033tL=\211\307->\200"
 298      E22B1DAC 
 298      5035A890 
 298      1B744C3D 
 298      89C72D3E 
 299 08d2 0E566283 		.ascii	"\016Vb\203\344\271k\317\314\012\007K\320\3012t\360\034"
 299      E4B96BCF 
 299      CC0A074B 
 299      D0C13274 
 299      F01C
ARM GAS  C:\Users\srich\AppData\Local\Temp\ccB2CoIM.s 			page 23


 300 08e4 3A58C51D 		.ascii	":X\305\035\224~\330\230\371\017\233\334\344\233\205"
 300      947ED898 
 300      F90F9BDC 
 300      E49B85
 301 08f3 028D3230 		.ascii	"\002\21520\211y\327\256V\342\267\321\002\245\203\265"
 301      8979D7AE 
 301      56E2B7D1 
 301      02A583B5 
 302 0903 2A85B5B2 		.ascii	"*\205\265\262\302\211\352\354\011T8\206\016\326\241"
 302      C289EAEC 
 302      09543886 
 302      0ED6A1
 303 0912 C2D8CB6D 		.ascii	"\302\330\313mU\360u\224\363\273\343\347\316\232%\276"
 303      55F07594 
 303      F3BBE3E7 
 303      CE9A25BE 
 304 0922 C2C10615 		.ascii	"\302\301\006\025\277A\346\317O\345\225\343\016\031C"
 304      BF41E6CF 
 304      4FE595E3 
 304      0E1943
 305 0931 07CF4B37 		.ascii	"\007\317K7y\376\304\267\224\346p~iMC\275\026\371J\013"
 305      79FEC4B7 
 305      94E6707E 
 305      694D43BD 
 305      16F94A0B 
 306 0945 9B54FC26 		.ascii	"\233T\374&\231\177\343r\311\015\275\304\347\0266#\337"
 306      997FE372 
 306      C90DBDC4 
 306      E7163623 
 306      DF
 307 0956 5157D368 		.ascii	"QW\323h\242\345\234?\3368\036\257\227\370J\013/\250"
 307      A2E59C3F 
 307      DE381EAF 
 307      97F84A0B 
 307      2FA8
 308 0968 1A5C901B 		.ascii	"\032\\\220\033<]\354\253\223.\000-l\301\006\367\222"
 308      3C5DECAB 
 308      932E002D 
 308      6CC106F7 
 308      92
 309 0979 8F8E1914 		.ascii	"\217\216\031\024\026\326\243\205\215h\241\023-\274\310"
 309      16D6A385 
 309      8D68A113 
 309      2DBCC8
 310 0988 2D6C293A 		.ascii	"-l):\355\344\256\327\023\322K\326\300\357s2F\374\310"
 310      EDE4AED7 
 310      13D24BD6 
 310      C0EF7332 
 310      46FCC8
 311 099b AFD79107 		.ascii	"\257\327\221\0070,\200\200=\202\037\331+\254#\0110\036"
 311      302C8080 
 311      3D821FD9 
 311      2BAC2309 
 311      301E
 312 09ad 86D101E3 		.ascii	"\206\321\001\343\011\030\013a,\202\261\032\306\032\030"
 312      09180B61 
 312      2C82B11A 
ARM GAS  C:\Users\srich\AppData\Local\Temp\ccB2CoIM.s 			page 24


 312      C61A18
 313 09bc 5B053F91 		.ascii	"[\005?\221\030\235\022\035%\356\315+\216\241\352\306"
 313      189D121D 
 313      25EECD2B 
 313      8EA1EAC6 
 314 09cc 4FECD2BA 		.ascii	"O\354\322\272\211\354>\374\016\270\374{\264O\374\016"
 314      89EC3EFC 
 314      0EB8FC7B 
 314      B44FFC0E 
 315 09dc 48DAA092 		.ascii	"H\332\240\222\264\013\033\240\372L[C\243\336\345\177"
 315      B40B1BA0 
 315      FA4C5B43 
 315      A3DEE57F 
 316 09ec 2FD79FFB 		.ascii	"/\327\237\373\037\202\206t\010\354\177/\342(~\030M\336"
 316      1F828674 
 316      08EC7F2F 
 316      E2287E18 
 316      4DDE
 317 09fe 6DD0BA64 		.ascii	"m\320\272d\213m\226\263/a\366%\226=<\260;M\220\262\243"
 317      8B6D96B3 
 317      2F61F625 
 317      963D3CB0 
 317      3B4D90B2 
 318 0a13 5FF87F1D 		.ascii	"_\370\177\035r\031\252VY,\201a\341VKph\260M\377\301"
 318      7219AA56 
 318      592C8161 
 318      E1564B70 
 318      68B04DFF 
 319 0a28 C77FF3DA 		.ascii	"\307\177\363\332\246\321\376\313\032\360\217\017\002"
 319      A6D1FECB 
 319      1AF08F0F 
 319      02
 320 0a35 DFF1DEF6 		.ascii	"\337\361\336\366E\360\366\340\277\332v\006\005\207y"
 320      45F0F6E0 
 320      BFDA7606 
 320      058779
 321 0a44 078AC761 		.ascii	"\007\212\307a\021>~>\336\336a\021\336\201a;v\204\205"
 321      113E7E3E 
 321      DEDE6111 
 321      DE81613B 
 321      768485
 322 0a57 7A7F1916 		.ascii	"z\177\031\026n\213\360\376\355_>\332\366\321W\342\271"
 322      6E8BF0FE 
 322      ED5F3EDA 
 322      F6D157E2 
 322      B9
 323 0a68 2F8343AC 		.ascii	"/\203C\254\341\021\336\037l\333\346\035\030n\363y+P"
 323      E111DE1F 
 323      6CDBE61D 
 323      186EF379 
 323      2B50
 324 0a7a 63B258AC 		.ascii	"c\262X\254\001\341!_\263\006\320,$\300\306\233\231-"
 324      01E1215F 
 324      B306D02C 
 324      24C0C69B 
 324      992D
 325 0a8c 9620EBE7 		.ascii	"\226 \353\347\001;Cl\026\353W\3016\267PPa\333\031\036"
ARM GAS  C:\Users\srich\AppData\Local\Temp\ccB2CoIM.s 			page 25


 325      013B436C 
 325      16EB57C1 
 325      36B75050 
 325      61DB191E 
 326 0aa0 BADAC2DE 		.ascii	"\272\332\302\336\266\204\007\354\260\004\204[\003\""
 326      B68407EC 
 326      B004845B 
 326      0322
 327 0aae DC760687 		.ascii	"\334v\006\207\3326\371ZlF\213E:\374<\360\035\177\246"
 327      DA36F95A 
 327      6C468B45 
 327      3AFC3CF0 
 327      1D7FA6
 328 0ac1 2882A9F3 		.ascii	"(\202\251\363\267\205\205\205D\370\377=t\247\027;\362"
 328      B7858585 
 328      44F8FF3D 
 328      74A7173B 
 328      F2
 329 0ad2 0A08DFE1 		.ascii	"\012\010\337\341e\335\261\335\032\024d\015\362\337\374"
 329      65DDB1DD 
 329      1A14640D 
 329      F2DFFC
 330 0ae1 D66FBC7C 		.ascii	"\326o\274|\337\366\331\362\317M\376p\376\315\320\260"
 330      DFF6D9F2 
 330      CF4DFE70 
 330      FECDD0B0 
 331 0af1 50EB9BD6 		.ascii	"P\353\233\326\200\355\301\376\301\241\201!;\203\254"
 331      80EDC1FE 
 331      C1A18121 
 331      3B83AC
 332 0b00 FE3B0280 		.ascii	"\376;\002\200\025j\365\227\005\331\276\376\322\032\361"
 332      156AF597 
 332      05D9BEFE 
 332      D21AF1
 333 0b0f D6179ACF 		.ascii	"\326\027\232\317\376\257m\"\276\216\360\267D\330\202"
 333      FEAF6D22 
 333      BE8EF0B7 
 333      44D882
 334 0b1e E01A806D 		.ascii	"\340\032\200mfWi\263~ec\227\351\316\246\342\22110\004"
 334      665769B3 
 334      7E656397 
 334      E9CEA6E2 
 334      91313004 
 335 0b32 568C1D9A 		.ascii	"V\214\035\232B\303,\362yOqE\344\231\305\346.\257\320"
 335      42C32CF2 
 335      794F7145 
 335      E499C5E6 
 335      2EAFD0
 336 0b45 1A8BB85A 		.ascii	"\032\213\270Zo[\226\211\026\217\347OY\3148\343d\213"
 336      6F5B9689 
 336      168FE74F 
 336      59CC38E3 
 336      648B
 337 0b57 274E43C3 		.ascii	"'NC\303\370\333\274\336G]\357\343R\357\343Z\357\243"
 337      F8DBBCDE 
 337      475DEFE3 
 337      52EFE35A 
ARM GAS  C:\Users\srich\AppData\Local\Temp\ccB2CoIM.s 			page 26


 337      EFA3
 338 0b69 A8F755D7 		.ascii	"\250\367U\327\373\272\324\373\272\326\373*\3527\251"
 338      FBBAD4FB 
 338      BAD6FB2A 
 338      EA37A9
 339 0b78 EB37B9D4 		.ascii	"\3537\271\324or\255\337\244\250\337\254\256\337\354"
 339      6F72ADDF 
 339      A4A8DFAC 
 339      AEDFEC
 340 0b87 52BFD9B5 		.ascii	"R\277\331\265~\263\242~\213\272~\213K\375\026\327\372"
 340      7EB3A27E 
 340      8BBA7E8B 
 340      4BFD16D7 
 340      FA
 341 0b98 2D8A7A3F 		.ascii	"-\212z?u\275\237K\275\237k\275\237\242~\253\272~\253"
 341      75BD9F4B 
 341      BD9F6BBD 
 341      9FA27EAB 
 341      BA7EAB
 342 0bab 4BFD56D7 		.ascii	"K\375V\327\372\255r\375\177\000 \350\273_"
 342      FAAD72FD 
 342      7F0020E8 
 342      BB5F
 343              		.text
 344              		.section	.gnu.lto_.symtab.ab66fd88,"",%progbits
 345 0000 5F5F636F 		.ascii	"__core_init\000\000\001\000\000\000\000\000\000\000"
 345      72655F69 
 345      6E697400 
 345      00010000 
 345      00000000 
 346 0015 0000AE00 		.ascii	"\000\000\256\000\000\000__early_init\000\000\001\000"
 346      00005F5F 
 346      6561726C 
 346      795F696E 
 346      69740000 
 347 002b 00000000 		.ascii	"\000\000\000\000\000\000\000\000\261\000\000\000__l"
 347      00000000 
 347      B1000000 
 347      5F5F6C
 348 003a 6174655F 		.ascii	"ate_init\000\000\001\000\000\000\000\000\000\000\000"
 348      696E6974 
 348      00000100 
 348      00000000 
 348      000000
 349 004d 00B40000 		.ascii	"\000\264\000\000\000__default_exit\000\000\001\000\000"
 349      005F5F64 
 349      65666175 
 349      6C745F65 
 349      78697400 
 350 0065 00000000 		.ascii	"\000\000\000\000\000\000\000\271\000\000\000__init_"
 350      000000B9 
 350      0000005F 
 350      5F696E69 
 350      745F
 351 0077 72616D5F 		.ascii	"ram_areas\000\000\000\000\000\000\000\000\000\000\000"
 351      61726561 
 351      73000000 
ARM GAS  C:\Users\srich\AppData\Local\Temp\ccB2CoIM.s 			page 27


 351      00000000 
 351      00000000 
 352 008b 00BB0000 		.ascii	"\000\273\000\000\000__ram0_init_text__\000\000\002\000"
 352      005F5F72 
 352      616D305F 
 352      696E6974 
 352      5F746578 
 353 00a6 00000000 		.ascii	"\000\000\000\000\000\000\000\000\336\000\000\000__r"
 353      00000000 
 353      DE000000 
 353      5F5F72
 354 00b5 616D305F 		.ascii	"am0_init__\000\000\002\000\000\000\000\000\000\000\000"
 354      696E6974 
 354      5F5F0000 
 354      02000000 
 354      00000000 
 355 00ca 00E10000 		.ascii	"\000\341\000\000\000__ram0_clear__\000\000\002\000\000"
 355      005F5F72 
 355      616D305F 
 355      636C6561 
 355      725F5F00 
 356 00e2 00000000 		.ascii	"\000\000\000\000\000\000\000\344\000\000\000__ram0_"
 356      000000E4 
 356      0000005F 
 356      5F72616D 
 356      305F
 357 00f4 6E6F696E 		.ascii	"noinit__\000\000\002\000\000\000\000\000\000\000\000"
 357      69745F5F 
 357      00000200 
 357      00000000 
 357      000000
 358 0107 00E70000 		.ascii	"\000\347\000\000\000__ram1_init_text__\000\000\002\000"
 358      005F5F72 
 358      616D315F 
 358      696E6974 
 358      5F746578 
 359 0122 00000000 		.ascii	"\000\000\000\000\000\000\000\000\353\000\000\000__r"
 359      00000000 
 359      EB000000 
 359      5F5F72
 360 0131 616D315F 		.ascii	"am1_init__\000\000\002\000\000\000\000\000\000\000\000"
 360      696E6974 
 360      5F5F0000 
 360      02000000 
 360      00000000 
 361 0146 00EE0000 		.ascii	"\000\356\000\000\000__ram1_clear__\000\000\002\000\000"
 361      005F5F72 
 361      616D315F 
 361      636C6561 
 361      725F5F00 
 362 015e 00000000 		.ascii	"\000\000\000\000\000\000\000\361\000\000\000__ram1_"
 362      000000F1 
 362      0000005F 
 362      5F72616D 
 362      315F
 363 0170 6E6F696E 		.ascii	"noinit__\000\000\002\000\000\000\000\000\000\000\000"
 363      69745F5F 
ARM GAS  C:\Users\srich\AppData\Local\Temp\ccB2CoIM.s 			page 28


 363      00000200 
 363      00000000 
 363      000000
 364 0183 00F40000 		.ascii	"\000\364\000\000\000__ram2_init_text__\000\000\002\000"
 364      005F5F72 
 364      616D325F 
 364      696E6974 
 364      5F746578 
 365 019e 00000000 		.ascii	"\000\000\000\000\000\000\000\000\371\000\000\000__r"
 365      00000000 
 365      F9000000 
 365      5F5F72
 366 01ad 616D325F 		.ascii	"am2_init__\000\000\002\000\000\000\000\000\000\000\000"
 366      696E6974 
 366      5F5F0000 
 366      02000000 
 366      00000000 
 367 01c2 00FC0000 		.ascii	"\000\374\000\000\000__ram2_clear__\000\000\002\000\000"
 367      005F5F72 
 367      616D325F 
 367      636C6561 
 367      725F5F00 
 368 01da 00000000 		.ascii	"\000\000\000\000\000\000\000\377\000\000\000__ram2_"
 368      000000FF 
 368      0000005F 
 368      5F72616D 
 368      325F
 369 01ec 6E6F696E 		.ascii	"noinit__\000\000\002\000\000\000\000\000\000\000\000"
 369      69745F5F 
 369      00000200 
 369      00000000 
 369      000000
 370 01ff 00020100 		.ascii	"\000\002\001\000\000__ram3_init_text__\000\000\002\000"
 370      005F5F72 
 370      616D335F 
 370      696E6974 
 370      5F746578 
 371 021a 00000000 		.ascii	"\000\000\000\000\000\000\000\000\007\001\000\000__r"
 371      00000000 
 371      07010000 
 371      5F5F72
 372 0229 616D335F 		.ascii	"am3_init__\000\000\002\000\000\000\000\000\000\000\000"
 372      696E6974 
 372      5F5F0000 
 372      02000000 
 372      00000000 
 373 023e 000A0100 		.ascii	"\000\012\001\000\000__ram3_clear__\000\000\002\000\000"
 373      005F5F72 
 373      616D335F 
 373      636C6561 
 373      725F5F00 
 374 0256 00000000 		.ascii	"\000\000\000\000\000\000\000\015\001\000\000__ram3_"
 374      0000000D 
 374      0100005F 
 374      5F72616D 
 374      335F
 375 0268 6E6F696E 		.ascii	"noinit__\000\000\002\000\000\000\000\000\000\000\000"
ARM GAS  C:\Users\srich\AppData\Local\Temp\ccB2CoIM.s 			page 29


 375      69745F5F 
 375      00000200 
 375      00000000 
 375      000000
 376 027b 00100100 		.ascii	"\000\020\001\000\000__ram4_init_text__\000\000\002\000"
 376      005F5F72 
 376      616D345F 
 376      696E6974 
 376      5F746578 
 377 0296 00000000 		.ascii	"\000\000\000\000\000\000\000\000\025\001\000\000__r"
 377      00000000 
 377      15010000 
 377      5F5F72
 378 02a5 616D345F 		.ascii	"am4_init__\000\000\002\000\000\000\000\000\000\000\000"
 378      696E6974 
 378      5F5F0000 
 378      02000000 
 378      00000000 
 379 02ba 00180100 		.ascii	"\000\030\001\000\000__ram4_clear__\000\000\002\000\000"
 379      005F5F72 
 379      616D345F 
 379      636C6561 
 379      725F5F00 
 380 02d2 00000000 		.ascii	"\000\000\000\000\000\000\000\033\001\000\000__ram4_"
 380      0000001B 
 380      0100005F 
 380      5F72616D 
 380      345F
 381 02e4 6E6F696E 		.ascii	"noinit__\000\000\002\000\000\000\000\000\000\000\000"
 381      69745F5F 
 381      00000200 
 381      00000000 
 381      000000
 382 02f7 001E0100 		.ascii	"\000\036\001\000\000__ram5_init_text__\000\000\002\000"
 382      005F5F72 
 382      616D355F 
 382      696E6974 
 382      5F746578 
 383 0312 00000000 		.ascii	"\000\000\000\000\000\000\000\000#\001\000\000__ram5"
 383      00000000 
 383      23010000 
 383      5F5F7261 
 383      6D35
 384 0324 5F696E69 		.ascii	"_init__\000\000\002\000\000\000\000\000\000\000\000"
 384      745F5F00 
 384      00020000 
 384      00000000 
 384      0000
 385 0336 00260100 		.ascii	"\000&\001\000\000__ram5_clear__\000\000\002\000\000"
 385      005F5F72 
 385      616D355F 
 385      636C6561 
 385      725F5F00 
 386 034e 00000000 		.ascii	"\000\000\000\000\000\000\000)\001\000\000__ram5_noi"
 386      00000029 
 386      0100005F 
 386      5F72616D 
ARM GAS  C:\Users\srich\AppData\Local\Temp\ccB2CoIM.s 			page 30


 386      355F6E6F 
 387 0363 6E69745F 		.ascii	"nit__\000\000\002\000\000\000\000\000\000\000\000\000"
 387      5F000002 
 387      00000000 
 387      00000000 
 387      00
 388 0374 2C010000 		.ascii	",\001\000\000__ram6_init_text__\000\000\002\000\000"
 388      5F5F7261 
 388      6D365F69 
 388      6E69745F 
 388      74657874 
 389 038f 00000000 		.ascii	"\000\000\000\000\000\000\0001\001\000\000__ram6_ini"
 389      00000031 
 389      0100005F 
 389      5F72616D 
 389      365F696E 
 390 03a4 745F5F00 		.ascii	"t__\000\000\002\000\000\000\000\000\000\000\000\000"
 390      00020000 
 390      00000000 
 390      000000
 391 03b3 34010000 		.ascii	"4\001\000\000__ram6_clear__\000\000\002\000\000\000"
 391      5F5F7261 
 391      6D365F63 
 391      6C656172 
 391      5F5F0000 
 392 03cb 00000000 		.ascii	"\000\000\000\000\000\0007\001\000\000__ram6_noinit_"
 392      00003701 
 392      00005F5F 
 392      72616D36 
 392      5F6E6F69 
 393 03e3 5F000002 		.ascii	"_\000\000\002\000\000\000\000\000\000\000\000\000:\001"
 393      00000000 
 393      00000000 
 393      003A01
 394 03f2 00005F5F 		.ascii	"\000\000__ram7_i"
 394      72616D37 
 394      5F69
 395 03fc 6E69745F 		.ascii	"nit_text__\000\000\002\000\000\000\000\000\000\000\000"
 395      74657874 
 395      5F5F0000 
 395      02000000 
 395      00000000 
 396 0411 003F0100 		.ascii	"\000?\001\000\000__ram7_init__\000\000\002\000\000\000"
 396      005F5F72 
 396      616D375F 
 396      696E6974 
 396      5F5F0000 
 397 0429 00000000 		.ascii	"\000\000\000\000\000\000B\001\000\000__ram7_clear__"
 397      00004201 
 397      00005F5F 
 397      72616D37 
 397      5F636C65 
 398 0441 00000200 		.ascii	"\000\000\002\000\000\000\000\000\000\000\000\000E\001"
 398      00000000 
 398      00000000 
 398      4501
 399 044f 00005F5F 		.ascii	"\000\000__ram7_noinit__\000\000\002\000\000\000\000"
ARM GAS  C:\Users\srich\AppData\Local\Temp\ccB2CoIM.s 			page 31


 399      72616D37 
 399      5F6E6F69 
 399      6E69745F 
 399      5F000002 
 400 0467 00000000 		.ascii	"\000\000\000\000\000H\001\000\000"
 400      00480100 
 400      00
 401              		.text
 402              		.section	.gnu.lto_.opts,"",%progbits
 403 0000 272D666E 		.ascii	"'-fno-trapv' '-mcpu=cortex-m3' '-mno-thumb-interwor"
 403      6F2D7472 
 403      61707627 
 403      20272D6D 
 403      6370753D 
 404 0033 6B272027 		.ascii	"k' '-mthumb' '-ggdb' '-O2' '-fomit-frame-pointer' '"
 404      2D6D7468 
 404      756D6227 
 404      20272D67 
 404      67646227 
 405 0066 2D66616C 		.ascii	"-falign-functions=16' '-ffunction-sections' '-fdata"
 405      69676E2D 
 405      66756E63 
 405      74696F6E 
 405      733D3136 
 406 0099 2D736563 		.ascii	"-sections' '-fno-common' '-flto'\000"
 406      74696F6E 
 406      73272027 
 406      2D666E6F 
 406      2D636F6D 
 407              		.text
 408              		.comm	__gnu_lto_v1,1,1
 409              		.comm	__gnu_lto_slim,1,1
 410              		.ident	"GCC: (GNU Tools for ARM Embedded Processors) 4.9.3 20150529 (release) [ARM/embedded-4_9-br
ARM GAS  C:\Users\srich\AppData\Local\Temp\ccB2CoIM.s 			page 32


DEFINED SYMBOLS
                            *ABS*:00000000 crt1.c
                            *COM*:00000001 __gnu_lto_v1
                            *COM*:00000001 __gnu_lto_slim

NO UNDEFINED SYMBOLS
