ARM GAS  C:\Users\srich\AppData\Local\Temp\cc3uakmS.s 			page 1


   1              		.syntax unified
   2              		.cpu cortex-m3
   3              		.fpu softvfp
   4              		.eabi_attribute 20, 1
   5              		.eabi_attribute 21, 1
   6              		.eabi_attribute 23, 3
   7              		.eabi_attribute 24, 1
   8              		.eabi_attribute 25, 1
   9              		.eabi_attribute 26, 1
  10              		.eabi_attribute 30, 2
  11              		.eabi_attribute 34, 1
  12              		.eabi_attribute 18, 4
  13              		.thumb
  14              		.file	"hal.c"
  15              		.text
  16              	.Ltext0:
  17              		.section	.gnu.lto_.profile.b66e3e1c,"",%progbits
  18 0000 789C6366 		.ascii	"x\234cf```a\200\000F\006ON\000\001\017\000["
  18      60606061 
  18      80004606 
  18      4F4E0001 
  18      0F005B
  19              		.text
  20              		.section	.gnu.lto_.jmpfuncs.b66e3e1c,"",%progbits
  21 0000 789C6366 		.ascii	"x\234cf\300\0164\2404#L\200\221\351#\023\343\264\376"
  21      C00E34A0 
  21      34234C80 
  21      91E92313 
  21      E3B4FE
  22 0013 2B3B986B 		.ascii	"+;\230k\1777\314h\340\370\311\304\360\227\011$\276\234"
  22      7F37CC68 
  22      E0F8C9C4 
  22      F0970924 
  22      BE9C
  23 0025 B1164801 		.ascii	"\261\026H\001\000\302<\012\020"
  23      00C23C0A 
  23      10
  24              		.text
  25              		.section	.gnu.lto_.inline.b66e3e1c,"",%progbits
  26 0000 789C6366 		.ascii	"x\234cf\300\016,\2414#\003\003\367I \311\004d\263-\220"
  26      C00E2CA1 
  26      34230303 
  26      F74920C9 
  26      0464B32D 
  27 0015 67028B71 		.ascii	"g\002\213q\341 \230\270A\032\300L\006\000e\035\002,"
  27      E12098B8 
  27      411AC04C 
  27      0600651D 
  27      022C
  28              		.text
  29              		.section	.gnu.lto_.pureconst.b66e3e1c,"",%progbits
  30 0000 789C6366 		.ascii	"x\234cf```f\200\000F\006\011\000\000x\000 "
  30      60606066 
  30      80004606 
  30      09000078 
  30      0020
  31              		.text
ARM GAS  C:\Users\srich\AppData\Local\Temp\cc3uakmS.s 			page 2


  32              		.section	.gnu.lto_halInit.b66e3e1c,"",%progbits
  33 0000 789C75D1 		.ascii	"x\234u\321OK\002A\030\006\360\367\231\325\325\222 :"
  33      4F4B0241 
  33      1806F0F7 
  33      99D5D592 
  33      203A
  34 0012 855FC04B 		.ascii	"\205_\300K\270x\351\320\265[\247\240OPvP\010\204\254"
  34      B878E9D0 
  34      B55BA7A0 
  34      4F507650 
  34      0884AC
  35 0025 A3B89B1E 		.ascii	"\243\270\233\036:\245\204\310Rd\207\2104K\373s\361\022"
  35      3AA584C8 
  35      52648788 
  35      344BFB73 
  35      F112
  36 0037 EC2748C2 		.ascii	"\354'H\302\240\213\324\305\240\240C\342i)\261w\326\010"
  36      A08BD4C5 
  36      A0A043E2 
  36      6929B177 
  36      D608
  37 0049 21776199 		.ascii	"!wa\231\331y~\363\316\313\216B\377\237 \277\337 \012"
  37      D9797EF3 
  37      CECB8E42 
  37      FF9F20BF 
  37      DF200A
  38 005c F3088520 		.ascii	"\363\010\205 \362\367D\206_\000rB\240\264@\032\357\242"
  38      F2F74486 
  38      5F007242 
  38      A0B4401A 
  38      EFA2
  39 006e 2B90B7AA 		.ascii	"+\220\267\252f t\252\353\372\347N\323X\266`\013\242"
  39      662074AA 
  39      EBFAE74E 
  39      D358B660 
  39      0BA2
  40 0080 9E18D6C1 		.ascii	"\236\030\326\301\031B\304\250\233\355?\005\324,\243"
  40      1942C4A8 
  40      9BED3F05 
  40      D42CA3
  41 008f E9618632 		.ascii	"\351a\2062T\256O\365\031K\037\014N\212\037-\317\004"
  41      54AE4FF5 
  41      194B1F0C 
  41      4E8A1F2D 
  41      CF04
  42 00a1 51872379 		.ascii	"Q\207#y\300\253\020rT\332\310X\375)ie\221Rk\257&R_\372"
  42      C0AB1072 
  42      54DAC858 
  42      FD296965 
  42      91526BAF 
  43 00b9 AEEEB705 		.ascii	"\256\356\267\005z\202\367\243\202\024\331\254\333\310"
  43      7A82F7A3 
  43      8214D9AC 
  43      DBC8
  44 00c7 5AFBEA58 		.ascii	"Z\373\352X\251\3648'\234\263\344\250\230{l(\034\231"
  44      A9F43827 
  44      9CB3E4A8 
ARM GAS  C:\Users\srich\AppData\Local\Temp\cc3uakmS.s 			page 3


  44      987B6C28 
  44      1C99
  45 00d9 32F2F465 		.ascii	"2\362\364e/\274\372\322i>\370\337\004\2578\237\225\\"
  45      2FBCFAD2 
  45      693EF8DF 
  45      04AF389F 
  45      955C
  46 00eb A181231C 		.ascii	"\241\201#\034\032y\251\274\250\"\205\013\004\235\354"
  46      1A79A9BC 
  46      A822850B 
  46      049DEC
  47 00fa B8533603 		.ascii	"\270S6\003\\`\2261.Y9\207\242\206\224-T\222\035\233"
  47      5C609631 
  47      2E593987 
  47      A286942D 
  47      54921D9B 
  48 010e E3FBE08E 		.ascii	"\343\373\340\216\025\356\243\376\327q\306*\271J\356"
  48      15EEA3FE 
  48      D771C62A 
  48      B94AEE
  49 011d 035723B2 		.ascii	"\003W#\262\340s\223^\226\327#\362`\322M\252,oFd\303"
  49      E073935E 
  49      96D723F2 
  49      60D24DAA 
  49      2C6F4664 
  50 0132 55FA58DE 		.ascii	"U\372X\336\376\312g\030\326\335\222#I\336\020\344\315"
  50      FECA6718 
  50      D6DD9223 
  50      49DE10E4 
  50      CD
  51 0143 F06F9B8B 		.ascii	"\360o\233\213.h\213\261\370Z|ek{=\236\320\242r\236H"
  51      2E688BB1 
  51      F85A7C65 
  51      6B7B3D9E 
  51      D0A2729E 
  52 0158 46E6239A 		.ascii	"F\346#\232\226Hj\261\325\015-\271\031\225c8J?\301\207"
  52      96486AB1 
  52      D50D2DB9 
  52      19956338 
  52      4A3FC187 
  53 016c C21D     		.ascii	"\302\035"
  54              		.text
  55              		.section	.gnu.lto_.symbol_nodes.b66e3e1c,"",%progbits
  56 0000 789C4DC8 		.ascii	"x\234M\310\273\015\302@\024D\321;\273\376lH\307\343"
  56      BB0DC240 
  56      1444D13B 
  56      BBFE6C48 
  56      C7E3
  57 0012 8002A800 		.ascii	"\200\002\250\000\021\270\022\344\230\210?\004 \271\016"
  57      11B812E4 
  57      98883F04 
  57      20B90E
  58 0021 042C046F 		.ascii	"\004,\004o\222\243;\031\330\362_\332\313\260\332\201"
  58      92A33B19 
  58      D8F25FDA 
  58      CBB0DA81 
  59 0031 CD7A5368 		.ascii	"\315zShObat\227\365\373\031\206\202nr\212}\225s\354"
ARM GAS  C:\Users\srich\AppData\Local\Temp\cc3uakmS.s 			page 4


  59      4F626174 
  59      97F5FB19 
  59      86826E72 
  59      8A7D9573 
  60 0046 8BDCC43E 		.ascii	"\213\334\304>\313m\354\243\334\305>\310}\350La|\274"
  60      CB6DECA3 
  60      DCC53EC8 
  60      7DE84C61 
  60      7CBC
  61 0058 94E999AA 		.ascii	"\224\351\231\252\035s\265e\371\374\3320V3S51\177\344"
  61      1D73B565 
  61      F9FCDA30 
  61      56335335 
  61      317FE4
  62 006b 0D77F537 		.ascii	"\015w\3657n"
  62      6E
  63              		.text
  64              		.section	.gnu.lto_.refs.b66e3e1c,"",%progbits
  65 0000 789C6366 		.ascii	"x\234cf```c\200\000F\006&F&\006\000\000\261\000\020"
  65      60606063 
  65      80004606 
  65      26462606 
  65      0000B100 
  66              		.text
  67              		.section	.gnu.lto_.decls.b66e3e1c,"",%progbits
  68 0000 789CAD95 		.ascii	"x\234\255\225{LSW\034\307\357\351)--\025\214$j\214\233"
  68      7B4C5357 
  68      1CC7EFE9 
  68      292D2D15 
  68      8C246A8C 
  69 0015 1D46B22C 		.ascii	"\035F\262,JE\267%3K\246\342\262-Y\014\311\262\277\274"
  69      4A45B725 
  69      334BA6E2 
  69      B22D590C 
  69      C9B2BFBC 
  70 0029 492D6D91 		.ascii	"I-m\221&\245e\334\262\350\177w\342\003\037\013\017\207"
  70      26A565DC 
  70      B2E87F77 
  70      E2031F0B 
  70      0F87
  71 003b 932C6A09 		.ascii	"\223,j\011L\035\017\305\371\000\005\001\335\004d0\037"
  71      4C1D0FC5 
  71      F9000501 
  71      DD046430 
  71      1F
  72 004c E325202D 		.ascii	"\343% -\214\247hd\242k\361A\367;\347\364E\003\233&\273"
  72      8CA76864 
  72      A26BF141 
  72      F73BE7F4 
  72      45039B26 
  73 0061 C9EF9EF3 		.ascii	"\311\357\236\363\273\367\373\373\374~\347w\316m1\307"
  73      BBF7FBFB 
  73      FC7EE777 
  73      CE6D31C7 
  74 0071 7165601E 		.ascii	"qe`\036\270*\3039N\2059N\002~\"\030\002k\347\330\005"
  74      B82AC339 
  74      4E85394E 
ARM GAS  C:\Users\srich\AppData\Local\Temp\cc3uakmS.s 			page 5


  74      027E2218 
  74      026BE7D8 
  75 0086 AFB82EB0 		.ascii	"\257\270.\260n\260^\260>0'\330\000\3300\330\250W\177"
  75      6EB05EB0 
  75      3E3027D8 
  75      00D830D8 
  75      A8577F
  76 0099 9F9B7991 		.ascii	"\237\233y\221\030\271\2277\016\326\001\366\300\313m"
  76      18B99737 
  76      0ED601F6 
  76      C0CB6D
  77 00a8 031B0CE1 		.ascii	"\003\033\014\341\217zy\003^~\2377_\367\034\374\277$"
  77      8F7A7903 
  77      5E7E9F37 
  77      5FF71CFC 
  77      BF24
  78 00ba E8FB0ED7 		.ascii	"\350\373\016\3270\036\225\240H\245\023\023\337-\272"
  78      301E95A0 
  78      48A51313 
  78      DF2DBA
  79 00c9 9BC2C157 		.ascii	"\233\302\301W)?$n\321\221\3766\345\312\022Q\024\263"
  79      293F246E 
  79      D191FE36 
  79      E5CA1251 
  79      14B3
  80 00db C4FAF981 		.ascii	"\304\372\371\201\260\212\272\322}\012\032\266\225\270"
  80      B08ABAD2 
  80      7D0A1AB6 
  80      95B8
  81 00e9 AEDD13FB 		.ascii	"\256\335\023\373\2244JE\\Gm\365\260\014+\020\231_:\375"
  81      94344A45 
  81      5C476DF5 
  81      B00C2B10 
  81      995F3AFD 
  82 00fd A435822A 		.ascii	"\2445\202*\325\304\275\234\327tDF\225R\342\326\325\272"
  82      D5C4BD9C 
  82      D7744446 
  82      9552E2D6 
  82      D5BA
  83 010f 1B947829 		.ascii	"\033\224x)U\036\314r\336P\342\025t\376\315\211\352\203"
  83      551ECC72 
  83      DE50E215 
  83      74FECD89 
  83      EA83
  84 0121 7290BDA5 		.ascii	"r\220\275\245\244\351\034?L\025+\250KZ\035\005\217$"
  84      A4E91C3F 
  84      4C152BA8 
  84      4B5A1D05 
  84      8F24
  85 0133 4DC36251 		.ascii	"M\303bQ$\212U\026Cm\023\243y\015KEQ\212\316#%\252@\030"
  85      248A5516 
  85      436D13A3 
  85      790D4B45 
  85      518ACE23 
  86 014b FD845692 		.ascii	"\375\204V\222%\223hre\211\342N1'ST4Er\250\034-A\247"
  86      25936872 
  86      6589E24E 
ARM GAS  C:\Users\srich\AppData\Local\Temp\cc3uakmS.s 			page 6


  86      31275354 
  86      344572A8 
  87 0163 D1120E9D 		.ascii	"\321\022\016\235C\261\240\240Zt\026\036\376\014\017"
  87      43B1A0A0 
  87      5A74161E 
  87      FE0C0F
  88 0172 017CFD45 		.ascii	"\001|\375E\355\2560\244\214\235=\350\342,A\264\2043"
  88      EDAE30A4 
  88      8C9D3DE8 
  88      E22C41B4 
  88      8433
  89 0184 BBF31692 		.ascii	"\273\363\026\222\022.@\011g\002%@E\376\246\235\267\227"
  89      122E4009 
  89      67022540 
  89      45FEA69D 
  89      B797
  90 0196 35623C89 		.ascii	"5b<\211\350\012\237ff;d\330\305\234I\327\325\3620\374"
  90      E80A9F66 
  90      663B64D8 
  90      C59C49D7 
  90      D5F230FC 
  91 01aa 9C39C5F9 		.ascii	"\2349\305\371\207\313\302h\213\302\301\015\033\037\330"
  91      87CBC268 
  91      8BC2C10D 
  91      1B1FD8
  92 01b9 3BA84431 		.ascii	";\250D1\32111\261v(i\302\323\370\367\247y\231b\361b"
  92      D13131B1 
  92      762869C2 
  92      D3F8F7A7 
  92      799962F1 
  93 01ce 9AAA1252 		.ascii	"\232\252\022R\325\240\350@\201o/\201\254\357\300\215"
  93      D5A0E840 
  93      816F2F81 
  93      ACEFC08D 
  94 01de CB85B2C4 		.ascii	"\313\205\262\304\034Q\\o\343P\011\274.E\344\025\021"
  94      1C515C6F 
  94      E35009BC 
  94      2E45E415 
  94      11
  95 01ef 436DA80E 		.ascii	"Cm\250\016\026R\215bP-\330\025\024Ck$|{_\221\254i5e"
  95      16528D62 
  95      502DD815 
  95      14436B24 
  95      7C7B5F91 
  96 0207 5F0A655F 		.ascii	"_\012e_F~8\225\366\372\245U\263\226QN\364\264=\316\256"
  96      467E3895 
  96      F6FAA555 
  96      B396514E 
  96      F4B43DCE 
  97 021c 22998888 		.ascii	"\"\231\210\210\204\363v\306\177\226${\216\267\226JP"
  97      84F376C6 
  97      7F96247B 
  97      8EB7964A 
  97      50
  98 022d 6C34D539 		.ascii	"l4\3259\364\341\350*\200\312\002-$A\364\232mA\250\036"
  98      F4E1E82A 
  98      80CA022D 
ARM GAS  C:\Users\srich\AppData\Local\Temp\cc3uakmS.s 			page 7


  98      2441F49A 
  98      6D41A81E 
  99 0241 D6F16F6B 		.ascii	"\326\361ok\202\206\266\277l}\023_\223\320\346:_\346"
  99      8286B6BF 
  99      6C7D135F 
  99      93D0E63A 
  99      5FE6
 100 0253 9C0FC337 		.ascii	"\234\017\3037\230\363]s\356V|\213\315\013\\-\015Q\264"
 100      98F35D73 
 100      EE567C8B 
 100      CD0B5C2D 
 100      0D51B4
 101 0266 EB8B895B 		.ascii	"\353\213\211[V\226sX\216;%3\316\260\212\235\341\261"
 101      56967358 
 101      8E3B2533 
 101      CEB08A9D 
 101      E1B1
 102 0278 BAB19A08 		.ascii	"\272\261\232\010\334\307\3369\\\216kr\372n5\270\362"
 102      DCC7DE39 
 102      5C8E6B72 
 102      FA6E35B8 
 102      F2
 103 0289 6947F66E 		.ascii	"iG\366n\204`\263\340\212\015.\370$\024|\212\366\257"
 103      8460B3E0 
 103      8A0D2EF8 
 103      24147C8A 
 103      F6AF
 104 029b D95BED2D 		.ascii	"\331[\355-\250\366&T\372\033X\013X+\330\357\201\235"
 104      A8F62654 
 104      FA1B580B 
 104      582BD8EF 
 104      819D
 105 02ad 109D2F8A 		.ascii	"\020\235/\2126\213\320_\322\216_\240\035$\316\277l\266"
 105      368BD05F 
 105      D28E5FA0 
 105      1D24CEBF 
 105      6CB6
 106 02bf 15ACC144 		.ascii	"\025\254\301Dl\237^\356\225\376\032*\275>c\327D{\326"
 106      6C9F5EEE 
 106      95FE1A2A 
 106      BD3E63D7 
 106      447BD6
 107 02d2 0AAFB221 		.ascii	"\012\257\262!T\331\030\012=\340\2236\205Jo\204@\237"
 107      54D9180A 
 107      3DE09336 
 107      854A6F84 
 107      409F
 108 02e4 F9D25F0B 		.ascii	"\371\322_\013U\006\016$\335`7=\010\315\263\034\004T"
 108      55060E24 
 108      DD60373D 
 108      08CDB31C 
 108      0454
 109 02f6 F8A4AC52 		.ascii	"\370\244\254R\216\207h_%\236\336\333m\030E\317\332C"
 109      8E87685F 
 109      259EDEDB 
 109      6D1845CF 
 109      DA43
ARM GAS  C:\Users\srich\AppData\Local\Temp\cc3uakmS.s 			page 8


 110 0308 F407B4EE 		.ascii	"\364\007\264\356U\332H3\0365\206\243; \276\0358R\315"
 110      55DA4833 
 110      1E3586A3 
 110      3B20BE1D 
 110      3852CD
 111 031b BE230559 		.ascii	"\276#\005Yw\025\356\253UD{\323\330\347J\303\315\231"
 111      7715EEAB 
 111      55447BD3 
 111      D8E74AC3 
 111      CD99
 112 032d 83FCA89D 		.ascii	"\203\374\250\235\232\316B\252\375\201\037\014\324\026"
 112      9ACE42AA 
 112      FD811F0C 
 112      D416
 113 033b F42D70A8 		.ascii	"\364-p\250\035\251\210\222\214\240\256~>\320&]\224O"
 113      1DA98892 
 113      8CA0AE7E 
 113      3ED0265D 
 113      944F
 114 034d 13668AF3 		.ascii	"\023f\212\363\245(qa\220\266\003-\202\373\026)#\017"
 114      A5287161 
 114      90B6032D 
 114      82FB1629 
 114      230F
 115 035f D49F1C89 		.ascii	"\324\237\034\211\302\217\330Q;\235[pR\256>&\332+&\036"
 115      C28FD851 
 115      3B9D5B70 
 115      52AE3E26 
 115      DA2B261E 
 116 0373 1D38860B 		.ascii	"\0358\206\013D\373Nq\332\343A4\010u\372\227\307\221"
 116      44FB4E71 
 116      DAE34134 
 116      0875FA97 
 116      C791
 117 0385 39AD0D75 		.ascii	"9\255\015u!5\004\332+w=\226\342b\314\276\200\341\032"
 117      213504DA 
 117      2B773D96 
 117      E262CCBE 
 117      80E11A
 118 0398 37068A53 		.ascii	"7\006\212S\234\350i\035_\237\233\231S,:=\236e\214r7"
 118      9CE8691D 
 118      5F9F9B99 
 118      532C3A3D 
 118      9E658C72 
 119 03ad 8872D747 		.ascii	"\210r\327G\351\246\224\222\343\331\355r\334\315(%\207"
 119      E9A69492 
 119      E3D9ED72 
 119      DCCD2825 
 119      87
 120 03be 86262328 		.ascii	"\206&#(\245\242\345\314\011T \026\006\327\322\023D\351"
 120      A5A2E5CC 
 120      09542016 
 120      06D7D213 
 120      44E9
 121 03d0 F1517A29 		.ascii	"\361Qz)\245\246#\313)\307\223\2142\231\177wJ\301(\317"
 121      A5A623CB 
 121      29C7938C 
ARM GAS  C:\Users\srich\AppData\Local\Temp\cc3uakmS.s 			page 9


 121      32997F77 
 121      4AC128CF 
 122 03e4 6E9E9484 		.ascii	"n\236\224\204P\356\005Q\356\371(}\224\322Y5U\025\201"
 122      50EE0551 
 122      EEF9287D 
 122      94D25935 
 122      551581
 123 03f7 CBA5ECD3 		.ascii	"\313\245\354\323}\322\322\305VT\361\360\254;*\204\342"
 123      7DD2D2C5 
 123      5654F1F0 
 123      AC3B2A84 
 123      E2
 124 0408 08A2387C 		.ascii	"\010\2428|\024'\245\024\\\030(Gx\210Qz.\326}\253d\224"
 124      1427A514 
 124      5C182847 
 124      7888517A 
 124      2ED67DAB 
 125 041e 7BE7AA96 		.ascii	"{\347\252\226\205P\372\203(\375>\312\000\2454>u\377"
 125      8550FA83 
 125      28FD3ECA 
 125      00A5343E 
 125      75FF
 126 0430 A8944AD8 		.ascii	"\250\224J\330\376\222\235#\177\243c\256+as\356\361 "
 126      FE929D23 
 126      7FA363AE 
 126      2B6173EE 
 126      F120
 127 0442 DDE33F91 		.ascii	"\335\343?\221o\223OuV\313\361\3210Z\306\324\331\241"
 127      6F934F75 
 127      56CBF1D1 
 127      305AC6D4 
 127      D9A1
 128 0454 3DF35819 		.ascii	"=\363X\031\236\275\256\340\226@\024\032\012*c\310W\306"
 128      9EBDAEE0 
 128      9640141A 
 128      0A2A63C8 
 128      57C6
 129 0466 302D233B 		.ascii	"0-#;\347!\374\031\2242J\357\225\376\307Q\214\342\276"
 129      E721FC19 
 129      94324AEF 
 129      95FEC751 
 129      8CE2BE
 130 0479 50F546C8 		.ascii	"P\365F\310bF\202(#>\312(k\354\310\340q\214\2371\312"
 130      62468228 
 130      233ECA28 
 130      6BECC8E0 
 130      718C9F31 
 131 048e 9DFCCC3B 		.ascii	"\235\374\314;\252\345\205\342\2048\341\031\231\334x"
 131      AAE585E2 
 131      8438E119 
 131      99DC78
 132 049d 4884A302 		.ascii	"H\204\243\002\323\217\226\321\363=\306(A\277lc\214\205"
 132      D38F96D1 
 132      F33DC628 
 132      41BF6C63 
 132      8C85
 133 04af EEA3E510 		.ascii	"\356\243\345\020\335w\244~\277t\306WAr\007\2720\356"
ARM GAS  C:\Users\srich\AppData\Local\Temp\cc3uakmS.s 			page 10


 133      DD77A47E 
 133      BF74C657 
 133      417207BA 
 133      30EE
 134 04c1 FD2AC6E9 		.ascii	"\375*\306\351W1\\t\370v\370\014\365\340\014\365\003"
 134      57315C74 
 134      F876F80C 
 134      F5E00CF5 
 134      03
 135 04d2 AF9A8CB2 		.ascii	"\257\232\214\262O6\177\251N\340\026\010\266\324\265"
 135      4F367FA9 
 135      4EE01608 
 135      B6D4B5
 136 04e1 6BB4DBD2 		.ascii	"k\264\333\322LV\255`\264e\244im\341\031&\213\015\236"
 136      4C56AD60 
 136      B465A469 
 136      6DE11926 
 136      8B0D9E
 137 04f4 D9945AAD 		.ascii	"\331\224Z\255o\232\254_\307\353SLI&\301\226a0Yy\233"
 137      6F9AAC5F 
 137      C7EB534C 
 137      4926C196 
 137      61305979 
 138 0509 D56A16F8 		.ascii	"\325j\026\370m\226\0145\235\251u\351\251jcj\222\321"
 138      6D960C35 
 138      9DA975E9 
 138      A96A636A 
 138      92D1
 139 051b 60301AF8 		.ascii	"`0\032\370w\343>P\257Y\035\377\336Wkyx\276\312b\265"
 139      77E33E50 
 139      AF591DFF 
 139      DE576B79 
 139      78BECA62 
 140 0530 18571975 		.ascii	"\030W\031uI&\336d\321\2333\014F>U\007,\213\221\327\032"
 140      4926DE64 
 140      D19B330C 
 140      463E5507 
 140      2C8B91D7 
 141 0545 8CC9BA0C 		.ascii	"\214\311\272\014\263Mk\333\221f\024\342R\270-\377k\032"
 141      B34D6BDB 
 141      916614E2 
 141      52B82DFF 
 141      6B1A
 142 0557 6187C06B 		.ascii	"a\207\300k\005\233\001\326\000ll5\244c}\272\031,ecH"
 142      059B01D6 
 142      006C6C35 
 142      A4637DBA 
 142      192C6563 
 143 056c 1E3AB70A 		.ascii	"\036:\267\012\361\357\307\363V\201O\321\231\3714k\272"
 143      F1EFC7F3 
 143      56814FD1 
 143      99F9346B 
 143      BA
 144 057d 4DE06973 		.ascii	"M\340isx\263\331\300\223\006}\035\317\247\351\314Zp"
 144      78B3D9C0 
 144      93067D1D 
 144      CFA7E9CC 
ARM GAS  C:\Users\srich\AppData\Local\Temp\cc3uakmS.s 			page 11


 144      5A70
 145 058f 01274BDC 		.ascii	"\001'K\334\260Ig\323\311\0227\262!\201\015\233\330\360"
 145      B04967D3 
 145      C91237B2 
 145      21810D9B 
 145      D8F0
 146 05a1 31191489 		.ascii	"1\031\024\211\033>O\260Z\222M\333\344\200\374\314b\262"
 146      1B3E4FB0 
 146      5A924DDB 
 146      E480FCCC 
 146      62B2
 147 05b3 ADD4AFD3 		.ascii	"\255\324\257\323$\220\\_\320\274\232@^\215\306*h@\245"
 147      24905C5F 
 147      D0BC9A40 
 147      5E8DC62A 
 147      6840A5
 148 05c6 11D2F564 		.ascii	"\021\322\365d\214\323s2\301Fb\342\376\263V\377z\311"
 148      8CD37332 
 148      C14662E2 
 148      FEB356FF 
 148      7AC9
 149 05d8 32154956 		.ascii	"2\025IV]\272\201\004F\322\231\206\336I\301\002}\272"
 149      5DBA8104 
 149      46D29986 
 149      DE49C102 
 149      7DBA
 150 05ea E6D571C6 		.ascii	"\346\325q\306t\023\024\222\302\311\365:\013\011\325"
 150      74131492 
 150      C2C9F53A 
 150      0B09D5
 151 05f9 BC722804 		.ascii	"\274r(\004\2208\235A\377zq\020\000q\363\264\3366kM\020"
 151      90389D41 
 151      FF7A7110 
 151      0071F3B4 
 151      DE366B4D 
 152 060e AD4A0972 		.ascii	"\255J\011r6\274\326\306\321{r\374\366\355|\212\177\337"
 152      36BCD6C6 
 152      D17B72FC 
 152      F6ED7C8A 
 152      7FDF
 153 0620 1610B6EF 		.ascii	"\026\020\266\357\334\351\351\356\374\003\256\374\327"
 153      DCE9E9EE 
 153      FC03AEFC 
 153      D7
 154 062d BF       		.ascii	"\277"
 155              		.text
 156              		.section	.gnu.lto_.symtab.b66e3e1c,"",%progbits
 157 0000 68616C49 		.ascii	"halInit\000\000\000\000\000\000\000\000\000\000\000"
 157      6E697400 
 157      00000000 
 157      00000000 
 157      0000
 158 0012 00D80000 		.ascii	"\000\330\000\000\000pal_default_config\000\000\002\000"
 158      0070616C 
 158      5F646566 
 158      61756C74 
 158      5F636F6E 
ARM GAS  C:\Users\srich\AppData\Local\Temp\cc3uakmS.s 			page 12


 159 002d 00000000 		.ascii	"\000\000\000\000\000\000\000\000\352\000\000\000stI"
 159      00000000 
 159      EA000000 
 159      737449
 160 003c 6E697400 		.ascii	"nit\000\000\002\000\000\000\000\000\000\000\000\000"
 160      00020000 
 160      00000000 
 160      000000
 161 004b DA000000 		.ascii	"\332\000\000\000boardInit\000\000\002\000\000\000\000"
 161      626F6172 
 161      64496E69 
 161      74000002 
 161      00000000 
 162 005f 00000000 		.ascii	"\000\000\000\000\000\334\000\000\000sdInit\000\000\002"
 162      00DC0000 
 162      00736449 
 162      6E697400 
 162      0002
 163 0071 00000000 		.ascii	"\000\000\000\000\000\000\000\000\000\336\000\000\000"
 163      00000000 
 163      00DE0000 
 163      00
 164 007e 63616E49 		.ascii	"canInit\000\000\002\000\000\000\000\000\000\000\000"
 164      6E697400 
 164      00020000 
 164      00000000 
 164      0000
 165 0090 00E00000 		.ascii	"\000\340\000\000\000adcInit\000\000\002\000\000\000"
 165      00616463 
 165      496E6974 
 165      00000200 
 165      0000
 166 00a2 00000000 		.ascii	"\000\000\000\000\000\000\342\000\000\000_pal_lld_in"
 166      0000E200 
 166      00005F70 
 166      616C5F6C 
 166      6C645F69 
 167 00b7 69740000 		.ascii	"it\000\000\002\000\000\000\000\000\000\000\000\000\346"
 167      02000000 
 167      00000000 
 167      0000E6
 168 00c6 00000068 		.ascii	"\000\000\000hal_lld_init\000\000\002\000\000\000\000"
 168      616C5F6C 
 168      6C645F69 
 168      6E697400 
 168      00020000 
 169 00dc 00000000 		.ascii	"\000\000\000\000\000\350\000\000\000"
 169      00E80000 
 169      00
 170              		.text
 171              		.section	.gnu.lto_.opts,"",%progbits
 172 0000 272D666E 		.ascii	"'-fno-trapv' '-mcpu=cortex-m3' '-mno-thumb-interwor"
 172      6F2D7472 
 172      61707627 
 172      20272D6D 
 172      6370753D 
 173 0033 6B272027 		.ascii	"k' '-mthumb' '-ggdb' '-O2' '-fomit-frame-pointer' '"
ARM GAS  C:\Users\srich\AppData\Local\Temp\cc3uakmS.s 			page 13


 173      2D6D7468 
 173      756D6227 
 173      20272D67 
 173      67646227 
 174 0066 2D66616C 		.ascii	"-falign-functions=16' '-ffunction-sections' '-fdata"
 174      69676E2D 
 174      66756E63 
 174      74696F6E 
 174      733D3136 
 175 0099 2D736563 		.ascii	"-sections' '-fno-common' '-flto'\000"
 175      74696F6E 
 175      73272027 
 175      2D666E6F 
 175      2D636F6D 
 176              		.text
 177              		.comm	__gnu_lto_v1,1,1
 178              		.comm	__gnu_lto_slim,1,1
 179              		.ident	"GCC: (GNU Tools for ARM Embedded Processors) 4.9.3 20150529 (release) [ARM/embedded-4_9-br
ARM GAS  C:\Users\srich\AppData\Local\Temp\cc3uakmS.s 			page 14


DEFINED SYMBOLS
                            *ABS*:00000000 hal.c
                            *COM*:00000001 __gnu_lto_v1
                            *COM*:00000001 __gnu_lto_slim

NO UNDEFINED SYMBOLS
