ARM GAS  C:\Users\srich\AppData\Local\Temp\ccEHPuFW.s 			page 1


   1              		.syntax unified
   2              		.cpu cortex-m3
   3              		.fpu softvfp
   4              		.eabi_attribute 20, 1
   5              		.eabi_attribute 21, 1
   6              		.eabi_attribute 23, 3
   7              		.eabi_attribute 24, 1
   8              		.eabi_attribute 25, 1
   9              		.eabi_attribute 26, 1
  10              		.eabi_attribute 30, 2
  11              		.eabi_attribute 34, 1
  12              		.eabi_attribute 18, 4
  13              		.thumb
  14              		.file	"hal_lld.c"
  15              		.text
  16              	.Ltext0:
  17              		.section	.gnu.lto_.profile.b66e2744,"",%progbits
  18 0000 789C6366 		.ascii	"x\234cf```a\200\000F\0067k\000\001;\000\212"
  18      60606061 
  18      80004606 
  18      376B0001 
  18      3B008A
  19              		.text
  20              		.section	.gnu.lto_.jmpfuncs.b66e2744,"",%progbits
  21 0000 789C6366 		.ascii	"x\234cf\300\0168\2414\023\210`\004b\000\001S\000\020"
  21      C00E38A1 
  21      34138860 
  21      04620001 
  21      530010
  22              		.text
  23              		.section	.gnu.lto_.inline.b66e2744,"",%progbits
  24 0000 789C6366 		.ascii	"x\234cf\300\016\014\2404\023\003\203\2604#\003\223\334"
  24      C00E0CA0 
  24      34130383 
  24      B0342303 
  24      93DC
  25 0012 86578C0C 		.ascii	"\206W\214\014l\013\344\231@\202\214\\ \202A\347+#P&"
  25      6C0BE499 
  25      40828C5C 
  25      208241E7 
  25      2B235026 
  26 0026 68C50D59 		.ascii	"h\305\015Y\270\014\003\000\246\335\006\316"
  26      B80C0300 
  26      A6DD06CE 
  27              		.text
  28              		.section	.gnu.lto_.pureconst.b66e2744,"",%progbits
  29 0000 789C6366 		.ascii	"x\234cf```e\200\000&\006)F)\000\000\371\000@"
  29      60606065 
  29      80002606 
  29      29462900 
  29      00F90040 
  30              		.text
  31              		.section	.gnu.lto_hal_lld_init.b66e2744,"",%progbits
  32 0000 789C9D94 		.ascii	"x\234\235\224\317O\023A\024\307\347;\375\3016%J9\021"
  32      CF4F1341 
  32      14C7E73B 
  32      FDC13625 
ARM GAS  C:\Users\srich\AppData\Local\Temp\ccEHPuFW.s 			page 2


  32      4A3911
  33 0013 FC033895 		.ascii	"\374\0038\225\015\230x\360d\224x0\361\204w\243p\240"
  33      0D9878F0 
  33      64947830 
  33      F18477A3 
  33      70A0
  34 0025 4993128B 		.ascii	"I\223\022\213\011\027\302\026\320p\221T=hD\214&\"b\205"
  34      0917C216 
  34      D0709154 
  34      3D68448C 
  34      26226285 
  35 0039 AA68B1FC 		.ascii	"\252h\261\374\220\212\345W!\030DCb\214\032K\023\365"
  35      908AE557 
  35      21184443 
  35      628C1A4B 
  35      13F5
  36 004b 64AD89A9 		.ascii	"d\255\211\251\306\324y3\255\033\360\264\335\244o\267"
  36      C6D47933 
  36      AD1BF0B4 
  36      DDA46FB7 
  37 005b 3BB39FF7 		.ascii	";\263\237\367yov\326\306\376?j\305\257\336\301X\223"
  37      796F76D6 
  37      C6FE3F6A 
  37      C5AFDEC1 
  37      5893
  38 006d 38C3C6C0 		.ascii	"8\303\306\300\303\353\214\2054\016\320\005\003\353\346"
  38      C3EB8C85 
  38      340ED005 
  38      03EBE6
  39 007c E8C6179E 		.ascii	"\350\306\027\236\345\010'\"W\335u\303\206a|\3734Ws\256"
  39      E5082722 
  39      57DD75C3 
  39      86617CFB 
  39      345773AE 
  40 0090 26CF19CB 		.ascii	"&\317\031\313q\205\301\010\352\230\230\223\355\373\263"
  40      7185C108 
  40      EA989893 
  40      EDFBB3
  41 009f E576F689 		.ascii	"\345v\366\2119Uj\014w\341\2048G\253\023F\241\220\276"
  41      39556A0C 
  41      77E18438 
  41      47AB1346 
  41      A190BE
  42 00b2 3EF3C65E 		.ascii	">\363\306^\315Y\236\303AA\243\340\242\340\246PI\241"
  42      CD599EC3 
  42      4141A3E0 
  42      A2E0A650 
  42      49A1
  43 00c4 8A828702 		.ascii	"\212\202\207\002c\333\002A\036\031\316\351l{\213\371"
  43      63DB0241 
  43      1E19CEE9 
  43      6C7B8BF9 
  44 00d4 5836D948 		.ascii	"X6\331H\320\237\234\234R\313\303q\327g\236\347\334\270"
  44      D09F9C9C 
  44      52CBC371 
  44      D7679EE7 
  44      DCB8
ARM GAS  C:\Users\srich\AppData\Local\Temp\ccEHPuFW.s 			page 3


  45 00e6 D96FD849 		.ascii	"\331o\330I\341\303\366\313\015M\336b\364\267\347\316"
  45      E1C3F6CB 
  45      0D4DDE62 
  45      F4B7E7CE 
  46 00f6 AD296D08 		.ascii	"\255)m\010\203\310s\033FQ\213{\250\225\003\351_\327"
  46      83C8731B 
  46      46518B7B 
  46      A89503E9 
  46      5FD7
  47 0108 326E6FC4 		.ascii	"2no\304\350\013iynG\004C\370.\253\301}x\231\310\324"
  47      E80B6979 
  47      6E470443 
  47      F82EABC1 
  47      7D7899C8 
  48 011d 4E692C10 		.ascii	"Ni,\020\306L\3028\274d2\230\277-\345P\020\307^\206\250"
  48      C64CC238 
  48      BC643298 
  48      BF2DE550 
  48      10C75E86 
  49 0132 78D01218 		.ascii	"x\320\022\030\304}`r\037*n\251B\273\270\365H1c\027\027"
  49      C47D6072 
  49      1F2A6EA9 
  49      42BBB8F5 
  49      48316317 
  50 0147 B86A8BC3 		.ascii	"\270j\213\303\202\362\204D\323\372\340qyE?1\0111x\313"
  50      82F28444 
  50      D3FAE071 
  50      79453F31 
  50      093178CB 
  51 015b AC70D284 		.ascii	"\254p\322\204<\025\220RI\033\213\305\2224\013Bq\311"
  51      3C159052 
  51      491B8BC5 
  51      92340B42 
  51      71C9
  52 016d 92AFDE94 		.ascii	"\222\257\336\224,\251\367\207SQ\\\012\264\322\223\316"
  52      2CA9F787 
  52      53515C0A 
  52      B4D293CE 
  53 017d B8E5AA88 		.ascii	"\270\345\252\210\267\324\000\303\264Jw\011\026K\237"
  53      B7D400C3 
  53      B44A7709 
  53      164B9F
  54 018c 3133CDC2 		.ascii	"13\315\302+\370j\035\226\212\322n\013\250g&jn\247t\245"
  54      2BF86A1D 
  54      968AD26E 
  54      0BA86726 
  54      6A6EA774 
  55 01a1 02BDBE30 		.ascii	"\002\275\27609\215\222\364!\206D\231\316\317\315D\363"
  55      398D92F4 
  55      21864499 
  55      CECFCD44 
  55      F3
  56 01b2 E45C299D 		.ascii	"\344\\)\235\2633\373v\354\335\304D\012r\347\346\304"
  56      B333FB76 
  56      ECDDC444 
  56      0A72E7E6 
  56      C4
ARM GAS  C:\Users\srich\AppData\Local\Temp\ccEHPuFW.s 			page 4


  57 01c3 A2ECDAD5 		.ascii	"\242\354\332\325x\001\247x:IrUb\254\367\325f\023\211"
  57      7801A778 
  57      3A497255 
  57      62ACF7D5 
  57      661389
  58 01d6 398C8FA1 		.ascii	"9\214\217\241]\033\320!\015\306\276\216\\\331#\324B"
  58      5D1BD021 
  58      0DC6BE8E 
  58      5CD923D4 
  58      42
  59 01e7 61432838 		.ascii	"aC(8\261 \354\026\213v\227Wg\007*L\273%igS9\260\\\354"
  59      B120EC16 
  59      8B769757 
  59      67072A4C 
  59      BB256967 
  60 0200 C4F9F549 		.ascii	"\304\371\365I\233\312\347Q)\247\327F\243\\5\2033\254"
  60      9BCAE751 
  60      29A7D746 
  60      A35C3583 
  60      33AC
  61 0212 FC6B4552 		.ascii	"\374kER\266\302B\276\324\216|\253\324\020\017{\207\336"
  61      B6C242BE 
  61      D48E7CAB 
  61      D4100F7B 
  61      87DE
  62 0224 443C251B 		.ascii	"D<%\033K\217\334\330\034\030\347]\277\215~\242U\344"
  62      4B8FDCD8 
  62      1C18E75D 
  62      BF8D7EA2 
  62      55E4
  63 0236 A8775843 		.ascii	"\250wXC\227\370>i\354=B\211\255cr&\243\217\025\350#"
  63      97F83E69 
  63      EC3D4289 
  63      AD637226 
  63      A38F15E8 
  64 024b 25261C6E 		.ascii	"%&\034n9\250\037i\363\235\3665w\234m\365\005\364\026"
  64      39A81F69 
  64      F39DF635 
  64      779C6DF5 
  64      05F416
  65 025e BA0E041B 		.ascii	"\272\016\004\033\0164\350z \250\267\235\362\353\355"
  65      0E34E87A 
  65      20A8B79D 
  65      F2EBED
  66 026d 81331D41 		.ascii	"\2013\035A\275\371\304\361\375\215*\036m\350\354\244"
  66      BDF9C4F1 
  66      FD8D2A1E 
  66      6DE8ECA4 
  67 027d 91937E7F 		.ascii	"\221\223~\177k}\013\373\013\302\262\325\005"
  67      6B7D0BFB 
  67      0BC2B2D5 
  67      05
  68              		.text
  69              		.section	.gnu.lto_stm32_clock_init.b66e2744,"",%progbits
  70 0000 789C9D56 		.ascii	"x\234\235V]L\233U\030>\357\371~\372\265\337\327\322"
  70      5D4C9B55 
  70      183EEFF9 
ARM GAS  C:\Users\srich\AppData\Local\Temp\ccEHPuFW.s 			page 5


  70      7EFAB5DF 
  70      D7D2
  71 0012 42466019 		.ascii	"BF`\031\031^\355\012\0334\361\302\273\252\361\316x1"
  71      195EED0A 
  71      1B34F1C2 
  71      BBAAF1CE 
  71      7831
  72 0024 EF8DB298 		.ascii	"\357\215\262\230\221\220`\204%\273\333\327\321\021\227"
  72      91906084 
  72      25BBDBD7 
  72      D11197
  73 0033 70B16C71 		.ascii	"p\261lqq3\020M\0047\331\\\251\212\262\371S\247Rd\033"
  73      7133104D 
  73      0437D95C 
  73      A98AB2F9 
  73      53A75264 
  74 0048 083819E8 		.ascii	"\0108\031\350\330Oi\302&.-\233a5!x\336sN{\240KL\333"
  74      D84F69C2 
  74      262E2D9B 
  74      61352178 
  74      DE734E7B 
  75 0060 263CE7EB 		.ascii	"&<\347\353y\017\317\373\236\347}\316\371\252\221'?\253"
  75      790FCFFB 
  75      9EE77DCE 
  75      F9AA9127 
  75      3FAB
  76 0072 ECCFF512 		.ascii	"\354\317\365\022\362\022\033\241\226\000=6EH\324\242"
  76      F2121BA1 
  76      96003D36 
  76      4548D4A2 
  77 0082 A089078D 		.ascii	"\240\211\007\215\206\372Rl\211O\217y\210\353\204\304"
  77      86FA526C 
  77      894F8F79 
  77      88EB84C4 
  78 0092 7C440743 		.ascii	"|D\007C\304\015\032\024q\223\307\203b>b\202G\304=\264"
  78      C40D1A14 
  78      7193C783 
  78      623E6282 
  78      47C43DB4 
  79 00a6 46C42D1E 		.ascii	"F\304-\036\257\021\363\021\013\274\"\356\245\001\021"
  79      AF11F311 
  79      0BBC22EE 
  79      A50111
  80 00b5 F7F17840 		.ascii	"\367\361x@\314G|`\213\270M\375\"\356\360\270_\314G\034"
  80      CC477C60 
  80      8BB84DFD 
  80      22EEF0B8 
  80      5FCC471C 
  81 00c9 001C0990 		.ascii	"\000\034\011\220CT\013\351F\320\364\324X\336\200\317"
  81      43540BE9 
  81      46D0F4D4 
  81      58DE80CF 
  82 00d9 F63B70C8 		.ascii	"\366;p\310\324\304\336\0141x\304\340\025\203-\206{4"
  82      D4C4DE0C 
  82      3178C4E0 
  82      15832D86 
  82      7B34
ARM GAS  C:\Users\srich\AppData\Local\Temp\ccEHPuFW.s 			page 6


  83 00eb 47E15872 		.ascii	"G\341Xr\370}{\317\240\353\272\331\304B\303\221\206<"
  83      F87D7BCF 
  83      A0EBBAD9 
  83      C442C391 
  83      863C
  84 00fd 25E42115 		.ascii	"%\344!\025\013\340\023\330C\330\232\\lc\3366clMP\304"
  84      0BE013D8 
  84      43D89A5C 
  84      6C63DE36 
  84      636C4D50 
  85 0112 E00C98C0 		.ascii	"\340\014\230\300\306\013\265Iws3=p5\257?EI\236)\206"
  85      C60BB549 
  85      7773333D 
  85      7035AF3F 
  85      45499E29 
  86 0127 60209808 		.ascii	"` \230\010\036\004\013\301Fp\020\374\010\001\204 B\010"
  86      1E040BC1 
  86      467010FC 
  86      08018420 
  86      4208
  87 0139 A116A10E 		.ascii	"\241\026\241\016a\007B=B\003B#\302.\204&\204\335\010"
  87      6107423D 
  87      42034223 
  87      C22E8426 
  87      84DD08
  88 014c CD08842C 		.ascii	"\315\010\204,\263B\230\036\031J\331\240-\302\345\321"
  88      B342981E 
  88      194AD9A0 
  88      2DC2E5D1 
  89 015c 91D58486 		.ascii	"\221\325\204\206\225\255S\334\330\344\304\340\230w\205"
  89      95AD53DC 
  89      D8E4C4E0 
  89      987785
  90 016b E629753F 		.ascii	"\346)u?|\327\325q\037\267\226\247g,>E\360\353\341\241"
  90      7CD7D571 
  90      1FB796A7 
  90      672C3E45 
  90      F0EBE1A1 
  91 017f 8F2E5AFD 		.ascii	"\217.Z\375\360\001\344\251\006ga'|\012;y \375\357\351"
  91      F001E4A9 
  91      06676127 
  91      7C0A3B79 
  91      20FDEFE9 
  92 0193 8CDD32EC 		.ascii	"\214\3352\354\306\242V\236\3520\014\375\260\306%\201"
  92      C6A2569E 
  92      EA300CFD 
  92      B0C62581 
  93 01a3 73D04216 		.ascii	"s\320B\026\241\347\221)\362h\"U\252\177%\241#/\000\201"
  93      A1E79129 
  93      F2682255 
  93      AA7F25A1 
  93      232F0081 
  94 01b7 F38C8455 		.ascii	"\363\214\204Us\034pI\005Y>SY.@\013\343fO\031\206\254"
  94      731C7049 
  94      05593E53 
  94      592E400B 
  94      E3664F19 
ARM GAS  C:\Users\srich\AppData\Local\Temp\ccEHPuFW.s 			page 7


  95 01cd C77C77B9 		.ascii	"\307|w\271\3255\271;\243,V@\322\270\"\035\021\245?\356"
  95      D535B93B 
  95      A32C5640 
  95      D2B8221D 
  95      11A53FEE 
  96 01e1 5DA68246 		.ascii	"]\246\202F2\235\236\317<\322x\361\224@\202\261\\\207"
  96      329D9ECF 
  96      3CD278F1 
  96      944082B1 
  96      5C87
  97 01f3 D88D9EB7 		.ascii	"\330\215\236\267\344\032\266 :t\251\317\303\0270\226"
  97      E41AB620 
  97      3A74A9CF 
  97      C3173096 
  98 0203 CF310D41 		.ascii	"\3171\015A\365C\204\231\0222T/\310\237\373\273 \277"
  98      F5438499 
  98      1232542F 
  98      C89FFBBB 
  98      20BF
  99 0215 A7826D7F 		.ascii	"\247\202m\177\241*\374RV(\305\265\004Qb#~\302\346\351"
  99      A12AFC52 
  99      5628C5B5 
  99      04516223 
  99      7EC2E6E9 
 100 0229 F34CDDD1 		.ascii	"\363L\335\321*\325\375J\245\371\032\325\265\220%\033"
 100      2AD5FD4A 
 100      A5F91AD5 
 100      B590251B 
 101 0239 7F30AB95 		.ascii	"\1770\253\225\020E]7i\376\277\250c\234\013\375\017\027"
 101      10455D37 
 101      69FEBFA8 
 101      639C0BFD 
 101      0F17
 102 024b A165ABAF 		.ascii	"\241e\253\257t6u\211+\224\241\206\352\334\203\273R\030"
 102      74367589 
 102      2B94A186 
 102      EADC83BB 
 102      5218
 103 025d BBFCCE7D 		.ascii	"\273\374\316}\243\222|[\350\334\252\354\234#\230\326"
 103      A3927C5B 
 103      E8DCAAEC 
 103      9C2398D6 
 104 026d 8F648FFA 		.ascii	"\217d\217\372\2702\016\201\357D\347\026\012\235s\266"
 104      B8320E81 
 104      EF44E716 
 104      0A9D73B6 
 105 027d B42A285B 		.ascii	"\264*([e\026O\312z\241U\376\0124\374^i\230\334~\016"
 105      65164FCA 
 105      7AA155FE 
 105      0A34FC5E 
 105      6998DC7E 
 106 0292 0282E8E4 		.ascii	"\002\202\350\344?g\316\232\274 \227\0358\370\241\312"
 106      3F67CE9A 
 106      BC20971D 
 106      38F8A1CA 
 107 02a2 5E5D5679 		.ascii	"^]Vy~\304^\005\270\236\036\245\347z\341$\004\313\327"
 107      7EC45E05 
ARM GAS  C:\Users\srich\AppData\Local\Temp\ccEHPuFW.s 			page 8


 107      B89E1EA5 
 107      E77AE124 
 107      04CBD7
 108 02b5 F32745FA 		.ascii	"\363'E\372s\351I\010\011\246\201\307\347\017\353\262"
 108      73E94908 
 108      09A681C7 
 108      E70FEBB2 
 109 02c5 7C8BC078 		.ascii	"|\213\300x\311Y\010mQ\264F*j\025\025\035\237\2235\325"
 109      C959086D 
 109      51B4462A 
 109      6A15151D 
 109      9F9335D5 
 110 02d9 56B0D394 		.ascii	"V\260\323\224j\362\304vE\353\004\321`\374\376\220#K"
 110      6AF2C476 
 110      45EB04D1 
 110      60FCFE90 
 110      234B
 111 02eb EA26F04B 		.ascii	"\352&\360K\225\212N\252<WP\321:d\031\235\031\227%\357"
 111      958A4EAA 
 111      3C5750D1 
 111      3A64199D 
 111      199725EF 
 112 02ff A880EAAA 		.ascii	"\250\200\352\252\322\361\332\366\222\353\005\321\361"
 112      D2F1DAF6 
 112      92EB05D1 
 112      F1
 113 030c B1853E9F 		.ascii	"\261\205>\237,\031e\234\252\262\346i\225\350W\254\271"
 113      2C19659C 
 113      AAB2E669 
 113      95E857AC 
 113      B9
 114 031d 9EBBC05B 		.ascii	"\236\273\300[t\301H\352\241,\277\241|\027\314(\322\331"
 114      74C148EA 
 114      A12CBFA1 
 114      7C17CC28 
 114      D2D9
 115 032f 5217340A 		.ascii	"R\0274\012\246\336\351\225{Z\241\376 \201\271\022\033"
 115      A6DEE995 
 115      7B5AA1FE 
 115      2081B912 
 115      1B
 116 0340 346EB141 		.ascii	"4n\261A@\332\300'm\220\215O\315Uq\241\374\246\332s\235"
 116      40DAC027 
 116      6D908D4F 
 116      CD5571A1 
 116      FCA6DA73 
 117 0355 5F284B9B 		.ascii	"_(K\233\003\011^\203\356N\034 \360\273\2200\033\237"
 117      03095E83 
 117      EE4E1C20 
 117      F0BB9030 
 117      1B9F
 118 0367 4F17D837 		.ascii	"O\027\3307\216\216\367r\257\032n\262\364\355f\360\024"
 118      8E8EF772 
 118      AF1A6EB2 
 118      F4ED66F0 
 118      14
 119 0378 A9D9BF46 		.ascii	"\251\331\277F\0022?{\253\2330\317\362\337\220\371\327"
ARM GAS  C:\Users\srich\AppData\Local\Temp\ccEHPuFW.s 			page 9


 119      02323F7B 
 119      AB9B30CF 
 119      F2DF90F9 
 119      D7
 120 0389 7A121B50 		.ascii	"z\022\033P\314\277\300\363\363\027\373\"\317?\231\276"
 120      CCBFC0F3 
 120      F317FB22 
 120      CF3F99BE 
 121 0399 720A787E 		.ascii	"r\012x~\366s\350\017\221}4w\263`\361]\025\264\361O\265"
 121      F673E80F 
 121      917D3477 
 121      B360F15D 
 121      15B4F14F 
 122 03ae B79BDBFD 		.ascii	"\267\233\333\375\322\304\210\370\013\247\032w,)\332"
 122      D2C488F8 
 122      0BA71A77 
 122      2C29DA
 123 03bd 5BE88E26 		.ascii	"[\350\216&\356\016[\271c)-\213\335]\276;n+\322;\245"
 123      EE0E5BB9 
 123      63292D8B 
 123      DD5DBE3B 
 123      6E2BD23B 
 124 03d2 776E3363 		.ascii	"wn3cz\342\222mf\024\037\277w\362\234\301\375\302\314"
 124      7AE2926D 
 124      66141FBF 
 124      77F29CC1 
 124      FDC2CC
 125 03e5 7EB7680D 		.ascii	"~\267h\015\277\264\206\203\326X\202h\362\324\253\370"
 125      BFB48683 
 125      D6588268 
 125      F2D4ABF8 
 126 03f5 3F22086C 		.ascii	"?\"\010l\222\311\375B\333\363\341\027\367\267\277\331"
 126      92C9FD42 
 126      DBF3E117 
 126      F7B7BFD9 
 127 0405 BEB7FBC0 		.ascii	"\276\267\373\300\276\366\316p\033>wv\265>\327\032\016"
 127      BEF6CE70 
 127      1B3E7776 
 127      B53ED71A 
 127      0E
 128 0416 777685F7 		.ascii	"wv\205\367\277\321\021~\273\363\235\356\256\360\336"
 128      BFD1117E 
 128      BBF39DEE 
 128      AEF0DE
 129 0425 D75E79F6 		.ascii	"\327^y\366\031\201/\267\036<\210\221\327;:\366=\335"
 129      19812FB7 
 129      1E3C8891 
 129      D73B3AF6 
 129      3DDD
 130 0437 46FE03E5 		.ascii	"F\376\003\345\273Y\306"
 130      BB59C6
 131              		.text
 132              		.section	.gnu.lto_.symbol_nodes.b66e2744,"",%progbits
 133 0000 789C6366 		.ascii	"x\234cf``pa\200\002\246k\214\365\014\014\023\31610\324"
 133      60607061 
 133      8002A66B 
 133      8CF50C0C 
ARM GAS  C:\Users\srich\AppData\Local\Temp\ccEHPuFW.s 			page 10


 133      13CE3130 
 134 0015 D733CC5B 		.ascii	"\3273\314[\300\301\300t\235\261\236\021Y\200\365\012"
 134      C0C1C074 
 134      9DB19E11 
 134      5980F50A 
 135 0025 23C342A6 		.ascii	"#\303B\246z\006\306\033\214\365L\020\011\206\206\006"
 135      7A06C61B 
 135      8CF54C10 
 135      09868606 
 136 0035 0E066620 		.ascii	"\016\006f l\351z#\317\000\000\2364\022\231"
 136      6CE97A23 
 136      CF00009E 
 136      341299
 137              		.text
 138              		.section	.gnu.lto_.refs.b66e2744,"",%progbits
 139 0000 789C6366 		.ascii	"x\234cf```d\200\002\000\000=\000\005"
 139      60606064 
 139      80020000 
 139      3D0005
 140              		.text
 141              		.section	.gnu.lto_.decls.b66e2744,"",%progbits
 142 0000 789CAD55 		.ascii	"x\234\255U}LSW\024\357}\267\224R\012\230\220m\306\177"
 142      7D4C5357 
 142      14EF7DB7 
 142      94520A98 
 142      906DC67F 
 143 0014 64B89065 		.ascii	"d\270\220e\331@d[\262\3753\241\342t\356\203\024\267"
 143      D940645B 
 143      B2FD33A1 
 143      E274EE83 
 143      14B7
 144 0026 C5D8A429 		.ascii	"\305\330\244)m\235\235\224:[\026\374\357i\035\212q\242"
 144      6D9D9D94 
 144      3A5B16FC 
 144      EF691D8A 
 144      71A2
 145 0038 A81BB8A9 		.ascii	"\250\033\270\251Ua0\371rn\350\374\030T6\031\002\242"
 145      556130F9 
 145      726EE8FC 
 145      18543619 
 145      02A2
 146 004a 201B7E8B 		.ascii	" \033~\213\005\251( ST\212Hw\356\275\355{P:\263,{\311"
 146      05A92820 
 146      53548A48 
 146      77EEBDED 
 146      7B503AB3 
 147 0061 69EF79F7 		.ascii	"i\357y\367w~\347\334s\3569\017K$\222.\020/<_\205K$\273"
 147      777EE7DC 
 147      73EE390F 
 147      4B24922E 
 147      102F3C5F 
 148 0079 38890483 		.ascii	"8\211\004\203\236&\021\037\242W\200T\201\034\004A '"
 148      9E26111F 
 148      A2578054 
 148      811C0441 
 148      2027
 149 008b 24931FB2 		.ascii	"$\223\037\262\037\346\263{\036\344*\310\025\020'H/H"
ARM GAS  C:\Users\srich\AppData\Local\Temp\ccEHPuFW.s 			page 11


 149      1FE6B37B 
 149      1EE42AC8 
 149      15102748 
 149      2F48
 150 009d 0F881BE4 		.ascii	"\017\210\033\344{\020)\310\037 \035 \027|\376\375>\372"
 150      7B1029C8 
 150      1F201D20 
 150      177CFEFD 
 150      3EFA
 151 00af 7C3E021F 		.ascii	"|>\002\037\342;\364\037\3709\304\202\"\034\347@\332"
 151      E23BF41F 
 151      F839C482 
 151      221CE740 
 151      DA
 152 00c0 40467D71 		.ascii	"@F}qV\005\341\372\213CG\253\206\317\204\337\342P\244"
 152      5605E1FA 
 152      8B4347AB 
 152      86CF84DF 
 152      E250A4
 153 00d3 2286A8C7 		.ascii	"\"\206\250\307\012\032\013e\240*\025R\242\036\177\354"
 153      0A1A0B65 
 153      A02A1552 
 153      A21E7FEC 
 154 00e3 EA903EB7 		.ascii	"\352\220>\267\203\207g\213\235\237&Ei\317\242R4\003"
 154      8387678B 
 154      9D9F2645 
 154      69CFA252 
 154      3403
 155 00f5 95A119C0 		.ascii	"\225\241\031\300\372=z\016~\227J\031S\376\226\201#\010"
 155      FA3D7A0E 
 155      7E974A19 
 155      53FE9681 
 155      2308
 156 0107 4308B0DE 		.ascii	"C\010\260\336_x\243C\361\362\0010\333\300;G\220\350"
 156      5F78A343 
 156      F1F20130 
 156      DBC03B47 
 156      90E8
 157 0119 AEB364D3 		.ascii	"\256\263d\323\032e\314n\336qp\250jl=.\342\035k\371q"
 157      1A65CC6E 
 157      DE7170A8 
 157      6A6C3D2E 
 157      E21D6BF9 
 158 012e AF175132 		.ascii	"\257\027Q2t\000aT\216^&X\262\246F\250\002\305\200ai"
 158      74006154 
 158      8E5E2658 
 158      B2A646A8 
 158      02C58061 
 159 0143 E99F9521 		.ascii	"\351\237\225!x\011e\277\347\274~\011S\022Gs\211\254"
 159      780965BF 
 159      E7BC7E09 
 159      53124773 
 159      89AC
 160 0155 91777ABD 		.ascii	"\221wz\275oQ\373\312\011\366\225~\373*j\357n{\322\035"
 160      6F51FBCA 
 160      09F6957E 
 160      FB2A6AEF 
ARM GAS  C:\Users\srich\AppData\Local\Temp\ccEHPuFW.s 			page 12


 160      6E7BD21D 
 161 0169 893FA5F6 		.ascii	"\211?\245\366-\2717\317*\300\276\213\037\272m\277\243"
 161      2DB937CF 
 161      2AC0BE8B 
 161      1FBA6DBF 
 161      A3
 162 017a DA6ADF52 		.ascii	"\332j\337R\314wy\2753Y\020\325\023H\252\375$\007)I]"
 162      CC7779BD 
 162      335910D5 
 162      1348AAFD 
 162      24072949 
 163 018f ED488302 		.ascii	"\355H\203\002\037F\224e\323\206\256\323\012\\\307\224"
 163      1F469465 
 163      D386AED3 
 163      0A5CC794 
 164 019f 35DF1DDF 		.ascii	"5\337\035\337\024\012y{^A\217y\375\033Oq\030U\311u\212"
 164      140A797B 
 164      5E418F79 
 164      FD1B4F71 
 164      1855C975 
 165 01b4 82575C63 		.ascii	"\202W\\c/\277?\022\305)\212!)C;K]\013\354\374\\t\030"
 165      2FBF3F12 
 165      C5298A21 
 165      29433B4B 
 165      5D0BECFC 
 166 01cb 29D021C1 		.ascii	")\320!\301\037\265&\317\006\236_K\022\036\326\030)\021"
 166      1FB526CF 
 166      069E5F4B 
 166      121ED618 
 166      2911
 167 01dd F28D6A50 		.ascii	"\362\215jP\034 (\026\375\010/\177\202\227@|j\254v]\010"
 167      1C202816 
 167      FD082F7F 
 167      8297407C 
 167      6AAC765D 
 168 01f2 52C40537 		.ascii	"R\304\0057\3729\210\021\015\241/\257\340Y\236\227\242"
 168      FA398811 
 168      0DA12FAF 
 168      E0599E97 
 168      A2
 169 0203 2310C20F 		.ascii	"#\020\302\017b\010\020\221P\254\233\375\345\355\012"
 169      62081091 
 169      50AC9BFD 
 169      E5ED0A
 170 0212 FC25A627 		.ascii	"\374%\246'l\030>\236'\233\271\013\357\342\345t\263\265"
 170      6C183E9E 
 170      279BB90B 
 170      EFE2E574 
 170      B3B5
 171 0224 26EF6814 		.ascii	"&\357h\024\034\021\354\371\337\016\304\322\272<([\257"
 171      1C11ECF9 
 171      DF0EC4D2 
 171      BA3C285B 
 171      AF
 172 0235 98B59777 		.ascii	"\230\265\227w\354\033\252\332m\242\265\345Ii\250\217"
 172      EC1BAADA 
 172      6DA2B5E5 
ARM GAS  C:\Users\srich\AppData\Local\Temp\ccEHPuFW.s 			page 13


 172      4969A88F 
 173 0245 A3CCC784 		.ascii	"\243\314\307\204\353C\336\034C\220\365\343$\320\023"
 173      EB43DE1C 
 173      4390F5E3 
 173      24D013
 174 0254 6816508C 		.ascii	"h\026P\214~q>\227\243\327\321\311\021\3122WkA\004\275"
 174      7E713E97 
 174      A3D7D1C9 
 174      11CA3257 
 174      6B4104BD 
 175 0268 8F2F1275 		.ascii	"\217/\022ugkg^\010\376\221E4P_\234\243\200S\333\377"
 175      676B675E 
 175      08FE9145 
 175      34505F9C 
 175      A38053DB 
 176 027d DDA9C162 		.ascii	"\335\251\301b\355\271\376\356(\\\307\314\371|\367:\214"
 176      EDB9FEEE 
 176      285CC7CC 
 176      F97CF73A 
 176      8C
 177 028e EB999257 		.ascii	"\353\231\222W`w\313\361\357L)\336\361UE\010u*'\352\371"
 177      6077CBF1 
 177      EF4C29DE 
 177      F1554508 
 177      752A27EA 
 178 02a3 B22D1BE4 		.ascii	"\262-\033\344\270\231\355yZ\3355\030w0\245\3315r_I\201"
 178      B899ED79 
 178      5ADD3518 
 178      7730A5D9 
 178      35725F49 
 179 02b8 D3885A93 		.ascii	"\323\210Z\223\357\336#\305W\331\336\251\316\334>\031"
 179      EFDE23C5 
 179      57D9DEA9 
 179      CEDC3E19 
 180 02c8 EE614AD1 		.ascii	"\356aJ\321\243\226\206(\012\234N\324\213\245\353\267"
 180      A3968628 
 180      0A9C4ED4 
 180      8BA5EBB7 
 181 02d8 C9713FDB 		.ascii	"\311q?\333\333Z\262=\227\303\303L\361\267\243\222\265"
 181      DB5AB23D 
 181      97C3C34C 
 181      F1B7A392 
 181      B5
 182 02e9 635D43EB 		.ascii	"c]C\353\2760\354\241{\312\374\255\303\016\204\242c\375"
 182      BE30ECA1 
 182      7BCAFCAD 
 182      C30E84A2 
 182      63FD
 183 02fb 4F5CEC56 		.ascii	"O\\\354V\332\230<?\327&A\277\3001ki^\317\242h\232\351"
 183      DA983C3F 
 183      D72641BF 
 183      C0316B69 
 183      5ECFA268 
 184 0311 8B908473 		.ascii	"\213\220\204s(\026\265\201t\202t\200\374\001\322\016"
 184      2816B581 
 184      74827480 
 184      FC01D20E 
ARM GAS  C:\Users\srich\AppData\Local\Temp\ccEHPuFW.s 			page 14


 185 0321 7209E402 		.ascii	"r\011\344\002\310\237 \347Q,\255\270\203_g\037zr\367"
 185      C89F20E7 
 185      512CADB8 
 185      835F671F 
 185      7A72F7
 186 0334 D8A2023B 		.ascii	"\330\242\002;_<\0359\241h'\241D\204NH\354\213\304\301"
 186      5F3C1D39 
 186      A16827A1 
 186      44844E48 
 186      EC8BC4C1 
 187 0348 4B337C68 		.ascii	"K3|hG\177\245\254q6E\326\007E\226\"\001:\"@\033\003"
 187      477FA5AC 
 187      713645D6 
 187      07459622 
 187      013A2240 
 188 035e A1BFA300 		.ascii	"\241\277\243\000\354\230\200m\015\304\236\011\304\016"
 188      EC98806D 
 188      0DC49E09 
 188      C40E
 189 036c 0AD85381 		.ascii	"\012\330S\201\330\337\002\261w\005lC\360\030\304\223"
 189      D8DF02B1 
 189      77056C43 
 189      F018C493 
 190 037c 3D16A02D 		.ascii	"=\026\240-\301C\020\241\003\002\364\327\340\021\210"
 190      C14310A1 
 190      0302F4D7 
 190      E01188
 191 038b D05101DA 		.ascii	"\320Q\001\332\034\010m\232\020,i\320\256\276J\031\217"
 191      1C086D9A 
 191      102C69D0 
 191      AEBE4A19 
 191      8F
 192 039c 0846E21F 		.ascii	"\010F\342\037G\022\241L]\236\312&%\357\243:\035\234"
 192      4712A14C 
 192      5D9ECA26 
 192      25EFA33A 
 192      1D9C
 193 03ae 8A7A85F9 		.ascii	"\212z\205\371\340j=\342\205\301\023MI\275f9\272\002"
 193      E06A3DE2 
 193      85C1134D 
 193      49BD6639 
 193      BA02
 194 03c0 D83AB1E3 		.ascii	"\330:\261\343\211\007\372\004\273M\3502\\\242\377z\241"
 194      8907FA04 
 194      BB4DE832 
 194      5CA2FF7A 
 194      A1
 195 03d1 E002DFDF 		.ascii	"\340\002\337\337\333;*Wn\024G\023\365.\316\200\253H"
 195      DB3B2A57 
 195      6E144713 
 195      F52ECE80 
 195      AB48
 196 03e3 49E72BFC 		.ascii	"I\347+\374\003\372\320\376\222\303a\264\373\347\022"
 196      03FAD0FE 
 196      92C361B4 
 196      FBE712
 197 03f2 E3FE5F8B 		.ascii	"\343\376_\213<\030;\245\344\366K\275ck\332\303Qllt\034"
ARM GAS  C:\Users\srich\AppData\Local\Temp\ccEHPuFW.s 			page 15


 197      3C183BA5 
 197      E4F64BBD 
 197      636BDAC3 
 197      516C6C74 
 198 0407 4DC0C509 		.ascii	"M\300\305\011\011 \267\324\365\224[zi\322u\232\212d"
 198      0920B7D4 
 198      F5945B7A 
 198      69D2759A 
 198      8A64
 199 0419 4967C777 		.ascii	"Ig\307w\320\343_\203}V;\227\357\354\335p\366.8\333\015"
 199      D0E35F83 
 199      7D563B97 
 199      EFECDD70 
 199      F62E38DB 
 200 042e DFD96836 		.ascii	"\337\331h6\317\322\022\271\246\224\010\262\336\273\323"
 200      CFD212B9 
 200      A69408B2 
 200      DEBBD3
 201 043d B35981A2 		.ascii	"\263Y\201\242\343\202\261\242\233@\366T\342\313P\246"
 201      E382B1A2 
 201      9B40F654 
 201      E2CB50A6 
 202 044d 1E005C17 		.ascii	"\036\000\\\027\313\344\362\227\011\022\323}\262\275"
 202      CBE4F297 
 202      0912D37D 
 202      B2BD
 203 045b 423629AB 		.ascii	"B6)\253=\223\262\332\353\313j/\315\352\265B\347F\351"
 203      3D93B2DA 
 203      EBCB6A2F 
 203      CDEAB542 
 203      E746E9
 204 046e 2434F9CC 		.ascii	"$4\371\314\211h\267\017\355\246\350=\207\232\356Hq\213"
 204      8968B70F 
 204      EDA6E83D 
 204      879AEE48 
 204      718B
 205 0480 947DD6C6 		.ascii	"\224}\326\306\277\266G\300\227\322\011\237\353+\331"
 205      BFB647C0 
 205      97D2099F 
 205      EB2BD9
 206 048f C2D79AA3 		.ascii	"\302\327\232\243\014\267&|(o\371?\224}\364C\331p\246"
 206      0CB7267C 
 206      286FF93F 
 206      947DF443 
 206      D970A6
 207 04a2 AD07D142 		.ascii	"\255\007\321B:\350\030\337\333\335\324\314\306\332\013"
 207      3AE818DF 
 207      DBDDD4CC 
 207      C6DA0B
 208 04b1 740E3BBF 		.ascii	"t\016;\277x\310a7\363qks\241=\002?`J}\343\266\352p\354"
 208      78C86137 
 208      F3716B73 
 208      A13D023F 
 208      604A7DE3 
 209 04c9 61CAC5A6 		.ascii	"a\312\305\246\333\2452<\316\224\357\266?\312\213\302"
 209      DBA5323C 
 209      CE94EFB6 
ARM GAS  C:\Users\srich\AppData\Local\Temp\ccEHPuFW.s 			page 16


 209      3FCA8BC2 
 210 04d9 B92154E9 		.ascii	"\271!T\351\372\266U\207\363\330z\260vp<\014ob\312X\201"
 210      FAB65587 
 210      F3D87AB0 
 210      76703C0C 
 210      6F62CA58 
 211 04ee A793C33B 		.ascii	"\247\223\303;\230Rs\372\022/\307ET\011\037+\031\204"
 211      985273FA 
 211      122FC745 
 211      54091F2B 
 211      1984
 212 0500 D7C2E88C 		.ascii	"\327\302\350\214\215f\343\256\372\366;\342\270\033\204"
 212      8D66E3AE 
 212      FAF63BE2 
 212      B81B84
 213 050f 13799F36 		.ascii	"\023y\2376\304*\313\3757\351\257@\350\224!V.`\207\002"
 213      C42ACBFD 
 213      37E9AF40 
 213      E8942156 
 213      2E608702 
 214 0523 B15306D3 		.ascii	"\261S\006\323\317\002v8\020\0338m\016\010\320\273\301"
 214      CF027638 
 214      101B386D 
 214      0E08D0BB 
 214      C1
 215 0534 69456899 		.ascii	"iEh\231\000\035\010z0\021Y- \357\007\"\247\314\245\335"
 215      001D087A 
 215      3011592D 
 215      20EF0722 
 215      A7CCA5DD 
 216 0548 E5E4D27B 		.ascii	"\345\344\322{\203\317\245\212\362\311m\031$E\242\327"
 216      83CFA58A 
 216      F2C96D19 
 216      2445A2D7 
 217 0558 2AC1EBBD 		.ascii	"*\301\353\275\340^_\022\373\222\215\245\333\260\177"
 217      E05E5F12 
 217      FB928DA5 
 217      DBB07F
 218 0567 876E797D 		.ascii	"\207ny}\3553\006\3553\012\355\363\000\304\003\362\010"
 218      ED3306ED 
 218      330AEDF3 
 218      00C403F2 
 218      08
 219 0578 E409C843 		.ascii	"\344\011\310C\220q\220\307 #\302<\342\276\336\230\017"
 219      907190C7 
 219      2023C23C 
 219      E2BEDE98 
 219      0F
 220 0589 D7D0DF96 		.ascii	"\327\320\337\226\223I\321\032.\356?\361\322\264\034"
 220      9349D11A 
 220      2EEE3FF1 
 220      D2B41C
 221 0598 5D21473C 		.ascii	"]!G<\027\215\372\305\226\365Nh\331\201\356\366\332\360"
 221      178DFAC5 
 221      96F54E68 
 221      D981EEF6 
 221      DAF0
ARM GAS  C:\Users\srich\AppData\Local\Temp\ccEHPuFW.s 			page 17


 222 05aa 494D48C0 		.ascii	"IMH\300b\023\256\345X\023\222\177\345r]\24663\323\240"
 222      6213AEE5 
 222      5813927F 
 222      E5725DA6 
 222      3633D3A0 
 223 05be 3565996C 		.ascii	"5e\231l\262\267\337\3770F%I\321\277\231\240Zn\3120\245"
 223      B2B7DFFF 
 223      30462549 
 223      D1BF99A0 
 223      5A6ECA30 
 224 05d3 DBB20D26 		.ascii	"\333\262\015&K\202\236\254-\326\304\327\023\023\022"
 224      4B829EAC 
 224      2DD6C4D7 
 224      131312
 225 05e2 2CD604B0 		.ascii	",\326\004\260HXiYe\263&\244/~/i\016\373\235\237\230"
 225      48586959 
 225      65B326A4 
 225      2F7E2F69 
 225      0EFB9D9F 
 226 05f7 9393E0E3 		.ascii	"\223\223\340\343\212\327K\246Ym\346\2449Z}\246E\277"
 226      8AD74BA6 
 226      596DE6A4 
 226      395A7DA6 
 226      45BF
 227 0609 8252871A 		.ascii	"\202R\207\032\314\272\205\360\257\322\277\251\241|V"
 227      CCBA85F0 
 227      AFD2BFA9 
 227      A17C56
 228 0618 CAAD11B9 		.ascii	"\312\255\021\2715\026\253\006\0104\224ZC\3555@\246\001"
 228      3516AB06 
 228      0834945A 
 228      43ED3540 
 228      A601
 229 062a C3CF1399 		.ascii	"\303\317\023\231\256\205u\374r\211<\333\224e\003\315"
 229      AE8575FC 
 229      72893CDB 
 229      946503CD 
 230 063a A6D06AFD 		.ascii	"\246\320j\375\313e\001\2746\213%\323\252\371$+;\206"
 230      CB6501BC 
 230      368B25D3 
 230      AAF9242B 
 230      3B86
 231 064c AE6274AB 		.ascii	"\256bt\253\3141Fs\206\321`0\0324\257\306\277\0213gv"
 231      CC314673 
 231      86D16030 
 231      1A34AFC6 
 231      BF113367 
 232 0661 E26B9F25 		.ascii	"\342k\237%i\340\375+Y\226,\343+F]\206Ic\312\322gf\033"
 232      69E0FD2B 
 232      59962CE3 
 232      2B465D86 
 232      4963CAD2 
 233 0678 8C1AB30E 		.ascii	"\214\032\263\016\270\262\214\032\255\301\270L\227\235"
 233      B8B28C1A 
 233      ADC1B84C 
 233      979D
 234 0686 69D3DA56 		.ascii	"i\323\332V\2574Z\301\365\322\377\325\215u\265U\243\265"
ARM GAS  C:\Users\srich\AppData\Local\Temp\ccEHPuFW.s 			page 18


 234      AF345AC1 
 234      F5D2FFD5 
 234      8D75B555 
 234      A3B5
 235 0698 DA0C7006 		.ascii	"\332\014p\006\340\216J_m\265\031\315*\313*\243\212\344"
 235      E08E4A5F 
 235      6DB519CD 
 235      2ACB2AA3 
 235      8AE4
 236 06aa ED997883 		.ascii	"\355\231x\203\316\246\213\017x\033\256V\251\264\213"
 236      CEA68B0F 
 236      781BAE56 
 236      A9B48B
 237 06b9 219C79C6 		.ascii	"!\234y\306e\234J-U\315\177[\215U\013\325\362\344\264"
 237      659C4A2D 
 237      55CD7F5B 
 237      8D550BD5 
 237      F2E4B4
 238 06cc 9439EAF4 		.ascii	"\2249\352\364\305t\221H\026\262\344\005)\251\357\253"
 238      C5749148 
 238      16B2E405 
 238      29A9EFAB 
 239 06dc 43C986EF 		.ascii	"C\311\206\357?\021\376\245)\363T`\221\256Nyj)\21496"
 239      3F11FEA5 
 239      29F35460 
 239      91AE4E79 
 239      6A298C39 
 240 06f1 8DDE6C35 		.ascii	"\215\336l5\221R\260\354/\203\022\373W\263\223r2 \344"
 240      9152B0EC 
 240      2F8312FB 
 240      57B39372 
 240      3220E4
 241 0704 F0B48FD5 		.ascii	"\360\264\217\325\376`f\370oR\206N\277\"{\245\326`1\353"
 241      FE6066F8 
 241      6F52864E 
 241      BF227BA5 
 241      D66031EB 
 242 0718 4C59B4F8 		.ascii	"LY\264\370\021\363\337MN_\340\007\342d\010{Q\352\022"
 242      11F3DF4D 
 242      4E5FE007 
 242      E264087B 
 242      51EA12
 243 072b 75E80769 		.ascii	"u\350\007i\213\311?\227\256\346\222\325rujz\252\372"
 243      8BC93F97 
 243      AEE692D5 
 243      72756A7A 
 243      AAFA
 244 073d A3D479F8 		.ascii	"\243\324y\370\203\024\265\364cu\232\372oD\370Y\221"
 244      8314B5F4 
 244      63759AFA 
 244      6F44F859 
 244      91
 245              		.text
 246              		.section	.gnu.lto_.symtab.b66e2744,"",%progbits
 247 0000 68616C5F 		.ascii	"hal_lld_init\000\000\000\000\000\000\000\000\000\000"
 247      6C6C645F 
 247      696E6974 
ARM GAS  C:\Users\srich\AppData\Local\Temp\ccEHPuFW.s 			page 19


 247      00000000 
 247      00000000 
 248 0016 0000AC00 		.ascii	"\000\000\254\000\000\000stm32_clock_init\000\000\000"
 248      00007374 
 248      6D33325F 
 248      636C6F63 
 248      6B5F696E 
 249 002f 00000000 		.ascii	"\000\000\000\000\000\000\000\000\000\256\000\000\000"
 249      00000000 
 249      00AE0000 
 249      00
 250 003c 53797374 		.ascii	"SystemCoreClock\000\000\000\000\000\000\000\000\000"
 250      656D436F 
 250      7265436C 
 250      6F636B00 
 250      00000000 
 251 0054 000000BC 		.ascii	"\000\000\000\274\000\000\000dmaInit\000\000\002\000"
 251      00000064 
 251      6D61496E 
 251      69740000 
 251      0200
 252 0066 00000000 		.ascii	"\000\000\000\000\000\000\000\000\260\000\000\000"
 252      00000000 
 252      B0000000 
 253              		.text
 254              		.section	.gnu.lto_.opts,"",%progbits
 255 0000 272D666E 		.ascii	"'-fno-trapv' '-mcpu=cortex-m3' '-mno-thumb-interwor"
 255      6F2D7472 
 255      61707627 
 255      20272D6D 
 255      6370753D 
 256 0033 6B272027 		.ascii	"k' '-mthumb' '-ggdb' '-O2' '-fomit-frame-pointer' '"
 256      2D6D7468 
 256      756D6227 
 256      20272D67 
 256      67646227 
 257 0066 2D66616C 		.ascii	"-falign-functions=16' '-ffunction-sections' '-fdata"
 257      69676E2D 
 257      66756E63 
 257      74696F6E 
 257      733D3136 
 258 0099 2D736563 		.ascii	"-sections' '-fno-common' '-flto'\000"
 258      74696F6E 
 258      73272027 
 258      2D666E6F 
 258      2D636F6D 
 259              		.text
 260              		.comm	__gnu_lto_v1,1,1
 261              		.comm	__gnu_lto_slim,1,1
 262              		.ident	"GCC: (GNU Tools for ARM Embedded Processors) 4.9.3 20150529 (release) [ARM/embedded-4_9-br
ARM GAS  C:\Users\srich\AppData\Local\Temp\ccEHPuFW.s 			page 20


DEFINED SYMBOLS
                            *ABS*:00000000 hal_lld.c
                            *COM*:00000001 __gnu_lto_v1
                            *COM*:00000001 __gnu_lto_slim

NO UNDEFINED SYMBOLS
