ARM GAS  C:\Users\srich\AppData\Local\Temp\cc14OfZC.s 			page 1


   1              		.syntax unified
   2              		.cpu cortex-m3
   3              		.fpu softvfp
   4              		.eabi_attribute 20, 1
   5              		.eabi_attribute 21, 1
   6              		.eabi_attribute 23, 3
   7              		.eabi_attribute 24, 1
   8              		.eabi_attribute 25, 1
   9              		.eabi_attribute 26, 1
  10              		.eabi_attribute 30, 2
  11              		.eabi_attribute 34, 1
  12              		.eabi_attribute 18, 4
  13              		.thumb
  14              		.file	"main.c"
  15              		.text
  16              	.Ltext0:
  17              		.section	.gnu.lto_.profile.b6b41eca,"",%progbits
  18 0000 789C6366 		.ascii	"x\234cf```a\200\000F\206D\001\000\001F\000z"
  18      60606061 
  18      80004686 
  18      44010001 
  18      46007A
  19              		.text
  20              		.section	.gnu.lto_.jmpfuncs.b6b41eca,"",%progbits
  21 0000 789C6366 		.ascii	"x\234cf\300\016\034\2404#\0103}db\374<\373\363^\376"
  21      C00E1CA0 
  21      34230833 
  21      7D6462FC 
  21      3CFBF35E 
  22 0015 174C3F99 		.ascii	"\027L?\231\030&030.g\224\202I\254?\277\3607D\342\004"
  22      18263033 
  22      302E6794 
  22      8249AC3F 
  22      BFF03744 
  23 002b 2303E30A 		.ascii	"#\003\343\012\220\004#\023\204\006\002\000Z\232\020"
  23      90042313 
  23      84060200 
  23      5A9A10
  24 003a 1D       		.ascii	"\035"
  25              		.text
  26              		.section	.gnu.lto_.inline.b6b41eca,"",%progbits
  27 0000 789C6366 		.ascii	"x\234cf\300\016\\\2414#\003\203P\203 #\003\023\307\001"
  27      C00E5CA1 
  27      34230383 
  27      50832023 
  27      0313C701 
  28 0014 3B061606 		.ascii	";\006\026\006&\220\030\0237#P\234\221\013(\307\310\005"
  28      26901813 
  28      3723509C 
  28      910B28C7 
  28      C805
  29 0026 E63380F9 		.ascii	"\3463\200\371\250L\004\301\000\000\211\335\002j"
  29      A84C04C1 
  29      000089DD 
  29      026A
  30              		.text
  31              		.section	.gnu.lto_.pureconst.b6b41eca,"",%progbits
ARM GAS  C:\Users\srich\AppData\Local\Temp\cc14OfZC.s 			page 2


  32 0000 789C6366 		.ascii	"x\234cf```f\200\000F\006S\000\000\225\000="
  32      60606066 
  32      80004606 
  32      53000095 
  32      003D
  33              		.text
  34              		.section	.gnu.lto_main.b6b41eca,"",%progbits
  35 0000 789C9553 		.ascii	"x\234\225S\317O\023Q\020\236\357\275\355\262P\033\011"
  35      CF4F1351 
  35      109EEFBD 
  35      EDB2501B 
  35      09
  36 0011 89979EB8 		.ascii	"\211\227\236\270q*=q\327\377\300\177\301p\362\240\007"
  36      712A3D71 
  36      D7FFC07F 
  36      C170F2A0 
  36      07
  37 0022 39139F61 		.ascii	"9\023\237a\017\352A\032\242\011I)\011!\015(\322bU\344"
  37      0FEA411A 
  37      A2094929 
  37      09210D28 
  37      D26255E4 
  38 0036 A7AC3D71 		.ascii	"\247\254=qQP\016\032c\342\245$p+\256\227\245\020\234"
  38      51500E1A 
  38      63E2A524 
  38      702BAE97 
  38      A5109C
  39 0049 795BA189 		.ascii	"y[\241\211\224\310&\273\357\315\3167\337\274\371f\236"
  39      94C826BB 
  39      EFCDCE37 
  39      DFBCF966 
  39      9E
  40 005a A67F9F01 		.ascii	"\246\177\237\001~\3475Q\212W$\010*\367\211\350\201\247"
  40      7EE73551 
  40      8A572408 
  40      2AF789E8 
  40      81A7
  41 006c A0E38D86 		.ascii	"\240\343\215\206\023o\234\370\317\015\320}\245\035\360"
  41      136F9CF8 
  41      CF0DD07D 
  41      A51DF0
  42 007b 2726D857 		.ascii	"'&\330W\007\012\313\245\337\037\223{*R\324Kl\256\214"
  42      070ACBA5 
  42      DF1F937B 
  42      2A52D44B 
  42      6CAE8C
  43 008e 6D8EBB62 		.ascii	"m\216\273b\302\021\263Q\254\357\273}EcL\275:\263{3p"
  43      C211B351 
  43      ACEFBB7D 
  43      45634CBD 
  43      3AB37B33 
  44 00a3 22A52854 		.ascii	"\"\245(T\204\031\2441\213\264\244~\216>\201\036\370"
  44      8419A431 
  44      8BB4A47E 
  44      8E3E811E 
  44      F8
  45 00b4 C75F93AE 		.ascii	"\307_\223\256\317\320nA\260\343\005\\\360Z\356\011\314"
ARM GAS  C:\Users\srich\AppData\Local\Temp\cc14OfZC.s 			page 3


  45      CFD06E41 
  45      B0E3055C 
  45      F05AEE09 
  45      CC
  46 00c5 C9C9F4D3 		.ascii	"\311\311\364\323\243l7Q\215=\240]f\201\376\201\221 "
  46      A36C3751 
  46      8D3DA05D 
  46      6681FE81 
  46      9120
  47 00d7 9F1298C4 		.ascii	"\237\022\230\304O\356<)\251\341\206yh\274H\351Pq(\346"
  47      4FEE3C29 
  47      A9E18679 
  47      68BC48E9 
  47      507128E6 
  48 00eb 304C9172 		.ascii	"0L\221rH\220\023h\207\024\312\227-\310\205\266H.\034"
  48      48901368 
  48      8714CA97 
  48      2DC885B6 
  48      482E1C
  49 00fe F3A7483F 		.ascii	"\363\247H?\250\234\217L\204\354'\224\030\311\256\362"
  49      A89C8F4C 
  49      84EC2794 
  49      18C9AEF2 
  50 010e D654E3AA 		.ascii	"\326T\343\252H\342n\202PF:R\0356\317\322\371\321^\250"
  50      48E26E82 
  50      50463A52 
  50      1D36CFD2 
  50      F9D15EA8 
  51 0122 121CBD60 		.ascii	"\022\034\275`\363t\322wT\353\333\375\202d`}\364\270"
  51      F374D277 
  51      54EBDBFD 
  51      8264607D 
  51      F4B8
  52 0134 DC255C5D 		.ascii	"\334%\\]f\3347V\342\237\265\255\317\236\375Eb\232\221"
  52      66DC3756 
  52      E29FB5AD 
  52      CF9EFD45 
  52      629A91
  53 0147 C223B780 		.ascii	"\302#\267\200<\"\225\304+V\271\"*\263cco\365\261\227"
  53      3C2295C4 
  53      2B56B922 
  53      2AB36363 
  53      6FF5B197 
  54 015b 99333E7B 		.ascii	"\2313>{\256\3405\012\370%*\023\336 \323\332\307T/\341"
  54      AEE0350A 
  54      F8252A13 
  54      DE20D3DA 
  54      C7542FE1 
  55 016f 2DC748DE 		.ascii	"-\307H\336\\\266\231\367?Y\027\317X\337Y\326gk\023c"
  55      5CB699F7 
  55      3F5917CF 
  55      58DF59D6 
  55      676B1363 
  56 0183 9D96D570 		.ascii	"\235\226\325p\355KM\332\355K\322.\237\321\256X\332\312"
  56      ED4B4DDA 
  56      ED4BD22E 
  56      9FD1AE58 
ARM GAS  C:\Users\srich\AppData\Local\Temp\cc14OfZC.s 			page 4


  56      DACA
  57 0195 747131A6 		.ascii	"tq1\246\275NX\345\030i\306\227\013\233\261\306r\376"
  57      BD4E58E5 
  57      1869C697 
  57      0B9BB1C6 
  57      72FE
  58 01a7 15DF9636 		.ascii	"\025\337\2266p\2713\254\3333\310<\342=2V!\351\341\267"
  58      70B933AC 
  58      DB33C83C 
  58      E23D3256 
  58      21E9E1B7 
  59 01bb B63D7419 		.ascii	"\266=t\031\271\321\354!\361\304j\342Kdg6\272\326n\276"
  59      B9D1EC21 
  59      F1C46AE2 
  59      4B646736 
  59      BAD66EBE 
  60 01cf 3A382668 		.ascii	":8&h\231\257\303\013K\372\020\317W\230\017\327\343\371"
  60      99AFC30B 
  60      4BFA10CF 
  60      57980FD7 
  60      E3F9
  61 01e1 CA694235 		.ascii	"\312iB5.Qn\212#\031Q\263\207&J\016\335\033\314\336\271"
  61      2E516E8A 
  61      231951B3 
  61      87264A0E 
  61      DD1BCCDE 
  62 01f6 75FB6EFF 		.ascii	"u\373n\377 \375\001\201>Iz"
  62      20FD0181 
  62      3E497A
  63              		.text
  64              		.section	.gnu.lto_.symbol_nodes.b6b41eca,"",%progbits
  65 0000 789C4DCB 		.ascii	"x\234M\313\273\021\3020\020E\321\373,\177(\200\234\032"
  65      BB11C230 
  65      1045D1FB 
  65      2C7F2880 
  65      9C1A
  66 0012 A9601D78 		.ascii	"\251`\035x \245\002\206@U\020\223B\304\327$xF!50`\231"
  66      20A50286 
  66      40551093 
  66      42C4D724 
  66      78462135 
  67 0029 6095DC3D 		.ascii	"`\225\334=\273\243\000\034\371\277\342,\203\315\011"
  67      BBA3001C 
  67      F9BFE22C 
  67      83CD09
  68 0038 CCD8EEE6 		.ascii	"\314\330\356\346\350.\323\264\240mg\350)+\274{Y\360"
  68      E82ED3B4 
  68      A06D67E8 
  68      292BBC7B 
  68      59F0
  69 004a 7EC84AEF 		.ascii	"~\310J\357\233\254\362\276\312j\357\213\254q\0164\304"
  69      9BACF2BE 
  69      CA6AEF8B 
  69      AC710E34 
  69      C4
  70 005b D747819A 		.ascii	"\327G\201\232CnE\312\025\3350\266$\016\223\343\352\275"
  70      436E45CA 
ARM GAS  C:\Users\srich\AppData\Local\Temp\cc14OfZC.s 			page 5


  70      15DD30B6 
  70      240E93E3 
  70      EABD
  71 006d 08BF1F29 		.ascii	"\010\277\037)\267\240[\247\3752\037\306\201/S\372;\253"
  71      B7A05BA7 
  71      FD321FC6 
  71      812F53FA 
  71      3BAB
  72              		.text
  73              		.section	.gnu.lto_.refs.b6b41eca,"",%progbits
  74 0000 789C6366 		.ascii	"x\234cf```d\200\002\000\000=\000\005"
  74      60606064 
  74      80020000 
  74      3D0005
  75              		.text
  76              		.section	.gnu.lto_.decls.b6b41eca,"",%progbits
  77 0000 789CAD55 		.ascii	"x\234\255U}LSW\024\177\267\267 }\324bf\324\305\230X"
  77      7D4C5357 
  77      147FB7B7 
  77      207DD462 
  77      66D4C598 
  78 0015 FC839845 		.ascii	"\374\203\230E\005DM\266\177\266\201\211\323\231i\212"
  78      05444DB6 
  78      7FB68189 
  78      D399698A 
  79 0025 FBCB264D 		.ascii	"\373\313&Mi\037k3\332:\372H\360\277\207\350D%\212\020"
  79      691F6B33 
  79      DA3AFA48 
  79      F0BF87E8 
  79      44258A10 
  80 0039 36C5A928 		.ascii	"6\305\251(d(E\345C\031\002B\345K>\325)*\352D>\206\237"
  80      642845E5 
  80      43190242 
  80      E54B3ED5 
  80      292AEA44 
  81 0050 7C3931D6 		.ascii	"|91\326H\354\316\273\357\275~\331\021Mv\323\323\236"
  81      48ECCEBB 
  81      EFBD7ED9 
  81      114D76D3 
  81      D39E
  82 0062 7BDFEFFC 		.ascii	"{\337\357\374\3169\357\234{\212)\212j\007q\303\212R"
  82      CE39EF9C 
  82      7B8A298A 
  82      6A0771C3 
  82      8A52
  83 0074 5054B78C 		.ascii	"PT\267\214\242\340Cm\006A jJXa \016\220z\220F\220&\220"
  83      A2E0436D 
  83      0641206A 
  83      4A586120 
  83      0E907A90 
  84 008c 169036D1 		.ascii	"\026\2206\321\276\223z\177\361x\225(J\220\015 ] \227"
  84      BE937A7F 
  84      F1789528 
  84      4A900D20 
  84      5D2097
  85 009f 40BA45EE 		.ascii	"@\272E\356Z\220\036\020'\310\004\3108\310]\220HJ\210"
  85      5A901E10 
ARM GAS  C:\Users\srich\AppData\Local\Temp\cc14OfZC.s 			page 6


  85      27C804C8 
  85      38C85D90 
  85      484A88
  86 00b2 E329C888 		.ascii	"\343)\310\210\217\377N\321_\233\030K\213\030Kc\020\377"
  86      8FFF4ED1 
  86      5F9B184B 
  86      8B184B63 
  86      10FF
  87 00c4 2F64E8E2 		.ascii	"/d\350\342\331\251\236\360'2\244\242\325\374\2666\267"
  87      D9A99EF0 
  87      2732A4A2 
  87      D5FCB636 
  87      B7
  88 00d5 FD50286C 		.ascii	"\375P(l\225\264\234\337\326\275\035\352\225/\310\347"
  88      95B49CDF 
  88      D6BD1DEA 
  88      952FC8E7 
  89 00e5 60E56472 		.ascii	"`\345drs\344h\003\215J\320Bt\012-\204\354O\243\005\360"
  89      73E46803 
  89      8D4AD042 
  89      740A2D84 
  89      EC4FA305 
  90 00fa BD552E30 		.ascii	"\275U.0\025\035\032\354\245\227\225\0024\213s\316\361"
  90      151D1AEC 
  90      A5979502 
  90      348B73CE 
  90      F1
  91 010b 7A68CC38 		.ascii	"zh\3148\332\211\325\307\270\302\212\311\303\256^%\327"
  91      DA89D5C7 
  91      B8C28AC9 
  91      C3AE5E25 
  91      D7
  92 011c CE39DDEE 		.ascii	"\3169\335\356/\2115\322bT\212\226\361@P\211\001r 5\030"
  92      2F8935D2 
  92      62548A96 
  92      F1405089 
  92      01722035 
  93 0131 750DB95E 		.ascii	"u\015\271^*IXsx\216\202;#S\230\204%\343\267W\217\025"
  93      2A495873 
  93      788E823B 
  93      23539884 
  93      25E3B757 
  94 0147 9E8FC0F3 		.ascii	"\236\217\300\363\020\257\347w\0369\020\202\027\023="
  94      10AFE777 
  94      1E391082 
  94      17133D
  95 0156 6730F7A6 		.ascii	"g0\367\246\034/%z\306\357u\331\263\300DM\223(~}\356"
  95      1C2F257A 
  95      C6EF75D9 
  95      B3C0444D 
  95      93287E7D 
  96 016b 3A1F46B6 		.ascii	":\037F\266n7\206\003\331\311\007\327\007\025(\212.\206"
  96      6E378603 
  96      D9C907D7 
  96      0715288A 
  96      2E86
  97 017d 80279F57 		.ascii	"\200'\237W\217 \216\223\243\363\210F\345H\012\212\330"
ARM GAS  C:\Users\srich\AppData\Local\Temp\cc14OfZC.s 			page 7


  97      8F208E93 
  97      A3F38846 
  97      E5480A8A 
  97      D8
  98 018e F22B8BE3 		.ascii	"\362+\213\343vp\\&\027rJE\2412\310\377\014\344\217\252"
  98      76705C26 
  98      17724A45 
  98      A132C8FF 
  98      0CE48FAA 
  99 01a2 50142008 		.ascii	"P\024 \010\026U\300a%\034\002q\325\320\370>Z\"\256m"
  99      1655C061 
  99      251C0271 
  99      D5D0F83E 
  99      5A22AE6D 
 100 01b6 DD3F9F27 		.ascii	"\335?\237'\256\006\342s^b\3603\023\363\205\340\314\227"
 100      AE06E273 
 100      5E62F033 
 100      13F385E0 
 100      CC97
 101 01c8 2B7A0BB0 		.ascii	"+z\013\260\304<^rd\036\317\\\003\314g\275\314\32533"
 101      C43C5E72 
 101      641ECF5C 
 101      03CC67BD 
 101      CCD53333 
 102 01dc FF119419 		.ascii	"\377\021\224\0315\027\014\356\232-\207v\"t[I\355\213"
 102      35170CEE 
 102      9A2D8776 
 102      22745B49 
 102      ED8B
 103 01ee 7AEA4A69 		.ascii	"z\352Ji\337\332o\236\357S\373ZR\373\213H,\376\304d\315"
 103      DFDA6F9E 
 103      EF53FB5A 
 103      52FB8B48 
 103      2CFEC464 
 104 0203 33192E93 		.ascii	"3\031.\223\221W\377\356jk\025\015\025\037\340&':\034"
 104      9157FFEE 
 104      6A6B150D 
 104      151FE026 
 104      273A1C
 105 0216 5F1FCCCC 		.ascii	"_\037\314\314)\346\006\334\356\305\304\012\325!o\321"
 105      29E606DC 
 105      EEC5C40A 
 105      D5216FD1 
 106 0226 4117AA5E 		.ascii	"A\027\252^O\252\376^\273\371\271\274\344\327n\271\315"
 106      4FAAFE5E 
 106      BBF9B9BC 
 106      E4D76EB9 
 106      CD
 107 0237 6F5B693C 		.ascii	"o[i<*x|\351(\312\212\020<\276\351\332\215\017s'vp\357"
 107      2A787CE9 
 107      28CA8A10 
 107      3CBEE9DA 
 107      8D0F7327 
 108 024e DC6E448C 		.ascii	"\334nD\214P\203\217\307\006\311c#\361x\375\336\253\252"
 108      50838FC7 
 108      06C96323 
 108      F178FDDE 
ARM GAS  C:\Users\srich\AppData\Local\Temp\cc14OfZC.s 			page 8


 108      ABAA
 109 0260 F0FFF4E8 		.ascii	"\360\377\364\350\344=\212m|z\252\377\242\002gc\342o"
 109      E43D8A6D 
 109      7C7AAAFF 
 109      A2026763 
 109      E26F
 110 0272 6A7AE094 		.ascii	"jz\340\224\214\370+\2579sEY(\3654\030\240\313>\336."
 110      8CF82BAF 
 110      39734559 
 110      28F53418 
 110      A0CB3EDE 
 111 0287 4BDE9A88 		.ascii	"K\336\232\210\267\267\305\365\273e\330!p\364\347\347"
 111      B7B7C5F5 
 111      BB65D821 
 111      70F4E7E7 
 112 0297 34881C6F 		.ascii	"4\210\034o\306\256\371s4\373p4K\034-\204\243\344l\355"
 112      C6AEF973 
 112      34FB7034 
 112      4B1C2D84 
 112      A3E46CED 
 113 02ab A40A770B 		.ascii	"\244\012w\013\034\377\274<P\023.r8|\342\340\263n\365"
 113      1CFFBC3C 
 113      50132E72 
 113      387CE2E0 
 113      B36EF5
 114 02be E1689538 		.ascii	"\341h\2258\332\010\307\321\314\302\011\204\373\004\216"
 114      DA08C7D1 
 114      CCC20984 
 114      FB048E
 115 02cd 1737B2A7 		.ascii	"\0277\262\247\261\360\356:\3179\342}\252\305\263\\\361"
 115      B1F0EE3A 
 115      CF39E27D 
 115      AAC5B35C 
 115      F1
 116 02de 61B922B1 		.ascii	"a\271\"\261\264\023\226!g\311\343\010\234'\027\256a"
 116      B4139621 
 116      67C9E308 
 116      9C2717AE 
 116      61
 117 02ef F970B75C 		.ascii	"\371p\267\\\210\244\256bt^@\005:|X:$\226N\302\322\177"
 117      88A4AE62 
 117      745E4005 
 117      3A7C583A 
 117      24964EC2 
 118 0305 C8B957AE 		.ascii	"\310\271W\256\334\313w+T@\321\256\"\006\336\032t!%A"
 118      DCCB772B 
 118      5440D1AE 
 118      2206DE1A 
 118      74212541 
 119 0319 C32FA04B 		.ascii	"\303/\240K\207O\355\233\355\207\256\365Cw\213\350n\202"
 119      874FED9B 
 119      ED87AEF5 
 119      43778BE8 
 119      6E82
 120 032b 3EF8F39E 		.ascii	">\370\363\236a\177\264\323\017\335#\242{\010\272\316"
 120      617FB4D3 
 120      0FDD23A2 
ARM GAS  C:\Users\srich\AppData\Local\Temp\cc14OfZC.s 			page 9


 120      7B08BACE 
 121 033b 555DA222 		.ascii	"U]\242\"3g\200\244TY\377\344U\004\031:\213\370\355\375"
 121      336780A4 
 121      5459FFE4 
 121      5504193A 
 121      8BF8EDFD 
 122 034f DB63AE59 		.ascii	"\333c\256Y\270K\3567]\"\205\351\362\360\310\233b\005"
 122      B84BEE37 
 122      5D2285E9 
 122      F2F0C89B 
 122      6205
 123 0361 D9F27F13 		.ascii	"\331\362\177\023\021d\3545\270\332h\334'\300\263\263"
 123      1164EC35 
 123      B8DA68DC 
 123      27C0B3B3 
 124 0371 063A683C 		.ascii	"\006:h<H6\262\366G\\\221\3123yr\333\026\361\327\370"
 124      4836B2F6 
 124      475C91CA 
 124      337972DB 
 124      16F1D7F8 
 125 0385 36DCBB5E 		.ascii	"6\334\273^\3575\216\364\275\305B\354\224'pt\013nq\244"
 125      EF358EF4 
 125      BDC542EC 
 125      94277074 
 125      0B6E71A4 
 126 0399 788BFF84 		.ascii	"x\213\377\204\303\033\302|h\235n\330\031\202\350\250"
 126      C31BC27C 
 126      689D6ED8 
 126      1982E8A8 
 127 03a9 E0467D41 		.ascii	"\340F}A\214\204\031\265+\227\314\250;\020\302Mo\010"
 127      8C8419B5 
 127      2B97CCA8 
 127      3B10C24D 
 127      6F08
 128 03bb B7A54902 		.ascii	"\267\245I\002\361\2175\025\247\323Y\3748\371 Z\260h"
 128      F18F3515 
 128      A7D359FC 
 128      38F9205A 
 128      B068
 129 03cd BAF77A47 		.ascii	"\272\367zG\010\036\025\322\337\177\353ne8\236\0246\215"
 129      081E15D2 
 129      DF7FEB6E 
 129      65389E14 
 129      368D
 130 03df 1D193D34 		.ascii	"\035\031=4\236\0226\305\371\277\224\205\220w\034F\336"
 130      9E1236C5 
 130      F9BF9485 
 130      90771C46 
 130      DE
 131 03f0 71EE8912 		.ascii	"q\356\211\022\025v\011\317\362\372N\276\243\361\264"
 131      157609CF 
 131      F2FA4EBE 
 131      A3F1B4
 132 03ff B091FE10 		.ascii	"\260\221\376\020\224\302\037BUCV\036\2153B\310\263\212"
 132      94C21F42 
 132      5543561E 
 132      8D3342C8 
ARM GAS  C:\Users\srich\AppData\Local\Temp\cc14OfZC.s 			page 10


 132      B38A
 133 0411 9686CC70 		.ascii	"\226\206\314p\274K\330\034~\335\335&T\355S\330**r~\253"
 133      BC4BD81C 
 133      7EDDDD26 
 133      54ED53D8 
 133      2A2A727E 
 134 0426 57A025C2 		.ascii	"W\240%\302\232\033U\310\355\314\234,\270P\026}\272\222"
 134      9A1B55C8 
 134      EDCC9C2C 
 134      B850167D 
 134      BA92
 135 0438 73EEC4E8 		.ascii	"s\356\304\350.\344\374\027\344\374\034\315\365\246\364"
 135      2EE4FC17 
 135      E4FC1CCD 
 135      F5A6F4
 136 0447 8034C767 		.ascii	"\2004\307g\360E\361\370\3021Gh{\014\201>\014\204\016"
 136      F045F1F8 
 136      C2314768 
 136      7B0C813E 
 136      0C840E
 137 045a 0440273C 		.ascii	"\004@'<\320\241@\350p\000t\324\003\355\017\036@\011"
 137      D0A140E8 
 137      700074D4 
 137      03ED0F1E 
 137      4009
 138 046c F2609F79 		.ascii	"\362`\237y\260\367\003\261K\003\240\343\036\350`\360"
 138      B0F703B1 
 138      4B03A0E3 
 138      1EE860F0 
 139 047c 607DB04F 		.ascii	"`}\260O=\330{AiI\260\007\311p\344\270\257X\012]\205"
 139      3DD87B41 
 139      6949B007 
 139      C970E4B8 
 139      AF580A5D 
 140 0491 C7D7080B 		.ascii	"\307\327\010\013\017\206\232\243Q(\3773\264\004=\001"
 140      0F869AA3 
 140      5128FF33 
 140      B4043D01 
 141 04a1 F91BE431 		.ascii	"\371\033\3441\310\010\310S\220Gh\011i \276\313\006\036"
 141      C808C853 
 141      90476809 
 141      6920BECB 
 141      061E
 142 04b3 3A4239C4 		.ascii	":B9\304\233Q\322$\220\272KVp|\377\010BQs\011\316\365"
 142      9B51D224 
 142      90BA4B56 
 142      707CFF08 
 142      42517309 
 143 04c9 63181A07 		.ascii	"c\030\032\007\362\353\336N\344\215\310\012\026\012\032"
 143      F2EBDE4E 
 143      E48DC80A 
 143      160A1A
 144 04d8 83083E26 		.ascii	"\203\010>&\032\350\221\362\274=\307C\374\346\302\270"
 144      1AE891F2 
 144      BC3DC743 
 144      FCE6C2B8 
 145 04e8 4FEE149A 		.ascii	"O\356\024\232@J\3117\250T\350\272\357\276W'P\341\366"
ARM GAS  C:\Users\srich\AppData\Local\Temp\cc14OfZC.s 			page 11


 145      404AC937 
 145      A854E8BA 
 145      EFBE5727 
 145      50E1F6
 146 04fb 5443B445 		.ascii	"TC\264Eo\266\2560P\012\373v;k\2660:6,\315lec\327\350"
 146      6FB6AE30 
 146      500AFB76 
 146      3B6BB630 
 146      3A362CCD 
 147 0514 585AA793 		.ascii	"XZ\247\223\324d\303\027Z\203\311\234d\266\263iF\263"
 147      D464C317 
 147      5A83C99C 
 147      64B6B369 
 147      46B3
 148 0526 4DCBDA6C 		.ascii	"M\313\332l)v\355\017\32645\321\324\372T\213\232\261"
 148      2976ED0F 
 148      D63435D1 
 148      D4FA548B 
 148      9AB1
 149 0538 24314623 		.ascii	"$1F#c\324\256Z\361\271zeL\354\352\237\342\264p\276\334"
 149      63D4AE5A 
 149      F1B97A65 
 149      4CECEA9F 
 149      E2B470BE 
 150 054d 6AB332CB 		.ascii	"j\2632\313\031}\222Yk\266\032R\322\214\214\326\242\007"
 150      197D9259 
 150      6BB61A52 
 150      D28C8CD6 
 150      A207
 151 055f 2E2BA3D5 		.ascii	".+\243\325\031\231d}Z\012\253c\267oc\354+L\324\326\377"
 151      1999647D 
 151      5A0AAB63 
 151      B76F63EC 
 151      2B4CD4D6 
 152 0574 D50D64A4 		.ascii	"\325\015d\244\325\331Y#\344\000\334\253\003\270\211"
 152      D5D95923 
 152      E400DCAB 
 152      03B889
 153 0583 6EB3C7AE 		.ascii	"n\263\307\256\211\325\332\354\332T\326cf0\361\257B\214"
 153      89D5DAEC 
 153      DA54D663 
 153      6630F1AF 
 153      428C
 154 0595 883698B6 		.ascii	"\2106\230\266\230\214\211)\014\263m\325\207\023\260"
 154      988C8929 
 154      0CB36DD5 
 154      8713B0
 155 05a4 A654466F 		.ascii	"\246TFo\344\355\225\006\233\325nKa\022Y}*\373\211\210"
 155      E4ED9506 
 155      9BD56E4B 
 155      6112597D 
 155      2AFB8988 
 156 05b8 88160FE1 		.ascii	"\210\026\017\341yx\202\336\232`\263X\326[\315\336\307"
 156      797882DE 
 156      9A60B358 
 156      D65BCDDE 
 156      C7
ARM GAS  C:\Users\srich\AppData\Local\Temp\cc14OfZC.s 			page 12


 157 05c9 E2193C9E 		.ascii	"\342\031<\236m\206s\235\205\321\333\323R\031\273\007"
 157      6D86739D 
 157      85D1DBD3 
 157      5219BB07 
 158 05d9 201EF0F6 		.ascii	" \036\360\366\"\025o\2570\230\022\267\333y-\346\243"
 158      22156FAF 
 158      309812B7 
 158      DB792DE6 
 158      A3
 159 05ea 72059A59 		.ascii	"r\005\232Y&}\012o\030=\243!\200<\226\240\363\351\255"
 159      267D0A6F 
 159      183DA321 
 159      803C96A0 
 159      F3E9AD
 160 05fd DBBC7E93 		.ascii	"\333\274~\223n\013\274\254\265L2i\234\270\225\236\306"
 160      6E0BBCAC 
 160      B54C3269 
 160      9CB8959E 
 160      C6
 161 060e E1559CA0 		.ascii	"\341U\234\240\331\010\362\015^\277V\2037\255\325\310"
 161      D908F20D 
 161      5EBF5683 
 161      37ADD5C8 
 162 061e E313351A 		.ascii	"\343\0235\032\034\257\321\3107&|\253\211\237\321\035"
 162      1CAFD1C8 
 162      37267CAB 
 162      899FD11D 
 163 062e 93CE6A0D 		.ascii	"\223\316j\015\026\273\331\256\265\263\360\261\304\255"
 163      16BBD9AE 
 163      B5B3F0B1 
 163      C4AD
 164 063c 4C8E4D4F 		.ascii	"L\216MO\227\264\230\270\364$\210\340_\222y\332\254"
 164      97B498B8 
 164      F42488E0 
 164      5F9279DA 
 164      AC
 165              		.text
 166              		.section	.gnu.lto_.symtab.b6b41eca,"",%progbits
 167 0000 6D61696E 		.ascii	"main\000\000\000\000\000\000\000\000\000\000\000\000"
 167      00000000 
 167      00000000 
 167      00000000 
 168 0010 AB000000 		.ascii	"\253\000\000\000chThdSleep\000\000\002\000\000\000\000"
 168      63685468 
 168      64536C65 
 168      65700000 
 168      02000000 
 169 0025 00000000 		.ascii	"\000\000\000\000\000\274\000\000\000consoleStart\000"
 169      00BC0000 
 169      00636F6E 
 169      736F6C65 
 169      53746172 
 170 003b 00020000 		.ascii	"\000\002\000\000\000\000\000\000\000\000\000\277\000"
 170      00000000 
 170      000000BF 
 170      00
 171 0048 00004361 		.ascii	"\000\000CanCommInit\000\000\002\000\000\000\000\000"
ARM GAS  C:\Users\srich\AppData\Local\Temp\cc14OfZC.s 			page 13


 171      6E436F6D 
 171      6D496E69 
 171      74000002 
 171      00000000 
 172 005d 00000000 		.ascii	"\000\000\000\000\302\000\000\000init_measures\000\000"
 172      C2000000 
 172      696E6974 
 172      5F6D6561 
 172      73757265 
 173 0074 02000000 		.ascii	"\002\000\000\000\000\000\000\000\000\000\304\000\000"
 173      00000000 
 173      0000C400 
 173      00
 174 0081 00636F6E 		.ascii	"\000consoleInit\000\000\002\000\000\000\000\000\000"
 174      736F6C65 
 174      496E6974 
 174      00000200 
 174      00000000 
 175 0096 000000C6 		.ascii	"\000\000\000\306\000\000\000chSysInit\000\000\002\000"
 175      00000063 
 175      68537973 
 175      496E6974 
 175      00000200 
 176 00aa 00000000 		.ascii	"\000\000\000\000\000\000\000\000\310\000\000\000hal"
 176      00000000 
 176      C8000000 
 176      68616C
 177 00b9 496E6974 		.ascii	"Init\000\000\002\000\000\000\000\000\000\000\000\000"
 177      00000200 
 177      00000000 
 177      00000000 
 178 00c9 CA000000 		.ascii	"\312\000\000\000"
 179              		.text
 180              		.section	.gnu.lto_.opts,"",%progbits
 181 0000 272D666E 		.ascii	"'-fno-trapv' '-mcpu=cortex-m3' '-mno-thumb-interwor"
 181      6F2D7472 
 181      61707627 
 181      20272D6D 
 181      6370753D 
 182 0033 6B272027 		.ascii	"k' '-mthumb' '-ggdb' '-O2' '-fomit-frame-pointer' '"
 182      2D6D7468 
 182      756D6227 
 182      20272D67 
 182      67646227 
 183 0066 2D66616C 		.ascii	"-falign-functions=16' '-ffunction-sections' '-fdata"
 183      69676E2D 
 183      66756E63 
 183      74696F6E 
 183      733D3136 
 184 0099 2D736563 		.ascii	"-sections' '-fno-common' '-flto'\000"
 184      74696F6E 
 184      73272027 
 184      2D666E6F 
 184      2D636F6D 
 185              		.text
 186              		.comm	__gnu_lto_v1,1,1
 187              		.comm	__gnu_lto_slim,1,1
ARM GAS  C:\Users\srich\AppData\Local\Temp\cc14OfZC.s 			page 14


 188              		.ident	"GCC: (GNU Tools for ARM Embedded Processors) 4.9.3 20150529 (release) [ARM/embedded-4_9-br
ARM GAS  C:\Users\srich\AppData\Local\Temp\cc14OfZC.s 			page 15


DEFINED SYMBOLS
                            *ABS*:00000000 main.c
                            *COM*:00000001 __gnu_lto_v1
                            *COM*:00000001 __gnu_lto_slim

NO UNDEFINED SYMBOLS
