ARM GAS  C:\Users\srich\AppData\Local\Temp\ccuqQabS.s 			page 1


   1              		.syntax unified
   2              		.cpu cortex-m3
   3              		.fpu softvfp
   4              		.eabi_attribute 20, 1
   5              		.eabi_attribute 21, 1
   6              		.eabi_attribute 23, 3
   7              		.eabi_attribute 24, 1
   8              		.eabi_attribute 25, 1
   9              		.eabi_attribute 26, 1
  10              		.eabi_attribute 30, 2
  11              		.eabi_attribute 34, 1
  12              		.eabi_attribute 18, 4
  13              		.thumb
  14              		.file	"nvic.c"
  15              		.text
  16              	.Ltext0:
  17              		.section	.gnu.lto_.profile.b66e1ccc,"",%progbits
  18 0000 789C6366 		.ascii	"x\234cf```a\200\000F\006)1\000\000\276\0009"
  18      60606061 
  18      80004606 
  18      29310000 
  18      BE0039
  19              		.text
  20              		.section	.gnu.lto_.jmpfuncs.b66e1ccc,"",%progbits
  21 0000 789C6366 		.ascii	"x\234cf\300\016\244\2404\013\003\023##s}=#\020\3243"
  21      C00EA4A0 
  21      340B0313 
  21      2323737D 
  21      3D2310D4 
  22 0015 41D8CC20 		.ascii	"A\330\314 6\003\000(\334\0036"
  22      36030028 
  22      DC0336
  23              		.text
  24              		.section	.gnu.lto_.inline.b66e1ccc,"",%progbits
  25 0000 789C6D8C 		.ascii	"x\234m\214\313\015\2000\014C\235\017i\340\302\010\335"
  25      CB0D8030 
  25      0C439D0F 
  25      69E0C208 
  25      DD
  26 0011 801199A5 		.ascii	"\200\021\231\245#1\012#`\240\2528`)J\"\373\331\360\257"
  26      23310A23 
  26      60A0AA38 
  26      60294A22 
  26      FBD9F0AF 
  27 0025 BD6F0796 		.ascii	"\275o\007\226YT\2047\307\343\334\020\255*\364X\035\374"
  27      59548437 
  27      C7E3DC10 
  27      AD2AF458 
  27      1DFC
  28 0037 9246D2CA 		.ascii	"\222F\322\312\302\014\023\346\255\276\011\232\3764("
  28      C20C13E6 
  28      ADBE099A 
  28      FE3428
  29 0046 2617B92B 		.ascii	"&\027\271+\214\324\007\247\014%:8\274\001\342\002F;"
  29      8CD407A7 
  29      0C253A38 
  29      BC01E202 
ARM GAS  C:\Users\srich\AppData\Local\Temp\ccuqQabS.s 			page 2


  29      463B
  30 0058 0CFC     		.ascii	"\014\374"
  31              		.text
  32              		.section	.gnu.lto_.pureconst.b66e1ccc,"",%progbits
  33 0000 789C6366 		.ascii	"x\234cf``\340d\200\000\026\006)F)&)f)\000\002\305\000"
  33      6060E064 
  33      80001606 
  33      29462926 
  33      29662900 
  34 0017 7F       		.ascii	"\177"
  35              		.text
  36              		.section	.gnu.lto_nvicEnableVector.b66e1ccc,"",%progbits
  37 0000 789C9552 		.ascii	"x\234\225RMKTQ\030>\317\271w\346\2163j\321&\230\210"
  37      4D4B5451 
  37      183ECFB9 
  37      77E68E33 
  37      6AD12698 
  38 0015 DA882BBB 		.ascii	"\332\210+\273\270i\021D\226\340N\220\372\0055-\034H"
  38      B8691144 
  38      96E04E90 
  38      FA05352D 
  38      1C48
  39 0027 AFA8453B 		.ascii	"\257\250E;\317|\240\213\002e6J2\2334\3720\307\306\262"
  39      CF7CA08B 
  39      0265364A 
  39      329B34FA 
  39      30C7C6B2 
  40 003b D2142E82 		.ascii	"\322\024.\202\345\242\264!#\021Q\242\011\354c\221&\314"
  40      E5A2B421 
  40      231151A2 
  40      09EC6391 
  40      26CC
  41 004d 0C54F6BE 		.ascii	"\014T\366\276g&Z\350\242\006\346\234\363~<\357\363<"
  41      67265AE8 
  41      A206E69C 
  41      F37E3CEF 
  41      F33C
  42 005f E75C43EC 		.ascii	"\347\\C\354\376\005\351\177\312\020\242\201v\030\002"
  42      FE05E97F 
  42      CA10A281 
  42      761802
  43 006e B26F4188 		.ascii	"\262oA\210\210O\002|\020\020]\022]\370$7%\372\334\221"
  43      884F027C 
  43      10105D12 
  43      5DF82437 
  43      25FADC91 
  44 0082 8140F52D 		.ascii	"\201@\365-\245\324\267\304b\244\311EA\012\361]\026\347"
  44      A5D4B7C4 
  44      62A4C945 
  44      410AF15D 
  44      16E7
  45 0094 E036AAA9 		.ascii	"\3406\252\251gi\371C\267i\324A\320y2\265\375*\260!\013"
  45      6769F943 
  45      B769D441 
  45      D07932B5 
  45      FD2AB021 
  46 00a9 1247399C 		.ascii	"\022G9\234J\314\017x9\224&\207\0233\251\347\373\252"
ARM GAS  C:\Users\srich\AppData\Local\Temp\ccuqQabS.s 			page 3


  46      4ACC0F78 
  46      39942687 
  46      1333A9E7 
  46      FBAA
  47 00bb 86948ABA 		.ascii	"\206\224\212\272\363\343\252\316,H\003w`\320<\334E\020"
  47      F3E3AACE 
  47      2C480377 
  47      60D03CDC 
  47      4510
  48 00cd F7101494 		.ascii	"\367\020\024\224\022\030A\025u\277\276\261\275d\032"
  48      12184115 
  48      75BFBEB1 
  48      BD641A
  49 00dc 67F4DC4C 		.ascii	"g\364\334L\352\345R\011\271\372\007y\177\017\344(\252"
  49      EAE55209 
  49      B9FA0779 
  49      7F0FE428 
  49      AA
  50 00ed B87D33FE 		.ascii	"\270}3\376\363]\300\033'\331\373\213j\221\202\027\264"
  50      F35DC01B 
  50      27D9FB8B 
  50      6A918217 
  50      B4
  51 00fe 8F1D70D5 		.ascii	"\217\035p\325\316\316\320\304t\332\254\000\270]\022"
  51      CECED0C4 
  51      74DAAC00 
  51      B85D12
  52 010d D03478F1 		.ascii	"\3204x\361\200\211-:z|\264x\313x\361\323b\011\221\245"
  52      80892D3A 
  52      7A7CB478 
  52      CB78F1D3 
  52      620991A5 
  53 0121 217C391F 		.ascii	"!|9\037\245\344\335XAt\271\347W\316\340\2719)s\022b"
  53      A5E4DD58 
  53      4174B9E7 
  53      57CEE0B9 
  53      39297312 
  54 0136 05B1556F 		.ascii	"\005\261Uo16(E*\2063\353\031\203\335\373L\2011\222\270"
  54      31362845 
  54      2A8633EB 
  54      1983DDFB 
  54      4C813192 
  55 014b 82D904B8 		.ascii	"\202\331\004\270\205\212[_T\322\344b\231\232\215\251"
  55      858A5B5F 
  55      54D2E462 
  55      999A8DA9 
  56 015b 4A56BD9E 		.ascii	"JV\275\236]\314\370tJpx\363m\376se\022\203\021\245\\"
  56      5DCCF874 
  56      4A7078F3 
  56      6DFE7365 
  56      128311A5 
  57 0170 AB20FD78 		.ascii	"\253 \375x@N\3234\206\213\205\341\353\201\232\021\025"
  57      404ED334 
  57      868B85E1 
  57      EB819A11 
  57      15
  58 0181 A7070960 		.ascii	"\247\007\011`\034Il\351G\241\312\265\376L\336g\217\252"
ARM GAS  C:\Users\srich\AppData\Local\Temp\ccuqQabS.s 			page 4


  58      1C496CE9 
  58      47A1CAB5 
  58      FE4CDE67 
  58      8FAA
  59 0193 78C43D44 		.ascii	"x\304=D\324x\210\232\234\364\350\367z\004\233\304\261"
  59      D478889A 
  59      9CF4E8F7 
  59      7A049BC4 
  59      B1
  60 01a4 D2B5EE85 		.ascii	"\322\265\356\205\201\246\242X\213\252\004\373\372fp"
  60      81A6A258 
  60      8BAA04FB 
  60      FA6670
  61 01b3 AA9CC9BD 		.ascii	"\252\234\311\275\036\201\011-6\272\326\363C\026\233"
  61      1E81092D 
  61      36BAD6F3 
  61      43169B
  62 01c2 7C3C8270 		.ascii	"|<\202p\371\222\3032J\021h\272\267w\316\322\240#\002"
  62      F992C332 
  62      4A1168BA 
  62      B777CED2 
  62      A02302
  63 01d5 8F3528B6 		.ascii	"\2175(\266\332\235-]\213\237:^$7\306\265M\013\002O\020"
  63      DA9D2D5D 
  63      8B9F3A5E 
  63      2437C6B5 
  63      4D0B024F 
  64 01ea 24A8BE86 		.ascii	"$\250\276\206\367\007K\367\360\257.\313\361T\273\304"
  64      F7074BF7 
  64      F0AF2ECB 
  64      F154BBC4 
  65 01fa 2E97870B 		.ascii	".\227\207\013\262\002\223\354\322\322.\247\330\245_"
  65      B20293EC 
  65      D2D22EA7 
  65      D8A55F
  66 0209 B3A4E736 		.ascii	"\263\244\3476=\377\315\363L\363\310\275y\246\377\362"
  66      3DFFCDF3 
  66      4CF3C8BD 
  66      79A6FFF2 
  67 0219 CC1479D6 		.ascii	"\314\024y\326\020q\373\033\230\205\263Y\022H\037\010"
  67      1071FB1B 
  67      9885B359 
  67      12481F08 
  68 0229 A14F864E 		.ascii	"\241O\206N\330\365\315\341\013\341s\235\227/\206\035"
  68      D8F5CDE1 
  68      0BE1739D 
  68      972F861D 
  69 0239 3BC467A7 		.ascii	";\304g\247\243\366x\255m;\035v\363\371Kv\233\323\336"
  69      A3F678AD 
  69      6D3B1D76 
  69      F3F94B76 
  69      9BD3DE
  70 024c D961879C 		.ascii	"\331a\207\234\226\026\247\325>}\266\261\276\361\252"
  70      9616A7D5 
  70      3E7DB6B1 
  70      BEF1AA
  71 025b DD7A251C 		.ascii	"\335z%\034:\026\022h5\333\332\303\316oKY5\230"
ARM GAS  C:\Users\srich\AppData\Local\Temp\ccuqQabS.s 			page 5


  71      3A161268 
  71      35DBDAC3 
  71      CE6F4B59 
  71      3598
  72              		.text
  73              		.section	.gnu.lto_nvicDisableVector.b66e1ccc,"",%progbits
  74 0000 789C8D91 		.ascii	"x\234\215\221\313k\023Q\024\306\357wf\362\250\011U\334"
  74      CB6B1351 
  74      14C6EF77 
  74      66F2A809 
  74      55DC
  75 0012 5822A29B 		.ascii	"X\"\242\233\322U\275t\343B\020Z\012\356\012\242\177"
  75      D255BD74 
  75      E342105A 
  75      0AEE0AA2 
  75      7F
  76 0023 81C64503 		.ascii	"\201\306E\0036#\246\212\273\33641.\024Z\272\261R\262"
  76      3623A68A 
  76      BBDE3431 
  76      2E145ABA 
  76      B152B2
  77 0036 697DA74D 		.ascii	"i}\247Mkj|\024\205\241\340k\241RlQ\212D\304(\365\261"
  77      6B6A7C14 
  77      85A1E06B 
  77      A1526C51 
  77      8A44C428 
  78 004c 68AAD00C 		.ascii	"h\252\320\014(\365\234\211\013\241\033\007\346\336{"
  78      28F59C89 
  78      0BA11B07 
  78      E6DE7B
  79 005b CEFCBEF3 		.ascii	"\316\374\276\363\2353\327R\233\237\030\277\011R\252"
  79      9D33D752 
  79      9B9F18BF 
  79      0952AA
  80 006a 8B77580A 		.ascii	"\213wX\0124\374R\251t\230\0009(\250\001\302\000\276"
  80      34FC52A9 
  80      74980039 
  80      28A801C2 
  80      00BE
  81 007c 508D30EC 		.ascii	"P\2150\354\026F#mW\2151\253\343\263-\347Z<\226\375\240"
  81      1646236D 
  81      578D31AB 
  81      E3B32DE7 
  81      5A3C96FD 
  82 0091 46195C47 		.ascii	"F\031\\G\033#\213o?\346l\253\023\212\317\017\212?_D"
  82      1B238B6F 
  82      3FE66CAB 
  82      138ACF0F 
  82      8A3F5F44 
  83 00a5 56C823EC 		.ascii	"V\310#\354\221pn\344\331hPB\262%,?*>\331\332:a\314\240"
  83      91706EE4 
  83      D9685042 
  83      B2252C3F 
  83      2A3ED9DA 
  84 00bd FBBC643A 		.ascii	"\373\274d:m\217,\334\200\305\365p\0231\334BLqJ\241\200"
  84      6D8F2CDC 
  84      80C5F570 
ARM GAS  C:\Users\srich\AppData\Local\Temp\ccuqQabS.s 			page 6


  84      1331DC42 
  84      4C714AA1 
  85 00d2 56C16BD9 		.ascii	"V\301k\331\337o\"\301,{okxb\022A\360>\275\3355\033\033"
  85      DF6F22C1 
  85      2C7B6F6B 
  85      78621241 
  85      F03EBDDD 
  86 00e9 13D726CB 		.ascii	"\023\327&\313v\023 8\261\320\266x\011\330\262\004x\011"
  86      76132038 
  86      B1D0B678 
  86      09D8B204 
  86      7809
  87 00fb 2A556591 		.ascii	"*Ue\221L\364\211Hvk\031\231J\356\363\345CRg\235h\235"
  87      4CF48948 
  87      766B1999 
  87      4AEEF3E5 
  87      4352679D 
  88 0111 2D08DF5F 		.ascii	"-\010\337_\217\315E\245GVa\212[X\306`\345\374/j@\026"
  88      8FCD45A5 
  88      4756618A 
  88      5B58C660 
  88      E5FC2F6A 
  89 0127 439CC9D4 		.ascii	"C\234\311\324\203\215\330\346\024\213\036\016\015=\016"
  89      838DD8E6 
  89      148B1E0E 
  89      0D3D0E
  90 0136 F9A2DD0A 		.ascii	"\371\242\335\012E_\224y\227\253Z\015(\300\304\323\374"
  90      455F9479 
  90      97AB5A0D 
  90      28C0C4D3 
  90      FC
  91 0147 4AC91682 		.ascii	"J\311\026\202;\3064b,eh~\344\303\016a\030X\373f\362"
  91      3BC63462 
  91      2C65687E 
  91      E4C30E61 
  91      1858FB66 
  92 015c 3E1032F3 		.ascii	">\0202\363\031\323,\003\277\257\276Z\010\373)%\341\370"
  92      19D32C03 
  92      BFAFBE5A 
  92      08FB2925 
  92      E1F8
  93 016e 52FD6B73 		.ascii	"R\375ks\036cic\334\220Ga\314\360O\272\315f\362\321\273"
  93      1E636963 
  93      DC904761 
  93      CCF04FBA 
  93      CD66F2D1 
  94 0183 7231D25E 		.ascii	"r1\322^0Yx\324\204\022\362X\363o\205\277\\\270\264P"
  94      305978D4 
  94      8412F258 
  94      F36F85BF 
  94      5CB8B450 
  95 0197 0FEB2993 		.ascii	"\017\353)\223M\273\273<\332\202Y\264\363\260\376\205"
  95      4DBBBB3C 
  95      DA8259B4 
  95      F3B0FE85 
  96 01a7 DD81E6EE 		.ascii	"\335\201\346\356\244\217\325\231\305\232\365\267\223"
  96      A48FD599 
ARM GAS  C:\Users\srich\AppData\Local\Temp\ccuqQabS.s 			page 7


  96      C59AF5B7 
  96      93
  97 01b4 FFF589A0 		.ascii	"\377\365\211\240\354\373`\223\317N\217\242\270+>\360"
  97      ECFB6093 
  97      CF4E8FA2 
  97      B82B3EF0 
  98 01c4 7DEE41FF 		.ascii	"}\356A\377;N\224S\367\271^\005iw\351\240\270\012Ue\230"
  98      3B4E9453 
  98      F7B95E05 
  98      6977E9A0 
  98      B80A5565 
  99 01d9 6F853B3B 		.ascii	"o\205;;\020\337\257\273{\023\307\022G\372O\037O8:.g"
  99      10DFAFBB 
  99      7B13C712 
  99      47FA4F1F 
  99      4F383A2E 
 100 01ee 27D5B1AF 		.ascii	"'\325\261\257Ck'\245{\217\236\320'\235S\375)\035w\372"
 100      436B27A5 
 100      7B8F9ED0 
 100      279D53FD 
 100      291D77FA 
 101 0202 FA9CA4EE 		.ascii	"\372\234\244\356:\334\323\335sV'\317$\342{\343\012\311"
 101      3ADCD3DD 
 101      735627CF 
 101      24E27BE3 
 101      0AC9
 102 0214 3FB6DFED 		.ascii	"?\266\337\355\221"
 102      91
 103              		.text
 104              		.section	.gnu.lto_nvicSetSystemHandlerPriority.b66e1ccc,"",%progbits
 105 0000 789C6D51 		.ascii	"x\234mQMh\023A\024~\337\314f\023\215Z\361T\342\305K"
 105      4D681341 
 105      147EDFCC 
 105      66138D5A 
 105      F154E2C5 
 106 0015 E8A90EBD 		.ascii	"\350\251\016\275\364 \010\225\036\364`/z\363V\267B\026"
 106      F4200895 
 106      1EF4602F 
 106      7AF356B7 
 106      4216
 107 0027 DA6C49AA 		.ascii	"\332lI\252\364\326I\233\342EJ\351\251\250A0\212\325"
 107      F4D6499B 
 107      E2454AE9 
 107      A9A84130 
 107      8AD5
 108 0039 B4A9AD82 		.ascii	"\264\251\255\202\350i\365 \245h5P\250\204b(DQ\274\330"
 108      E869F520 
 108      A5683550 
 108      A8846228 
 108      4451BCD8 
 109 004d 1F080BAD 		.ascii	"\037\010\013\255\361\315\206\236t`f\336\337\367\275"
 109      F1CD869E 
 109      746066DE 
 109      DFF7BD
 110 005c EFCD48FA 		.ascii	"\357\315H\372w%xo\201\3502\337\220\0041\275F\224\213"
 110      7725786F 
 110      81E832DF 
ARM GAS  C:\Users\srich\AppData\Local\Temp\ccuqQabS.s 			page 8


 110      900431BD 
 110      46948B
 111 006f 09C01804 		.ascii	"\011\300\030\004\032\023\030\303O\261-0\355\227f\343"
 111      1A1318C3 
 111      4FB12D30 
 111      ED9766E3 
 112 007f 1D8FB5D6 		.ascii	"\035\217\265\326\277\037\276j\237l\017\004\321\256h"
 112      BF1FBE6A 
 112      9F6C0F04 
 112      D1AE68
 113 008e D1E0093A 		.ascii	"\321\340\011:\270\344\301\334\306|\233\354\001\261\375"
 113      B8E4C1DC 
 113      C67C9BEC 
 113      01B1FD
 114 009d BABCF731 		.ascii	"\272\274\3671\376C\004\002g\214\373ffe\3266\256\260"
 114      FE430402 
 114      678CFB66 
 114      6665D636 
 114      AEB0
 115 00af 8CBBB49F 		.ascii	"\214\273\264\237\337G\262\250\365\270\277\271\254{\254"
 115      DF47B2A8 
 115      F5B8BFB9 
 115      AC7BAC
 116 00be 4048CC41 		.ascii	"@H\314A2\037\236\"\201gH\020\207\010%$\271\372\363\335"
 116      321F9E22 
 116      81674810 
 116      87082524 
 116      B9FAF3DD 
 117 00d2 BD754B5E 		.ascii	"\275uK^\012y+\345\017\353m-\344\237C\344\374\177\220"
 117      0A792BE5 
 117      0FEB6D2D 
 117      E49F43E4 
 117      FC7F90
 118 00e5 0B489AF2 		.ascii	"\013H\232\362\355\374\301F\334\316\263\352\223\007\207"
 118      EDFCC146 
 118      DCCEB3EA 
 118      930787
 119 00f4 825186CD 		.ascii	"\202Q\206\3153\323\342)_7\233\305\367o\013QD\001\003"
 119      33D3E229 
 119      5F379BC5 
 119      F76F0B51 
 119      440103
 120 0107 110CB6A4 		.ascii	"\021\014\266\2449\"0\315\211\352\2140o\361M\010s\313"
 120      392230CD 
 120      89EA8C30 
 120      6FF14D08 
 120      73CB
 121 0119 2AC6BFDC 		.ascii	"*\306\277\334\376~\377\232!i\010\321\020\240*&6\355"
 121      FE7EFF9A 
 121      216908D1 
 121      10A02A26 
 121      36ED
 122 012b 962F39C4 		.ascii	"\226/9\304]\037Uj\025i\246\215X\204E\226T\305\273\031"
 122      5D1F556A 
 122      1569A68D 
 122      58844596 
 122      54C5BB19 
ARM GAS  C:\Users\srich\AppData\Local\Temp\ccuqQabS.s 			page 9


 123 013f 98124EFE 		.ascii	"\230\022N\376\332\231\252\0355I[W'\364\011\243\262V"
 123      DA99AA1D 
 123      35495B57 
 123      27F409A3 
 123      B256
 124 0151 FF548985 		.ascii	"\377T\211\205!\012_g\265\271z\254\200{9\255};\020Q<"
 124      210A5F67 
 124      B5B97AAC 
 124      807B39AD 
 124      7D3B1051 
 125 0166 E7C99698 		.ascii	"\347\311\226\230\306$\247vW\266\216t\226t\036\201\210"
 125      C624A776 
 125      57B68E74 
 125      96741E81 
 125      88
 126 0177 611905EC 		.ascii	"a\031\005\354\204\277\300\251\362Z\361\316q\265\240"
 126      84BFC0A9 
 126      F25AF1CE 
 126      71B5A0
 127 0186 F339FF34 		.ascii	"\3639\3774\367\306\013t6D$\374\240\227P\254\216\276"
 127      F7C60B74 
 127      364424FC 
 127      A09750AC 
 127      8EBE
 128 0198 22E7172E 		.ascii	"\"\347\027.\032!&Zg\361<\023\303\317;\347To\312\275"
 128      1A21265A 
 128      67F13C13 
 128      C3CF3BE7 
 128      546FCABD 
 129 01ac EE5E1DB9 		.ascii	"\356^\035\2719\340z\3121\266\227\355\352\356R\312\313"
 129      39E07ACA 
 129      31B697ED 
 129      EAEE52CA 
 129      CB
 130 01bd AA54FFA0 		.ascii	"\252T\377\240\032\3662#Y\345xCC^Z]\270\322\327\3337"
 130      1AF63223 
 130      59E57843 
 130      435E5A5D 
 130      B8D2D7DB 
 131 01d2 AAD2B75C 		.ascii	"\252\322\267\\\347\254C\321T\177z`\360F\306\032\316"
 131      E7AC43D1 
 131      547F7A60 
 131      F046C61A 
 131      CE
 132 01e3 B8DE5FF9 		.ascii	"\270\336_\371\032\301\304"
 132      1AC1C4
 133              		.text
 134              		.section	.gnu.lto_nvicClearPending.b66e1ccc,"",%progbits
 135 0000 789C6551 		.ascii	"x\234eQ\317KTQ\024>\337yo\336\214LX\264\222\201\250"
 135      CF4B5451 
 135      143EDF79 
 135      6FDE8C4C 
 135      58B49281 
 136 0015 45E2CA2E 		.ascii	"E\342\312.nZ\004\201\342\242\225\020\365\027\324k\341"
 136      6E5A0481 
 136      E2A29510 
 136      F517D46B 
ARM GAS  C:\Users\srich\AppData\Local\Temp\ccuqQabS.s 			page 10


 136      E1
 137 0026 40CE8BC6 		.ascii	"@\316\213\306\242\235w\234\311\026\011\212\233\004\231"
 137      A29D779C 
 137      C916098A 
 137      9B0499
 138 0035 4D25FD98 		.ascii	"M%\375\230\034\313h\221%<\204\302M\305\224QHL\013'\350"
 138      1CCB6891 
 138      253C84C2 
 138      4DC59451 
 138      484C0B27 
 139 004a D722CD70 		.ascii	"\327\"\315p\336\242\354\234y\355z\360\356=\347\273\337"
 139      DEA2EC9C 
 139      79ED7AF0 
 139      EE3DE7BB 
 139      DF
 140 005b F79D73EE 		.ascii	"\367\235s\356u\350\377/#\377/\020\365\311\016\207\300"
 140      75E8FF2F 
 140      23FF2F10 
 140      F5C90E87 
 140      C0
 141 006c 932F890A 		.ascii	"\223/\211\012)\0064 \320\010c\004_x\2031\031V\246\323"
 141      29063420 
 141      D0086304 
 141      5F788331 
 141      1956A6D3 
 142 0080 5DB3D6DA 		.ascii	"]\263\326\332\037\257\237t\\\356\210\230\350'\3076\270"
 142      1FAF9F74 
 142      5CEE8898 
 142      E827C736 
 142      B8
 143 0091 852EA1AC 		.ascii	"\205.\241\254\276_\037s\235^\220\304\217\253[/\322\237"
 143      BE5F1F73 
 143      9D5E90C4 
 143      8FAB5B2F 
 143      D29F
 144 00a3 39621CD0 		.ascii	"9b\034\320tqje\332\323\224]M\037-U\237\357\356\274a"
 144      74716A65 
 144      DAD3945D 
 144      4D1F2D55 
 144      9FEFEEBC 
 145 00b8 ED68B8B2 		.ascii	"\355h\270\262`{\335\210\035\334\206#~\270\203\014\356"
 145      607BDD88 
 145      1DDC8623 
 145      7EB8830C 
 145      EE
 146 00c9 22430211 		.ascii	"\"C\002\021*\350T\372F\351\367\273\264W\222\332{\342"
 146      2AE854FA 
 146      46E9F7BB 
 146      B45792DA 
 146      7BE2
 147 00db 9AB8074F 		.ascii	"\232\270\007O\332\246\371\275\241\335\331Y\237\035_"
 147      DAA6F9BD 
 147      A1DDD959 
 147      9F1D5F
 148 00ea 72DB00A5 		.ascii	"r\333\000\245\263\010]G\226\204\253KB\027O1\242\206"
 148      B3085D47 
 148      9684AB4B 
ARM GAS  C:\Users\srich\AppData\Local\Temp\ccuqQabS.s 			page 11


 148      42174F31 
 148      A286
 149 00fc 2875AC4F 		.ascii	"(u\254O\314\272;k(\326\307\376\224\217\253\3316\363"
 149      CCBA3B6B 
 149      28D6C7FE 
 149      948FABD9 
 149      36F3
 150 010e B6D4617C 		.ascii	"\266\324a|\1773\263\270K\033\025)\346\244\2175\214\326"
 150      7F33B3B8 
 150      4B1B1529 
 150      E6A48F35 
 150      8CD6
 151 0120 AFAC3A31 		.ascii	"\257\254:1\311\021\222 \305\246\027\347\256@\"z:1\361"
 151      C9119220 
 151      C5A617E7 
 151      AE40227A 
 151      3A31F1
 152 0133 2CD912ED 		.ascii	",\331\022\355'T[\242\342\207\177\224\004\016f\204\030"
 152      27545BA2 
 152      E2877F94 
 152      040E6684 
 152      18
 153 0144 FB6C710C 		.ascii	"\373lq\014*.\310\362\0244\027\207\315o\266\354\252\203"
 153      2A2EC8F2 
 153      14341787 
 153      CD6FB6EC 
 153      AA83
 154 0156 67978BB6 		.ascii	"g\227\213\266]\207\376\330xUK\265 \322\364\372\333\346"
 154      5D87FED8 
 154      78554BB5 
 154      20D2F4FA 
 154      DBE6
 155 0168 D7F63266 		.ascii	"\327\3662f\012\326\206\311\210\223\230\227\213\272/"
 155      0AD686C9 
 155      88939897 
 155      8BBA2F
 156 0177 B5F430BA 		.ascii	"\265\3640\2729\236\356\256\330\022\"N\341\001\312\330"
 156      399EEEAE 
 156      D812224E 
 156      E101CAD8 
 157 0187 6CBD8C9C 		.ascii	"l\275\214\234\\\275Vk\246\314\234-\025\302}\021\267"
 157      5CBD566B 
 157      A6CC9C2D 
 157      15C27D11 
 157      B7
 158 0198 6101DD32 		.ascii	"a\001\3352k\353\321\036\302H'TG!\254\035\323>\024m\310"
 158      6BEBD11E 
 158      C2482754 
 158      4721AC1D 
 158      D33E146D 
 159 01ad 807239C2 		.ascii	"\200r9\3028\352\0371\375\203\331\323\331\223\303\027"
 159      38EA1F31 
 159      FD83D9D3 
 159      D993C317 
 160 01bd CE6403E3 		.ascii	"\316d\003\343k\034\344{\016\367\030\023\344\315\340"
 160      6B1CE47B 
 160      0EF71813 
ARM GAS  C:\Users\srich\AppData\Local\Temp\ccuqQabS.s 			page 12


 160      E4CDE0
 161 01cc A9B3E65C 		.ascii	"\251\263\346\\p~8o\374`h(\310\231\276\023\003\375\003"
 161      707E386F 
 161      FC606828 
 161      C899BE13 
 161      03FD03
 162 01df 974CEE62 		.ascii	"\227L\356b\326?\344\023r\177\001\305\300\302i"
 162      D63FE413 
 162      727F01C5 
 162      C0C269
 163              		.text
 164              		.section	.gnu.lto_.symbol_nodes.b66e1ccc,"",%progbits
 165 0000 789C6366 		.ascii	"x\234cf``pc\200\002\246+\214\365\014\014\023\31610\324"
 165      60607063 
 165      8002A62B 
 165      8CF50C0C 
 165      13CE3130 
 166 0015 D733CC5B 		.ascii	"\3273\314[\300\301\300t\225\261\236\021E\340\032c=\023"
 166      C0C1C074 
 166      95B19E11 
 166      45E01A63 
 166      3D13
 167 0027 8AC075C6 		.ascii	"\212\300u\306zfd\001\006\000\334\224\0246"
 167      7A666401 
 167      0600DC94 
 167      1436
 168              		.text
 169              		.section	.gnu.lto_.refs.b66e1ccc,"",%progbits
 170 0000 789C6366 		.ascii	"x\234cf```d\200\002\000\000=\000\005"
 170      60606064 
 170      80020000 
 170      3D0005
 171              		.text
 172              		.section	.gnu.lto_.decls.b66e1ccc,"",%progbits
 173 0000 789CBD58 		.ascii	"x\234\275XkPTG\026\236\276=\274\206\001\\\335\325\024"
 173      6B505447 
 173      169EBE3D 
 173      BC86015C 
 173      DDD514
 174 0013 95AD25A6 		.ascii	"\225\255%\246\212J6Q4&\331$U[\011A\263\222*\023vH\374"
 174      8A4A3651 
 174      3426D924 
 174      555B0941 
 174      B3922A13 
 175 002a 13AA08C2 		.ascii	"\023\252\010\302$R%\214\313\214[\361\337\305\3611\310"
 175      2452258C 
 175      CB8C5BF1 
 175      DFC5F131 
 175      C8
 176 003b 4382A228 		.ascii	"C\202\242(\017G\036:\202(\"AA\336*\242\200\200\242\200"
 176      0F471E3A 
 176      82282241 
 176      41DE2AA2 
 176      8080A280 
 177 004f 088C68E4 		.ascii	"\010\214h\344\251\340\023\020\026\366t\367\2753\303"
 177      A9E01310 
 177      16F674F7 
ARM GAS  C:\Users\srich\AppData\Local\Temp\ccuqQabS.s 			page 13


 177      BD33C3
 178 005e 7560F323 		.ascii	"u`\363#\265\2678w\346\334\376\372\364w\316=}\3720X&"
 178      B5B73877 
 178      E6DCFEFA 
 178      F477CE3D 
 178      7DFA3058 
 179 0073 93A52199 		.ascii	"\223\245!\231l\006\256\204%2\331qN&s\200g\0012\353%"
 179      6C06AE84 
 179      2532D971 
 179      4E267380 
 179      670132EB 
 180 0088 07290629 		.ascii	"\007)\006)\005)\003\251\220\275z\221qwa\036\371T\202"
 180      052903A9 
 180      90BD7A91 
 180      7177611E 
 180      F95482
 181 009b 14802C06 		.ascii	"\024\200,\006y\003\344K\220\265 \227A\026\300z\356 "
 181      7903E44B 
 181      90B52097 
 181      4116C07A 
 181      EE20
 182 00ad 4FE17B0B 		.ascii	"O\341{\013H=\010\006q\205g\034\210\014\321?jSz\021\016"
 182      483D0806 
 182      7185671C 
 182      880CD13F 
 182      6A537A11 
 183 00c2 6E76D6B1 		.ascii	"nv\326\261]C\264/\332~*\254\313\021<b\353 \301\226\364"
 183      5D43B42F 
 183      DA7E2AAC 
 183      CB113C62 
 183      EB20C196 
 184 00d7 22FEB9CC 		.ascii	"\"\376\271\314\341\007\261\021\002\023\277\007Y*\330"
 184      E107B111 
 184      0213BF07 
 184      592AD8
 185 00e6 F85AF82C 		.ascii	"\370Z\370,c\264e\233\321l{$V\212y\370J\271\222\351\234"
 185      63B4659B 
 185      D16C7B24 
 185      568A79F8 
 185      4AB992E9 
 186 00fb 60D35E9C 		.ascii	"`\323^\234\037s\250\344\344\263F\327~\016\271+\274\210"
 186      1F73A8E4 
 186      E4B346D7 
 186      7E0EB92B 
 186      BC88
 187 010d 5A9A5497 		.ascii	"Z\232T\227\342\010\252R!'je\305x\255\002\203\011\370"
 187      E208AA52 
 187      21276A65 
 187      C578AD02 
 187      8309F8
 188 0120 9E9572B7 		.ascii	"\236\225r\267U\361n.\317\363\006\276\252\035YM\304\031"
 188      55F16E2E 
 188      CFF306BE 
 188      AA1D594D 
 188      C419
 189 0132 CC571478 		.ascii	"\314W\024x!\005E\037=\037\347\004\363\337P\320\241\236"
 189      2105451F 
ARM GAS  C:\Users\srich\AppData\Local\Temp\ccuqQabS.s 			page 14


 189      3D1FE704 
 189      F3DF50D0 
 189      A19E
 190 0144 D4896C17 		.ascii	"\324\211l\027\252\222\224\360\200G\\\335\003>\313\035"
 190      AA9294F0 
 190      80475CDD 
 190      033ECB1D 
 191 0154 792BB2C1 		.ascii	"y+\262\301\320hyR\355\353</G\247\220\002\345!\214r\321"
 191      D0687952 
 191      EDEB3C2F 
 191      47A79002 
 191      E5218C72 
 192 0169 BB843699 		.ascii	"\273\2046\231M.\003\317o\343\023\365\274K\235\273\014"
 192      4D2E03CF 
 192      6FE313F5 
 192      BC4B9DBB 
 192      0C
 193 017a 1D439EC8 		.ascii	"\035C\236\310\204<e\350$\362\006\004\305\242\023\360"
 193      843C65E8 
 193      24F20604 
 193      C5A213F0 
 194 018a 301F1E82 		.ascii	"0\037\036\202\341KS\025\333\035\220\302\333\376\244"
 194      E14B5315 
 194      DB1D90C2 
 194      DBFEA4
 195 0199 D3762651 		.ascii	"\323v&Q\012q;\222\026\023\012\005@\341\270\225\0020"
 195      0A713B92 
 195      16130A05 
 195      40E1B895 
 195      0230
 196 01ab B23868C8 		.ascii	"\2628h\310/(s\221\303\013\247\240\357hd\0165\237HUZ"
 196      2F287391 
 196      C30BA7A0 
 196      EF68640E 
 196      359F4855 
 197 01c0 9E1522FA 		.ascii	"\236\025\"\3720\177\317\363\213\312%\311`\226\020X "
 197      307FCFF3 
 197      8BCA25C9 
 197      60961058 
 197      20
 198 01d1 47018B2D 		.ascii	"G\001\213-\014d\250\010\301\226@g\220\234Y-l\315\313"
 198      0C64A808 
 198      C1964067 
 198      909C592D 
 198      6CCDCB
 199 01e4 506033A2 		.ascii	"P`3\242q+h\355\310\305^\031\274\261`t\340X\006>\310"
 199      712B68ED 
 199      C8C55E19 
 199      BCB16074 
 199      E058063E 
 200 01f9 1BB7F1D3 		.ascii	"\033\267\361\32333\210\316B\277Xx\311\310w\312\013\025"
 200      333388CE 
 200      42BF5878 
 200      C9C877CA 
 200      0B15
 201 020b 23AF39B8 		.ascii	"#\2579\270u\236\231~\3441'\215s\224\306Y\221FC\334\256"
 201      759E997E 
ARM GAS  C:\Users\srich\AppData\Local\Temp\ccuqQabS.s 			page 15


 201      E431278D 
 201      7394C659 
 201      914643DC 
 202 0220 4B4A7C8A 		.ascii	"KJ|\212\275\343\362\372\352\027\016\224\206\361P\226"
 202      BDE3F2FA 
 202      EA170E94 
 202      86F15096 
 203 0230 631D5F35 		.ascii	"c\035_53\363)\231\200Jl\030\224\210\014J)\203}\347J"
 203      33F32999 
 203      804A6C18 
 203      94880C4A 
 203      29837DE7 
 204 0245 F46EB89A 		.ascii	"\364n\270\232\031(x\230\242wb\006J-\006\210\013\347"
 204      19287898 
 204      A2776206 
 204      4A2D0688 
 204      0BE7
 205 0257 6D0C9C17 		.ascii	"m\014\234\027\015\224Q\003\035q\374\270\034w3\003\023"
 205      0D945103 
 205      1D71FCB8 
 205      1C773303 
 205      13
 206 0268 55634382 		.ascii	"UcC\202\201\256Y\014\312m\014\224\213\006*\250\0011"
 206      81AE590C 
 206      CA6D0C94 
 206      8B062AA8 
 206      0131
 207 027a E916B3A4 		.ascii	"\351\026\263\244K\250?T\215\251:CM\036hi?+\307#\314"
 207      4BA83F54 
 207      8DA93A43 
 207      4D1E6869 
 207      3F2BC723 
 208 028f FEEECEE3 		.ascii	"\376\356\316\343\015Nx\214*\\\322\275g9HL\231\321$\036"
 208      0D4E788C 
 208      2A5CD2BD 
 208      6739484C 
 208      99D1241E 
 209 02a3 BF2643EF 		.ascii	"\277&C\357z\242\267!_.B\276,\026\362\245\022bW%\346"
 209      7AA2B721 
 209      5F2E42BE 
 209      2C16F2A5 
 209      12625725 
 210 02b8 4BF94B33 		.ascii	"K\371K3\"\371r\001\302]c\315\227\305\226t\341\314m9"
 210      22F97201 
 210      C25D63CD 
 210      97C59674 
 210      E1CC6D39 
 211 02cc FFB46FB4 		.ascii	"\377\264o\264v.\243q;\352\377D\214^\002\243\325V\243"
 211      762EA371 
 211      3BEAFF44 
 211      8C5E02A3 
 211      D556A3
 212 02df 176C92F0 		.ascii	"\027l\222\360V\\\364\001\254\000\243\372\337`\024]F"
 212      565CF401 
 212      AC00A3FA 
 212      DF60145D 
 212      46
ARM GAS  C:\Users\srich\AppData\Local\Temp\ccuqQabS.s 			page 16


 213 02f0 0A98D317 		.ascii	"\012\230\323\027\313?\223\323\315m4S\357\233\256\316"
 213      CB3F93D3 
 213      CD6D3453 
 213      EF9BAECE 
 214 0300 18DCE9F6 		.ascii	"\030\334\351\366\336\376:\321w]m\353p\304\321\230\016"
 214      DEFE3AD1 
 214      775D6DEB 
 214      70C4D198 
 214      0E
 215 0311 3EACC9FE 		.ascii	">\254\311\376\211-\360\233v\017\3148\337p\374\024G\355"
 215      892DF09B 
 215      760FCC38 
 215      DF70FC14 
 215      47ED
 216 0323 F39C6D31 		.ascii	"\363\234m1Q\262b2\226e\036BTu\"\252y:\221\367 \013\360"
 216      51B26232 
 216      96651E42 
 216      547522AA 
 216      793A91F7 
 217 033a C2023060 		.ascii	"\302\0020`\223\227M\304Y\364\226'\272\306\214\237)\034"
 217      93974DC4 
 217      59F49627 
 217      BAC68C9F 
 217      291C
 218 034c 6B725F98 		.ascii	"kr_\230H\341<\357\245\243\011\336\000\360F\012oF\013"
 218      48E13CEF 
 218      A5A309DE 
 218      00F0460A 
 218      6F460B
 219 035f C549B408 		.ascii	"\305I\264\010\015>\233r\260E\327\317\207\356\316-\275"
 219      0D3E9B72 
 219      B045D7CF 
 219      87EECE2D 
 219      BD
 220 0370 E88A6399 		.ascii	"\350\212c\231\337\265\003\025\011J\346\205#\315\341"
 220      DFB50315 
 220      094AE685 
 220      23CDE1
 221 037f CABC1817 		.ascii	"\312\274\030\027J\373{\242\336i\276\231\307b\266\204"
 221      4AFB7BA2 
 221      DE69BE99 
 221      C762B684 
 222 038f A8D3F70C 		.ascii	"\250\323\367\014O\035\346\366\342\226\350\305M\346E"
 222      4F1DE6F6 
 222      E296E8C5 
 222      4DE645
 223 039e 45C1F041 		.ascii	"E\301\360AG\251\0277\000\336J\341m\224\327-\221Wv\373"
 223      47A91737 
 223      00DE4AE1 
 223      6D94D72D 
 223      915776FB 
 224 03b2 9E348C13 		.ascii	"\2364\214\023\031\257]i3\231n\370\020S\222\313\322\222"
 224      19AF5D69 
 224      33996EF8 
 224      105392CB 
 224      D292
 225 03c4 18299EEA 		.ascii	"\030)\236\352\215\031\351g1>\314\006/\266t\346\261\252"
ARM GAS  C:\Users\srich\AppData\Local\Temp\ccuqQabS.s 			page 17


 225      8D19E967 
 225      313ECC06 
 225      2FB674E6 
 225      B1AA
 226 03d6 6DA4BAE1 		.ascii	"m\244\272\341\322x\263\034\233\330\240\370\222\224\302"
 226      D278B31C 
 226      9BD8A0F8 
 226      9294C2
 227 03e5 4B7A905F 		.ascii	"Kz\220_\233\345\216\363\005\337\033[\356\263Wd\244\203"
 227      9BE58EF3 
 227      05DF1B5B 
 227      EEB35764 
 227      A483
 228 03f7 2F06AA8F 		.ascii	"/\006\252\217:\341\263lpboL23\313c\242\317\024\247\\"
 228      3AE1B36C 
 228      70626F4C 
 228      3233CB63 
 228      A2CF14A7 
 229 040c 71C3656C 		.ascii	"q\303el\260\341`v\266\222\315\244\203\235\015\211\223"
 229      B0E16076 
 229      B692CDA4 
 229      839D0D89 
 229      93
 230 041d 4A5CCB06 		.ascii	"J\\\313\006\367\214\266\304\013liEz\23035\310\022\221"
 230      F78CB6C4 
 230      0B6C6945 
 230      7A983335 
 230      C81291
 231 0430 77A79CC6 		.ascii	"w\247\234\306\213\217\261\230\262\274\344_\356\027B"
 231      8B8FB198 
 231      B2BCE45F 
 231      EE1742
 232 043f FE375A5C 		.ascii	"\3767Z\\\253\3667\273\314\035\343A1\306\003,\306\255"
 232      ABF637BB 
 232      CC1DE341 
 232      31C6032C 
 232      C6AD
 233 0451 D732F6BD 		.ascii	"\3272\366\275\222)}\000\357\247\360!\032\343A1\306\223"
 233      92297D00 
 233      EFA7F021 
 233      1AE34131 
 233      C693
 234 0463 D3C747DC 		.ascii	"\323\307G\334p=#\232S5\026\313\202c\244DM\225I\307\004"
 234      703D239A 
 234      533516CB 
 234      8263A444 
 234      4D9549C7 
 235 0478 A21E34CC 		.ascii	"\242\0364\314\007\315E\214\350(\305oo349Q}\204\352\307"
 235      07CD458C 
 235      E828C56F 
 235      6F333439 
 235      517D84EA 
 236 048d 1EDD2870 		.ascii	"\036\335(p\236\233\351c\221\351(c:\336}\266\334\303"
 236      9E9BE963 
 236      91E92863 
 236      3ADE7DB6 
 236      DCC3
ARM GAS  C:\Users\srich\AppData\Local\Temp\ccuqQabS.s 			page 18


 237 049f CA14D10D 		.ascii	"\312\024\321\015\377\010\340#\024\376\2042},2\235\256"
 237      FF08E023 
 237      14FE8432 
 237      7D2C329D 
 237      AE
 238 04b0 98A857DA 		.ascii	"\230\250W\332\242/\317\207>\334\3728U\211o\316\316i"
 238      A22FCF87 
 238      3EDCFA38 
 238      55896FCE 
 238      CE69
 239 04c2 A590D3A3 		.ascii	"\245\220\323\243\306sw]\230_G(`&gx\2573\005$\376\221"
 239      C673775D 
 239      985F4728 
 239      60266778 
 239      AF330524 
 240 04d8 E899DB4A 		.ascii	"\350\231\333J\373\334\250\256w z\336\344\215\241y\322"
 240      FBDCA8AE 
 240      77207ADE 
 240      E48DA179 
 240      D2
 241 04e9 7C42746C 		.ascii	"|Btl\2349\026\177\373\214\\\372\006^\000z\214\242_R"
 241      9C39167F 
 241      FB8C5CFA 
 241      065E007A 
 241      8CA25F52 
 242 04fd A61322D3 		.ascii	"\246\023\"\323[\227n\337q\303\355\214\251\251\350\246"
 242      5B976EDF 
 242      71C3ED8C 
 242      A9A9E8A6 
 243 050d 9965E028 		.ascii	"\231e\340(\255\022\243\343S\327]p/\033\324\237\350\236"
 243      AD12A3E3 
 243      53D75D70 
 243      2F1BD49F 
 243      E89E
 244 051f 50303748 		.ascii	"P07H\275\362\2300\305\376\005-\025\257E\344\346m$\005"
 244      BDF29830 
 244      C5FE052D 
 244      15AF45E4 
 244      E66D2405 
 245 0533 B469CFCB 		.ascii	"\264i\317\313/\223x>\3735\262\026\232\204\022j\340\026"
 245      2F93783E 
 245      FB35B216 
 245      9A84126A 
 245      E016
 246 0545 5918A029 		.ascii	"Y\030\240)J\343\257p\223\031\371\355\321\306\306w\352"
 246      4AE3AF70 
 246      9319F9ED 
 246      D1C6C677 
 246      EA
 247 0556 56A01640 		.ascii	"V\240\026@^\027\220b\245\000\227l\200z\343@\236# I-"
 247      5E179062 
 247      A500976C 
 247      807AE340 
 247      9E232049 
 248 056b F98F80B4 		.ascii	"\371\217\200\264\324\304i\211\315N\321\346]\251\315"
 248      D4C46989 
 248      CD4ED1E6 
ARM GAS  C:\Users\srich\AppData\Local\Temp\ccuqQabS.s 			page 19


 248      5DA9CD
 249 057a 5E5B24CF 		.ascii	"^[$\317\033\257\021$\354|\324. \305z \024++\362\266"
 249      1BAF1124 
 249      EC7CD42E 
 249      20C57A20 
 249      142B2BF2 
 250 058f 88EC9122 		.ascii	"\210\354\221\"\315\022\344\035\021yO\212\274/A\266\213"
 250      CD12E41D 
 250      11794F8A 
 250      BC2F41B6 
 250      8B
 251 05a0 C84E29F2 		.ascii	"\310N)\362\216\304\243.\321\243_\245\036=\260\"\177"
 251      8EC4A32E 
 251      D1A35FA5 
 251      1E3DB022 
 251      7F
 252 05b1 165EFA67 		.ascii	"\026^\372g:\031\252\203\361+t\210\240\341\264@\361\234"
 252      3A19AA83 
 252      F12B7488 
 252      A0E1B440 
 252      F19C
 253 05c3 37E2B9A5 		.ascii	"7\342\271\245H\017\022\007\262\023d7\310v\220m ;@v\201"
 253      480F1207 
 253      B2136437 
 253      C876906D 
 253      203B4076 
 254 05d8 C480C482 		.ascii	"\304\200\304\202\314\240\245(\232[J\017=\312\266\233"
 254      CCA0A528 
 254      9A5B4A0F 
 254      3DCAB69B 
 255 05e8 70801D8C 		.ascii	"p\200\035\214\206\005\016\342\276F\017%l;D\266]R\266"
 255      86050EE2 
 255      BE460F25 
 255      6C3B44B6 
 255      5D52B6
 256 05fb DD1264CF 		.ascii	"\335\022d\317;)+\320S@>\023\220\342\236B\317%\310&\321"
 256      3B292BD0 
 256      53403E13 
 256      90E29E42 
 256      CF25C826 
 257 0610 6687D4E6 		.ascii	"f\207\324\346m+\222\234\340\346\372<G\036\021\210L\354"
 257      6D2B929C 
 257      E0E6FA3C 
 257      471E1188 
 257      4CEC
 258 0622 522CFDC0 		.ascii	"R,\375\300\360\363\251Iw\264\310\333^\244\320\036\010"
 258      F0F3A949 
 258      77B4C8DB 
 258      5EA4D01E 
 258      08
 259 0633 D0EF112C 		.ascii	"\320\357\021,Jb0\0269\243\004\260v\325\332C\020Jb\017"
 259      4A623016 
 259      39A304B0 
 259      76D5DA43 
 259      104A620F 
 260 0647 71F46793 		.ascii	"q\364g\223\321Q\271\333\332 S\260uW'rJ\332V\301'\240"
 260      D151B9DB 
ARM GAS  C:\Users\srich\AppData\Local\Temp\ccuqQabS.s 			page 20


 260      DA2053B0 
 260      75572772 
 260      4ADA56C1 
 261 065d CBBA6306 		.ascii	"\313\272c\006Y\3150;\223\331Wg\366F;\320\315\030G7g"
 261      59CD303B 
 261      93D95767 
 261      F6463BD0 
 261      CD184737 
 262 0672 615FFC4E 		.ascii	"a_\374N\017\234)g}\225\376J\256B\354\036\014\277\251"
 262      0F9C2967 
 262      7D95FE4A 
 262      AE42EC1E 
 262      0CBFA9
 263 0685 7B286F3A 		.ascii	"{(o:Y\343\201\363\330\374\372gU\005.\3704S\236\217\324"
 263      59E381F3 
 263      D8FCFA67 
 263      55052EF8 
 263      34539E8F 
 264 069a 7439E362 		.ascii	"t9\343b\246d'\357?\301\226\245,\212\032\364\025\216"
 264      A66427EF 
 264      3FC196A5 
 264      2C8A1AF4 
 264      158E
 265 06ac F83C1B2B 		.ascii	"\370<\033+\212\371\245\321\021W\013&z\307\237\262\232"
 265      8AF9A5D1 
 265      11570B26 
 265      7AC79FB2 
 265      9A
 266 06bd B78032DA 		.ascii	"\267\2002\332\277\257\026\341KlL<\323\335\331\231>\266"
 266      BFAF16E1 
 266      4B6C4C3C 
 266      D3DDD999 
 266      3EB6
 267 06cf 633486D5 		.ascii	"c4\206\325\025%Q\373\022M\247\330LW\372O\320\343\214"
 267      152551FB 
 267      124DA7D8 
 267      4C57FA4F 
 267      D0E38C
 268 06e2 FD6E73D7 		.ascii	"\375ns\327>#'\324\276\303\034\365#\275\271-\325MZ\324"
 268      3E2327D4 
 268      BEC31CF5 
 268      23BDB92D 
 268      D54D5AD4 
 269 06f6 D3394F94 		.ascii	"\3239O\224\301\021\370\021n\2418\2116\004\223\335\327"
 269      C111F811 
 269      6EA13889 
 269      360493DD 
 269      D7
 270 0707 5DA5457D 		.ascii	"]\245E}Nt\345\263'3\256\370\012s\342\340XC\255\007\245"
 270      4E74E5B3 
 270      2733AEF8 
 270      0A73E2E0 
 270      5843AD07 
 271 071c F91A519B 		.ascii	"\371\032Q\233k/t\272\342F6f\340\365\371\012|\203)\246"
 271      6B2F74BA 
 271      E2463666 
 271      E0F5F90A 
ARM GAS  C:\Users\srich\AppData\Local\Temp\ccuqQabS.s 			page 21


 271      7C8329A6 
 272 0730 DE6B49AC 		.ascii	"\336kI\254\230\277EK\352\375\241T\250\267ll0\323\324"
 272      98BF454B 
 272      EAFDA154 
 272      A8B76C6C 
 272      30D3D4
 273 0743 AEC45D4C 		.ascii	"\256\304]L\351\031\353\251a\307\331\012\242VoK/v\305"
 273      E919EBA9 
 273      61C7D90A 
 273      A2566F4B 
 273      2F76C5
 274 0756 BD6CAC6F 		.ascii	"\275l\254o8iD\216\373\231\022]\225\177\203\001?\242"
 274      3869448E 
 274      FB99125D 
 274      957F8301 
 274      3FA2
 275 0768 67CD93CC 		.ascii	"g\315\223\314\235\316\370!\033+\314\312)f\261\375\214"
 275      9DCEF821 
 275      1B2BCCCA 
 275      2966B1FD 
 275      8C
 276 0779 C63DF6F4 		.ascii	"\306=\366\364\214\323\334\321+\020\243\3676\015^tz\216"
 276      8CD3DCD1 
 276      2B10A3F7 
 276      360D5E74 
 276      7A8E
 277 078b 190BE130 		.ascii	"\031\013\3410\212'\307)\010G\012\015\307i\032\216\002"
 277      8A27C729 
 277      08470A0D 
 277      C7691A8E 
 277      02
 278 079c 311C57F6 		.ascii	"1\034W\366\246\3679\332\242\367q\363\240Kj\332\246]"
 278      A6F739DA 
 278      A2F771F3 
 278      A04B6ADA 
 278      A65D
 279 07ae F193D92C 		.ascii	"\361\223\331,\225\214\345\224\236?\343\202_\260\261"
 279      958CE594 
 279      9E3FE382 
 279      5FB0B1
 280 07bd 92D38913 		.ascii	"\222\323\211\023\354\224_K\324\032\003\177D\211_\312"
 280      EC945F4B 
 280      D41A037F 
 280      44895FCA 
 281 07cd 67355E   		.ascii	"g5^"
 282 07d0 EE42E395 		.ascii	"\356B\343\225p2\373){\011\264\3551\035\271\323\200\347"
 282      7032FB29 
 282      7B09B4ED 
 282      311DB9D3 
 282      80E7
 283 07e2 F6B654F4 		.ascii	"\366\266T\364\266D\310\225\241\346\\\017\351Ay\016\034"
 283      B644C895 
 283      A1E65C0F 
 283      E941790E 
 283      1C
 284 07f3 48A50E9C 		.ascii	"H\245\016\234\247\016\224\212\016\354\2368]\211m\321"
 284      A70E948A 
ARM GAS  C:\Users\srich\AppData\Local\Temp\ccuqQabS.s 			page 22


 284      0EEC9E38 
 284      5D896DD1 
 285 0803 C4DD39D1 		.ascii	"\304\3359\321#\205&h\000\246\205\267W1\314\263\306&"
 285      23852668 
 285      00A685B7 
 285      5731CCB3 
 285      C626
 286 0815 C0B64374 		.ascii	"\300\266Ct\027:\304\344\372s]l\003\320\323?\367\376"
 286      173AC4E4 
 286      FA735D6C 
 286      03D0D33F 
 286      F7FE
 287 0827 E9FE79DA 		.ascii	"\351\376y\332\230j\321\013\023\333\271\245\231EaR'*"
 287      986AD10B 
 287      13DBB9A5 
 287      99456152 
 287      272A
 288 0839 815615A5 		.ascii	"\201V\025\245UCiU\213\264^L\346\365\275\342\304\234"
 288      55436955 
 288      8BB45E4C 
 288      E6F5BDE2 
 288      C49C
 289 084b E8E15B17 		.ascii	"\350\341[\027b\225X\357@Y\036N(\234`\015\350f\242\356"
 289      629558EF 
 289      40591E4E 
 289      289C600D 
 289      E866A2EE 
 290 085f 3CB0BD51 		.ascii	"<\260\275Q\216\015l\254\250\362\314\023\266g\015D_r"
 290      8E0D6CAC 
 290      A8F2CC13 
 290      B6670D44 
 290      5F72
 291 0871 B2E74191 		.ascii	"\262\347A\221\263\2657Xj\333%x\223\263\334|(\377\252"
 291      B3B53758 
 291      6ADB2578 
 291      93B3DC7C 
 291      28FFAA
 292 0884 92174EF3 		.ascii	"\222\027N\3634\016\243N\333\323\234E\364\030\262\234"
 292      340EA34E 
 292      DBD39C45 
 292      F418B29C 
 293 0894 FC07F3C5 		.ascii	"\374\007\363\305\223\377\220}\254\265I(\261@k\245\320"
 293      93FF907D 
 293      ACB54928 
 293      B1406BA5 
 293      D0
 294 08a5 CB12E81E 		.ascii	"\313\022\350\036\013\364\200\024\232b\013\335\027m\314"
 294      0BF48014 
 294      9A620BDD 
 294      176DCC
 295 08b4 5B06C842 		.ascii	"[\006\310Bn!:# \305<GE\022\243\271\026\243'\245F\363"
 295      6E213A23 
 295      20C53C47 
 295      4512A3B9 
 295      16A327A5 
 296 08ca 67B9B54F 		.ascii	"g\271\265Oo\314\247X\362\012\316J\261\305\263C\020m"
 296      6FCCA758 
ARM GAS  C:\Users\srich\AppData\Local\Temp\ccuqQabS.s 			page 23


 296      F20ACE4A 
 296      B1C5B343 
 296      106D
 297 08dc 4C5D06E7 		.ascii	"L]\006\347d&0\310\022\240b\231B\331\263\270\352\215"
 297      642630C8 
 297      12A06299 
 297      42D9B3B8 
 297      EA8D
 298 08ee F116ABC9 		.ascii	"\361\026\253\311R\253o\315F\236\260 \177\261\277\276"
 298      52AB6FCD 
 298      469EB020 
 298      7FB1BFBE 
 299 08fe D5ADE316 		.ascii	"\325\255\343\026\267N\330w\313\012M\260@\367\333]\337"
 299      B74ED877 
 299      CB0A4DB0 
 299      40F7DB5D 
 299      DF
 300 090f E6BDA65B 		.ascii	"\346\275\246[\240G\245\320c\266V\241\3678G\336\000\344"
 300      A047A5D0 
 300      63B656A1 
 300      F73847DE 
 300      00E4
 301 0921 27EDD308 		.ascii	"'\355\323\010R\314ZtivX\243\215\247\010\364\002@/r\022"
 301      52CC5A74 
 301      697658A3 
 301      8DA708F4 
 301      02402F72 
 302 0936 682B9A4D 		.ascii	"h+\232M5\305\262\376A\373\031`\3035\303\2025\331\347"
 302      35C5B2FE 
 302      41FB1960 
 302      C335C382 
 302      35D9E7
 303 0949 6A833559 		.ascii	"j\2035Y\260yRl\256\024{\330\202=n\037\373Jg\3673\270"
 303      B079526C 
 303      AE147BD8 
 303      823D6E1F 
 303      FB4A67F7 
 304 095f 9344873A 		.ascii	"\223D\207:\205f\245\033\232\225fhBn\200\324\203\264"
 304      8566A51B 
 304      9A956668 
 304      426E80D4 
 304      83B4
 305 0971 815C01A9 		.ascii	"\201\\\001\251\003i\002\351\002i\005i\007\271\015\322"
 305      036902E9 
 305      02690569 
 305      07B90DD2 
 306 0981 01721DA4 		.ascii	"\001r\035\244\021\244\001\244\005\344\032\310\035\220"
 306      11A401A4 
 306      05E41AC8 
 306      1D90
 307 098f 5B203741 		.ascii	"[ 7A\256Z:?\010\351I\022\3222\010i\271\300Q,|\250B\362"
 307      AE5A3A3F 
 307      08E94912 
 307      D2320869 
 307      B9C0512C 
 308 09a7 F6D32CEE 		.ascii	"\366\323,\356\344H\335a\0155s\235\266H\261\371\244O"
 308      E448DD61 
ARM GAS  C:\Users\srich\AppData\Local\Temp\ccuqQabS.s 			page 24


 308      0D35739D 
 308      B648B1F9 
 308      A44F
 309 09b9 EBB4D7A7 		.ascii	"\353\264\327\247m\357H7:\"\357E\024W\032\341\214\314"
 309      6DEF4837 
 309      3A22EF45 
 309      14571AE1 
 309      8CCC
 310 09cb 60692F67 		.ascii	"`i/g\351\244:\305N\312^`P\017\304\343\377\021\033(}"
 310      E9A43AC5 
 310      4ECA5E60 
 310      500FC4E3 
 310      FF111B28 
 311 09e0 31FB6E16 		.ascii	"1\373n\026\271\316j\343\314\263\332\270\273B\033w\227"
 311      B9CE6AE3 
 311      CCB3DAB8 
 311      BB421B77 
 311      97
 312 09f1 B6717579 		.ascii	"\266quy\351\337\343\004Z4\345\367\322\012\212=\220\267"
 312      E9DFE304 
 312      5A34E5F7 
 312      D20A8A3D 
 312      90B7
 313 0a03 A727FDF9 		.ascii	"\247'\375\371\325\300\177\206\036\300N\354\345\2605"
 313      D5C07F86 
 313      1EC04EEC 
 313      E5B035
 314 0a12 10B21478 		.ascii	"\020\262\024x>\376)\031\200\257\316\364\323\316OY\367"
 314      3EFE2919 
 314      80AFCEF4 
 314      D3CE4F59 
 314      F7
 315 0a23 C0C507F4 		.ascii	"\300\305\007\364X\370\025\"p\237\235n\275{\037\307\320"
 315      58F81522 
 315      709F9D6E 
 315      BD7B1FC7 
 315      D0
 316 0a34 7F1A09DA 		.ascii	"\177\032\011\332\360\277\320;\333v\266az&\365\323\212"
 316      F0BFD03B 
 316      DB76B661 
 316      7A26F5D3 
 316      8A
 317 0a45 9E7AB8ED 		.ascii	"\236z\270\355\021\353Z\376L\017\354\262\376\347\354"
 317      11EB5AFE 
 317      4C0FECB2 
 317      FEE7EC
 318 0a54 A0A53F55 		.ascii	"\240\245?U\351;\242\267\315\363\353\321\220xD\0152\343"
 318      E93BA2B7 
 318      CDF3EBD1 
 318      9078440D 
 318      32E3
 319 0a66 8DFD95F1 		.ascii	"\215\375\225\361\216\266m\026q\264\037\026\037\240\311"
 319      8EB66D16 
 319      71B41F16 
 319      1FA0C9
 320 0a75 334C4F9D 		.ascii	"3LO\235!\361\3249\221\373\364\320\254\377\313\373\346"
 320      21F1D439 
ARM GAS  C:\Users\srich\AppData\Local\Temp\ccuqQabS.s 			page 25


 320      91FBF4D0 
 320      ACFFCBFB 
 320      E6
 321 0a86 43FF9A94 		.ascii	"C\377\232\224<\212\361^v\016\361);\273\335p\032S\232"
 321      3C8AF15E 
 321      760EF129 
 321      3BBBDD70 
 321      1A539A
 322 0a99 A72BE3E5 		.ascii	"\247+\343\345o\036\341\233\215\005\003\2734\321\211"
 322      6F1EE19B 
 322      8D0503BB 
 322      34D189
 323 0aa8 6630477E 		.ascii	"f0G~\300D\017!\217\037A*\225!/\033\273#$\360\350(\342"
 323      C0440F21 
 323      8F1F412A 
 323      95212F1B 
 323      BB2324F0 
 324 0abf 6468947B 		.ascii	"dh\224{S\346\274%<R\267\352\275`\235\343?\276\372\326"
 324      53E6BC25 
 324      3C52B7EA 
 324      BD609DE3 
 324      3FBEFAD6 
 325 0ad3 CB4FA608 		.ascii	"\313O\246\010\016\026\237\374\020\372IP\350\306\360"
 325      0E169FFC 
 325      10FA4950 
 325      E8C6F0
 326 0ae2 0DE15ADD 		.ascii	"\015\341Z\335\226\260pM\220N\243\331\244\015\3721r\213"
 326      96B0704D 
 326      904EA3D9 
 326      A40DFA31 
 326      728B
 327 0af4 17FDE615 		.ascii	"\027\375\346\025\022\025\341\245\216\330\240\016\013"
 327      1215E1A5 
 327      8ED8A00E 
 327      0B
 328 0b01 538705BD 		.ascii	"S\207\005\275\277\374c\257\367V\254\374\340_\253\202"
 328      BFFC63AF 
 328      F756ACFC 
 328      E05FAB82 
 329 0b11 E0F9B248 		.ascii	"\340\371\262HM\244z\231:dCxPxd\350\246-a\352\240\210"
 329      4DA47A99 
 329      3A644378 
 329      507864E8 
 329      A62D61EA 
 330 0b27 10B015A9 		.ascii	"\020\260\025\251\016\012\016S\377\020\262e\223.X\267"
 330      0E0A0E53 
 330      FF10B265 
 330      932E58B7 
 331 0b37 75B35ABB 		.ascii	"u\263Z\273|\243\354\273\337u\031\355VmP\260V\027\006"
 331      7CA3ECBB 
 331      DF7519ED 
 331      566D50B0 
 331      561706
 332 0b4a 3E80ED05 		.ascii	">\200\355\005\221\377\016\017]\023\031\262a\223z\275"
 332      91FF0E0F 
 332      5D1319B2 
 332      61937ABD 
ARM GAS  C:\Users\srich\AppData\Local\Temp\ccuqQabS.s 			page 26


 333 0b5a 3A54A789 		.ascii	":T\247\211\372{\350'>~d\261@\272\230\017]X\243]\371"
 333      FA7BE827 
 333      3E7E64B1 
 333      40BA980F 
 333      5D58A35D 
 334 0b6f E14A1F1F 		.ascii	"\341J\037\037\215\326gc\310&\237\315\232(\235\326'T"
 334      8DD66763 
 334      C8269FCD 
 334      9A289DD6 
 334      2754
 335 0b81 1311A189 		.ascii	"\023\021\241\211\364\361U\255\363[\367\223\0171\263"
 335      F4F155AD 
 335      F35BF793 
 335      0F31B3
 336 0b90 3C54F607 		.ascii	"<T\366\007\362\271:\\k\265\367:y\022\250\326\005n\325"
 336      F2B93A5C 
 336      6BB5F73A 
 336      7912A8D6 
 336      056ED5
 337 0ba3 EAD4116B 		.ascii	"\352\324\021kC\"\3036\251\243\002\242\3025Q\341\272"
 337      4322C336 
 337      A9A302A2 
 337      C23551E1 
 337      BA
 338 0bb4 AD7475BF 		.ascii	"\255tu\277M\352\220\250\000u$0\372\321\211\204\366\243"
 338      4DEA90A8 
 338      00752430 
 338      FAD18984 
 338      F6A3
 339 0bc6 609D0B0B 		.ascii	"`\235\013\0132\371\366\325z\177\277\340o \024r\377\300"
 339      32F9F6D5 
 339      7A7FBFE0 
 339      6F201472 
 339      FFC0
 340 0bd8 352A17D5 		.ascii	"5*\027\325\032\270\257_\263z\205\334\337o\215\312Y\305"
 340      1AB8AF5F 
 340      B37A85DC 
 340      DF6F8DCA 
 340      59C5
 341 0bea B4953018 		.ascii	"\264\2250\030`\035|\017\006m\324Ur\177\337\317\255\352"
 341      601D7C0F 
 341      066DD455 
 341      727FDFCF 
 341      ADEA
 342 0bfc FB9C7F80 		.ascii	"\373\234\177\200E\371@\036\370\215\277\352\023I\210"
 342      45F9401E 
 342      F88DBFEA 
 342      134988
 343 0c0b AD5E0769 		.ascii	"\255^\007i\264A\352\237tA\241\021\332p\255%\210\241"
 343      B441EA9F 
 343      7441A111 
 343      DA70AD25 
 343      88A1
 344 0c1d 9A287570 		.ascii	"\232(uph\304*\210\240s\240\337\347\224\237\203_\300"
 344      68C42A88 
 344      A073A0DF 
 344      E7949F83 
ARM GAS  C:\Users\srich\AppData\Local\Temp\ccuqQabS.s 			page 27


 344      5FC0
 345 0c2f B7FEAB61 		.ascii	"\267\376\253a\345@\225|\3757_\253\034|\375U~*\034\010"
 345      E540957C 
 345      FD375FAB 
 345      1C7CFD55 
 345      7E2A1C08 
 346 0c43 E2473ED7 		.ascii	"\342G>\327\0068\004\256%\203~_\300m-\271\255\206\233"
 346      063804AE 
 346      25837E5F 
 346      C06D2DB9 
 346      AD869B
 347 0c56 C3BA755F 		.ascii	"\303\272u_\370\252\344\237\223\233/\3508\340\013\025"
 347      F8AAE49F 
 347      939B2FE8 
 347      38E00B15 
 348 0c66 5E0DE2BB 		.ascii	"^\015\342\273Z%\2071\025\270\346\253\002\343\276~*y"
 348      5A258731 
 348      15B8E6AB 
 348      02E3BE7E 
 348      2A79
 349 0c78 E8C69028 		.ascii	"\350\306\220(\347\340\340\037\266D\206\006\007\273\211"
 349      E7E0E01F 
 349      B6448606 
 349      07BB89
 350 0c87 5F967FF8 		.ascii	"_\226\177\370\341\307\037\375\027jg\253y"
 350      E1C71FFD 
 350      176A67AB 
 350      79
 351              		.text
 352              		.section	.gnu.lto_.symtab.b66e1ccc,"",%progbits
 353 0000 6E766963 		.ascii	"nvicEnableVector\000\000\000\000\000\000\000\000\000"
 353      456E6162 
 353      6C655665 
 353      63746F72 
 353      00000000 
 354 0019 000000B6 		.ascii	"\000\000\000\266\000\000\000nvicDisableVector\000\000"
 354      0000006E 
 354      76696344 
 354      69736162 
 354      6C655665 
 355 0033 00000000 		.ascii	"\000\000\000\000\000\000\000\000\000\000\272\000\000"
 355      00000000 
 355      0000BA00 
 355      00
 356 0040 006E7669 		.ascii	"\000nvicSetSystemHandlerPriority\000\000\000\000\000"
 356      63536574 
 356      53797374 
 356      656D4861 
 356      6E646C65 
 357 0062 00000000 		.ascii	"\000\000\000\000\000\000\000\274\000\000\000nvicCle"
 357      000000BC 
 357      0000006E 
 357      76696343 
 357      6C65
 358 0074 61725065 		.ascii	"arPending\000\000\000\000\000\000\000\000\000\000\000"
 358      6E64696E 
 358      67000000 
ARM GAS  C:\Users\srich\AppData\Local\Temp\ccuqQabS.s 			page 28


 358      00000000 
 358      00000000 
 359 0088 00BE0000 		.ascii	"\000\276\000\000\000"
 359      00
 360              		.text
 361              		.section	.gnu.lto_.opts,"",%progbits
 362 0000 272D666E 		.ascii	"'-fno-trapv' '-mcpu=cortex-m3' '-mno-thumb-interwor"
 362      6F2D7472 
 362      61707627 
 362      20272D6D 
 362      6370753D 
 363 0033 6B272027 		.ascii	"k' '-mthumb' '-ggdb' '-O2' '-fomit-frame-pointer' '"
 363      2D6D7468 
 363      756D6227 
 363      20272D67 
 363      67646227 
 364 0066 2D66616C 		.ascii	"-falign-functions=16' '-ffunction-sections' '-fdata"
 364      69676E2D 
 364      66756E63 
 364      74696F6E 
 364      733D3136 
 365 0099 2D736563 		.ascii	"-sections' '-fno-common' '-flto'\000"
 365      74696F6E 
 365      73272027 
 365      2D666E6F 
 365      2D636F6D 
 366              		.text
 367              		.comm	__gnu_lto_v1,1,1
 368              		.comm	__gnu_lto_slim,1,1
 369              		.ident	"GCC: (GNU Tools for ARM Embedded Processors) 4.9.3 20150529 (release) [ARM/embedded-4_9-br
ARM GAS  C:\Users\srich\AppData\Local\Temp\ccuqQabS.s 			page 29


DEFINED SYMBOLS
                            *ABS*:00000000 nvic.c
                            *COM*:00000001 __gnu_lto_v1
                            *COM*:00000001 __gnu_lto_slim

NO UNDEFINED SYMBOLS
