ARM GAS  C:\Users\srich\AppData\Local\Temp\ccOFMw8E.s 			page 1


   1              		.syntax unified
   2              		.cpu cortex-m3
   3              		.fpu softvfp
   4              		.eabi_attribute 20, 1
   5              		.eabi_attribute 21, 1
   6              		.eabi_attribute 23, 3
   7              		.eabi_attribute 24, 1
   8              		.eabi_attribute 25, 1
   9              		.eabi_attribute 26, 1
  10              		.eabi_attribute 30, 2
  11              		.eabi_attribute 34, 1
  12              		.eabi_attribute 18, 4
  13              		.thumb
  14              		.file	"pal.c"
  15              		.text
  16              	.Ltext0:
  17              		.section	.gnu.lto_.profile.ab66c685,"",%progbits
  18 0000 789C6366 		.ascii	"x\234cf```a\200\000F\006\015\031\000\000\340\000M"
  18      60606061 
  18      80004606 
  18      0D190000 
  18      E0004D
  19              		.text
  20              		.section	.gnu.lto_.jmpfuncs.ab66c685,"",%progbits
  21 0000 789C6366 		.ascii	"x\234cf\300\016\344\24143\003##c=#\023##s}=\023\230"
  21      C00EE4A1 
  21      34330323 
  21      23633D23 
  21      13232373 
  22 0018 6264064B 		.ascii	"bd\006K\2243\002I\0000\362\002\265"
  22      94330249 
  22      0030F202 
  22      B5
  23              		.text
  24              		.section	.gnu.lto_.inline.ab66c685,"",%progbits
  25 0000 789C6366 		.ascii	"x\234cf\300\016\336Bif\006\006N\016Ff\006F\020\013H"
  25      C00EDE42 
  25      69660606 
  25      4E0E4666 
  25      0646100B 
  26 0015 38800805 		.ascii	"8\200\010\005\016\266\017z\014l\013\344\231\030\030"
  26      0EB60F7A 
  26      0C6C0BE4 
  26      991818
  27 0024 5FB0B340 		.ascii	"_\260\263@H\020\301\001fr\200\010\0010S\000d\006#\003"
  27      4810C101 
  27      66728008 
  27      01305300 
  27      64062303 
  28 0038 1F2F230B 		.ascii	"\037/#\013\330\010FF0\237Y\001l\0267\323\005~\014c\200"
  28      D8084646 
  28      309F5901 
  28      6C1637D3 
  28      057E0C63 
  29 004d 622806B0 		.ascii	"b(\006\260,\220\227\000\261\024\230\030\230w\210+0\000"
  29      2C909700 
  29      B1149818 
ARM GAS  C:\Users\srich\AppData\Local\Temp\ccOFMw8E.s 			page 2


  29      9877882B 
  29      3000
  30 005f ADB60099 		.ascii	"\255\266\000\231\312\304\300-\214\3440\210\211\234@"
  30      CAC4C02D 
  30      8CE43088 
  30      899C40
  31 006e 09E2DC05 		.ascii	"\011\342\334\005\264F\002d\014\013/\320\223\023\374"
  31      B4460264 
  31      0C0B2FD0 
  31      9313FC
  32 007d 40900100 		.ascii	"@\220\001\000\311\250\037}"
  32      C9A81F7D 
  33              		.text
  34              		.section	.gnu.lto_.pureconst.ab66c685,"",%progbits
  35 0000 789C6366 		.ascii	"x\234cf```g\200\000f\006)F)&I\000\001\273\000^"
  35      60606067 
  35      80006606 
  35      29462926 
  35      490001BB 
  36              		.text
  37              		.section	.gnu.lto_palReadBus.ab66c685,"",%progbits
  38 0000 789C8D90 		.ascii	"x\234\215\220\277K[Q\024\307\317\367\336\227\367\303"
  38      BF4B5B51 
  38      14C7CFF7 
  38      DE97F7C3 
  39 0010 B4288EE2 		.ascii	"\264(\216\342\340\"\016\232>\354\320\301I\360O\360/"
  39      E0220E9A 
  39      3EECD0C1 
  39      49F04FF0 
  39      2F
  40 0021 88713020 		.ascii	"\210q0 D\214B7\2371t\351R\254\203\245\212\212\370\373"
  40      448C4237 
  40      9F3174E9 
  40      52AC83A5 
  40      8A8AF8FB 
  41 0035 474C6C03 		.ascii	"GLl\003:I\207\342\240-E0\304!\035\232B\013-\230V\320"
  41      3A4987E2 
  41      A02D4530 
  41      C4211D9A 
  41      420B2D98 
  42 004b 0CA2E7BC 		.ascii	"\014\242\347\274g!\330\305\007\357\334{\356=\347\363"
  42      6721D8C5 
  42      07EFDC7B 
  42      EE3DE7F3 
  43 005b FD9EABE9 		.ascii	"\375\236\253\351\377\257\211\377\250\"z\312+4A\275\372"
  43      FFAF89FF 
  43      A8227ACA 
  43      2B3441BD 
  43      FA
  44 006c 44346E2B 		.ascii	"D4n+@6\004\032S\030\303OUQ\330\333\2768\016\377PUE-"
  44      4036041A 
  44      5318C34F 
  44      5551D8DB 
  44      BE380EFF 
  45 0084 C4E9FEE4 		.ascii	"\304\351\376\344\341\264))\014I\013\247\323\005\247"
  45      E1B42929 
  45      0C490BA7 
ARM GAS  C:\Users\srich\AppData\Local\Temp\ccOFMw8E.s 			page 3


  45      D305A7
  46 0093 6DC9F352 		.ascii	"m\311\363R\347\223\331\347o\246\346\371F\321_EXA\023"
  46      E793D9E7 
  46      6FA6E6F9 
  46      46D15F45 
  46      584113
  47 00a6 56214258 		.ascii	"V!BXC\033\227\236\217\027\313\226v!m\247\305\342\211"
  47      431B979E 
  47      8F17CB96 
  47      76216DA7 
  47      C5E289
  48 00b9 D9BAC86D 		.ascii	"\331\272\310m\007\2079\257\333\250*\215u\350\332>>\""
  48      078739AF 
  48      DBA82A8D 
  48      75E8DA3E 
  48      3E22
  49 00cb 6CA055CA 		.ascii	"l\240U\312+\351\353B\330L{\236\327p\315\256\271\214"
  49      2BE9EB42 
  49      D84C7B9E 
  49      D770CDAE 
  49      B98C
  50 00dd A99B30C1 		.ascii	"\251\2330\301k\246\361\300\273\271\371\266\374+k\324"
  50      6BA6F1C0 
  50      BBB9F9B6 
  50      FC2B6BD4 
  51 00ed B17FEED0 		.ascii	"\261\177\356\320\334k\030\034B!\016\246\311\301\262"
  51      DC6B181C 
  51      42210EA6 
  51      C9C1B2
  52 00fc 24B52538 		.ascii	"$\265%8$\016\251\314\277\314\372\235\023^\365\031R\371"
  52      240EA9CC 
  52      BFCCFA9D 
  52      135EF519 
  52      52F9
  53 010e CAC7052D 		.ascii	"\312\307\005-\330K\245Y\364k\371\363\027[&\325$\036"
  53      D84BA559 
  53      F46BF9F3 
  53      175B26D5 
  53      241E
  54 0120 DE5FCDFD 		.ascii	"\336_\315\375~<\213\267\250*\373R)l\311l|>s\361\272"
  54      7E3C8BB7 
  54      A82AFB52 
  54      296CC96C 
  54      7C3E73F1 
  55 0135 581F69AF 		.ascii	"X\037i\257*\007\333\230\305\037\361F\310 Bg\370\220"
  55      2A07DB98 
  55      C51FF146 
  55      C8204267 
  55      F890
  56 0147 47C0336A 		.ascii	"G\3003jy\316}^\035\013b\347\216W>z\231\267#\033^\232"
  56      79CE7D5E 
  56      1D0B62E7 
  56      8E573E7A 
  56      99B7231B 
  57 015d 2FC2C8FA 		.ascii	"/\302\310\372H\231\0239\037\231\372\207\014=\304\323"
  57      48991339 
  57      1F99FA87 
ARM GAS  C:\Users\srich\AppData\Local\Temp\ccOFMw8E.s 			page 4


  57      0C3DC4D3 
  58 016d 23ECFA00 		.ascii	"#\354\372\000\377\301\336\005\200\222\025\000\204\301"
  58      FFC1DE05 
  58      80921500 
  58      84C1
  59 017b F944C90C 		.ascii	"\371D\311\014r\213m\362i\255\206\375\020\015.\3615\264"
  59      728B6DF2 
  59      69AD86FD 
  59      100D2EF1 
  59      35B4
  60 018d 68E47D8D 		.ascii	"h\344}\215\211\253\027\315\001\301\361\2716\225p\207"
  60      89AB17CD 
  60      01C1F1B9 
  60      36957087 
  61 019d E4E1F9ED 		.ascii	"\344\341\371\355!o\316\246:b]n\317@\274/\336;2\332\037"
  61      216FCEA6 
  61      3A625D6E 
  61      CF40BC2F 
  61      DE3B32DA 
  62 01b2 4FB831D9 		.ascii	"O\2701\331'\222\235\317:]7\221t\007\242\203nr8\346\016"
  62      27929DCF 
  62      3A5D3791 
  62      7407A283 
  62      6E7238E6 
  63 01c7 45079FC4 		.ascii	"E\007\237\304H\367\215&o\001`\315\333\033"
  63      48F78D26 
  63      6F0160CD 
  63      DB1B
  64              		.text
  65              		.section	.gnu.lto_palWriteBus.ab66c685,"",%progbits
  66 0000 789C8D91 		.ascii	"x\234\215\221\317k\023Q\020\307\337\367\275\315f\223"
  66      CF6B1351 
  66      10C7DFF7 
  66      BDCD6693 
  67 0010 ED36D553 		.ascii	"\3556\325S\311\311K\350\301\306%\010\012\236D\301\177"
  67      C9C94BE8 
  67      C1C62508 
  67      0A9E44C1 
  67      7F
  68 0021 C0BFA089 		.ascii	"\300\277\240\211\207\006\012\021\323\236\273\251\351"
  68      87060A11 
  68      D39EBBA9 
  68      E9
  69 002e C94B8997 		.ascii	"\311K\211\227\322Z\004\305\237\321\326\32661\342!x\362"
  69      D25A04C5 
  69      9FD1D6D6 
  69      3631E221 
  69      78F2
  70 0040 E00F8AA0 		.ascii	"\340\017\212\240\304\037\355\301\010z\020Z\015\244)"
  70      C41FEDC1 
  70      087A105A 
  70      0DA429
  71 004f 9638F376 		.ascii	"\2268\363v\013\241^\032\310\274\231\331\231\317\233"
  71      0BA15E1A 
  71      C8BC99D9 
  71      99CF9B
  72 005e EF3C25FE 		.ascii	"\357<%\376\377\305\351?\254\2048M'\224\200\234y+D\301"
ARM GAS  C:\Users\srich\AppData\Local\Temp\ccOFMw8E.s 			page 5


  72      FFC5E93F 
  72      AC84384D 
  72      2794809C 
  72      792B44C1 
  73 0072 92003B02 		.ascii	"\222\000;\002bRb\022?\345\266\304L\275<k\017\335\361"
  73      62526212 
  73      3FE5B6C4 
  73      4CBD3C6B 
  73      0FDDF1
  74 0085 3C6FEB56 		.ascii	"<o\353Vupz\260#\205\370#}\014\356a\210J\266\012\215"
  74      75707AB0 
  74      2385F823 
  74      7D0CEE61 
  74      884AB60A 
  75 009a 6658B910 		.ascii	"fX\271\020\344\327\026[o\354\037\262#q\214\303\347\245"
  75      E4D7165B 
  75      6FEC1FB2 
  75      23718CC3 
  75      E7A5
  76 00ac 57B32687 		.ascii	"W\263&\207\322\340\360C\243\361\336L\334\366\274\251"
  76      D2E0F043 
  76      A3F1DE4C 
  76      DCF6BCA9 
  77 00bc 7A6DC53B 		.ascii	"zm\305;kt\244\302}(\342\341\001\342x\210\270\240\224"
  77      6B74A4C2 
  77      7D28E2E1 
  77      01E27888 
  77      B8A094
  78 00cf 401909AA 		.ascii	"@\031\011\252^\252\254\3179\352\244\346\276\230\237"
  78      5EAAACCF 
  78      39EAA4E6 
  78      BE989F
  79 00de 3BE7377E 		.ascii	";\3477~\366\033\015<:\330h\010<F\202\253\267\213{\037"
  79      F61B0D3C 
  79      3AD86808 
  79      3C4682AB 
  79      B78B7B1F 
  80 00f2 6DB34843 		.ascii	"m\263HC\017\354\355\317\213E\230\240s\351h\335\353v"
  80      0FECEDCF 
  80      8B4598A0 
  80      73E968DD 
  80      EB76
  81 0104 BFADFEAD 		.ascii	"\277\255\376\255\032GH0]\245\2507d\200\233C\344\232"
  81      1A474830 
  81      5DA5A837 
  81      64809B43 
  81      E49A
  82 0116 269B301B 		.ascii	"&\2330\033\213L8\302&J\306\2629\327\307\306\341\260"
  82      8B4C38C2 
  82      264AC6B2 
  82      39D7C7C6 
  82      E1B0
  83 0128 9FBD181B 		.ascii	"\237\275\030\033!\232t\005\357\356\273\224|\252O\230"
  83      219A7405 
  83      EFEEBB94 
  83      7CAA4F98 
  84 0138 AA2C6FA6 		.ascii	"\252,o\246\370\322\266T4\322f\363\335\272\305\233\240"
ARM GAS  C:\Users\srich\AppData\Local\Temp\ccOFMw8E.s 			page 6


  84      F8D2B654 
  84      34D266F3 
  84      DDBAC59B 
  84      A0
  85 0149 B553B8B6 		.ascii	"\265S\270\266s\363\227\263\200ytd\244-I+)\340\374\215"
  85      73F397B3 
  85      80797464 
  85      A42D492B 
  85      29E0FC8D 
  86 015d D6F5462C 		.ascii	"\326\365F,y\274#\243x\202\005\374\326\233\3062\222\202"
  86      79BC23A3 
  86      788205FC 
  86      D69BC632 
  86      9282
  87 016f 88BBA6CF 		.ascii	"\210\273\246\317\013\265I+\337\000?6\017\0034\260\242"
  87      0BB5492B 
  87      DF003F36 
  87      0F0334B0 
  87      A2
  88 0180 81BC033C 		.ascii	"\201\274\003<\325\300\253;\0010\254\231f/\323:\014\323"
  88      D5C0AB3B 
  88      0130AC99 
  88      662FD33A 
  88      0CD3
  89 0192 C6AA66EA 		.ascii	"\306\252f\352\375\256\371\314R\300\214\370\214\273_"
  89      FDAEF9CC 
  89      52C08CF8 
  89      8CBB5F
  90 01a1 A77723AC 		.ascii	"\247w#\254\333\036\020\250\020\200\356\330\010\373%"
  90      DB1E10A8 
  90      1080EED8 
  90      08FB25
  91 01b0 51AAE296 		.ascii	"Q\252\342\226/A\213\255'\211\366N\326GR\203\311\366"
  91      2F418BAD 
  91      2789F64E 
  91      D6475283 
  91      C9F6
  92 01c2 BB1C02F7 		.ascii	"\273\034\002\367v\365\353*\207S\255 \025\323\254~J\275"
  92      76F5EB2A 
  92      8753AD20 
  92      15D3AC7E 
  92      4ABD
  93 01d4 2C693DBD 		.ascii	",i=\275\017\020=\370\000\324\255P\015\2645__\253X\311"
  93      0F103DF8 
  93      00D4AD50 
  93      0DB4355F 
  93      5FAB58C9 
  94 01e8 B257A40F 		.ascii	"\262W\244\017\016\236iy\212\345\325\220$\260\330@\241"
  94      0E9E6979 
  94      8AE5D590 
  94      24B0D840 
  94      A1
  95 01f9 DEBDC04C 		.ascii	"\336\275\300L~\231&\255\223\236\233\364\017g\316\270"
  95      7E9926AD 
  95      939E9BF4 
  95      0F67CEB8 
  96 0209 E747B3E9 		.ascii	"\347G\263\351\354\305\361\211K\331\234\233a?\227O\235"
ARM GAS  C:\Users\srich\AppData\Local\Temp\ccOFMw8E.s 			page 7


  96      ECC5F189 
  96      4BD99C9B 
  96      613F974F 
  96      9D
  97 021a 4AB96E2E 		.ascii	"J\271n.\357\216\216\214\271\371+\031\367\362\310\330"
  97      EF8E8E8C 
  97      B9F92B19 
  97      F7F2C8D8 
  98 022a 898C50E9 		.ascii	"\211\214P\351\211\274\221\316\216\347\377\001\011B\032"
  98      89BC91CE 
  98      8EE7FF01 
  98      09421A
  99 0239 40       		.ascii	"@"
 100              		.text
 101              		.section	.gnu.lto_palSetBusMode.ab66c685,"",%progbits
 102 0000 789C8D90 		.ascii	"x\234\215\220\315k\023a\020\306\347\231w\263\273&F\305"
 102      CD6B1361 
 102      10C6E799 
 102      77B3BB26 
 102      46C5
 103 0012 53C9C94B 		.ascii	"S\311\311K\350A\353\022\004\005O\202\007\377\000/^\333"
 103      E841EB12 
 103      04054F82 
 103      07FF002F 
 103      5EDB
 104 0024 5468A012 		.ascii	"Th\240\0221\366X\372\246V\360$\265^\012\266z\020\251"
 104      31F658FA 
 104      A656F024 
 104      B55E0AB6 
 104      7A10A9
 105 0037 B69A68B5 		.ascii	"\266\232h\265\005\225B\216^T\244\240\254\364\343`D\013"
 105      0595428E 
 105      5E54A4A0 
 105      ACF4E360 
 105      440B
 106 0049 0A8D2DD6 		.ascii	"\012\215-\326\245\204:\263\213\007\365\322\205}\347"
 106      A5843AB3 
 106      8B07F5D2 
 106      857DE7
 107 0058 83797EF3 		.ascii	"\203y~\363a\350\377/'\3779&:!\026\206\300\243o\210\252"
 107      61E8FF2F 
 107      27FF3926 
 107      3A211686 
 107      C0A36F88 
 108 006d 3E03EA10 		.ascii	">\003\352\020h\2101\2045n1F\0333\343\231\316{\326\332"
 108      68883184 
 108      356E3146 
 108      1B33E399 
 108      CE7BD6DA 
 109 0081 F5B1858E 		.ascii	"\365\261\205\216\253\035\221\31068\301`\012\235R\262"
 109      AB1D91C8 
 109      3638C160 
 109      0A9D52B2 
 110 0091 5E0D9B9E 		.ascii	"^\015\233\236\011@\342?\257m\276\316|\345\210qH\303"
 110      0940E23F 
 110      AF6DBECE 
 110      7CE58871 
ARM GAS  C:\Users\srich\AppData\Local\Temp\ccOFMw8E.s 			page 8


 110      48C3
 111 00a3 1763AFC6 		.ascii	"\027c\257\306]\015\331\321\360}\030.\272\371\273\326"
 111      5D0DD9D1 
 111      F07D182E 
 111      BAF9BBD6 
 112 00b3 0E375ECE 		.ascii	"\0167^\316\332SN\304\006\367a\204\207\007\310a\0329"
 112      DA534EC4 
 112      06F76184 
 112      8707C861 
 112      1A39
 113 00c5 92146106 		.ascii	"\222\024a\006y\251\376\022\255Me\315\261\230\333\236"
 113      79A9FE12 
 113      AD4D65CD 
 113      B198DB9E 
 114 00d5 BE31914E 		.ascii	"\2761\221N\224a\242t\360\360_\245Cx\204\274\226\267"
 114      9461A274 
 114      F0F05FA5 
 114      437884BC 
 114      96B7
 115 00e7 46DA1F32 		.ascii	"F\332\0372\356\210L}\240\375g`\324\340Bl\375`\303\356"
 115      EE884C7D 
 115      A0FD6760 
 115      D4E0426C 
 115      FD60C3EE 
 116 00fb EC7CAA7F 		.ascii	"\354|\252\177[p\322\262\261\3642\242M9\362\270)y<W\036"
 116      5B70D2B2 
 116      B1F432A2 
 116      4D39F2B8 
 116      29793C57 
 117 0110 DFD3D047 		.ascii	"\337\323\320G\014\244\246\350\3652\237\231\325\232\217"
 117      0CA4A6E8 
 117      F5329F99 
 117      D59A8F
 118 011f 189E6FFD 		.ascii	"\030\236o\375,(q\213\215\364[m\276}\347\353\236\206"
 118      2C28718B 
 118      8DF45B6D 
 118      BE7DE7EB 
 118      9E86
 119 0131 B4FDDCAF 		.ascii	"\264\375\334\257;\337\263\223\270\205\210\367l1\243"
 119      3BDFB393 
 119      B88588F7 
 119      6C31A3
 120 0140 2EE3697E 		.ascii	".\343i~b\363f\270\277\353p\304i<\306$~\304w\304\023"
 120      62F366B8 
 120      BFEB70C4 
 120      693CC624 
 120      7EC477C4 
 121 0155 74911291 		.ascii	"t\221\022\221\360\234\335\0002\230\215\001\272\020\236"
 121      F09CDD00 
 121      32988D01 
 121      BA109E
 122 0164 FE0D48ED 		.ascii	"\376\015H\355\006\260\027\317b@|\231\271\004\260\342"
 122      06B017CF 
 122      62407C99 
 122      B904B0E2 
 123 0174 25006548 		.ascii	"%\000eH|e\311MbO\206\222,-!N(\347\366\342\365\032\017"
 123      7C65C94D 
ARM GAS  C:\Users\srich\AppData\Local\Temp\ccOFMw8E.s 			page 9


 123      624F8692 
 123      2C2D214E 
 123      28E7F6E2 
 124 018b 6EDB6BD6 		.ascii	"n\333k\326\2178\273\241s`\036\203$\347\210\353%\273"
 124      8F38BBA1 
 124      73601E83 
 124      24E788EB 
 124      25BB
 125 019d 8F56506D 		.ascii	"\217VPm,\237\211%\244G\204\036O\032\036)\236\014N\367"
 125      2C9F8925 
 125      A447841E 
 125      4F1A1E29 
 125      9E0C4EF7 
 126 01b1 957A4A67 		.ascii	"\225zJg/\017\364\226\312AQ\375r\245p\274\020\004\345"
 126      2F0FF496 
 126      CA4151FD 
 126      72A570BC 
 126      1004E5
 127 01c4 4AD0D7DD 		.ascii	"J\320\327\335\037T.\025\203\213\335\375G\213dz\006*"
 127      1F542E15 
 127      838BDDFD 
 127      478B647A 
 127      062A
 128 01d6 CE8572EF 		.ascii	"\316\205r\357\371\337\034\216\331X"
 128      F9DF1C8E 
 128      D958
 129              		.text
 130              		.section	.gnu.lto_.symbol_nodes.ab66c685,"",%progbits
 131 0000 789C6366 		.ascii	"x\234cf``\360e\200\002\246+\214\365\014\014\023\316"
 131      6060F065 
 131      8002A62B 
 131      8CF50C0C 
 131      13CE
 132 0012 3130D4D7 		.ascii	"10\324\3273\314[\300\301\300t\225\261\236\021E\340\032"
 132      33CC5BC0 
 132      C1C07495 
 132      B19E1145 
 132      E01A
 133 0024 633D13B2 		.ascii	"c=\023\262\000\343M\306zf\210\000CC\003\007\0033\023"
 133      00E34DC6 
 133      7A668800 
 133      43430307 
 133      033313
 134 0037 33C39187 		.ascii	"3\303\221\207\377\030\031\000ni\026-"
 134      FF181900 
 134      6E69162D 
 135              		.text
 136              		.section	.gnu.lto_.refs.ab66c685,"",%progbits
 137 0000 789C6366 		.ascii	"x\234cf```d\200\002\000\000=\000\005"
 137      60606064 
 137      80020000 
 137      3D0005
 138              		.text
 139              		.section	.gnu.lto_.decls.ab66c685,"",%progbits
 140 0000 789CAD56 		.ascii	"x\234\255V}PSW\026\177\367\335\004C\010\304\321\251"
 140      7D505357 
 140      167FF7DD 
ARM GAS  C:\Users\srich\AppData\Local\Temp\ccOFMw8E.s 			page 10


 140      044308C4 
 140      D1A9
 141 0012 7598CE48 		.ascii	"u\230\316Hq\206\351\356X\021m\235\245\377\264\213\316"
 141      7186E9EE 
 141      58116D9D 
 141      A5FFB48B 
 141      CE
 142 0023 14BBDDD5 		.ascii	"\024\273\335\325\305\335vg\232\2354\222\240\231\002"
 142      C5DD7667 
 142      9A9D3492 
 142      A09902
 143 0032 6149D8A1 		.ascii	"aI\330\241\377=>T\260\0240\010\213\326\025, \345\243"
 143      FF3D3E54 
 143      B0143008 
 143      8BD6152C 
 143      20E5A3
 144 0045 CA874BAB 		.ascii	"\312\207K\253P\244`\371\250 \224\"UP\011\242\200\025"
 144      50A460F9 
 144      A8209422 
 144      555009A2 
 144      8015
 145 0057 34142D1F 		.ascii	"4\024-\037*\331s\357\315KB6`w\246o\346\344\275s\337"
 145      2AD973EF 
 145      CD4B4236 
 145      6077A66F 
 145      E6E4BD73 
 146 006c EF9CF33B 		.ascii	"\357\234\363;\037\367\276`\216\343R\021\307\331\340"
 146      1FF7BE60 
 146      8EE35211 
 146      C7D9E0
 147 007b 1AF2E5B8 		.ascii	"\032\362\345\270\005\236\343$\260\266\213s^D\037\007"
 147      059EE324 
 147      B0B68B73 
 147      5E441F07 
 148 008b 99047904 		.ascii	"\231\004y\004\362\230\373\337\213\274\007s\316\017D"
 148      F298FBDF 
 148      8BBC0773 
 148      CE0F44
 149 009a 017216E4 		.ascii	"\001r\026\3446H/\310\213 \341 o\201\214\200\364\201"
 149      36482FC8 
 149      8B20E120 
 149      6F818C80 
 149      F481
 150 00ac F480D483 		.ascii	"\364\200\324\203\014\330\375\337\000i\005\031\002\261"
 150      0CD8FDDF 
 150      00690519 
 150      02B1
 151 00ba 8020BB4F 		.ascii	"\200 \273Or\227\243\305\261&\355qv\271\304\273m\217"
 151      7297A3C5 
 151      B126ED71 
 151      76B9C4BB 
 151      6D8F
 152 00cc B954BC01 		.ascii	"\271T\274\001\227\230b<\213=^\233=\316\244\375\256t"
 152      9798623C 
 152      8B3D5E9B 
 152      3DCEA4FD 
 152      AE74
ARM GAS  C:\Users\srich\AppData\Local\Temp\ccOFMw8E.s 			page 11


 153 00de 8B477256 		.ascii	"\213GrVz\210g]&\336Y{\314\225\340k\016\356\330-&\357"
 153      7A88675D 
 153      26DE597B 
 153      CC95E06B 
 153      0EEED82D 
 154 00f4 524B126E 		.ascii	"RK\022n\255[\314)\036\235;\375\260\313g\234G~\362\000"
 154      AD5BCC29 
 154      1E9D3BFD 
 154      B0CB679C 
 154      477EF200 
 155 0108 A29E37B7 		.ascii	"\242\2367\267\347{\201\252\220K\210j\356\355\254\365"
 155      E77B81AA 
 155      904B886A 
 155      EEEDACF5 
 156 0118 C13C22CF 		.ascii	"\301<\"\317E\371\303}\362\015\345\202 \244\011M\263"
 156      45F9C37D 
 156      F20DE582 
 156      20A4094D 
 156      B3
 157 0129 C8E9E242 		.ascii	"\310\351\342B\343l\253\034\257\241\240\2144K\207\034"
 157      E36CAB1C 
 157      AFA1A08C 
 157      344B871C 
 158 0139 AFA3CF49 		.ascii	"\257\243\317I\247\3523V\200\257\027\345\0246\364\311"
 158      A7EA3356 
 158      80AF17E5 
 158      1436F4C9 
 159 0149 5CB13755 		.ascii	"\\\2617U\311\030(a\211o\037\025\212\374P\220\274\030"
 159      C9182861 
 159      896F1F15 
 159      8AFC5090 
 159      BC18
 160 015b 9C5A07CC 		.ascii	"\234Z\007\314\255/\010\202\004U!9\252D\030\225\243\015"
 160      AD2F0882 
 160      04552139 
 160      AA441895 
 160      A30D
 161 016d 8436B126 		.ascii	"\2046\261&W\232 $\013\331)\202w\273\037\207J\221?\372"
 161      579A2024 
 161      0BD92982 
 161      77BB1F87 
 161      4A913FFA 
 162 0181 0CF973E8 		.ascii	"\014\371s\350\014\012\002\004\305\242\317a\3614,\202"
 162      0C0A0204 
 162      C5A2CF61 
 162      F1342C82 
 163 0191 E36F9E34 		.ascii	"\343o\2364\246J\221<\310\263Q\215\007#J\241l\277y\015"
 163      A64A913C 
 163      C8B3518D 
 163      07234AA1 
 163      6CBF790D 
 164 01a5 A1500D14 		.ascii	"\241P\015\024*\234\024\200\221\230,\177\372\313\241"
 164      2A9C1480 
 164      91982C7F 
 164      FACBA1
 165 01b4 073291F2 		.ascii	"\0072\221\362\215\266\362?'\013o\240\263\200/s\342\253"
 165      8DB6F23F 
ARM GAS  C:\Users\srich\AppData\Local\Temp\ccOFMw8E.s 			page 12


 165      270B6FA0 
 165      B3802F73 
 165      E2AB
 166 01c6 D1B29C6B 		.ascii	"\321\262\234k=rFU\027*\322\275i'\336'\352\314~k\272"
 166      3D724655 
 166      172AD2BD 
 166      6927DE27 
 166      EACC7E6B 
 167 01db 9C764241 		.ascii	"\234vBA\324\376\353\325CR\\\305ZQ?[W\352G\241\026\252"
 167      D4FEEBD5 
 167      43525CC5 
 167      5A513F5B 
 167      57EA47A1 
 168 01f1 D7348C3F 		.ascii	"\3274\214?RR\354\013D\035\354\237\234]\201\353\030v"
 168      5252EC0B 
 168      441DEC9F 
 168      9C5D81EB 
 168      1876
 169 0203 B2B93851 		.ascii	"\262\2718Q\016DR~Y\035\300\242y`&Y\212[\230y\346\225"
 169      0E44527E 
 169      591DC0A2 
 169      79602659 
 169      8A5B9879 
 170 0219 6B353EB8 		.ascii	"k5>\270\215)\027:\222\272\344\370\022S\212s\363*\245"
 170      8D29173A 
 170      92BAE4F8 
 170      12538A73 
 170      F32AA5
 171 022c 34A88C06 		.ascii	"4\250\214\0065\237,\365\303\335\354]\316\325O\027\344"
 171      359F2CF5 
 171      C3DDEC5D 
 171      CED54F17 
 171      E4
 172 023d F87BA65C 		.ascii	"\370{\246\\\2725;\255\240\300\225D\255mL\313\221\343"
 172      BA353BAD 
 172      A0C09544 
 172      AD6D4CCB 
 172      91E3
 173 024f ABEC5DF5 		.ascii	"\253\354]\365\305\306\024\037|\235)Gg:[Y\032kA\365\256"
 173      C5C6141F 
 173      7C9D2947 
 173      673A5B59 
 173      1A6B41F5 
 174 0264 CE3EDEE0 		.ascii	"\316>\336\340\215\002\331\265:\250PHM\261v\334\233\177"
 174      8D02D9B5 
 174      3AA85048 
 174      4DB176DC 
 174      9B7F
 175 0276 CB9C2214 		.ascii	"\313\234\"\024\257E\365P\363F\250y\027Z\355\314\350"
 175      AF45F550 
 175      F346A879 
 175      175AEDCC 
 175      E8
 176 0287 02FC70E8 		.ascii	"\002\374p\350\267\360\303\021x\341d\205W\373&\012\375"
 176      B7F0C311 
 176      78E16485 
 176      57FB260A 
ARM GAS  C:\Users\srich\AppData\Local\Temp\ccOFMw8E.s 			page 13


 176      FD
 177 0298 DA1DDAEC 		.ascii	"\332\035\332\354\006}\340\200^t\207~\343\006\235p@\233"
 177      067DE080 
 177      5E74877E 
 177      E3069D70 
 177      409B
 178 02aa 3C132845 		.ascii	"<\023(E\016\354\217\016\354W\356\330\227\334\240\367"
 178      0EEC8F0E 
 178      EC57EED8 
 178      97DCA0F7 
 179 02ba 1DD016CF 		.ascii	"\035\320\026\317d]\260w\035\330\006\217n)\331\3030\243"
 179      645DB077 
 179      1DD8068F 
 179      6E29D9C3 
 179      30A3
 180 02cc 42B620BC 		.ascii	"B\266 \274a\342\320\227\360\372\034\365B\300\320rt\031"
 180      61E2D097 
 180      F0FA1CF5 
 180      42C0D072 
 180      7419
 181 02de BADF8902 		.ascii	"\272\337\211\002\321\267 \255 \035 m \227@\332Q \035"
 181      D1B720AD 
 181      201D206D 
 181      209740DA 
 181      51201D
 182 02f1 6032E596 		.ascii	"`2\345\226\241\012/\001\0213\316>\340\216\255\317\037"
 182      A10A2F01 
 182      1133CE3E 
 182      E08EADCF 
 182      1F
 183 0302 2BC8BC83 		.ascii	"+\310\274\203P\320j\212\233\375@\206z\300\371y\347N"
 183      50D06A8A 
 183      9BFD4086 
 183      7AC0F979 
 183      E74E
 184 0314 2046F4F2 		.ascii	" F\364\362D\005u\003\203\377\207\015\214\310\334\267"
 184      44057503 
 184      83FF870D 
 184      8CC8DCB7 
 185 0324 070EFAE2 		.ascii	"\007\016\372\342bL\347\245*'\275@\2528\344\334d4\274"
 185      624CE7A5 
 185      2A27BD40 
 185      AA38E4DC 
 185      6434BC
 186 0337 58080EF5 		.ascii	"X\010\016\365\"\205\235\010P-\232j\016EA\012\266o\017"
 186      22859D08 
 186      502D9A6A 
 186      0E45410A 
 186      B66F0F
 187 034a D6FE3E05 		.ascii	"\326\376>\005\366m\037\000\276s\262\005<c\273\224K\364"
 187      F66D1F00 
 187      BE73B205 
 187      3C63BB94 
 187      4BF4
 188 035c 3DB074F5 		.ascii	"=\260t\365\212\036gt\327 |\206\361\371\364\372\235\031"
 188      8A1E6774 
 188      D7207C86 
ARM GAS  C:\Users\srich\AppData\Local\Temp\ccOFMw8E.s 			page 14


 188      F1F9F4FA 
 188      9D19
 189 036e 8CEB98D2 		.ascii	"\214\353\230\322\177\267\262\302\007\327\343EGa\370"
 189      7FB7B2C2 
 189      07D7E345 
 189      4761F8
 190 037d E2A330DC 		.ascii	"\342\2430\334y\024\226\2358\276\314\2115\010q\303\355"
 190      7914969D 
 190      38BECC89 
 190      350871C3 
 190      ED
 191 038e 3BF52A2C 		.ascii	";\365*,^\023O\254\374\254\301u\344\304\032\200I\370"
 191      5E134FAC 
 191      FCACC175 
 191      E4C41A80 
 191      49F8
 192 03a0 C19949B8 		.ascii	"\301\231I\270\343\300B\225c\265\003\030\027H\010\017"
 192      E3C04295 
 192      63B50318 
 192      1748080F 
 193 03b0 695AF7D0 		.ascii	"iZ\367\320\003\036\005\256\016\014\204\355$$[/W\317"
 193      031E05AE 
 193      0E0C84ED 
 193      24245B2F 
 193      57CF
 194 03c2 2ACFD508 		.ascii	"*\317\325\010M\251\230\326\342\012x\270\371\354Y\372"
 194      4DA998D6 
 194      E20A78B8 
 194      F9EC59FA 
 195 03d2 0FBCAEA3 		.ascii	"\017\274\256\243\025\276i\357\3360\360\273\001\235\262"
 195      15BE69EF 
 195      DE30F0BB 
 195      019DB2
 196 03e1 800CD9BB 		.ascii	"\200\014\331\273E\002\024\346\227\2209%\354\256\273"
 196      450214E6 
 196      97903925 
 196      ECAEBB
 197 03f0 FB5EB457 		.ascii	"\373^\264W\001\232A\241\344(\355\367H\203M?\235\264"
 197      019A41A1 
 197      E428EDF7 
 197      48834D3F 
 197      9DB4
 198 0402 F9223291 		.ascii	"\371\"2\2217=Md\326\321\\\253\2178\221Gu24\002\216\276"
 198      373D4D64 
 198      D6D15CAB 
 198      8F389147 
 198      75323402 
 199 0418 7056E6A6 		.ascii	"pV\346\246\247\211\024\023B\267 \217\345r\"\255l\354"
 199      A7891413 
 199      42B7208F 
 199      E57222AD 
 199      6CEC
 200 042a 392F5B34 		.ascii	"9/[4t#\213\206\3566\033\"@\346\177\376(\313W\302\263"
 200      74238B86 
 200      EE361B22 
 200      40E67FFE 
 200      28CB57C2 
ARM GAS  C:\Users\srich\AppData\Local\Temp\ccOFMw8E.s 			page 15


 201 043f 35F41EFD 		.ascii	"5\364\036\375\240\376\360]v\247\342\371\\\032;EX)\241"
 201      A0FEF05D 
 201      76A7E2F9 
 201      5C1A3B45 
 201      5829A1
 202 0452 F93A8D47 		.ascii	"\371:\215G\321\363\360{\007I\230\207\276\351C\241\270"
 202      D1F3F07B 
 202      07499887 
 202      BEE943A1 
 202      B8
 203 0463 5FC28ED4 		.ascii	"_\302\216\324\234\314&I\300\011\241\260\312\332Q[\254"
 203      9CCC2649 
 203      C009A1B0 
 203      CADA515B 
 203      AC
 204 0474 3841BA26 		.ascii	"8A\272&<\261\331\020\"Vh\314\221\"G\236)[4\216\002\300"
 204      3CB1D910 
 204      225668CC 
 204      9122479E 
 204      295B348E 
 205 048a B2753067 		.ascii	"\262u0g\\Fy\220`\214Gi\331\343n\037\007\267\273\210"
 205      5C467990 
 205      608C4769 
 205      D9E36E1F 
 205      07B7BB88 
 206 049e 2D4E1FCB 		.ascii	"-N\037\313]Dn\327\032\027n\367(\267\037En\305%\015}"
 206      5D446ED7 
 206      1A176EF7 
 206      28B71F45 
 206      6EC5250D 
 207 04b3 5E3853CA 		.ascii	"^8S\312\376\033\314\024\324()9\313\371\026\035#\206"
 207      FE1BCC14 
 207      D4282939 
 207      CBF9161D 
 207      2386
 208 04c5 A9099A70 		.ascii	"\251\011\232p!6!\022\233\244\304\252\232\233\237\303"
 208      21362112 
 208      9BA4C4AA 
 208      9A9B9FC3 
 209 04d5 C7A807FE 		.ascii	"\307\250\007\376\300\311'e\276\216\357\352X\005\375"
 209      C0C92765 
 209      BE8EEFEA 
 209      5805FD
 210 04e4 AE5A81EF 		.ascii	"\256Z\201\357\375_\374]}\340\371s\326\3277\337\202i"
 210      FD5FFC5D 
 210      7DE0F973 
 210      D6D737DF 
 210      8269
 211 04f6 AA5647FA 		.ascii	"\252VG\372\035C#\331\336\216\364\247X\372\243\363\303"
 211      1D4323D9 
 211      DE8EF4A7 
 211      58FAA3F3 
 211      C3
 212 0507 37BC974C 		.ascii	"7\274\227L\177\232\246\377\223\230\376\341\246\2162"
 212      7F9AA6FF 
 212      9398FEE1 
 212      A68E32
ARM GAS  C:\Users\srich\AppData\Local\Temp\ccOFMw8E.s 			page 16


 213 0516 252E62E9 		.ascii	"%.b\351\0370\247\377\335\321\032e\036|\237\004\213\315"
 213      1F30A7FF 
 213      DDD11A65 
 213      1E7C9F04 
 213      8BCD
 214 0528 B68E1AA1 		.ascii	"\266\216\032\241\207.\005x(\026\340\021-\200'jYY\367"
 214      872E0578 
 214      2816E011 
 214      2D80276A 
 214      5959F7
 215 053b BF5AE1E8 		.ascii	"\277Z\341\350\326\317\214ZW\306O\227\331\"\331\2463"
 215      D6CF8C5A 
 215      57C64F97 
 215      D922D9A6 
 215      33
 216 054c 6CF15CC3 		.ascii	"l\361\\\303\360S\331\222|\347(\337Y\221o\367\327\015"
 216      F053D992 
 216      7CE728DF 
 216      59916FF7 
 216      D70D
 217 055e B94A5CCD 		.ascii	"\271J\\\315\370N_\266\036\223\002a\013\224\272t&\354"
 217      F84E5FB6 
 217      1E930261 
 217      0B94BA74 
 217      26EC
 218 0570 704AB648 		.ascii	"pJ\266H\030\254\320\274\013\341y\221\360cJ\270\275\342"
 218      18ACD0BC 
 218      0BE17991 
 218      F0634AB8 
 218      BDE2
 219 0582 DFEFE336 		.ascii	"\337\357\3436\352D2r\274\252N\211\202\374\375i\317\322"
 219      EA443272 
 219      BCAA4E89 
 219      82FCFD69 
 219      CFD2
 220 0594 A05D022F 		.ascii	"\240]\002/GO\354\006\354\312\207\365\331\327\311\013"
 220      474FEC06 
 220      ECCA87F5 
 220      D9D7C90B 
 221 05a4 7894D13B 		.ascii	"x\224\321;\355\235\325,\340\265\034\332\340\217~\003"
 221      ED9DD52C 
 221      E0B51CDA 
 221      E08F7E03 
 222 05b4 8D7B0A8D 		.ascii	"\215{\012\215#\2578d\003\372\013\254m\267r\246\322\245"
 222      23AF3864 
 222      03FA0BAC 
 222      6DB772A6 
 222      D2A5
 223 05c6 723B3AED 		.ascii	"r;:\355Y\350\264\206#\247\330\237\247\277\021u,\373"
 223      59E8B486 
 223      23A7D89F 
 223      A7BF1175 
 223      2CFB
 224 05d8 B333EC2F 		.ascii	"\2633\354/\207\017Q?\236\237\352\362\243\252\234\250"
 224      870F513F 
 224      9E9FEAF2 
 224      A3AA9CA8 
ARM GAS  C:\Users\srich\AppData\Local\Temp\ccOFMw8E.s 			page 17


 225 05e8 F3736D49 		.ascii	"\363smI^\304\265 na\205\353&\334O\235\277\344\217Ry"
 225      5EC4B520 
 225      6E6185EB 
 225      26DC4F9D 
 225      BFE48F52 
 226 05fd EABB3DB5 		.ascii	"\352\273=\265\274\333wU\266\375\274\010@4\317d\336\037"
 226      BCDB7755 
 226      B6FDBC08 
 226      4034CF64 
 226      DE1F
 227 060f A5F0047E 		.ascii	"\245\360\004~\200_%\032\021\364\302\204\255C\351\212"
 227      805F251A 
 227      11F4C284 
 227      AD43E98A 
 228 061f 4E5A0E7D 		.ascii	"NZ\016}\307\234k\305\270\223\265\345\322\305\326k\276"
 228      C79C6BC5 
 228      B893B5E5 
 228      D2C5D66B 
 228      BE
 229 0630 F80A537A 		.ascii	"\370\012Sz\313[FW\254?)\364\024\302PU*r\204\344\014"
 229      CB5B4657 
 229      AC3F29F4 
 229      14C25055 
 229      2A7284E4 
 230 0645 38B06DAF 		.ascii	"8\260m\257\257C\007\371U(\215\307dw\2738N\347\241\360"
 230      AF4307F9 
 230      55288DC7 
 230      6477BB38 
 230      4EE7A1F0 
 231 0659 E814E239 		.ascii	"\350\024\3429t\210_O\376\312O\235\310\363]:\313\217"
 231      74885F4F 
 231      FECA4F9D 
 231      C8F35D3A 
 231      CB8F
 232 066b C42C5358 		.ascii	"\304,SX\226mW\222Z\275\335\263t\236\364\031\224\367"
 232      966D5792 
 232      5ABDDDB3 
 232      749EF419 
 232      94F7
 233 067d 4722EF53 		.ascii	"G\"\357S\275?\027H\335\263\\\022=\\X\361\205\037\036"
 233      BD3F1748 
 233      DDB35C12 
 233      3D5C58F1 
 233      851F1E
 234 0690 6189994B 		.ascii	"a\211\231Kj\312\275hb\205\015E\202$_H%\243\207>\266"
 234      6ACABD68 
 234      62850D45 
 234      82245F48 
 234      25A3873E 
 235 06a5 67054783 		.ascii	"g\005G\203\213\243LgVY4+\333\351\362\275\213N_2\261"
 235      8BA34C67 
 235      5659342B 
 235      DBE9F2BD 
 235      8B4E5F32 
 236 06ba CEACB279 		.ascii	"\316\254\262yz\372\222;\200\0132k\346\274\350T\304\321"
 236      7AFA923B 
 236      800B326B 
ARM GAS  C:\Users\srich\AppData\Local\Temp\ccOFMw8E.s 			page 18


 236      E6BCE854 
 236      C4D1
 237 06cc 3F9B2707 		.ascii	"?\233'\007g0\035\003?\242N\324\024\266\312\250\352K"
 237      67301D03 
 237      3FA24ED4 
 237      14B6CAA8 
 237      EA4B
 238 06de D49EFD0B 		.ascii	"\324\236\375\013\262\245\313uD,W\016+WI\345\361Y\037"
 238      B2A5CB75 
 238      442C570E 
 238      2B5749E5 
 238      F1591F
 239 06f1 F7721D86 		.ascii	"\367r\035\206n\230i7ri\001\216\210\005\310\263<\315"
 239      6E986937 
 239      7269018E 
 239      8805C8B3 
 239      3CCD
 240 0703 F0722FD7 		.ascii	"\360r/\327\222\350f\363\350\230\022O\261r\331\012\316"
 240      92E866F3 
 240      E898124F 
 240      B172D90A 
 240      CE
 241 0714 94C858B9 		.ascii	"\224\310X\271\356\271\224+\317^.8H\\\034\375\313Y\256"
 241      EEB9942B 
 241      CF5E2E38 
 241      485C1CFD 
 241      CB59AE
 242 0727 7C7E3DA7 		.ascii	"|~=\247\320\033\342\014\361\246\030\215\361\003\265"
 242      D01BE20C 
 242      F1A6188D 
 242      F103B5
 243 0736 C9EBCD3F 		.ascii	"\311\353\315?\3755`\033'K\320\307\232\266lV\233\344"
 243      FD35601B 
 243      274BD0C7 
 243      9AB66C56 
 243      9BE4
 244 0748 6AB5F818 		.ascii	"j\265\370\030\025\371\232*r\237~\217\336hJ\320\352\015"
 244      15F99A2A 
 244      729F7E8F 
 244      DE684AD0 
 244      EA0D
 245 075a 2A93C110 		.ascii	"*\223\301\020mT\355\215M\010\240O\001\232\370\230\000"
 245      6D54ED8D 
 245      4D08A04F 
 245      019AF898 
 245      00
 246 076b 5DCC1E9D 		.ascii	"]\314\036\235V\253\323\252^\331\030\032\260yS\310\253"
 246      56ABD3AA 
 246      5ED9181A 
 246      B07953C8 
 246      AB
 247 077c FFD8A282 		.ascii	"\377\330\242\202\365\227c\015\261\272\227u\232=z\225"
 247      F597630D 
 247      B1BA9775 
 247      9A3D7A95 
 248 078c 3E36323A 		.ascii	">62:A\253S\305h\300W\254N\245\326\352\2424\011\321&"
 248      41AB53C5 
ARM GAS  C:\Users\srich\AppData\Local\Temp\ccOFMw8E.s 			page 19


 248      68C057AC 
 248      4EA5D6EA 
 248      A23409D1 
 249 07a1 B5E9C338 		.ascii	"\265\351\3038\235q\343>\356\275_5\214\361C\243Jm4i!"
 249      9D71E33E 
 249      EEBD5F35 
 249      8CF143A3 
 249      4A6D3469 
 250 07b6 07F01DE6 		.ascii	"\007\360\035\346\346\233>\033\214![CT\006\243j\237&"
 250      E69B3E1B 
 250      8C215B43 
 250      5406A36A 
 250      9F26
 251 07c8 5A452A61 		.ascii	"ZE*aT\031M1"
 251      54194D31 
 252 07d0 5B36ABA2 		.ascii	"[6\253\242\243\265\252\275qz\303?CTq\232h5\250\340B"
 252      A3B5AABD 
 252      717AC33F 
 252      4354719A 
 252      6835A8E0 
 253 07e5 BA636758 		.ascii	"\272cgX\202Q\361\346\256\035;\325\177\001\312\333uQ"
 253      8251F1E6 
 253      AE1D3BD5 
 253      7F01CADB 
 253      7551
 254 07f7 785BC4DB 		.ascii	"x[\304\333 \341x\307\366\010\274s{\204$lwD\004\016\213"
 254      20E178C7 
 254      F608BC73 
 254      7B84246C 
 254      7744040E 
 255 080c 8890BCBD 		.ascii	"\210\220\274\275\355\017\021\313\307\324%\232T\2211"
 255      ED0F11CB 
 255      C7D4259A 
 255      549131
 256 081b 463D89C9 		.ascii	"F=\211\311\302F\205$&\212O\233\266$\356\201\230r\326"
 256      C2468524 
 256      268A4F9B 
 256      B624EE81 
 256      9872D6
 257 082e 21BD16FA 		.ascii	"!\275\026\372\303\036$\244[\012\322\031u\224\306h\372"
 257      C31E24A4 
 257      5B0AD219 
 257      7594C668 
 257      FA
 258 083f 9DDAF4CE 		.ascii	"\235\332\364\316\257[6\261b^\206\250(\243\316\024\374"
 258      AF5B36B1 
 258      625E86A8 
 258      28A3CE14 
 258      FC
 259 0850 CCC28996 		.ascii	"\314\302\211\226P)\302\030n\021:\215\026J\265!\362\265"
 259      5029C218 
 259      6E113A8D 
 259      164AB521 
 259      F2B5
 260 0862 E06D04BE 		.ascii	"\340m\004\276\233\232\006;M\203\203\015\306`\260\015"
 260      9B9A063B 
 260      4D83830D 
ARM GAS  C:\Users\srich\AppData\Local\Temp\ccOFMw8E.s 			page 20


 260      C660B00D 
 261 0872 36C64706 		.ascii	"6\306G\006\023\273H\316\007n\357\306\353M:0\224\351"
 261      13BB48CE 
 261      076EEFC6 
 261      EB4D3A30 
 261      94E9
 262 0884 0D3106AD 		.ascii	"\0151\006\255Nm\362\205\305\335:\023,\375\021\364\347"
 262      4E6DF285 
 262      C5DD3A13 
 262      2CFD11F4 
 262      E7
 263 0895 D4F666A8 		.ascii	"\324\366f\250\201\327\336xCB\034AI\"\367i\342ejuTBl"
 263      81D7DE78 
 263      43421C41 
 263      4922F769 
 263      E2656A75 
 264 08ac A45AED2B 		.ascii	"\244Z\355+>l\334\372jh\250\213\266u\323+\213\264\320"
 264      3E6CDCFA 
 264      6A68A88B 
 264      B675D32B 
 264      8BB4D0
 265 08bf FF02D723 		.ascii	"\377\002\327#A\016"
 265      410E
 266              		.text
 267              		.section	.gnu.lto_.symtab.ab66c685,"",%progbits
 268 0000 70616C52 		.ascii	"palReadBus\000\000\000\000\000\000\000\000\000\000\000"
 268      65616442 
 268      75730000 
 268      00000000 
 268      00000000 
 269 0015 00E80000 		.ascii	"\000\350\000\000\000palWriteBus\000\000\000\000\000"
 269      0070616C 
 269      57726974 
 269      65427573 
 269      00000000 
 270 002a 00000000 		.ascii	"\000\000\000\000\000\000\000\355\000\000\000palSetB"
 270      000000ED 
 270      00000070 
 270      616C5365 
 270      7442
 271 003c 75734D6F 		.ascii	"usMode\000\000\000\000\000\000\000\000\000\000\000\000"
 271      64650000 
 271      00000000 
 271      00000000 
 271      0000
 272 004e F5000000 		.ascii	"\365\000\000\000_pal_lld_setgroupmode\000\000\002\000"
 272      5F70616C 
 272      5F6C6C64 
 272      5F736574 
 272      67726F75 
 273 006b 00000000 		.ascii	"\000\000\000\000\000\000\000\000\373\000\000\000"
 273      00000000 
 273      FB000000 
 274              		.text
 275              		.section	.gnu.lto_.opts,"",%progbits
 276 0000 272D666E 		.ascii	"'-fno-trapv' '-mcpu=cortex-m3' '-mno-thumb-interwor"
 276      6F2D7472 
ARM GAS  C:\Users\srich\AppData\Local\Temp\ccOFMw8E.s 			page 21


 276      61707627 
 276      20272D6D 
 276      6370753D 
 277 0033 6B272027 		.ascii	"k' '-mthumb' '-ggdb' '-O2' '-fomit-frame-pointer' '"
 277      2D6D7468 
 277      756D6227 
 277      20272D67 
 277      67646227 
 278 0066 2D66616C 		.ascii	"-falign-functions=16' '-ffunction-sections' '-fdata"
 278      69676E2D 
 278      66756E63 
 278      74696F6E 
 278      733D3136 
 279 0099 2D736563 		.ascii	"-sections' '-fno-common' '-flto'\000"
 279      74696F6E 
 279      73272027 
 279      2D666E6F 
 279      2D636F6D 
 280              		.text
 281              		.comm	__gnu_lto_v1,1,1
 282              		.comm	__gnu_lto_slim,1,1
 283              		.ident	"GCC: (GNU Tools for ARM Embedded Processors) 4.9.3 20150529 (release) [ARM/embedded-4_9-br
ARM GAS  C:\Users\srich\AppData\Local\Temp\ccOFMw8E.s 			page 22


DEFINED SYMBOLS
                            *ABS*:00000000 pal.c
                            *COM*:00000001 __gnu_lto_v1
                            *COM*:00000001 __gnu_lto_slim

NO UNDEFINED SYMBOLS
