ARM GAS  C:\Users\srich\AppData\Local\Temp\ccHNR5yi.s 			page 1


   1              		.syntax unified
   2              		.cpu cortex-m3
   3              		.fpu softvfp
   4              		.eabi_attribute 20, 1
   5              		.eabi_attribute 21, 1
   6              		.eabi_attribute 23, 3
   7              		.eabi_attribute 24, 1
   8              		.eabi_attribute 25, 1
   9              		.eabi_attribute 26, 1
  10              		.eabi_attribute 30, 2
  11              		.eabi_attribute 34, 1
  12              		.eabi_attribute 18, 4
  13              		.thumb
  14              		.file	"pal_lld.c"
  15              		.text
  16              	.Ltext0:
  17              		.section	.gnu.lto_.profile.ab66ed92,"",%progbits
  18 0000 789C6366 		.ascii	"x\234cf```a\200\000F\0067\027\000\001D\000\223"
  18      60606061 
  18      80004606 
  18      37170001 
  18      440093
  19              		.text
  20              		.section	.gnu.lto_.jmpfuncs.ab66ed92,"",%progbits
  21 0000 789C6366 		.ascii	"x\234cf\300\016\004\2404\023\003##c=#3\220d\257\257"
  21      C00E04A0 
  21      34130323 
  21      23633D23 
  21      339064AF 
  22 0015 AF670000 		.ascii	"\257g\000\000\014\320\002#"
  22      0CD00223 
  23              		.text
  24              		.section	.gnu.lto_.inline.ab66ed92,"",%progbits
  25 0000 789C6D91 		.ascii	"x\234m\221!n\303@\020Eg\306\216k\225\330(\240$+\325"
  25      216EC340 
  25      104567C6 
  25      8E6B95D8 
  25      28A0242B 
  26 0015 27C801A2 		.ascii	"'\310\001\242=Jas\2139A\244\204\244e\033)R\202r\200"
  26      3D4A6173 
  26      8B3941A4 
  26      84A4651B 
  26      29528272 
  27 002a 20C396E5 		.ascii	" \303\226\345\000\005\205\246UQYv\376\330\254\006\357"
  27      000585A6 
  27      55515976 
  27      FED8AC06 
  27      EF
  28 003b 7F6BA4B7 		.ascii	"\177k\244\267\243\335\202\376\377\016\354)D\33537\304"
  28      A3DD82FE 
  28      FF0EEC29 
  28      44DD3337 
  28      C4
  29 004c 5490211A 		.ascii	"T\220!\032\202\341\305\220\330\250`\357]\214\337\350"
  29      82E1C590 
  29      D8A860EF 
  29      5D8CDFE8 
ARM GAS  C:\Users\srich\AppData\Local\Temp\ccHNR5yi.s 			page 2


  30 005c C93BD883 		.ascii	"\311;\330\203Z\240\203\251\010]z\027\252\322\"\317\206"
  30      5AA083A9 
  30      085D7A17 
  30      AAD222CF 
  30      86
  31 006d 87D269A8 		.ascii	"\207\322i\250QkC\213\332\032\002j0D\324hP\026\017P\374"
  31      516B438B 
  31      DA1A026A 
  31      3044D468 
  31      50160F50 
  32 0082 C7598E01 		.ascii	"\307Y\216\001\272S!U\267*\264\352^\205X\335\254\256"
  32      BA532155 
  32      B72AB4EA 
  32      5E8558DD 
  32      ACAE
  33 0094 9EDCA37C 		.ascii	"\236\334\243|\262\217\372\311\237\017 \273\234n\313"
  33      B28FFAC9 
  33      9F0F20BB 
  33      9C6ECB
  34 00a3 3C93D71F 		.ascii	"<\223\327\037\341\315\345\370\333\014\362'\371\326\370"
  34      E1CDE5F8 
  34      DB0CF227 
  34      F9D6F8
  35 00b2 C44F246B 		.ascii	"\304O$k\017\033^w\037o\025\206y\261\263\017\021\371"
  35      0F1B5E77 
  35      1F6F1586 
  35      79B1B30F 
  35      11F9
  36 00c4 CAEBE5ED 		.ascii	"\312\353\345\355\253\245\307~\225\207i\021\251\354\347"
  36      ABA5C77E 
  36      95876911 
  36      A9ECE7
  37 00d3 316FFCC9 		.ascii	"1o\374\311\255\255oA\274\027;7\023\017t\007\373SO\350"
  37      ADAD6F41 
  37      BC173B37 
  37      130F7407 
  37      FB534FE8 
  38              		.text
  39              		.section	.gnu.lto_.pureconst.ab66ed92,"",%progbits
  40 0000 789C6366 		.ascii	"x\234cf```e\200\000&\006)F)\000\000\371\000@"
  40      60606065 
  40      80002606 
  40      29462900 
  40      00F90040 
  41              		.text
  42              		.section	.gnu.lto__pal_lld_init.ab66ed92,"",%progbits
  43 0000 789CA596 		.ascii	"x\234\245\226]L\034U\024\307\357\2713;\014\273[\330"
  43      5D4C1C55 
  43      14C7EFB9 
  43      333B0CBB 
  43      5BD8
  44 0012 1042361B 		.ascii	"\020B6\033B\010\261\351\023\235\240\211\017>\030\223"
  44      4208B1E9 
  44      139DA089 
  44      0F3E1893 
  45 0022 1A1B13FC 		.ascii	"\032\033\023\374H\352\273\2514Z\022\"\215\324\276\231"
  45      48EABBA9 
ARM GAS  C:\Users\srich\AppData\Local\Temp\ccHNR5yi.s 			page 3


  45      345A1222 
  45      8DD4BE99 
  46 0032 CEC296D8 		.ascii	"\316\302\226\330\306(\362`H\221\224bP\004\312\366C\260"
  46      C628F260 
  46      48919462 
  46      5004CAF6 
  46      43B0
  47 0044 502BEBAA 		.ascii	"P+\353\252-`i\335\026\245.\005\332\262 U[Y\240\322A"
  47      2D6069DD 
  47      16A52E05 
  47      DAB22055 
  47      5B59A0D2 
  48 0059 11EF99BB 		.ascii	"\021\357\231\273{g\335\222\215#$\234\231\331\217s~\277"
  48      7B67DD92 
  48      8D23249C 
  48      99D98F73 
  48      7EBF
  49 006b 33FFC048 		.ascii	"3\377\300H\344\341\037\037\373\035v\023R\316\216 \021"
  49      E4E11F1F 
  49      FB1D7613 
  49      52CE8E20 
  49      11
  50 007c A00D9709 		.ascii	"\240\015\227\011\361\253\024\000O\010\220\203\024\016"
  50      F1AB1400 
  50      4F089083 
  50      140E
  51 008a C21D1AA7 		.ascii	"\302\035\032\247\320\020\352jrmk\327u}!|\306{\310kP"
  51      D010EA6A 
  51      726D6BD7 
  51      757D217C 
  51      C67BC86B 
  52 009f 4296286F 		.ascii	"B\226(o\003\237\3006\366\221\372\356\311\213\262\364"
  52      039FC036 
  52      F691FAEE 
  52      C98BB2F4 
  53 00af 0C1076DE 		.ascii	"\014\020v\336\337\263<\352\232\247\006\205b\274\034"
  53      DFB33CEA 
  53      9AA70685 
  53      62BC1C
  54 00be 681C6A52 		.ascii	"h\034jR\360\222\312x9htF\344\255\037\351zmh\364\264"
  54      F092CA78 
  54      39687446 
  54      E4AD1FE9 
  54      7A6D68F4 
  55 00d3 FE946C50 		.ascii	"\376\224lP\011:@b\375\340S\360A'\370\010{\211@\027l"
  55      093A4062 
  55      FDE053F0 
  55      4127F808 
  55      7B894017 
  56 00e8 C58FC703 		.ascii	"\305\217\307\003k\343.%\300f{\370L\350\006\005\3301"
  56      6BE32E25 
  56      C0667BF8 
  56      4CE80605 
  56      D831
  57 00fa 9817D2D7 		.ascii	"\230\027\322\327\327gz></?B\331Wd\011\213\003\360\213"
  57      D7677A3E 
  57      3C2F3F42 
ARM GAS  C:\Users\srich\AppData\Local\Temp\ccHNR5yi.s 			page 4


  57      D9576409 
  57      8B03F08B 
  58 010e 0A9EAA58 		.ascii	"\012\236\252X\234X\334Xr\260x\260\344a\311\307R\200"
  58      9C58DC58 
  58      72B078B0 
  58      E461C9C7 
  58      5280
  59 0120 C58B0587 		.ascii	"\305\213\005\207\312\205X\212\260\024c)\301BH\214M\305"
  59      CA85588A 
  59      B0146329 
  59      C142488C 
  59      4DC5
  60 0132 95CC528A 		.ascii	"\225\314R\212G)\012\341\276\370X\031r\254P\\\317\310"
  60      47290AE1 
  60      BEF85819 
  60      72AC505C 
  60      CFC8
  61 0144 507B7F36 		.ascii	"P{\1776\012:\364\326\267uSr:v%\242\232/\021\274\254"
  61      0A3AF4D6 
  61      B7755372 
  61      3A7625A2 
  61      9A2F11BC 
  62 0159 FDF8F880 		.ascii	"\375\370\370\200\332\002\315`P\005N0\313\036f\211o\314"
  62      DA02CD60 
  62      50054E30 
  62      CB1E6689 
  62      6FCC
  63 016b AC1E9D75 		.ascii	"\254\036\235u\225v\351\001\277j\320,\010B\013,\232\213"
  63      9576E901 
  63      BF6AD02C 
  63      08420B2C 
  63      9A8B
  64 017d 8593504A 		.ascii	"\205\223PJ\242P\267\254\3609\022\037\265|\265\355yl"
  64      A250B7AC 
  64      F039121F 
  64      B57CB5ED 
  64      796C
  65 018f 2BBF45E0 		.ascii	"+\277E\340\024\353\301X\032\001?ac\310ik\310\031(e\255"
  65      14EBC158 
  65      1A013F61 
  65      63C8696B 
  65      C8192865 
  66 01a4 5997DABE 		.ascii	"Y\227\332\276S\343\267\262\370(%\225_2;\364>8vw\013"
  66      53E3B7B2 
  66      F8282595 
  66      5F323BF4 
  66      3E387677 
  67 01b9 6BEDD7F5 		.ascii	"k\355\327\365\320v\203\252+\324\001\237%\272\337\013"
  67      D07683AA 
  67      2BD4019F 
  67      25BADF0B 
  68 01c9 BFBB9ACB 		.ascii	"\277\273\232\313\272{\014\232\015\275fo\274=\354\235"
  68      BA7B0C9A 
  68      0DBD666F 
  68      BC3DEC9D 
  69 01d9 0B2337C7 		.ascii	"\013#7\307\234\354\235\006=\364\244A\235\320\007\245"
  69      9CEC9D06 
ARM GAS  C:\Users\srich\AppData\Local\Temp\ccHNR5yi.s 			page 5


  69      3DF4A441 
  69      9DD007A5 
  70 01e9 8BD4BC85 		.ascii	"\213\324\274\205\237\233r\341\306\343\271\011\366\310"
  70      9F9B72E1 
  70      C6E3B909 
  70      F6C8
  71 01f7 FDEBF12D 		.ascii	"\375\353\361-8\317\2457\004\322V\3502\233\005'\216\276"
  71      38CFA537 
  71      04D256E8 
  71      329B0527 
  71      8EBE
  72 0209 4313082C 		.ascii	"C\023\010,\200n8\313\014\373\023\014\365\321\3565\025"
  72      806E38CB 
  72      0CFB130C 
  72      F5D1EE35 
  72      15
  73 021a 0D010507 		.ascii	"\015\001\005\007L\010\011\007\235CA\305\024\214\013"
  73      4C080907 
  73      9D4341C5 
  73      148C0B
  74 0229 41D58ED1 		.ascii	"A\325\216\321\027\231\214\316\243\221\214\203\276L7"
  74      17998CCE 
  74      A3918C83 
  74      BE4C37
  75 0238 B2C13B68 		.ascii	"\262\301;h\216p`\233\020\362\252\374\206\334H\362:\355"
  75      8E70609B 
  75      10F2AAFC 
  75      86DC48F2 
  75      3AED
  76 024a F07E9589 		.ascii	"\360~\225\2117\214\274\012\016\372z\023\274\337\230"
  76      378CBC0A 
  76      0EFA7A13 
  76      BCDF98
  77 0259 23B2B0CD 		.ascii	"#\262\260\315\267\310\353\344\373\025\274n;\274\027"
  77      B7C8EBE4 
  77      FB15BC6E 
  77      3BBC17
  78 0268 CC66EAC6 		.ascii	"\314f\352\306\274\027Eb\206\322y\027\336[\013:yb\232"
  78      BC174562 
  78      86D27917 
  78      DE5B0B3A 
  78      79629A
  79 027b 1289D1EB 		.ascii	"\022\211\321\353Z\016+\251\012\303)\012\203\363\347"
  79      5A0E2BA9 
  79      0AC3290A 
  79      83F3E7
  80 028a 8E580A23 		.ascii	"\216X\012#VD\276C\0057_\371dR!\307\216\302\245L\012"
  80      5644BE43 
  80      05375FF9 
  80      645221C7 
  80      8EC2A54C 
  81 029f A3222297 		.ascii	"\243\"\"\227\323\025l\360^\261\"\362=\362\346\360\225"
  81      D3156CF0 
  81      5EB122F2 
  81      3DF2E6F0 
  81      95
  82 02b0 0B5E8F1D 		.ascii	"\013^\217\035\336H&\336\253\"\"\3276\301;fE\344\007"
ARM GAS  C:\Users\srich\AppData\Local\Temp\ccHNR5yi.s 			page 6


  82      DE4826DE 
  82      AB2222D7 
  82      36C13B66 
  82      45E407
  83 02c3 E4F5F0FD 		.ascii	"\344\365\360\375N%y\363\354\360\376h6\313\336\230w\\"
  83      4E2579F3 
  83      ECF0FE68 
  83      36CBDE98 
  83      775C
  84 02d5 44E47A3A 		.ascii	"D\344z:\357\221\303\315\255\016\036\221\326DD\332\306"
  84      EF91C3CD 
  84      AD0E1E91 
  84      D64444DA 
  84      C6
  85 02e6 A2CDFF52 		.ascii	"\242\315\377R\370)E\341DG\375YY(D\255\210L\240B\036"
  85      F82945E1 
  85      4447FD59 
  85      592844AD 
  85      884CA042 
  86 02fb 5FB950C8 		.ascii	"_\271P\310\267\243p#\223\302\244\210\310T\272\202\015"
  86      B7A37023 
  86      93C2A488 
  86      C854BA82 
  86      0D
  87 030c DE692B22 		.ascii	"\336i+\"7\2217\237\257|:\311[`\207\367V&\336\333\"\""
  87      3791379F 
  87      AF7C3AC9 
  87      5B6087F7 
  87      5626DEDB 
  88 0322 339BE08D 		.ascii	"3\233\340\215Y\021\231E\336\002\276_\301\353\265\303"
  88      59119945 
  88      DE02BE5F 
  88      C1EBB5C3 
  89 0332 3B673673 		.ascii	";g6sn\314\373\263\210\310|:\357\373F\274=\361W\244#"
  89      6ECCFBB3 
  89      88C87C3A 
  89      EFFB46BC 
  89      3DF157A4 
  90 0347 1191486F 		.ascii	"\021\221Ho0$\247*\334IQ\030\0306\026s\205\302/VD~E\005"
  90      3024A72A 
  90      DC495118 
  90      18361673 
  90      85C22F56 
  91 035f 2F5F792C 		.ascii	"/_y,\251\340\263\243\360[&\205\273\"\"\367\036\372\327"
  91      A9E0B3A3 
  91      F05B2685 
  91      BB2222F7 
  91      1EFAD7
  92 0372 F9DF797F 		.ascii	"\371\337y\177\267\"\262\200\274>\276r\301[h\2077\236"
  92      B722B280 
  92      BC3EBE72 
  92      C15B6887 
  92      379E
  93 0384 89775144 		.ascii	"\211wQDdi\023\274\313VD\356#o!\347\235M\362\026\331"
  93      646913BC 
  93      CB5644EE 
  93      236F21E7 
ARM GAS  C:\Users\srich\AppData\Local\Temp\ccHNR5yi.s 			page 7


  93      9D4DF216 
  94 0399 E1FDC36C 		.ascii	"\341\375\303l\346\332\230wED\344A:\357\007\341\266c"
  94      E6DA9877 
  94      4544E441 
  94      3AEF07E1 
  94      B663
  95 03ab 2E1E9193 		.ascii	".\036\221\223\211\210LD\343\361\354T\005#Ea\256s\351"
  95      89884C44 
  95      E3F1EC54 
  95      05234561 
  95      AE73E9
  96 03be B65328AC 		.ascii	"\266S(\254Z\021\371\023\025\212xD\346\222\012\305v\024"
  96      5A11F913 
  96      158A7844 
  96      E6920AC5 
  96      7614
  97 03d0 FECAA4B0 		.ascii	"\376\312\244\260&\"\362w\272\202\015\336u+\":e\274\305"
  97      2622F277 
  97      BA820DDE 
  97      752B223A 
  97      65BCC5
  98 03e3 7CE582B7 		.ascii	"|\345\202\267\304\016\257\237f\340\255\245\311\210\324"
  98      C40EAF9F 
  98      66E0ADA5 
  98      C988D4
  99 03f2 D1FFCF1B 		.ascii	"\321\377\317\033\240\"\"\207\220\267\204L\201?tm'v\302"
  99      A0222287 
  99      90B7844C 
  99      813F746D 
  99      2776C2
 100 0405 47DC187B 		.ascii	"G\334\030{\024b\017\355\354\326\356\250xB\333\261\267"
 100      14620FED 
 100      ECD6EEA8 
 100      7842DBB1 
 100      B7
 101 0416 F295CA5D 		.ascii	"\362\225\312]\373\337\334SY\255U\340yuM\331\343e\232"
 101      FBDFDC53 
 101      59AD55E0 
 101      79754DD9 
 101      E3659A
 102 0429 565DA3ED 		.ascii	"V]\243\355\335]\245\355\253~c\177\215\266\353\245\347"
 102      DD5DA5ED 
 102      AB7E637F 
 102      8DB6EBA5 
 102      E7
 103 043a 1E7B542B 		.ascii	"\036{T+/\177Z\333\371\342\263/\034(\323\366\355\256"
 103      2F7F5ADB 
 103      F9E2B32F 
 103      1C28D3F6 
 103      EDAE
 104 044c 7AB9AA6A 		.ascii	"z\271\252j\317\366\012\242TT\277\376j\345k\377\000\374"
 104      CFF60AA2 
 104      5454BFFE 
 104      6AE56BFF 
 104      00FC
 105 045e 48A6F3   		.ascii	"H\246\363"
 106              		.text
ARM GAS  C:\Users\srich\AppData\Local\Temp\ccHNR5yi.s 			page 8


 107              		.section	.gnu.lto__pal_lld_setgroupmode.ab66ed92,"",%progbits
 108 0000 789C9D56 		.ascii	"x\234\235VkLTG\024\2363\367\261\367\356\223\212\210"
 108      6B4C5447 
 108      149E33F7 
 108      B1F7EE93 
 108      8A88
 109 0012 8A882268 		.ascii	"\212\210\"h\233\324n\265\215m\232\246ib\323G\264\251"
 109      9BD46EB5 
 109      8D6D9AA6 
 109      6962D347 
 109      B4A9
 110 0024 896DD2A4 		.ascii	"\211m\322\244I\255B+\246\030\214\332\3763^\021\037\011"
 110      49AD422B 
 110      A6188CDA 
 110      FE335E11 
 110      1F09
 111 0036 C4570B21 		.ascii	"\304W\013!\251\246V\213\317](\250(b\355B}P\005\255U"
 111      A9A6568B 
 111      CF5D28A8 
 111      2862ED42 
 111      7D5005AD 
 112 004b 4144111B 		.ascii	"AD\021\033\240\222\252Q\301\256\033\213\364\314\231"
 112      A092AA51 
 112      C1AE1B8B 
 112      F4CC99
 113 005a 5DD8A5C5 		.ascii	"]\330\245\305\230n\270gg\316\375\2763\347\233sf\026"
 113      986EB867 
 113      67CEFDBE 
 113      33E79B73 
 113      6616
 114 006c 85FDFB53 		.ascii	"\205\375\373S\203O\310\316X\026~C\034\003\276\341\014"
 114      834FC8CE 
 114      58167E43 
 114      1C03BEE1 
 114      0C
 115 007d 632B0CCE 		.ascii	"c+\014\316\225;\011\314\262\253[_f\226S\001]\272U\256"
 115      953B09CC 
 115      B2AB5B5F 
 115      66965301 
 115      5DBA55AE 
 116 0091 915B27B7 		.ascii	"\221['\267\026q\353\340\226\003\0337\326N\302\367\246"
 116      1671EBE0 
 116      96031B37 
 116      D64EC2F7 
 116      A6
 117 00a2 B04E03EC 		.ascii	"\260N\003\354\322mF\006v\356\240\367Nz\357\000\227t"
 117      D26D4606 
 117      76EEA0F7 
 117      4E7AEF00 
 117      9774
 118 00b4 3B230397 		.ascii	";#\003\227\014Tc\270\271\255\3528C\244\247\311@\244"
 118      0C5463B8 
 118      B9ADEA38 
 118      43A4A7C9 
 118      40A4
 119 00c6 0740F819 		.ascii	"\007@\370\031\260\345\\Q5\335f\230v\207\323\345\366"
 119      B0E55C51 
ARM GAS  C:\Users\srich\AppData\Local\Temp\ccHNR5yi.s 			page 9


 119      35DD6698 
 119      7687D3E5 
 119      F6
 120 00d7 C072EE66 		.ascii	"\300r\356f`\210?\374t\361\273\0346\004\366\026;&\225"
 120      60883FFC 
 120      74F1BB1C 
 120      3604F616 
 120      3B2695
 121 00ea 58967567 		.ascii	"X\226ug\333\271\221\253F\2068c\335\\\252\205\2350\011"
 121      DBB991AB 
 121      46863863 
 121      DD5CAA85 
 121      9D3009
 122 00fd 21578307 		.ascii	"!W\203\007\013\\\312\233\300p\\U\332\323\340\270\301"
 122      0B5CCA9B 
 122      C0705C55 
 122      DAD3E0B8 
 122      C1
 123 010e 431CC689 		.ascii	"C\034\306\211\351\341Mu\305\272\230rUL\033\313.7\363"
 123      E9E14D75 
 123      C5BA9872 
 123      554C1BCB 
 123      2E37F3
 124 0121 F4ED9695 		.ascii	"\364\355\226\225\0338[a\275\256\206\270\002\273@\301"
 124      1B385B61 
 124      BDAE86B8 
 124      02BB40C1 
 125 0131 78B01B46 		.ascii	"x\260\033F\303\036\030\315\320\305`/\244#z\333\225\216"
 125      C31E18CD 
 125      D0C5602F 
 125      A4237ADB 
 125      958E
 126 0143 A0A2CCA0 		.ascii	"\240\242\314\240\270{j\253\236!b[~I\243\323z;\304U\360"
 126      B87B6AAB 
 126      9E21625B 
 126      7E49A3D3 
 126      7A3BC455 
 127 0158 0D66AA0C 		.ascii	"\015f\252\014\374\304\374#\324\265\323\245\314\"f\357"
 127      FCC4FC23 
 127      D4B5D3A5 
 127      CC2266EF 
 128 0168 9E8D9BED 		.ascii	"\236\215\233\355\222ZPr\236\250\032\224\016\246j\014"
 128      925A5072 
 128      9EA81A94 
 128      0EA66A0C 
 129 0178 CA205DE0 		.ascii	"\312 ]\340w\356\350Zc(\037\020\367V\353\345\247&|'\250"
 129      77EEE85A 
 129      63281F10 
 129      F756EBE5 
 129      A7267C27 
 130 018d 55AB4E3A 		.ascii	"U\253N:\255:+\257\255\257/%\304u\370!6\200\374 \243"
 130      AD3A2BAF 
 130      ADAF2F25 
 130      C475F821 
 130      3680FC20 
 131 01a2 F2B6AF44 		.ascii	"\362\266\257DQ>$\366\365\272\366\"7\321\003\273Pm\336"
 131      513E24F6 
ARM GAS  C:\Users\srich\AppData\Local\Temp\ccHNR5yi.s 			page 10


 131      F5BAF622 
 131      37D103BB 
 131      506DDE
 132 01b5 56EB515F 		.ascii	"V\353Q_\037\010v\305\020\354\356`\215_S>\"v\223U\327"
 132      1F0876C5 
 132      10ECEE60 
 132      8D5F533E 
 132      22769355 
 133 01ca 68976C5F 		.ascii	"h\227l_,{\377\020\354\373+\327_\323\2259\304\366\355"
 133      2C7BFF10 
 133      ECFB2BD7 
 133      5FD39539 
 133      C4F6ED
 134 01dd F7B73825 		.ascii	"\367\2678%\273*\226]9\004\333*\335\021\320\224\014b"
 134      BB2A965D 
 134      3904DB2A 
 134      DD11D094 
 134      0C62
 135 01ef DF5FB76A 		.ascii	"\337_\267j\243\"\331Gc\331\207\206`\367\254)k\261)\363"
 135      A322D947 
 135      63D98786 
 135      60F7AC29 
 135      6BB129F3 
 136 0203 89FD70A3 		.ascii	"\211\375p\243\277\315#\267\355p\314\266\331\340\360"
 136      BFCD23B7 
 136      ED70CCB6 
 136      D9E0F0
 137 0212 10F4BB79 		.ascii	"\020\364\273y\275M\016=\017\273,\256\027\337\227\303"
 137      BD4D0E3D 
 137      0FBB2CAE 
 137      17DF97C3 
 138 0222 04D887CF 		.ascii	"\004\330\207\317\001|\016\342S\205O5L\220\215\007G@"
 138      017C0EE2 
 138      53854F35 
 138      4C908D07 
 138      4740
 139 0234 07C65401 		.ascii	"\007\306T\001\214zY6,`\365\365\355;Q\221\357-\345O\003"
 139      8C7A5936 
 139      2C60F5F5 
 139      ED3B5191 
 139      EF2DE54F 
 140 0249 B5824428 		.ascii	"\265\202D(dU\262\032Y\235\254\215\254A\326$kg\"\222"
 140      6455B21A 
 140      599DAC8D 
 140      AC41D624 
 140      6B672292 
 141 025d 13442FB8 		.ascii	"\023D/\270A\264!\036\025\2143\014;\304\210gb\251\341"
 141      41B4211E 
 141      158C330C 
 141      3BC48867 
 141      62A9E1
 142 0270 044C203B 		.ascii	"\004L ;\202l\"\331\221\0101G\321p4\331$\341\030C\303"
 142      826C22D9 
 142      91083147 
 142      D17034D9 
 142      24E11843 
 143 0285 64B26329 		.ascii	"d\262c)\245\024Zb\234x9^\230Ta\322\204I\027f\2420\214"
ARM GAS  C:\Users\srich\AppData\Local\Temp\ccHNR5yi.s 			page 11


 143      A5145A62 
 143      9C78395E 
 143      985461D2 
 143      84491766 
 144 029c B5A3503C 		.ascii	"\265\243P<\252\035\234\343\227r\021\362.\255\354.\324"
 144      AA1D9CE3 
 144      977211F2 
 144      2EADEC2E 
 144      D4
 145 02ad 85F22077 		.ascii	"\205\362 w\342~\255+\375\276\333#\316\225\211\342~\014"
 145      E27EAD2B 
 145      FDBEDB23 
 145      CE9589E2 
 145      7E0C
 146 02bf EF64071E 		.ascii	"\357d\007\036\235\203\\\271\014\265Ew[s5\201F\350\265"
 146      9D835CB9 
 146      0CB54577 
 146      5B733581 
 146      46E8B5
 147 02d2 F6B3E70C 		.ascii	"\366\263\347\014\001Uh\247\017<\370\366\226k\013|\263"
 147      015568A7 
 147      0F3CF8F6 
 147      966B0B7C 
 147      B3
 148 02e3 C2B202A3 		.ascii	"\302\262\002\243B\334\036\344n8*\002\340\273\366\372"
 148      42DC1EE4 
 148      6E382A02 
 148      E0BBF6FA 
 149 02f3 FC4A63F2 		.ascii	"\374Jc\362^+\017K\355\200\237`\013\334\243\223\016\001"
 149      5E2B0F4B 
 149      ED809F60 
 149      0BDCA393 
 149      0E01
 150 0305 981CE41E 		.ascii	"\230\034\344\036ZBe[u\231\320\303\302\244\201\204\372"
 150      5A42655B 
 150      7599D0C3 
 150      C2A48184 
 150      FA
 151 0316 0FBA89FB 		.ascii	"\017\272\211\373\\\323\237\220\306\332@&t\355\236\022"
 151      5CD39F90 
 151      C6DA4026 
 151      74ED9E12 
 152 0326 4EE8C933 		.ascii	"N\350\3113\250\245\014@d\360\363@\006\272\330\222\313"
 152      A8A50C40 
 152      64F0F340 
 152      06BAD892 
 152      CB
 153 0337 907BB8BC 		.ascii	"\220{\270\274]\306\014\362aH-Z\177\341\220\262\354\241"
 153      5DC60CF2 
 153      61482D5A 
 153      7FE190B2 
 153      ECA1
 154 0349 556C1921 		.ascii	"Ul\031!\356\354\345\262\261\372\325;i\272{\375\327\207"
 154      EEECE5B2 
 154      B1FAD53B 
 154      69BA7BFD 
 154      D787
ARM GAS  C:\Users\srich\AppData\Local\Temp\ccHNR5yi.s 			page 12


 155 035b 40ACBD41 		.ascii	"@\254\275A\240\\p\014\226\301\361\360\332\227\272\326"
 155      A05C700C 
 155      96C1F1F0 
 155      DA97BAD6 
 156 036b 36A85EBF 		.ascii	"6\250^\277\025\027\302\204N *(H\270\366I\3602\\\257"
 156      1517C284 
 156      4E202A28 
 156      48B8F649 
 156      F0325CAF 
 157 037f 75CDAB72 		.ascii	"u\315\253r\265x\\\2205\002\247F\304\226@\017Ns\003_"
 157      B5785C90 
 157      3502A746 
 157      C496400F 
 157      4E73035F 
 158 0393 9D4E2417 		.ascii	"\235N$\027\326:ze\035C\324\341\032\010\261f\023@\264"
 158      D63A7A65 
 158      1D43D4E1 
 158      1A08B166 
 158      1340B4
 159 03a6 75C4F312 		.ascii	"u\304\363\022y\366Ey\\\344)\037\360\004\012\363\245"
 159      79F64579 
 159      5CE4291F 
 159      F0040AF3 
 159      A5
 160 03b7 AF9A02AF 		.ascii	"\257\232\002\257\330Q]`\023\201m\030\370\027\332\352"
 160      D8515D60 
 160      13816D18 
 160      F817DAEA 
 161 03c7 0E1CE305 		.ascii	"\016\034\343\005\217\273\262\362\312\352V\337\3632\317"
 161      8FBBB2F2 
 161      CAEA56DF 
 161      F332CF
 162 03d6 E141AE45 		.ascii	"\341A\256E\227\306\203\2459E!ydQ\0041\"\375\376\254"
 162      97C683A5 
 162      39452179 
 162      64510431 
 162      22FDFEAC 
 163 03ea E42404F1 		.ascii	"\344$\004\361J\216\006\225\013P\202\004\335\366M\225"
 163      4A8E0695 
 163      0B508204 
 163      DDF64D95 
 164 03fa A811416E 		.ascii	"\250\021An\306\240\016\012\324\010\211\272\027\016\225"
 164      C6A00E0A 
 164      D40889BA 
 164      170E95
 165 0409 18C4031F 		.ascii	"\030\304\003\037\015: @\211\002\364`\365#\337k\0225"
 165      0D3A2040 
 165      8902F460 
 165      F523DF6B 
 165      1235
 166 041b 3288A79F 		.ascii	"2\210\247\237C\341\221\315\233L\352\037\013\217\356"
 166      43E191CD 
 166      9B4CEA1F 
 166      0B8FEE
 167 042a 6964518F 		.ascii	"idQ\217\315\013\203\242e\343\361\200\372\376\0163\330"
 167      CD0B83A2 
 167      65E3F180 
ARM GAS  C:\Users\srich\AppData\Local\Temp\ccHNR5yi.s 			page 13


 167      FAFE0E33 
 167      D8
 168 043b D554A1BB 		.ascii	"\325T\241\273g\365\011\377\213\022=\012U\211z\266\345"
 168      67F509FF 
 168      8B123D0A 
 168      55897AB6 
 168      E5
 169 044c 9EA29F22 		.ascii	"\236\242\237\"\323\303\240a\260\356Q\3046\373\331\215"
 169      D3C3A061 
 169      B0EE51C4 
 169      36FBD98D 
 170 045c FE69923D 		.ascii	"\376i\222=\232\344\305\307J\223\233l\247M\306\212\304"
 170      9AE4C5C7 
 170      4A939B6C 
 170      A74DC68A 
 170      C4
 171 046d 31E93698 		.ascii	"1\3516\230\234PDU*k\365\207\225%Ie\275\347\327\335\221"
 171      9C504455 
 171      2A6BF587 
 171      95254965 
 171      BDE7D7DD 
 172 0482 695816DE 		.ascii	"iX\026\336Gg\006IK\212h\351\004\025\2632\012Z\2620}"
 172      47670649 
 172      4B8A68E9 
 172      0415B332 
 172      0A5AB230 
 173 0497 F348F327 		.ascii	"\363H\363'\235``*\306\225\346L\\\337\364\265dc\006\216"
 173      9D60602A 
 173      C695E64C 
 173      5CDFF4B5 
 173      6463068E 
 174 04ab FE7C3B23 		.ascii	"\376|;#j\307`yb\344Q\305\306P\302\316~\370_\021y\311"
 174      6AC76079 
 174      62E451C5 
 174      C650C2CE 
 174      7EF85F11 
 175 04c1 5498F8D8 		.ascii	"T\230\370\330\242$\023\332\025%\217\334zX\036E\344\262"
 175      A22413DA 
 175      15258FDC 
 175      7A581E45 
 175      E4B2
 176 04d3 BA8F22EB 		.ascii	"\272\217\"\353\216Ey\2206\260,\336m\350\024\240M\253"
 176      8E457990 
 176      36B02CDE 
 176      6DE814A0 
 176      4DAB
 177 04e5 1B7D1F4B 		.ascii	"\033}\037KPJ\220\333q\017Nn\271Q\241R\313bq\317F\345"
 177      504A90DB 
 177      710F4E6E 
 177      B951A152 
 177      CB6271CF 
 178 04fb 5A2D22A7 		.ascii	"Z-\"\247\010\361\034sv\324\013\361\011\316z!^t\220\343"
 178      08F11C73 
 178      76D40BF1 
 178      09CE7A21 
 178      5E7490E3 
 179 050f A6109FEC 		.ascii	"\246\020\237\354\274I\342\335\014\377k\011\347GD;\213"
ARM GAS  C:\Users\srich\AppData\Local\Temp\ccHNR5yi.s 			page 14


 179      BC49E2DD 
 179      0CFF6B09 
 179      E747443B 
 179      8B
 180 0520 AA85C9A2 		.ascii	"\252\205\311\2422\267E\027F\213\226\241\204'\224.\210"
 180      32B74517 
 180      468B96A1 
 180      8427942E 
 180      88
 181 0531 5234ACDC 		.ascii	"R4\254\334[\024\276GD\256\301\355m\177\002\345\212\277"
 181      5B14BE47 
 181      44AEC1ED 
 181      6D7F02E5 
 181      8ABF
 182 0543 0FBF466A 		.ascii	"\017\277Fj\203\227\201GG3\326\365wKV'(\342l\352\233"
 182      83978147 
 182      4733D6F5 
 182      774B5627 
 182      28E26CEA 
 183 0558 9BB17BF1 		.ascii	"\233\261{\361\026\351\004\215\346\207\024\354\0021\265"
 183      16E9048D 
 183      E68714EC 
 183      0231B5
 184 0567 D1B458C3 		.ascii	"\321\264X\303-\024S\223\246\017pj\210\251]\234Z\335"
 184      2D145393 
 184      A60F706A 
 184      88A95D9C 
 184      5ADD
 185 0579 D78C5A53 		.ascii	"\327\214ZS\\\0174T\346\221WZm\345\335\236ZM\2462.\352"
 185      5C0F3454 
 185      E691575A 
 185      6DE5DD9E 
 185      5A4DA632 
 186 058f A684C7DE 		.ascii	"\246\204\307\336\222\347\350\226\244_\306\337`\262l"
 186      92E7E896 
 186      A45FC6DF 
 186      60B26C
 187 059e C20B6141 		.ascii	"\302\013aA\3431\220\320L=pL\225\316T\362\333\320Y\273"
 187      E33190D0 
 187      4C3D704C 
 187      95CE54F2 
 187      DBD059BB 
 188 05b2 E9BAFB3F 		.ascii	"\351\272\373?ne\333c\327;?\260\336\005q+\247\212@\225"
 188      6E65DB63 
 188      D73B3FB0 
 188      DE05712B 
 188      A78A4095 
 189 05c6 E5F72399 		.ascii	"\345\367#\231\247=q\346\027)\222\"\"5\016\316\034\253"
 189      A73D71E6 
 189      17299222 
 189      22350ECE 
 189      1CAB
 190 05d8 93264A17 		.ascii	"\223&J\027\223\371D\362\233\3777\363\246\201\365.\211"
 190      93F944F2 
 190      9BFF37F3 
 190      A681F52E 
 190      89
ARM GAS  C:\Users\srich\AppData\Local\Temp\ccHNR5yi.s 			page 15


 191 05e9 CC27B256 		.ascii	"\314'\262VX\021h\232!\002\2112\267cC4\031\250lz\306"
 191      5811689A 
 191      21028932 
 191      B7634334 
 191      19A86C7A 
 192 05fe 2BDEE959 		.ascii	"+\336\351Y\013\346-\230\275\364\213\314\0059\336\014"
 192      0BE62D98 
 192      BDF48BCC 
 192      0539DE0C 
 193 060e 31CE5932 		.ascii	"1\316Y2e\332\024\2577g\2117kn\266wQ\316\342\245K\274"
 193      65DA14AF 
 193      37678937 
 193      6B6EB677 
 193      51CEE2A5 
 194 0624 B3DF7FF7 		.ascii	"\263\337\177\367\205\251\336\2313\337\360\2765\353\235"
 194      85A9DE99 
 194      33DFF0BE 
 194      35EB9D
 195 0633 F7BE9CE2 		.ascii	"\367\276\234\342]47{Nvv\346s\031L\025\010u\341\334%"
 195      5D34377B 
 195      4E7676E6 
 195      73194C15 
 195      0875E1DC 
 196 0648 9FAB0B73 		.ascii	"\237\253\013s2?\345\013\263\370\302l%cq\026>\370\375"
 196      323FE50B 
 196      B3F8C26C 
 196      25637116 
 196      3EF8FD
 197 065b D97C58F0 		.ascii	"\331|X\360\017\327$\314\321"
 197      0FD724CC 
 197      D1
 198              		.text
 199              		.section	.gnu.lto_.symbol_nodes.ab66ed92,"",%progbits
 200 0000 789C6366 		.ascii	"x\234cf``\320a\200\002\246+\214\365\014\014\023\316"
 200      6060D061 
 200      8002A62B 
 200      8CF50C0C 
 200      13CE
 201 0012 3130D4D7 		.ascii	"10\324\3273\314[\300\301\300t\225\261\236\021Y\200\365"
 201      33CC5BC0 
 201      C1C07495 
 201      B19E1159 
 201      80F5
 202 0024 1A23C302 		.ascii	"\032#\303\002\246zf\006\000\036y\014\""
 202      A67A6606 
 202      001E790C 
 202      22
 203              		.text
 204              		.section	.gnu.lto_.refs.ab66ed92,"",%progbits
 205 0000 789C6366 		.ascii	"x\234cf```c\200\000FF\006&V\006\000\000\267\000\023"
 205      60606063 
 205      80004646 
 205      06265606 
 205      0000B700 
 206              		.text
 207              		.section	.gnu.lto_.decls.ab66ed92,"",%progbits
 208 0000 789CAD58 		.ascii	"x\234\255X}PTG\022\177\363fwY\036\313\342I\205\244,"
ARM GAS  C:\Users\srich\AppData\Local\Temp\ccHNR5yi.s 			page 16


 208      7D505447 
 208      127FF366 
 208      77591ECB 
 208      E24985A4 
 209 0015 EB0EB142 		.ascii	"\353\016\261B\231;#\242\211uI]\325E\226DM<\303\255\336"
 209      993B23A2 
 209      8975495D 
 209      D5459644 
 209      4D3CC3AD 
 210 002a 5FD9AA0D 		.ascii	"_\331\252\015\302\252[\001\326s\227\224\371\357)\202"
 210      C2AA5B01 
 210      D6739794 
 210      F9EF2982 
 211 003a A04610BF 		.ascii	"\240F\020\2775\221E0\242 \370\205\037\200\240(\037\242"
 211      35914530 
 211      A220F885 
 211      1F80A028 
 211      1FA2
 212 004c E0178A44 		.ascii	"\340\027\212D#\033\374@\"\010*\206\025E\256g\346\275"
 212      231BFC40 
 212      22082A86 
 212      1545AE67 
 212      E6BD
 213 005e DD655D4C 		.ascii	"\335e]L\356\352\266\252\231\351\231\337t\367\364\364"
 213      EEEAB6AA 
 213      99E999DF 
 213      74F7F4F4 
 214 006e F4F40373 		.ascii	"\364\364\003s\034\367\036\342\270!\370\215\013\346\270"
 214      1CF71EE2 
 214      B821F88D 
 214      0BE6B8
 215 007d 669EE330 		.ascii	"f\236\3430\214\305\000\30107\216c?\030\346Z96H\306\337"
 215      8CC500C1 
 215      30378E63 
 215      3F18E65A 
 215      393648C6 
 216 0092 41DCB01F 		.ascii	"A\334\260\037\231\013\224\326i\2014@W\245\365\037\003"
 216      990B94D6 
 216      69813440 
 216      57A5F51F 
 216      03
 217 00a3 361AE827 		.ascii	"6\032\350'\3507\003}\002\375\031@\217\241\337+a\243"
 217      E837037D 
 217      02FD1940 
 217      8FA1DF2B 
 217      61A3
 218 00b5 80BF006D 		.ascii	"\200\277\000m9P'\320\011\240_\200*\201\272\200\316\001"
 218      395027D0 
 218      09A05F80 
 218      2A81BA80 
 218      CE01
 219 00c7 9D076A04 		.ascii	"\235\007j\004j\222lk\345|\374`b\224\227\035}@\375@\003"
 219      6A926C6B 
 219      E57CFC60 
 219      6294971D 
 219      7D40FD40 
 220 00dc 40A54033 		.ascii	"@\245@3\201B$\333\210~b\327LX\027\004\344\017\364)\360"
ARM GAS  C:\Users\srich\AppData\Local\Temp\ccHNR5yi.s 			page 17


 220      814224DB 
 220      887E62D7 
 220      4C581704 
 220      E40FF429 
 221 00f1 0AA00EA0 		.ascii	"\012\240\016\240\007\222\035]\222\316\221\366\377\210"
 221      07921D5D 
 221      92CE91F6 
 221      FF88
 222 00ff 47C78BFB 		.ascii	"G\307\213\373\032\003\356\363H+\204\022\266,\273~\213"
 222      1A03EEF3 
 222      482B8412 
 222      B62CBB7E 
 222      8B
 223 0110 0A588DA0 		.ascii	"\012X\215\240 \354\346k\375\3670\235u`\302;Eg\275\232"
 223      20ECE66B 
 223      FDF7309D 
 223      7560C23B 
 223      4567BD9A 
 224 0124 4EFF8DB0 		.ascii	"N\377\215\260y[~n\026&\356\025E1]<9\312-t\177Ua\206"
 224      795B7E6E 
 224      1626EE15 
 224      45315D3C 
 224      39CA2D74 
 225 013c 3F5DF625 		.ascii	"?]\366%a\373S{3\004\272JC\330\266\312\362{*\0146C\277"
 225      61FB537B 
 225      3304BA4A 
 225      43D8B6CA 
 225      F27B2A0C 
 226 0153 AAD2592B 		.ascii	"\252\322Y+\340\261\264\277&\335qV\300o\323\376\262\037"
 226      E0B1B4BF 
 226      26DD7156 
 226      C06FD3FE 
 226      B21F
 227 0165 CAD7F8C1 		.ascii	"\312\327\370\301\222q\002\025\330\266\375Y\276?e\311"
 227      92710215 
 227      D8B6FD59 
 227      BE3F65C9 
 228 0175 9107C110 		.ascii	"\221\007\301\020_\177O\314\323\242p!\037\264\367\336"
 228      5F7F4FCC 
 228      D3A27021 
 228      1FB4F7DE 
 229 0185 CFAE1D2B 		.ascii	"\317\256\035+\212\012t\030\011h?\302\250\020M$\273&"
 229      8A0A7418 
 229      09683FC2 
 229      A8104D24 
 229      BB26
 230 0197 ABC92F5D 		.ascii	"\253\311/]\024\227\213Y)\242\177\275\226C\273\321\030"
 230      14978B59 
 230      29A27FBD 
 230      9643BBD1 
 230      18
 231 01a8 5480C670 		.ascii	"T\200\306p\350\020\012\007\004\305\242\0030x\020\006"
 231      E8100A07 
 231      04C5A203 
 231      30781006 
 232 01b8 4170CD8B 		.ascii	"Ap\315\213\312\025J$\204\373^t\304\307\"jBIjv\0101\241"
 232      CA154A24 
ARM GAS  C:\Users\srich\AppData\Local\Temp\ccHNR5yi.s 			page 18


 232      84FB5E74 
 232      C4C7226A 
 232      42496A76 
 233 01cf 144C2871 		.ascii	"\024L(q\233\000\026\271\334r\330^T\207\361\023Dw\370"
 233      9B0016B9 
 233      DC72D85E 
 233      5487F113 
 233      4477F8
 234 01e2 3425B34D 		.ascii	"4%\263M\205\373\031\363\244\377\324>%~\316\230\374\215"
 234      85FB19F3 
 234      A4FFD43E 
 234      257ECE98 
 234      FC8D
 235 01f4 9B8A94D4 		.ascii	"\233\212\224\324]j`\225\017\332W\336\021PXpXX\270\035"
 235      5D6A6095 
 235      0FDA57DE 
 235      11505870 
 235      5858B81D 
 236 0208 4CEA1DAA 		.ascii	"L\352\035\252\373ufv\212\230\377\026Uu\024TU\240`\267"
 236      FB756676 
 236      8A98FF16 
 236      55751454 
 236      55A060B7 
 237 021c 8113C680 		.ascii	"\201\023\306\200\326?\303\037n\035\230%f\211\342G6\016"
 237      D63FC31F 
 237      6E1D9825 
 237      6689E247 
 237      360E
 238 022e 15C1F43E 		.ascii	"\025\301\364>D\246\010\030lCU\260\221r\024\206*\201"
 238      44A60818 
 238      6C4355B0 
 238      91721486 
 238      2A81
 239 0240 4EA0306A 		.ascii	"N\2400j#\221o\277\225\247\252\237Le\037\367\226]\206"
 239      23916FBF 
 239      95A7AA9F 
 239      4C651FF7 
 239      965D86
 240 0253 5CC229F4 		.ascii	"\\\302)\364\246\013z\314\247\031\273\011\236\272\307"
 240      A60B7ACC 
 240      A719BB09 
 240      9EBAC7
 241 0262 713D4F25 		.ascii	"q=O%\"\002\341$\317\270\242\205O\313i,\344Qx0\305\265"
 241      2202E124 
 241      CFB8A285 
 241      4FCB692C 
 241      E4517830 
 242 0278 C5A9D129 		.ascii	"\305\251\321)\020T\354v!YD\177\2766\204N\302>^\267'"
 242      1054EC76 
 242      2159447F 
 242      BE36844E 
 242      C23E5EB7 
 243 028d 70E8D5C1 		.ascii	"p\350\325\301\306?\342j\236:\3271\230uX\211\3172fC\303"
 243      C63FE26A 
 243      9E3AD731 
 243      98755889 
 243      CF326643 
ARM GAS  C:\Users\srich\AppData\Local\Temp\ccHNR5yi.s 			page 19


 244 02a2 BA2FF145 		.ascii	"\272/\361E\326\337\332\177\2766\210z\375-\302\026\025"
 244      D6DFDA7F 
 244      BE36887A 
 244      FD2DC216 
 244      15
 245 02b3 656DF2C3 		.ascii	"em\362\303-lN\276$\032vI:\253:+\002\360-6\327\326\337"
 245      2D6C4EBE 
 245      241A7649 
 245      3AAB3A2B 
 245      02F02D36 
 246 02ca 56ED47E7 		.ascii	"V\355G\347&\003\353\367\262-3\025!8,\370\205{\032\274"
 246      2603EBF7 
 246      B22D3315 
 246      21382CF8 
 246      857B1ABC 
 247 02de 070CDE4B 		.ascii	"\007\014\336K\375\327 Y{\021\254\275\000\226\236\003"
 247      FDD72059 
 247      7B11ACBD 
 247      00969E03 
 248 02ee 3A0FD408 		.ascii	":\017\324\010\324\344>\011\321\361\"o\216\010\376%\356"
 248      D4E43E09 
 248      D1F1226F 
 248      8E08FE25 
 248      EE
 249 02ff 380DEE20 		.ascii	"8\015\356 \353\\\333fG\301\034L\300\366\227\343%\350"
 249      EB5CDB66 
 249      47C11C4C 
 249      C0F697E3 
 249      25E8
 250 0311 196F68CD 		.ascii	"\031oh\315\260S\023\355\351oK\310Zod\235\267\320\325"
 250      B05313ED 
 250      E96F4BC8 
 250      5A6F649D 
 250      B7D0D5
 251 0324 32B4DE1B 		.ascii	"2\264\336\033z\326K\350\200\254\276\332\033\351\016"
 251      7AD64BE8 
 251      80ACBEDA 
 251      1BE90E
 252 0333 487AC04E 		.ascii	"Hz\300N\032\010\015>\002\001\345\366\025\035\365\303"
 252      1A080D3E 
 252      0201E5F6 
 252      151DF5C3 
 253 0343 77A95FF9 		.ascii	"w\251_\371\241\233\227\2321\012\366\351Ct\005\\\367"
 253      A19B979A 
 253      310AF6E9 
 253      4374055C 
 253      F7
 254 0354 7BDC4835 		.ascii	"{\334H5~oR\243\313\000\276\344\016\251\0069\244@\353"
 254      7E6F52A3 
 254      CB00BEE4 
 254      0EA90639 
 254      A440EB
 255 0367 8ADC8C4A 		.ascii	"\212\334\214J\377`I\215}$5\334\210:H\326,x\231\2164"
 255      FF60498D 
 255      7D2435DC 
 255      883A48D6 
 255      2C78998E 
ARM GAS  C:\Users\srich\AppData\Local\Temp\ccHNR5yi.s 			page 20


 256 037c ABDC0903 		.ascii	"\253\334\011\0035{\334\005\016]E\032\011Y\367\324\271"
 256      357BDC05 
 256      0E5D451A 
 256      0959F7D4 
 256      B9
 257 038d 4B50F06C 		.ascii	"KP\360l\014}A\223\254\263\263\377\204\362\315\215\324"
 257      0C7D4193 
 257      ACB3B3FF 
 257      84F2CD8D 
 257      D4
 258 039e 80147194 		.ascii	"\200\024q\224\002\305\204x\254mAo\302\337kH\301\004"
 258      02C58478 
 258      AC6D416F 
 258      C2DF6B48 
 258      C104
 259 03b0 B417B494 		.ascii	"\264\027\264\224\373\341\036\026{\267\357\3649p\350"
 259      FBE11E16 
 259      7BB7EFF4 
 259      3970E8
 260 03bf 0ED1BEBF 		.ascii	"\016\321\276\277wpu\307\344\255\242}\271\370rh\010\321"
 260      777075C7 
 260      E4ADA27D 
 260      B9F87268 
 260      08D1
 261 03d1 55E8BA6B 		.ascii	"U\350\272k\277\034\351\263\207\246\025\205\302\302r"
 261      BF1CE9B3 
 261      87A61585 
 261      C2C272
 262 03e0 E791DD5A 		.ascii	"\347\221\335Z\226\327\251\240\203\025\367\237\262\340"
 262      96D7A9A0 
 262      8315F79F 
 262      B2E0
 263 03ee 1F4BD81B 		.ascii	"\037K\330\033\327\272\235~\370\024\246s\335\325\371"
 263      D7BA9D7E 
 263      F814A673 
 263      DDD5F9
 264 03fd 4B054886 		.ascii	"K\005H\206)\277/\031\302\212\352\037\373\227+q\023["
 264      29BF2F19 
 264      C28AEA1F 
 264      FB972B71 
 264      135B
 265 040f BEF66AEB 		.ascii	"\276\366j\353\301\000|\2311Ug\2275\012\370\032cnd\347"
 265      C1007C99 
 265      31556797 
 265      350AF81A 
 265      636E64E7 
 266 0423 EED6E21F 		.ascii	"\356\326\342\037\031\263\376\372\316\227\002\276\305"
 266      19B3FEFA 
 266      CE9702BE 
 266      C5
 267 0430 9873EDCE 		.ascii	"\230s\355\316'\032j\316(\302\036\252L_/\340\333l\356"
 267      271A6ACE 
 267      28C21EAA 
 267      4C5F2FE0 
 267      DB6CEE
 268 0443 C099CA94 		.ascii	"\300\231\312\224\000\334A\031\377\003Y\337U\370\243"
 268      00DC4119 
ARM GAS  C:\Users\srich\AppData\Local\Temp\ccHNR5yi.s 			page 21


 268      FF0359DF 
 268      55F8A3
 269 0452 30F60B86 		.ascii	"0\366\013\206\374\270\"\245\367f\317\300\247,?\376\004"
 269      FCB822A5 
 269      F766CFC0 
 269      A72C3FFE 
 269      04
 270 0463 89C9014E 		.ascii	"\211\311\001N\350\0361\207\255H\261w\027\222\034F\240"
 270      E81E3187 
 270      AD48B177 
 270      17921C46 
 270      A0
 271 0474 EDDED0DB 		.ascii	"\355\336\320\333^\320\036\027\364\2567\264\306\013\332"
 271      5ED01E17 
 271      F4AE37B4 
 271      C60BDA
 272 0483 E582FEEC 		.ascii	"\345\202\376\354\333\000\371\222\001\366\027\027\266"
 272      DB00F992 
 272      01F61717 
 272      B6
 273 0490 CD1B3BC1 		.ascii	"\315\033;\301\013\372\320\005\275\343\333X\017l\247"
 273      0BFAD005 
 273      BDE3DB58 
 273      0F6CA7
 274 049f 0B7BCBA7 		.ascii	"\013{\313\247\330W\336\210\037a\372\006\225\322-]\255"
 274      D857DE88 
 274      1F61FA06 
 274      95D22D5D 
 274      AD
 275 04b0 8770BE5D 		.ascii	"\207p\276]\020\352\277\000\335\003\352\004\352\000z"
 275      10EABF00 
 275      DD03EA04 
 275      EA007A
 276 04bf 0074DFF3 		.ascii	"\000t\337\363\212\265\025\222K\335\355+\273o\313Y{\027"
 276      8AB51592 
 276      4BDDED2B 
 276      BB6FCB59 
 276      7B17
 277 04d1 C9D9DDF9 		.ascii	"\311\331\335\371\225\032\365\202\360\233\356\253\330"
 277      951AF582 
 277      F09BEEAB 
 277      D8
 278 04de ED2BBBCB 		.ascii	"\355+\273\313\246\240\036\260\340\277\261\006\002\344"
 278      A6A01EB0 
 278      E0BFB106 
 278      02E4
 279 04ec 5943DACA 		.ascii	"YC\332\312@\\\242\240\321\262\177}F\216r\330\315\354"
 279      405CA2A0 
 279      D1B27F7D 
 279      468E72D8 
 279      CDEC
 280 04fe 1D76331F 		.ascii	"\035v3\037\303-d\206\200\251y\217\252?@\341\032\372"
 280      C32D6486 
 280      80A9798F 
 280      AA3F40E1 
 280      1AFA
 281 0510 9C0FAD3C 		.ascii	"\234\017\255<4=E\374\010\365\001\340\221\333\332\307"
ARM GAS  C:\Users\srich\AppData\Local\Temp\ccHNR5yi.s 			page 22


 281      343D45FC 
 281      08F501E0 
 281      91DBDAC7 
 282 0520 EC2673DC 		.ascii	"\354&s\334H\"\321\023\260\322S*\312\276|\376P\000.\243"
 282      4822D113 
 282      B0D2532A 
 282      CABE7CFE 
 282      50002EA3 
 283 0534 F6F0C5C7 		.ascii	"\366\360\305\307\332z\324R\325\342\330[#\200\327\372"
 283      DA7AD452 
 283      D5E2D85B 
 283      2380D7FA 
 284 0544 E1849EBA 		.ascii	"\341\204\236\2725\224\242\327\026-\277\372\276r\373"
 284      3594A2D7 
 284      162DBFFA 
 284      BE72FB
 285 0553 ABABDFC0 		.ascii	"\253\253\337\300uLGZ\356\213=\201\222\016{\211\022\241"
 285      754C475A 
 285      EE8B3D81 
 285      920E7B89 
 285      12A1
 286 0565 01D0E0FC 		.ascii	"\001\320\340\374\335\032\236\371\326\320\334<p\032\323"
 286      DD1A9EF9 
 286      D6D0DC3C 
 286      701AD3
 287 0574 CC45C4B1 		.ascii	"\314E\304\261\314\225\231\371\360\204\037\035#\233x"
 287      CC9599F9 
 287      F0841F1D 
 287      239B78
 288 0583 8EE860E3 		.ascii	"\216\350`\343\232\307Ml\220\370\356\005\033<^\361\363"
 288      9AC74D6C 
 288      90F8EE05 
 288      1B3C5EF1 
 288      F3
 289 0594 A07AC41C 		.ascii	"\240z\304\034\367\222\346\270A9\307]8U\2611\010_d'8"
 289      F792E6B8 
 289      4139C75D 
 289      3855B131 
 289      085F6427 
 290 05a9 78E1C273 		.ascii	"x\341\302s\177)\307\235\333\031\351\221\343`\025\032"
 290      7F29C79D 
 290      DB19E991 
 290      E360151A 
 291 05b9 F2C87143 		.ascii	"\362\310qCr\216\023\371P\217\0222\204\225\220k\317m"
 291      728E13F9 
 291      508F1232 
 291      8495906B 
 291      CF6D
 292 05cb 3B85293B 		.ascii	";\205);D\345n\276t\375\250\002\337cJV\335\330s\336\017"
 292      44E56EBE 
 292      74FDA802 
 292      DF634A56 
 292      DDD873DE 
 293 05e0 3F64FECB 		.ascii	"?d\376\313\276\335\267\013\311\005`o\266\210\337\342"
 293      BEDDB70B 
 293      C905606F 
 293      B688DFE2 
ARM GAS  C:\Users\srich\AppData\Local\Temp\ccHNR5yi.s 			page 23


 294 05f0 D0C431E8 		.ascii	"\320\3041\350\035\360M\032\037\016\002\230o\226\361"
 294      1DF04D1A 
 294      1F0E0298 
 294      6F96F1
 295 05ff 63D0725E 		.ascii	"c\320r^\252\376\356\0178\020\251\376Ry\001\255\340]"
 295      AAFEEE0F 
 295      3810A9FE 
 295      527901AD 
 295      E05D
 296 0611 AE0E7115 		.ascii	"\256\016q\025\177\274\243e\327?}\013M\037IhI\352\271"
 296      7FBCA365 
 296      D73F7D0B 
 296      4D1F4968 
 296      49EAB9
 297 0624 3788D095 		.ascii	"7\210\320\225 4\305-\024t\270\036\257\314+\365\307\225"
 297      2034C52D 
 297      1474B81E 
 297      AFCC2BF5 
 297      C795
 298 0636 822434FD 		.ascii	"\202$4\3757\204\222D_\263\243\207\025\364Yt\343\351"
 298      37849244 
 298      5FB3A387 
 298      15F45974 
 298      E3E9
 299 0648 DD5B3359 		.ascii	"\335[3Ye3\232>E\355\217\0331e\377@\245\267w\336\011"
 299      65339A3E 
 299      45ED8F1B 
 299      3165FF40 
 299      A5B777DE 
 300 065d 20D24539 		.ascii	" \322E9\3245\202\307\261}K\014\201d\202\3260\341\337"
 300      D43582C7 
 300      B17D4B0C 
 300      816482D6 
 300      30E1DF
 301 0670 AE2A7B18 		.ascii	"\256*{\0304:K\272\307\241\210\032\276\012\224\257\346"
 301      343A4BBA 
 301      C7A1881A 
 301      BE0A94AF 
 301      E6
 302 0681 097C2D3F 		.ascii	"\011|-?Z^D\320\327.\264\036\016\360Dg\274\016\235q\372"
 302      5A5E44D0 
 302      D72EB41E 
 302      0EF04467 
 302      BC0E9D71 
 303 0696 6C6B2076 		.ascii	"lk v\262\343Z\333^\262\022\343!\306\310\237,!\354\223"
 303      B2E35ADB 
 303      5EB212E3 
 303      21C6C89F 
 303      2C21EC93 
 304 06aa 655BCBDD 		.ascii	"e[\313\335>v\316\274'\253e\354\332\342\374'A\224\305"
 304      3E76CEBC 
 304      27AB65EC 
 304      DAE2FC27 
 304      4194C5
 305 06bd 9EA57608 		.ascii	"\236\245v\010-\265]\242\264LT\327\225\355e\032\312*"
 305      2DB55DA2 
 305      B44C54D7 
ARM GAS  C:\Users\srich\AppData\Local\Temp\ccHNR5yi.s 			page 24


 305      95ED651A 
 305      CA2A
 306 06cf E9454E3D 		.ascii	"\351EN=v\214=\232*OQ!LT\177\236\343\001\242\263~\236"
 306      768C3D9A 
 306      2A4F5121 
 306      4C547F9E 
 306      E301A2B3 
 307 06e5 6C0863AF 		.ascii	"l\010c\257\327o~\237N\372SG\015<jd\222\004\302vd\025"
 307      D76F7E9F 
 307      4EFA5347 
 307      0D3C6A64 
 307      9204C276 
 308 06fb 94303D01 		.ascii	"\2240=\001\236\237KZ\366\271\324u\320^\253\246l }\377"
 308      9E9F4B5A 
 308      F6B9D475 
 308      D05EABA6 
 308      6C207DFF 
 309 070f 726FF4B3 		.ascii	"ro\364\263\015i\251`\307\362\006\366\375\026\344\371"
 309      0D69A960 
 309      C7F206F6 
 309      FD16E4F9 
 310 071f 726AD9CB 		.ascii	"rj\331\313)K\016a\222\345\343\325\262\343\225\327\206"
 310      294B0E61 
 310      92E5E3D5 
 310      B2E395D7 
 310      86
 311 0730 B0B59BEE 		.ascii	"\260\265\233\356\226}\0330\355\260\230n\207\2228\223"
 311      967D1B30 
 311      EDB0986E 
 311      87923893 
 312 0740 1F0D2F04 		.ascii	"\037\015/\004\312\206\363\370\313\030\264\036\232\015"
 312      CA86F3F8 
 312      CB18B41E 
 312      9A0D
 313 074e 3C633702 		.ascii	"<c7\002m\002\332,\265[\200H\204m\005\332\006\264\035"
 313      6D02DA2C 
 313      B55B8048 
 313      846D05DA 
 313      06B41D
 314 0761 E83BA089 		.ascii	"\350;\240\211l\372{\011\266Cjs\244\326.\265\271R\273"
 314      6CFA7B09 
 314      B6436A73 
 314      A4D62EB5 
 314      B952BB
 315 0774 536AF3A4 		.ascii	"Sj\363\2446\037h\027\320\017@\273Y|=>\375\374r\340\370"
 315      361F6817 
 315      D00F40BB 
 315      597C3D3E 
 315      FDFC72E0 
 316 0789 5CF1A2BD 		.ascii	"\\\361\242\275w\2600o\372zQ\314'\337C\177\377\023\265"
 316      77B0306F 
 316      FA7A51CC 
 316      27DF437F 
 316      FF13B5
 317 079c 360B6E08 		.ascii	"6\013n\010\334|\217\020Z\307CB@\005\3744(\351\370\361"
 317      DC7C8F10 
 317      5AC74342 
ARM GAS  C:\Users\srich\AppData\Local\Temp\ccHNR5yi.s 			page 25


 317      4005FC34 
 317      28E9F8F1 
 318 07b0 206020F5 		.ascii	" ` \365J\032O\367\177\222FCA{Sv \015\367\0114V\232Z"
 318      4A1A4FF7 
 318      7F924643 
 318      417B5376 
 318      200DF709 
 319 07c8 329478B5 		.ascii	"2\224x\265\222\206\325\362"
 319      9286D5F2 
 320 07d0 8B5DB783 		.ascii	"\213]\267\203\360f\306\210\231\035+0\336\306\230\214"
 320      F066C688 
 320      991D2B30 
 320      DEC6988C 
 321 07e0 EC940E35 		.ascii	"\354\224\0165\316a\314\225\202\254t5\316c\314\263\246"
 321      CE61CC95 
 321      82AC7435 
 321      CE63CCB3 
 321      A6
 322 07f1 8E528C8B 		.ascii	"\216R\214\213\030S\232\331\221\243\300\245\214\251i"
 322      18539AD9 
 322      91A3C0A5 
 322      8CA969
 323 0800 49EB54E1 		.ascii	"I\353T\341\012\306\264\356^\271^\215\3170f\335\256\015"
 323      0AC6B4EE 
 323      5EB95E8D 
 323      CF3066DD 
 323      AE0D
 324 0812 693C3ECF 		.ascii	"i<>\317\230\252\332\246\235\376\370\022e4\231\353\372"
 324      98AADAA6 
 324      9DFEF812 
 324      653499EB 
 324      FA
 325 0823 ECF2A704 		.ascii	"\354\362\247\004\375\234\010\363|\"\367\3026\013\351"
 325      FD9C08F3 
 325      7C22F7C2 
 325      360BE9
 326 0832 368FF2EC 		.ascii	"6\217\362\354}<\005W\376\030\037\206\216\003U\001U\000"
 326      7D3C0557 
 326      FE181F86 
 326      8E035501 
 326      5500
 327 0844 9D002A03 		.ascii	"\235\000*\003\252\006:\011T\011T\316\313\337\030\264"
 327      AA063A09 
 327      540954CE 
 327      CBDF18B4 
 328 0854 5A2AFBCC 		.ascii	"Z*\373\314]-\355\003\037\022q>*\005V\326\354\223k\212"
 328      5D2DED03 
 328      1F12713E 
 328      2A0556D6 
 328      EC936B8A 
 329 0868 629F488F 		.ascii	"b\237H\217\362\303\351\202\036\364\206\276R\252\274"
 329      F2C3E982 
 329      1EF486BE 
 329      52AABC
 330 0877 70618F78 		.ascii	"pa\217xc\353\274\261\017]\330\375\336\330W*\253\036"
 330      63EBBCB1 
 330      0F5DD8FD 
ARM GAS  C:\Users\srich\AppData\Local\Temp\ccHNR5yi.s 			page 26


 330      DED8572A 
 330      AB1E
 331 0889 17F6806F 		.ascii	"\027\366\200o\033\334;{\356\202\226\3726\301\243btA"
 331      1BDC3B7B 
 331      EE8296FA 
 331      36C1A362 
 331      7441
 332 089b 4B7C5BE0 		.ascii	"K|[\340\206\016\270\240\207\275\2415\036\306\322j\240"
 332      860EB8A0 
 332      87BDA135 
 332      1EC6D26A 
 332      A0
 333 08ac 731FA9A1 		.ascii	"s\037\251\241\000\343UC\021A\216g\373\0324\242$\352"
 333      00E35543 
 333      11418E67 
 333      FB1A34A2 
 333      24EA
 334 08be 906F5154 		.ascii	"\220oQT+<4\355MG\207\264r\3015\224\250Fg\000[\344~>"
 334      2B3C34ED 
 334      4D4787B4 
 334      72C13594 
 334      A8466700 
 335 08d6 8886570A 		.ascii	"\210\206W\012.9\232\320i\010\242\3775\240\310?2r\357"
 335      2E399AD0 
 335      6908A2FF 
 335      35A0C83F 
 335      3272EF
 336 08e9 0DA887D5 		.ascii	"\015\250\207\325[gx\317z\253\206\247\365\023i\001]|"
 336      5B6778CF 
 336      7AAB86A7 
 336      F5136901 
 336      5D7C
 337 08fb B0780F1A 		.ascii	"\260x\017\032\366\351\345\353\263\236{\345\233\036\325"
 337      F6E9E5EB 
 337      B39E7BE5 
 337      9B1ED5
 338 090a F2C1B07C 		.ascii	"\362\301\260|\273\375\342f\215 U1\351\277\375i\202\352"
 338      BBFDE266 
 338      8D205531 
 338      E9BFFD69 
 338      82EA
 339 091c 78815432 		.ascii	"x\201T2\247O:U\303l$\351\303mc\275d#iU3\346\374+T\307"
 339      A74F3A55 
 339      C36C24E9 
 339      C36D63BD 
 339      64236955 
 340 0936 8DB6DA12 		.ascii	"\215\266\332\022\247N1.\\l\266\030\255&[\362b\243M\235"
 340      A74E312E 
 340      5C6CB618 
 340      AD265BF2 
 340      62A34D9D 
 341 094a 6C4EB2C1 		.ascii	"lN\262\301\230M0\032\345\356\202\270\017\015q\213\314"
 341      984D301A 
 341      E5EE82B8 
 341      0F0D718B 
 341      CC
 342 095b F3CD565B 		.ascii	"\363\315V[r\274\331b\260Y,\011V\303\302\244\344P\332"
ARM GAS  C:\Users\srich\AppData\Local\Temp\ccHNR5yi.s 			page 27


 342      72BCD962 
 342      B0592C09 
 342      56C3C2A4 
 342      E450DA
 343 096e 0B8D5D92 		.ascii	"\013\215]\222\030jJ\234o\212\2177\305\033\336\233\364"
 343      186A4A9C 
 343      6F8A8F37 
 343      C51BDE9B 
 343      F4
 344 097f 41E894C9 		.ascii	"A\350\224\311\221\357\377{\252\001\306\337M\262$\231"
 344      91EFFF7B 
 344      AA01C6DF 
 344      4DB22499 
 345 098f DE35C5CE 		.ascii	"\3365\305\3167\033\314Iq\011\311\361&Cb,\310J2\031\214"
 345      371BCC49 
 345      7109C9F1 
 345      2643622C 
 345      C84A3219 
 346 09a4 F1A605B1 		.ascii	"\361\246\005\261\311\0116\243\355\233\305&\353\244E"
 346      C90936A3 
 346      ED9BC526 
 346      EBA445
 347 09b3 DC17FF57 		.ascii	"\334\027\377W5\326o\254\006\243\325\026\017{\000\331"
 347      35D66FAC 
 347      06A3D516 
 347      0F7B00D9 
 348 09c3 D812BF04 		.ascii	"\330\022\277\004\307-I\000Z\024\345\245\207\366-\326"
 348      C72D4900 
 348      5A14E5A5 
 348      87F62DD6 
 349 09d3 C8699106 		.ascii	"\310i\221\006\213\325\260(6\301\260\330\262\304f5P\347"
 349      8BD5B028 
 349      36C1B0D8 
 349      B2C46635 
 349      50E7
 350 09e5 181212E2 		.ascii	"\030\022\022\342\015\304A_G\032\026\307&\030\201\005"
 350      0DC4415F 
 350      471A16C7 
 350      26188105 
 351 09f5 71AA98E9 		.ascii	"q\252\230\351\321\261\266XUL\024kt\254\211f\315\307"
 351      D1B1B658 
 351      554C146B 
 351      74AC8966 
 351      CDC7
 352 0a07 A4F18F99 		.ascii	"\244\361\217\231>[gIZ`^\030h\224\026\032\315If\233."
 352      3E5B6749 
 352      5A605E18 
 352      6894161A 
 352      CD49669B 
 353 0a1c EEC3081D 		.ascii	"\356\303\010\035\3218\227j\217pk\217\210\260X#@}\004"
 353      D138976A 
 353      8F706B8F 
 353      88B05823 
 353      407D04
 354 0a2f 551F3177 		.ascii	"U\0371w\336?\246N\211\230=;:bF\314\254\317\277\216\214"
 354      DE3FA64E 
 354      89983D3B 
ARM GAS  C:\Users\srich\AppData\Local\Temp\ccHNR5yi.s 			page 28


 354      3A6246CC 
 354      ACCFBF8E 
 355 0a44 90D5C771 		.ascii	"\220\325\307q\0322b\234\007~\2136-\300:\375l\240\231"
 355      1A32629C 
 355      077E8B36 
 355      2DC03AFD 
 355      6CA099
 356 0a57 7856B41E 		.ascii	"xV\264\036\177\036\255WD\315\325\353q\224^\257\230\255"
 356      7F1EAD57 
 356      44CDD5EB 
 356      71945EAF 
 356      98AD
 357 0a69 FB4CFFFA 		.ascii	"\373L\377\372\315\232\226\332\014q\211V3\331,\333\357"
 357      CD9A96DA 
 357      0C718956 
 357      33D92CDB 
 357      EF
 358 0a7a 82C8A54B 		.ascii	"\202\310\245K\345\336\344\251K\347\303f\005\263\205"
 358      E5DEE4A9 
 358      4BE7C366 
 358      05B385
 359 0a89 58648E37 		.ascii	"Xd\2167\3324\254\233\030k\375\012B\305lI\264\304\233"
 359      DA34AC9B 
 359      186BFD0A 
 359      42C56C49 
 359      B4C49B
 360 0a9c 8CB6375C 		.ascii	"\214\2667\\\033\204 Z\270\304\222\274\230\214\373\221"
 360      1B84205A 
 360      B8C492BC 
 360      988CFB91 
 361 0aac F0F9ABD1 		.ascii	"\360\371\253\321\346\317\002\011z\252\270\005\013m\261"
 361      E6CF0209 
 361      7AAAB805 
 361      0B6DB1
 362 0abb F3035833 		.ascii	"\363\003X3i\332\264\311\357\005\350u:y#\274N\257\320"
 362      69DAB4C9 
 362      EF05E875 
 362      3A7923BC 
 362      4EAFD0
 363 0ace 7D32438F 		.ascii	"}2C\217u\263\364\352\3511QS\364s\347\321N$\351\250\246"
 363      75B3F4EA 
 363      E9315153 
 363      F473E7D1 
 363      4E24E9A8 
 364 0ae3 CF8CFA78 		.ascii	"\317\214\372x\216\336\217LHm$\264\212\250h\035\254\230"
 364      8EDE8F4C 
 364      486D24B4 
 364      8AA8681D 
 364      AC98
 365 0af5 ABFF0F09 		.ascii	"\253\377\017\011c|\356"
 365      637CEE
 366              		.text
 367              		.section	.gnu.lto_.symtab.ab66ed92,"",%progbits
 368 0000 5F70616C 		.ascii	"_pal_lld_init\000\000\000\000\000\000\000\000\000\000"
 368      5F6C6C64 
 368      5F696E69 
 368      74000000 
ARM GAS  C:\Users\srich\AppData\Local\Temp\ccHNR5yi.s 			page 29


 368      00000000 
 369 0017 0000D900 		.ascii	"\000\000\331\000\000\000_pal_lld_setgroupmode\000\000"
 369      00005F70 
 369      616C5F6C 
 369      6C645F73 
 369      65746772 
 370 0034 00000000 		.ascii	"\000\000\000\000\000\000\000\000\000\000\000\001\000"
 370      00000000 
 370      00000001 
 370      00
 371 0041 00       		.ascii	"\000"
 372              		.text
 373              		.section	.gnu.lto_.opts,"",%progbits
 374 0000 272D666E 		.ascii	"'-fno-trapv' '-mcpu=cortex-m3' '-mno-thumb-interwor"
 374      6F2D7472 
 374      61707627 
 374      20272D6D 
 374      6370753D 
 375 0033 6B272027 		.ascii	"k' '-mthumb' '-ggdb' '-O2' '-fomit-frame-pointer' '"
 375      2D6D7468 
 375      756D6227 
 375      20272D67 
 375      67646227 
 376 0066 2D66616C 		.ascii	"-falign-functions=16' '-ffunction-sections' '-fdata"
 376      69676E2D 
 376      66756E63 
 376      74696F6E 
 376      733D3136 
 377 0099 2D736563 		.ascii	"-sections' '-fno-common' '-flto'\000"
 377      74696F6E 
 377      73272027 
 377      2D666E6F 
 377      2D636F6D 
 378              		.text
 379              		.comm	__gnu_lto_v1,1,1
 380              		.comm	__gnu_lto_slim,1,1
 381              		.ident	"GCC: (GNU Tools for ARM Embedded Processors) 4.9.3 20150529 (release) [ARM/embedded-4_9-br
ARM GAS  C:\Users\srich\AppData\Local\Temp\ccHNR5yi.s 			page 30


DEFINED SYMBOLS
                            *ABS*:00000000 pal_lld.c
                            *COM*:00000001 __gnu_lto_v1
                            *COM*:00000001 __gnu_lto_slim

NO UNDEFINED SYMBOLS
