ARM GAS  C:\Users\srich\AppData\Local\Temp\cchcXgHQ.s 			page 1


   1              		.syntax unified
   2              		.cpu cortex-m3
   3              		.fpu softvfp
   4              		.eabi_attribute 20, 1
   5              		.eabi_attribute 21, 1
   6              		.eabi_attribute 23, 3
   7              		.eabi_attribute 24, 1
   8              		.eabi_attribute 25, 1
   9              		.eabi_attribute 26, 1
  10              		.eabi_attribute 30, 2
  11              		.eabi_attribute 34, 1
  12              		.eabi_attribute 18, 4
  13              		.thumb
  14              		.file	"st.c"
  15              		.text
  16              	.Ltext0:
  17              		.section	.gnu.lto_.profile.b66e1678,"",%progbits
  18 0000 789C6366 		.ascii	"x\234cf```a\200\000F\006)\036\000\000\264\000/"
  18      60606061 
  18      80004606 
  18      291E0000 
  18      B4002F
  19              		.text
  20              		.section	.gnu.lto_.jmpfuncs.b66e1678,"",%progbits
  21 0000 789C6366 		.ascii	"x\234cf\300\016\304\2404+\210`\004\202z&\006\006f\020"
  21      C00EC4A0 
  21      342B8860 
  21      04827A26 
  21      06066610 
  22 0014 CD021400 		.ascii	"\315\002\024\000\000\015^\001-"
  22      000D5E01 
  22      2D
  23              		.text
  24              		.section	.gnu.lto_.inline.b66e1678,"",%progbits
  25 0000 789C6366 		.ascii	"x\234cf\300\016r\2414+\003\003\013\017#\003\023\220"
  25      C00E72A1 
  25      342B0303 
  25      0B0F2303 
  25      1390
  26 0012 C9B6401E 		.ascii	"\311\266@\036D10r\201\010\0066VFF \305\300\304\366A"
  26      44313072 
  26      81080636 
  26      56464620 
  26      C5C0C4F6 
  27 0027 0F2EC7C4 		.ascii	"\017.\307\304\300\302\014T\315t\201\037.\304\014\022"
  27      C0C20C54 
  27      CD74811F 
  27      2EC40C12 
  28 0037 82A84416 		.ascii	"\202\250D\026f\301T\311\000\000\270\007\010x"
  28      66C154C9 
  28      0000B807 
  28      0878
  29              		.text
  30              		.section	.gnu.lto_.pureconst.b66e1678,"",%progbits
  31 0000 789C6366 		.ascii	"x\234cf``\340f\200\000V\006\011F)&)f)\026)\000\004\004"
  31      6060E066 
  31      80005606 
ARM GAS  C:\Users\srich\AppData\Local\Temp\cchcXgHQ.s 			page 2


  31      09462926 
  31      29662916 
  32 0018 009E     		.ascii	"\000\236"
  33              		.text
  34              		.section	.gnu.lto_stInit.b66e1678,"",%progbits
  35 0000 789C6366 		.ascii	"x\234cf\300\004R@\274\020\210u\201\230\221\231\201\221"
  35      C0045240 
  35      BC108875 
  35      81989199 
  35      8191
  36 0012 69C23906 		.ascii	"i\3029\006\206F\016&FF\020\203\201\221\241\236\211\261"
  36      86460E26 
  36      46461083 
  36      8191A19E 
  36      89B1
  37 0024 9EF125D3 		.ascii	"\236\361%\323G&\306\011\007V\317\340V_\332\320\320\360"
  37      4726C609 
  37      0756CFE0 
  37      565FDAD0 
  37      D0F0
  38 0036 E1D0F9C6 		.ascii	"\341\320\371\306\200\003\214?\231\030\030>3A\314a\\"
  38      80038C3F 
  38      9918183E 
  38      3341CC61 
  38      5C
  39 0047 CEA8CE00 		.ascii	"\316\250\316\000T\364\261\345\357un\266\026\240\"\001"
  39      54F4B1E5 
  39      EF756EB6 
  39      16A02201 
  40 0057 881CE30A 		.ascii	"\210\034\343\012F6F \275^\350@\303\377\377\217\247\376"
  40      46364620 
  40      BD5EE840 
  40      C3FFFF8F 
  40      A7FE
  41 0069 D1676660 		.ascii	"\321gf`x\002\224\001\231\377\224\211\011D3\337al>\360"
  41      78029401 
  41      99FF9489 
  41      094433DF 
  41      616C3EF0 
  42 007d 9717A414 		.ascii	"\227\027\244\024d\306\274\313}\353\230j\1777t4p\374"
  42      64C6BCCB 
  42      7DEB986A 
  42      7F377434 
  42      70FC
  43 008f 6462FCCC 		.ascii	"db\374\314\004\324\316\270\222\261\226\341'P\365=\306"
  43      04D4CEB8 
  43      92B196E1 
  43      2750F53D 
  43      C6
  44 00a0 C603FF59 		.ascii	"\306\003\377Y\301*\031@\3460\202\364\003M\323N\266\322"
  44      C12A1940 
  44      E63082F4 
  44      034DD34E 
  44      B6D2
  45 00b2 77CEC84C 		.ascii	"w\316\310L\312\014.)M\311\314\327O\006\261\363\213\015"
  45      CA0C2E29 
  45      4DC9CCD7 
ARM GAS  C:\Users\srich\AppData\Local\Temp\cchcXgHQ.s 			page 3


  45      4F06B1F3 
  45      8B0D
  46 00c4 CD0CF5F5 		.ascii	"\315\014\365\365\363\213\3653\022s\364\213\213\222\365"
  46      F38BF533 
  46      1273F48B 
  46      8B92F5
  47 00d3 8B4BF492 		.ascii	"\213K\364\222\031\000_\323I\205"
  47      19005FD3 
  47      4985
  48              		.text
  49              		.section	.gnu.lto_stStartAlarm.b66e1678,"",%progbits
  50 0000 789C9D92 		.ascii	"x\234\235\222\301k\023A\024\306\347\233\335&\213\225"
  50      C16B1341 
  50      14C6E79B 
  50      DD268B95 
  51 0010 523C855C 		.ascii	"R<\205\\<\204\322\203&K\024z\350\251\340\237\340uA\322"
  51      3C84D283 
  51      264B147A 
  51      E8A9E09F 
  51      E07541D2 
  52 0024 54482025 		.ascii	"TH %\322\215^<t\023\023\005E\033\354AQ\202\325\022\252"
  52      D28D5E3C 
  52      74131305 
  52      451BEC41 
  52      5182D512 
  53 0039 4D63A3B1 		.ascii	"Mc\243\261V-\205h\025\205\202A\017\006<\244AR\250\025"
  53      562D8568 
  53      15858241 
  53      0F063CA4 
  53      4152A815 
  54 004d 243185B8 		.ascii	"$1\205\270B\215o\266+Z\275\210\013\2733\357\315\373"
  54      428D6FB6 
  54      2B5ABD88 
  54      0BBB33EF 
  54      CDFB
  55 005f BEF79B99 		.ascii	"\276\367\233\231\225\330\337\217\233\336\347\234\261"
  55      95D8DF8F 
  55      9BDEE79C 
  55      B1
  56 006c D3344262 		.ascii	"\3234Bb\340\351\327\214\305\025\016\210\011\003\033"
  56      E0E9D78C 
  56      C5150E88 
  56      09031B
  57 007b E718C747 		.ascii	"\347\030\307G\336\344H\227rW\273\373\263\206a4\336\026"
  57      DEE44897 
  57      7257BBFB 
  57      B3866134 
  57      DE16
  58 008d 5D299749 		.ascii	"])\227I\262\026\337\261\301\014\372\251d\342R\352\""
  58      B216DFB1 
  58      C10CFAA9 
  58      64E252EA 
  58      22
  59 009e 241F18CD 		.ascii	"$\037\030\315W?|m\355\335\340&G\257\010\257U\326\267"
  59      573F7C6D 
  59      EDDDE026 
  59      47AF08AF 
ARM GAS  C:\Users\srich\AppData\Local\Temp\cchcXgHQ.s 			page 4


  59      55D6B7
  60 00b1 2411722E 		.ascii	"$\021r.\3023\027\232\255=}\323\206\221(-\027\214!\312"
  60      C233179A 
  60      AD3D7DD3 
  60      8691282D 
  60      178C21CA 
  61 00c5 4BB80D89 		.ascii	"K\270\015\211\374p\007n\314\302\315(\305\220C\237(o"
  61      FC70076E 
  61      CCC2CD28 
  61      C590439F 
  61      286F
  62 00d7 26B72BDD 		.ascii	"&\267+\335\216$\365\356\335\376\331\026sp\200\306\371"
  62      8E24F5EE 
  62      DDFED916 
  62      737080C6 
  62      F9
  63 00e8 7D25A3D3 		.ascii	"}%\243\323\231\236\231[\220\235\304M\012\231\2642cu"
  63      999E995B 
  63      909DC44D 
  63      0A99B432 
  63      6375
  64 00fa AA12BB58 		.ascii	"\252\022\273X\247\2264J\357\220\260P\212\331o\347!\015"
  64      A796344A 
  64      EF90B050 
  64      8AD96FE7 
  64      210D
  65 010c 5894B7A6 		.ascii	"X\224\267\246n\274\342\236\233\304Q\313\254\004J\211"
  65      6EBCE29E 
  65      9BC451CB 
  65      AC044A89 
  66 011c 29E37BA7 		.ascii	")\343{\247\003A\223\337Mc\357\363.<m\262{\217D\365\334"
  66      034193DF 
  66      4D63EFF3 
  66      2E3C6DB2 
  66      7B8F44F5 
  67 0131 DA626503 		.ascii	"\332be\003\273\340j\331M\227(\261\330Z\034\177\2403"
  67      BBE06AD9 
  67      4D9728B1 
  67      D85A1C7F 
  67      A033
  68 0143 CCC34126 		.ascii	"\314\303A&\0058\332\\\336\361yv\331\\^J\365\210\034"
  68      0538DA5C 
  68      DEF17976 
  68      D95C5E4A 
  68      F5881C
  69 0156 157F5E7D 		.ascii	"\025\177^}y\266K\234R\027\325\033\262\320\257\325\313"
  69      79B64B9C 
  69      5217D51B 
  69      B2D0AFD5 
  69      CB
  70 0167 6F142BC5 		.ascii	"o\024+\305Dx\245\374i\226gp=\2366\024\223;p\217\370"
  70      4478A5FC 
  70      69966770 
  70      3D9E3614 
  70      933B708F 
  71 017c EE0B3E5A 		.ascii	"\356\013>ZkO\326\363=\336\234\221\214\227\366\233\334"
  71      6B4FD6F3 
ARM GAS  C:\Users\srich\AppData\Local\Temp\cchcXgHQ.s 			page 5


  71      3DDE9C91 
  71      8C97F69B 
  71      DC
  72 018d 892232F8 		.ascii	"\211\"2\370B\207`\265\245\365\247\223[Y\256\346\305"
  72      428760B5 
  72      A5F5A793 
  72      5B59AEE6 
  72      C5
  73 019e FA41932B 		.ascii	"\372A\223+x\000/<n{\035\013P\211J 5\012\325\204\323"
  73      78002F3C 
  73      6E7B1D0B 
  73      50894A20 
  73      350AD584 
  74 01b3 26FAF77E 		.ascii	"&\372\367~\012\036Z\375`\373-\302\373;\276B}\036\221"
  74      0A1E5AFD 
  74      60FB2DC2 
  74      FB3BBE42 
  74      7D1E91
  75 01c6 50F837FE 		.ascii	"P\3707\376\317\377\261\345\317m\377'\226\177\271\266"
  75      CFFFB1E5 
  75      CF6DFF27 
  75      967FB9B6 
  76 01d6 3261FD66 		.ascii	"2a\375f\012\345\227HXE\274\366bS\0217 n\254N<t\371t"
  76      0AE59748 
  76      5845BCF6 
  76      62531137 
  76      206EAC4E 
  77 01ee 0A078283 		.ascii	"\012\007\202\203\352\221Px8|4vr$\034U\203b\036\325\375"
  77      EA915078 
  77      387C3476 
  77      72241C55 
  77      83621ED5 
  78 0203 037E558D 		.ascii	"\003~U\215\352j(\020Q\365\261\240\252\307|A\346\014"
  78      EA6A2810 
  78      51F5B1A0 
  78      AAC77C41 
  78      E60C
  79 0215 0CEBB1F0 		.ascii	"\014\353\261\360\350qY|\206\202\203\232U\254[B\355\227"
  79      E871597C 
  79      8682839A 
  79      55AC5B42 
  79      ED97
  80 0227 508BEA1A 		.ascii	"P\213\352\032\351\264\023\321\261\230\256\351\261\321"
  80      E9B413D1 
  80      B198AEE9 
  80      B1D1
  81 0235 C387B448 		.ascii	"\303\207\264HdD#\325)?\305\307(\360\205\330\017\305"
  81      644423D5 
  81      293FC5C7 
  81      28F085D8 
  81      0FC5
  82 0247 2A280C   		.ascii	"*(\014"
  83              		.text
  84              		.section	.gnu.lto_stStopAlarm.b66e1678,"",%progbits
  85 0000 789C6590 		.ascii	"x\234e\220\317K\002A\024\307\337\233\265eA\250\350$"
  85      CF4B0241 
  85      14C7DF9B 
ARM GAS  C:\Users\srich\AppData\Local\Temp\cchcXgHQ.s 			page 6


  85      B56541A8 
  85      E824
  86 0012 FE031E42 		.ascii	"\376\003\036B\027\013:x\012\372\023\272.D\255\007\027"
  86      170B3A78 
  86      0AFA13BA 
  86      2E44AD07 
  86      17
  87 0023 B40D67EB 		.ascii	"\264\015g\353\352.Xg\241CA\331%\242\322L\350bG\011\244"
  87      EA2E5867 
  87      A14341D9 
  87      25A2D24C 
  87      E8624709 
  88 0038 8390740A 		.ascii	"\203\220t\012:\230\207\015\212\"5\017\261\207\2607\353"
  88      3A98870D 
  88      8A22350F 
  88      B187B037 
  88      EB
  89 0049 A15F03C3 		.ascii	"\241_\003\303\2747\337\357\373\2747#\301\377\025\246"
  89      BC37DFEF 
  89      FBBC3723 
  89      C1FF15A6 
  90 0059 1D458055 		.ascii	"\035E\200U:Q\002d\205\033\000Ga\210\"\000\204\034\303"
  90      3A510264 
  90      851B0047 
  90      61882200 
  90      841CC3
  91 006c 1C3EB33E 		.ascii	"\034>\263>\303B\275\274\033\214\034\331\266\335\273"
  91      C342BDBC 
  91      1B8C1CD9 
  91      B6DDBB
  92 007b A8853643 		.ascii	"\250\2056C\036\003\030\260\021\006\2171\002\344\351"
  92      1E0318B0 
  92      11068F31 
  92      02E4E9
  93 008a E73FEF82 		.ascii	"\347?\357\202r\236<\223#\015OP&<T\247\352\366px\270"
  93      729E3C93 
  93      230D4F50 
  93      263C54A7 
  93      EAF67078 
  94 009f FF5A0B48 		.ascii	"\377Z\013H\000.I\202\377\310\2308\245{\274\352]V[\215"
  94      002E4982 
  94      FFC89838 
  94      A57BBCEA 
  94      5D565B8D 
  95 00b3 E02F44E7 		.ascii	"\340/D\347\250\033\362\001\003\206\177\341x\2122\321"
  95      A81BF201 
  95      03867FE1 
  95      788A32D1 
  96 00c3 4B2893F0 		.ascii	"K(\223\360\326\274\336\032{b\036C\322\354\200\360>\270"
  96      D6BCDE1A 
  96      7B621E43 
  96      D2EC80F0 
  96      3EB8
  97 00d5 AD5BC5BF 		.ascii	"\255[\305\277\002\221\356\264^J\254\210{N\301V<\306"
  97      0291EEB4 
  97      5E4AAC88 
  97      7B4EC156 
ARM GAS  C:\Users\srich\AppData\Local\Temp\cchcXgHQ.s 			page 7


  97      3CC6
  98 00e7 B08C613C 		.ascii	"\260\214a<\303\260\257}l\273\225\361h\331\316;\275\366"
  98      C3B0AF7D 
  98      6CBB95F1 
  98      68D9CE3B 
  98      BDF6
  99 00f9 4173C263 		.ascii	"As\302c\022V\260\210\3574\243\337\005\3171\372\223H"
  99      1256B088 
  99      EF34A3DF 
  99      05CF31FA 
  99      9348
 100 010b F363956A 		.ascii	"\363c\225j\333\350t\032]E\014(\276\300\245V\364\026"
 100      DBE8741A 
 100      5D450C28 
 100      BEC0A556 
 100      F416
 101 011d AA9AD613 		.ascii	"\252\232\326\023\352B\312X1\026\255\365\244a\252\272"
 101      EA42CA58 
 101      3116ADF5 
 101      A461AABA 
 102 012d 884D1E9F 		.ascii	"\210M\036\237\213\253\252\311\325\324rZ\345Y]\345VL"
 102      8BABAAC9 
 102      D5D4725A 
 102      E5595DE5 
 102      564C
 103 013f 87793DA1 		.ascii	"\207y=\241\371:\367\275\332\267W3\271FVm\315\314Z\\"
 103      F93AF7BD 
 103      DAB75733 
 103      B946566D 
 103      CDCC5A5C 
 104 0153 E3566676 		.ascii	"\343VfvFK\247\223\232ed6\342\224/Q\022K\301\027k6\230"
 104      464BA793 
 104      9A656436 
 104      E2942F51 
 104      124BC117 
 105 016a 3B       		.ascii	";"
 106              		.text
 107              		.section	.gnu.lto_stSetAlarm.b66e1678,"",%progbits
 108 0000 789C6550 		.ascii	"x\234ePMk\023Q\024}\347\315d:X)\305U\310\306E(]h3D\241"
 108      4D6B1351 
 108      147DE7CD 
 108      643A5829 
 108      C555C8C6 
 109 001b 8BAE0AFE 		.ascii	"\213\256\012\376\004\267\003\222N\205\004RF:\243\033"
 109      04B70392 
 109      4E850452 
 109      463AA31B 
 110 002b 177D8989 		.ascii	"\027}\211\211\202E\015\355BQ\212\325\022?\032c\253U"
 110      82450DED 
 110      42518AD5 
 110      123F1A63 
 110      AB55
 111 003d 5C046154 		.ascii	"\\\004aTD\241`qcQ\260\015\222B\245\"\306\024\306\021"
 111      44A16071 
 111      6351B00D 
 111      9242A522 
 111      C614C611 
ARM GAS  C:\Users\srich\AppData\Local\Temp\cchcXgHQ.s 			page 8


 112 0051 6ABC6F5A 		.ascii	"j\274oZ\221\352\300\233\373u\316\275\347^\205\375\377"
 112      91EAC09B 
 112      FB75CEBD 
 112      E75E85FD 
 112      FF
 113 0062 C5E8A99C 		.ascii	"\305\350\251\234\261\323d\2410\360\322\033\306r:\007"
 113      B1D364A1 
 113      30F0D21B 
 113      C6723A07 
 114 0072 A4C3C0C6 		.ascii	"\244\303\300\3068\306\360\23179J^\345JgoY\010\361m\242"
 114      38C6F099 
 114      37394A5E 
 114      E54A676F 
 114      5908F16D 
 115 0087 162D4603 		.ascii	"\026-F\003\242\265\370v\033\334F/A.],^\200\222\000#"
 115      A2B5F876 
 115      1BDC462F 
 115      412E5D2C 
 115      5E809200 
 116 009c 7FF1D38F 		.ascii	"\177\361\323\217\326\336u\036pt\313\360\352\362\332"
 116      D6DE751E 
 116      7074CBF0 
 116      EAF2DA
 117 00ab A62243CE 		.ascii	"\246\"C\316exf\274\331\332\3233#D\336\253\315\213A\312"
 117      657866BC 
 117      D9DAD333 
 117      2344DEAB 
 117      CD8B41CA 
 118 00bf 2BB80385 		.ascii	"+\270\003\205\372\341.b\230E\214Q\212\241\202\036\011"
 118      FAE12E62 
 118      98458C51 
 118      8AA1821E 
 118      09
 119 00d0 6F16B696 		.ascii	"o\026\266\226;\265\002\315\356\336\3723\026\367\240"
 119      3BB502CD 
 119      EEDEFA33 
 119      16F7A0
 120 00df 81ECDC3E 		.ascii	"\201\354\334>O\264\3333\267\276\324\324\010\351&\206"
 120      4FB4DB33 
 120      B7BED4D4 
 120      08E92686 
 121 00ef 4A5C95B1 		.ascii	"J\\\225\261\006\241\344\026k4\222\254\362\016\371P\312"
 121      06A1E416 
 121      6B3492AC 
 121      F20EF950 
 121      CA
 122 0100 42F9E779 		.ascii	"B\371\347y(\375\241\312\233\323\327_\363\370\015\322"
 122      28FDA1CA 
 122      9BD3D75F 
 122      F3F80DD2 
 123 0110 517FFF22 		.ascii	"Q\177\377\"\345\345\247\305\257v\033RMu\267\232\235"
 123      E5E5A7C5 
 123      AF761B52 
 123      4D75B79A 
 123      9D
 124 0121 3DEF23EE 		.ascii	"=\357#\356S\273\017\310\257\234[}\362q\035\273\304\325"
 124      53BB0FC8 
ARM GAS  C:\Users\srich\AppData\Local\Temp\cchcXgHQ.s 			page 9


 124      AF9C5B7D 
 124      F2711DBB 
 124      C4D5
 125 0133 CB7E5442 		.ascii	"\313~TBBm-\216\177\2443\314A\243&\363\320|\256n\367"
 125      426D2D8E 
 125      7FA433CC 
 125      41A326F3 
 125      D07CAE6E 
 126 0148 793E113C 		.ascii	"y>\021<\335(v\311\034\201\277.\276:\033\221W\212\020"
 126      DD2876C9 
 126      1C81BF2E 
 126      BE3A1B91 
 126      578A10
 127 015b 5EA892BF 		.ascii	"^\250\222\277\332Xz\253\207)&\303\313K\033\263|\012"
 127      DA587AAB 
 127      872926C3 
 127      CB4B1BB3 
 127      7C0A
 128 016d D77225A1 		.ascii	"\327r%\241\007\\\303\003\322\367P\352\243\232?\331\250"
 128      075CC303 
 128      D2F750EA 
 128      A39A3FD9 
 128      A8
 129 017e 76F55544 		.ascii	"v\365UD!\347\355\017x\007\0260\205\357t\204p,\325\237"
 129      21E7ED0F 
 129      78071630 
 129      85EF7484 
 129      702CD59F 
 130 0192 4D6E96B9 		.ascii	"Mn\226\271Q\225\365\203\001\327\361\010}\210\307v\352"
 130      5195F583 
 130      01D7F108 
 130      7D88C776 
 130      EA
 131 01a3 780C8354 		.ascii	"x\014\203T\261\025\344\352/}]n 7n\320\026t<\352r\300"
 131      B115E4EA 
 131      2F7D5D6E 
 131      20376ED0 
 131      16743CEA 
 132 01b9 1A308EA4 		.ascii	"\0320\216\2443C\231\243\356\311\341\214mX\322\267\235"
 132      334399A3 
 132      EEC9E18C 
 132      6D58D2B7 
 132      9D
 133 01ca 647FD230 		.ascii	"d\177\3220l\307H\247\262\2063j\031\216\233\260XGj\310"
 133      6CC748A7 
 133      B286336A 
 133      198E9BB0 
 133      58476AC8 
 134 01de 713323C7 		.ascii	"q3#\307U\371\033\264\006\314\020\354\204D\363/\321\264"
 134      55F91BB4 
 134      06CC10EC 
 134      8444F32F 
 134      D1B4
 135 01f0 1D9378E6 		.ascii	"\035\223x\346\011{\324uL\307\0359|\310\314f\207Mb\235"
 135      097BD475 
 135      4CC71D39 
 135      7CC8CC66 
ARM GAS  C:\Users\srich\AppData\Local\Temp\cchcXgHQ.s 			page 10


 135      874D629D 
 136 0204 4A527C8C 		.ascii	"JR|\214\202D\232\375\006x\261\343\246"
 136      82449AFD 
 136      0678B1E3 
 136      A6
 137              		.text
 138              		.section	.gnu.lto_stGetAlarm.b66e1678,"",%progbits
 139 0000 789C654F 		.ascii	"x\234eOMHTa\024\275\347\276\3615`\204\344&\206v\005"
 139      4D485461 
 139      14BDE7BE 
 139      F1356084 
 139      E4268676 
 140 0015 2E423FA6 		.ascii	".B?\246\240\205\253\300}\233\266\017\242\236\213\031"
 140      A085ABC0 
 140      7D9BB60F 
 140      A29E8B19 
 141 0025 187BE17B 		.ascii	"\030{\341{\265\235o\206\241\266\222\201b\030A\015\225"
 141      B59D6F86 
 141      A1B69281 
 141      6218410D 
 141      95
 142 0036 364D2DD5 		.ascii	"6M-\325\205? .\006\224V\202\213Id\204\242\010m\004{"
 142      853F202E 
 142      06945682 
 142      8B496484 
 142      A2086D04 
 143 004b 0B9BEE7D 		.ascii	"\013\233\356}\011R~p\371\356\271\347p\3579\016\235~"
 143      09527E70 
 143      F9EEB9E7 
 143      70EF390E 
 143      9D7E
 144 005d 19A93288 		.ascii	"\031\2512\210\356\311\017\207\300c\353D\2454\003\332"
 144      EEC90F87 
 144      C063EB44 
 144      A53403DA 
 145 006d 10A8C828 		.ascii	"\020\250\310(\342+\3573\032;\277\332g\277p\314\324C"
 145      E22BEF33 
 145      1A3BBFDA 
 145      67BF70CC 
 145      D443
 146 007f 02A73677 		.ascii	"\002\2476w\017\034\205`\205\013\355\365\035\267\257"
 146      0F1C8560 
 146      850BEDF5 
 146      1DB7AF
 147 008e 6A6D79EF 		.ascii	"jmy\357\311ba\362\351\013\304\314\324f\302kd\360\006"
 147      C96261F2 
 147      E90BC4CC 
 147      D466C26B 
 147      64F006
 148 00a1 7A086FD1 		.ascii	"z\010o\321\247\332\375\312\321f\267[\261\326\366\034"
 148      A7DAFDCA 
 148      D166B75B 
 148      B1D6F61C 
 149 00b1 31A948B8 		.ascii	"1\251H\270\031\270\342\203\352\347\227l\247\363\362"
 149      19B8E283 
 149      EAE7976C 
 149      A7F3F2
ARM GAS  C:\Users\srich\AppData\Local\Temp\cchcXgHQ.s 			page 11


 150 00c0 F9F7C554 		.ascii	"\371\367\305T\212)f\307!]D-)\265\264+@~g\013+\363s\365"
 150      8A2966C7 
 150      215D442D 
 150      29B5B42B 
 150      407E670B 
 151 00d8 CE6AEF3F 		.ascii	"\316j\357?\373\266\253\235\013\311\2526\343\277K\204"
 151      FBB6AB9D 
 151      0BC9AA36 
 151      E3BF4B84 
 152 00e8 59B872E7 		.ascii	"Y\270r\347\035\334C\326<?\032k\217\2724@Jh\233R\371"
 152      1DDC43D6 
 152      3C3F1A6B 
 152      8FBA3440 
 152      4A689B52 
 153 00fd E7D6C6A7 		.ascii	"\347\326\306\247t2\"\205\023\033\337fx\032\317Jc6\035"
 153      74322285 
 153      131BDF66 
 153      781ACF4A 
 153      63361D
 154 0110 73176A92 		.ascii	"s\027j\222\344\275&\021\356p\274U;\327?k+\245\275\346"
 154      E4BD2611 
 154      EE70BC55 
 154      3BD73F6B 
 154      2BA5BDE6 
 155 0124 EFC6E598 		.ascii	"\357\306\345\230]\3241\215\237b39$\222\345\361\203*"
 155      5DD4318D 
 155      9F623339 
 155      2492E5F1 
 155      832A
 156 0136 9B9A4896 		.ascii	"\233\232H\226n\306|\006\037\320\217K\231c\036\037ah"
 156      6EC67C06 
 156      1FD08F4B 
 156      99631E1F 
 156      6168
 157 0148 0BE5E6E3 		.ascii	"\013\345\346\343\213\177-9\342\212\232(m\277*j\000\031"
 157      8B7F2D39 
 157      E28A9A28 
 157      6DBF2A6A 
 157      0019
 158 015a 90A686A6 		.ascii	"\220\246\206\246\225\245W\374A3\224\313\337\315\337"
 158      95A557FC 
 158      413394CB 
 158      DFCDDF
 159 0169 8A1E0CE7 		.ascii	"\212\036\014\347\003\343k\037\204\331\353Yc\202\320"
 159      03E36B1F 
 159      84D9EB59 
 159      6382D0
 160 0178 E4EE144C 		.ascii	"\344\356\024L8\352\2330\032\360\351\206?\350%|\230h"
 160      38EA9B30 
 160      1AF0E986 
 160      3FE8257C 
 160      9868
 161 018a BD13AD17 		.ascii	"\275\023\255\027\204\236H\275\373\301h\024za4r\355\252"
 161      849E48BD 
 161      FBC16814 
 161      7A613472 
 161      EDAA
ARM GAS  C:\Users\srich\AppData\Local\Temp\cchcXgHQ.s 			page 12


 162 019c 57280C7B 		.ascii	"W(\014{Q~\344aV\360m\001\0039\372\003v\010\266\263"
 162      517EE461 
 162      56F06D01 
 162      0339FA03 
 162      7608B6B3 
 163              		.text
 164              		.section	.gnu.lto_.symbol_nodes.b66e1678,"",%progbits
 165 0000 789C55C8 		.ascii	"x\234U\310\273\021\200 \000D\301w 3tk\011G\011V\340"
 165      BB118020 
 165      0044C177 
 165      2033746B 
 165      09470956 
 166 0015 18588F11 		.ascii	"\030X\217\021\3762+q\0144\220\0157\002=\237Pe\030\026"
 166      FE322B71 
 166      0C34900D 
 166      37023D9F 
 166      50651816 
 167 0029 B019A74C 		.ascii	"\260\031\247LXe5\261\311\241\211]\216M\034r\367\017"
 167      586535B1 
 167      C9A1895D 
 167      8E4D1C72 
 167      F70F
 168 003b 9D727A83 		.ascii	"\235rz\203R2\221\304|\335\342\001.\300 ."
 168      523291C4 
 168      7CDDE201 
 168      2EC0202E 
 169              		.text
 170              		.section	.gnu.lto_.refs.b66e1678,"",%progbits
 171 0000 789C6366 		.ascii	"x\234cf```d\200\002\000\000=\000\005"
 171      60606064 
 171      80020000 
 171      3D0005
 172              		.text
 173              		.section	.gnu.lto_.decls.b66e1678,"",%progbits
 174 0000 789CB557 		.ascii	"x\234\265WkLTI\026\276u\253\033\232\246i|d\234\011\331"
 174      6B4C5449 
 174      16BE75AB 
 174      1B9AA669 
 174      7C649C09 
 175 0015 641127C4 		.ascii	"d\021'\304\335U\001u\234\314d\223\321m]\307\037\316"
 175      DD550175 
 175      9CCC6493 
 175      D16D5DC7 
 175      1FCE
 176 0027 98663699 		.ascii	"\230f6\231\304Nz\020\332\201\204\207K7\233\235\177\027"
 176      C44E7A10 
 176      DA818487 
 176      4B379B9D 
 176      7F17
 177 0039 C1117C22 		.ascii	"\301\021|\"\242# \330\012\310\033QQ\026Q\300\027\240"
 177      A22320D8 
 177      0AC81B51 
 177      511651C0 
 177      17A0
 178 004b F252F0FD 		.ascii	"\362R\360\375\240\301\267\2026\276\000\037\364\236\252"
 178      A0C1B782 
 178      36BE001F 
ARM GAS  C:\Users\srich\AppData\Local\Temp\cchcXgHQ.s 			page 13


 178      F49EAA
 179 005a BAF776D3 		.ascii	"\272\367v\323\333\272\263\233\335\033\016\267N\325w"
 179      DBBAB39B 
 179      DD1B0EB7 
 179      4ED577
 180 0069 BE3A75CE 		.ascii	"\276:u\316\251[\325\230\343\270\012\304q\016x\302&r"
 180      A95BD598 
 180      E3B80AC4 
 180      710E78C2 
 180      2672
 181 007b 9C2FE638 		.ascii	"\234/\3468/\350[\3069\037\242W\200\034\003i\0049\016"
 181      2FE85BC6 
 181      391FA257 
 181      801C0369 
 181      04390E
 182 008e 720AA499 		.ascii	"r\012\244\231\373\327\207\340\260h\337\002R*\366\363"
 182      FBD787E0 
 182      B068DF02 
 182      522AF6F3 
 183 009e E298271B 		.ascii	"\342\230'\033\302\353#\332hA4 u SA&\203o\023A\036C\273"
 183      C2EB23DA 
 183      68413420 
 183      75205341 
 183      26836F13 
 184 00b6 5BE4D680 		.ascii	"[\344\326\200>\006o%b\274\304\376#h\303\037\367)\032"
 184      3E066F25 
 184      62BCC4FE 
 184      2368C31F 
 184      F7291A
 185 00c9 CF4DFC55 		.ascii	"\317M\374U\210\334\022\027\341A.\366\004\023\354f\307"
 185      88DC1217 
 185      E1412EF6 
 185      0413EC66 
 185      C7
 186 00da 89EBFCB5 		.ascii	"\211\353\374\265~!\321/^\264\233.\372\023\352\306K\342"
 186      7E21D12F 
 186      5EB49B2E 
 186      FA13EAC6 
 186      4BE2
 187 00ec A6FA0FF9 		.ascii	"\246\372\017\371\210\315l\221o\256\033\337\020\217\352"
 187      88CD6C91 
 187      6FAE1BDF 
 187      108FEA
 188 00fb AA5EB4FB 		.ascii	"\252^\264\373>\340\221V\035H\324#\231\255;\274@\325"
 188      3EE09156 
 188      1D48D423 
 188      99AD3BBC 
 188      40D5
 189 010d A81544AD 		.ascii	"\250\025D\255\177\323\337\243\370x\233\000OF\2120A\201"
 189      7FD3DFA3 
 189      F8789B00 
 189      4F468A30 
 189      4181
 190 011f 964D41C5 		.ascii	"\226MA\305(\000\225\240\000`,E\037\303\377\345\012\306"
 190      280095A0 
 190      00602C45 
 190      1FC3FFE5 
ARM GAS  C:\Users\srich\AppData\Local\Temp\cchcXgHQ.s 			page 14


 190      0AC6
 191 0131 64AD4D7D 		.ascii	"d\255M}\246\300<\"\355\202\035}=\352\031e`\226&4\265"
 191      A6C03C22 
 191      ED821D7D 
 191      3DEA1965 
 191      60962634 
 192 0146 22E774F7 		.ascii	"\"\347t\367\252\356\346\360\201\371\202\265\332^2rU"
 192      AAEEE6F0 
 192      81F982B5 
 192      DA5E3272 
 192      55
 193 0157 23B40A4D 		.ascii	"#\264\012M\016\307W\224\012\225!\214\312\321\014\202"
 193      0EC75794 
 193      0A95218C 
 193      CAD10C82 
 194 0167 246D6A82 		.ascii	"$mj\202*P \230\235\353\037y\256\241^N ,9\227\357\276"
 194      2A502098 
 194      9DEB1F79 
 194      AEA15E4E 
 194      202C3997 
 195 017d C0D44B9E 		.ascii	"\300\324K\236\250\035\371\326\032\177\374G:\363\266"
 195      A81DF9D6 
 195      1A7FFC47 
 195      3AF3B6
 196 018c B3B99B95 		.ascii	"\263\271\233\225\370\317\264\235\321\227\331\255\300"
 196      F8CFB49D 
 196      D197D9AD 
 196      C0
 197 0199 DFD276F2 		.ascii	"\337\322v\362\336\372\015\336`\022\250\246~\374\362"
 197      DEFA0DDE 
 197      6012A8A6 
 197      7EFCF2
 198 01a8 78A44645 		.ascii	"x\244FEU\207\003C\007\277\347fW\237\017\012V\027\202"
 198      55870343 
 198      07BFE766 
 198      579F0F0A 
 198      561782
 199 01bb CFF623B7 		.ascii	"\317\366#\267/\375F\020\024\350\020R\243\375\262W\324"
 199      2FFD4610 
 199      14E81052 
 199      A3FDB257 
 199      D4
 200 01cc 963C6982 		.ascii	"\226<i\202\260Z\020R\004e\211\226C\225\020\216*\010"
 200      B05A1052 
 200      04658996 
 200      4395108E 
 200      2A08
 201 01de 07AA41C1 		.ascii	"\007\252A\301\200\240Xt\000:\017B'\020\037\354\177\262"
 201      80A05874 
 201      003A0F42 
 201      27101FEC 
 201      7FB2
 202 01f0 5E2D11A7 		.ascii	"^-\021\247\267l\232B\210k\201\270\332I\014\363|\210"
 202      B76C9A42 
 202      886B81B8 
 202      DA490CF3 
 202      7C88
ARM GAS  C:\Users\srich\AppData\Local\Temp\cchcXgHQ.s 			page 15


 203 0202 F9B067E6 		.ascii	"\371\260g\346\343\373{r\260\304|\2544\367#\302\\\007"
 203      E3FB7B72 
 203      B0C47CAC 
 203      34F723C2 
 203      5C07
 204 0214 CCFB9CCC 		.ascii	"\314\373\234\314\265\037f\376\207Gft2\247o\215\237\002"
 204      B51F66FE 
 204      87476674 
 204      32A76F8D 
 204      9F02
 205 0226 AA87D22D 		.ascii	"\252\207\322-\247\245P\320^_\246~o)\324\323R8\202\304"
 205      A7A550D0 
 205      5E5FA67E 
 205      6F29D4D3 
 205      523882C4 
 206 023a 5A3874A4 		.ascii	"Z8t\244k@\215\273Y1\330\352\006\237\372@\316m\220\363"
 206      6B408DBB 
 206      5931D8EA 
 206      069FFA40 
 206      CE6D90F3 
 207 024e 233FE36C 		.ascii	"#?\343l\301\272Z\030s8\020\265BG]\262~T\312\3721\232"
 207      C1BA5A18 
 207      733810B5 
 207      42475DB2 
 207      7E54CAFA 
 208 0264 F5CDEB1F 		.ascii	"\365\315\353\037\255\341\261\215\261\234K>\231\354E"
 208      ADE1B18D 
 208      B19C4B3E 
 208      99EC45
 209 0273 59ACF505 		.ascii	"Y\254\365\005^\254nh\3314\270\0204H\004\215\224\240"
 209      5EAC6E68 
 209      D934B810 
 209      3448048D 
 209      94A0
 210 0285 BAC4DEE0 		.ascii	"\272\304\336\340\207\007\030\301\205\354\242\255\032"
 210      870718C1 
 210      85ECA2AD 
 210      1A
 211 0292 46705526 		.ascii	"FpU& \0364\271\0204I\004\307)A\363\321\213\235Z\327"
 211      201E34B9 
 211      10344904 
 211      C72941F3 
 211      D18B9D5A 
 212 02a7 45937838 		.ascii	"E\223x8W}b\334\006\250\264\215<\326\340a6[y\337P\216"
 212      577D62DC 
 212      06A8B48D 
 212      3CD6E061 
 212      365B79DF 
 213 02bd 9ACE661B 		.ascii	"\232\316f\033\275\335\354,t0A']&<)Mx\212N\330\235\223"
 213      BDDDEC2C 
 213      74304127 
 213      5D263C29 
 213      4D788A4E 
 214 02d4 5983F06A 		.ascii	"Y\203\360jL9jsG\2630\341\020\354\371\203c\363\267\244"
 214      4C396A73 
 214      47B330E1 
 214      10ECF983 
ARM GAS  C:\Users\srich\AppData\Local\Temp\cchcXgHQ.s 			page 16


 214      63F3B7A4 
 215 02e8 64140A36 		.ascii	"d\024\0126\207\343\267l\273\234va9-\2614S\226[;\232"
 215      87E3B76C 
 215      BB9C7661 
 215      392DB134 
 215      53965B3B 
 216 02fd D62934EB 		.ascii	"\326)4\353H\312\301m\237V-5p\372\335\2024\024\015o\262"
 216      48CAC16D 
 216      9F562D35 
 216      70FADD82 
 216      34140D6F 
 217 0312 C8870D9B 		.ascii	"\310\207\015\233\330\346\022\274\310\264\325\215\345"
 217      D8E612BC 
 217      C8B4D58D 
 217      E5
 218 031f E93E7477 		.ascii	"\351>tw\375@\324\023uk\363\024\270\023\217\333FS\331"
 218      FD40D413 
 218      756BF314 
 218      B8138FDB 
 218      4653D9
 219 0332 36EACD1D 		.ascii	"6\352\315\035-\364\241*9\002\374IWc\303H\263\032_g\360"
 219      2DF4A12A 
 219      3902FC49 
 219      5763C348 
 219      B31A5F67 
 220 0347 0D69B633 		.ascii	"\015i\2663j|\207*|\353=\241@+o\261\202\376\257S\204"
 220      6A7C872A 
 220      7CEB3DA1 
 220      402B6FB1 
 220      82FEAF53 
 221 035c F9A80B02 		.ascii	"\371\250\013\002\332\341\254\327\251\256\345\312|\347"
 221      DAE1ACD7 
 221      A9AEE5CA 
 221      7CE7
 222 036a 64C75127 		.ascii	"d\307Q'\224\353T\261\\\317Ag\033\333\010\247\3376\244"
 222      94EB54B1 
 222      5CCF4167 
 222      1BDB08A7 
 222      DF36A4
 223 037d 2A913AD8 		.ascii	"*\221:\330\263\321\005\017Fl3\256\315\244\233\361<\270"
 223      B3D1050F 
 223      466C33AE 
 223      CDA49BF1 
 223      3CB8
 224 038f D0EE74A1 		.ascii	"\320\356t\241K\3322\340\377\340\211\302\277\253\323"
 224      4BDA32E0 
 224      FFE089C2 
 224      BFABD3
 225 039e C8BEF955 		.ascii	"\310\276\371U\264`\221\232\355x\211\361S\266\374\234"
 225      B460919A 
 225      ED7889F1 
 225      53B6FC9C 
 226 03ae D17DA5BE 		.ascii	"\321}\245\276\370\271\250d\267\\W\340a\246\024n\333"
 226      F8B9A864 
 226      B75C57E0 
 226      61A6146E 
 226      DB
ARM GAS  C:\Users\srich\AppData\Local\Temp\cchcXgHQ.s 			page 17


 227 03bf 5EA1A431 		.ascii	"^\241\2441V\3218u\366l\366\301o\331\330\336\254\341"
 227      56D13875 
 227      F66CF6C1 
 227      6FD9D8DE 
 227      ACE1
 228 03d1 747F9CAC 		.ascii	"t\177\234\254`e/~\3714\354\3137\372\246\347*\217S\331"
 228      60652F7E 
 228      F934ECCB 
 228      37FAA6E7 
 228      2A8F53D9 
 229 03e5 D8D94B7D 		.ascii	"\330\331K}{\2248\215)\331\303m\315\376\024\370\011Q"
 229      7B94388D 
 229      29D9C36D 
 229      CDFE14F8 
 229      0951
 230 03f7 87735352 		.ascii	"\207sSR\374\361&6f-~\347\320\342,\246H_|\015\373\342"
 230      FCF12636 
 230      662D7EE7 
 230      D0E22CA6 
 230      485F7C0D 
 231 040d EF3CFEE8 		.ascii	"\357<\376\350\274\037\316fc\317\373W\217!\234\307\224"
 231      BC1FCE66 
 231      63CFFB57 
 231      8F219CC7 
 231      94
 232 041e 92FE8E4C 		.ascii	"\222\376\216L?\012\234N\324]Y\243:\274\233\015\035\031"
 232      3F0A9C4E 
 232      D45D59A3 
 232      3ABC9B0D 
 232      1D19
 233 0430 5AFF4285 		.ascii	"Z\377B\205\213\230\322;\334{\302\233\342B\351\027\370"
 233      8B98D23B 
 233      DC7BC29B 
 233      E242E917 
 233      F8
 234 0441 E8CE4C1F 		.ascii	"\350\316L\037VNtxSU\341s\346\030\246\254\273o\264a\022"
 234      564E7478 
 234      5355E173 
 234      E618A6AC 
 234      BB6FB461 
 235 0456 5341AA4D 		.ascii	"SA\252M\215\353\226zH\242\217\246\007\240\007,\236y"
 235      8DEB967A 
 235      48A28FA6 
 235      07A0072C 
 235      9E79
 236 0468 8FBBCAFC 		.ascii	"\217\273\312\374'eP\270 \004Zh\266\356\003\374\032\205"
 236      276550B8 
 236      20045A68 
 236      B6EE03FC 
 236      1A85
 237 047a 3F429324 		.ascii	"?B\223$#\372Y\277Xb\367vEw\177\010\275n{V3\302\245l"
 237      23FA59BF 
 237      5862F776 
 237      45777F08 
 237      BD6E7B56 
 238 0492 151793EF 		.ascii	"\025\027\223\357]\342q%S\016\024\024\035f[`>]\302\345"
 238      5DE27125 
ARM GAS  C:\Users\srich\AppData\Local\Temp\cchcXgHQ.s 			page 18


 238      530E1414 
 238      1D665B60 
 238      3E5DC2E5 
 239 04a6 F317BDF1 		.ascii	"\363\027\275\361\0011~\3733F\265t\354k\242\2369\264"
 239      01317EFB 
 239      3346B574 
 239      EC6BA29E 
 239      39B4
 240 04b8 B1498D0F 		.ascii	"\261I\215\017\263\261w\345wFx\\\317\224\373\015\003"
 240      B3B177E5 
 240      7746785C 
 240      CF94FB0D 
 240      03
 241 04c9 024F81CB 		.ascii	"\002O\201\313\210zkpc\257\0127\214\237@\313&X\267~\277"
 241      887A6B70 
 241      63AF0A37 
 241      8C9F40CB 
 241      2658B77E 
 242 04de C3FBFD41 		.ascii	"\303\373\375Ay%\005\345w4&\311yE6,\256\322*\305\344"
 242      792505E5 
 242      773426C9 
 242      7945362C 
 242      AED22AC5 
 243 04f3 25A02F53 		.ascii	"%\240/S\3640]\345+i\225CWR;}]\321\335\037B\267\277*"
 243      F4305DE5 
 243      2B699543 
 243      57523B7D 
 243      5DD1DD1F 
 244 050b C9F3C2A7 		.ascii	"\311\363\302\247\230\227iG\263\366\2620|\017\352\224"
 244      98976947 
 244      B3F6B230 
 244      7C0FEA94 
 245 051b EB9D6BF7 		.ascii	"\353\235k\367\371\241 \366L\016ry\202\203\254Bj\212"
 245      F9A120F6 
 245      4C0E7279 
 245      8283AC42 
 245      6A8A
 246 052d 3DFB60C5 		.ascii	"=\373`\305\347u\007\204\246TL'y\006\233j5?\331\271g"
 246      E7750784 
 246      A6544C27 
 246      79069B6A 
 246      353FD9B9 
 247 0542 9ED3197F 		.ascii	"\236\323\031\177\017\3778\202\267>\252\364j\015\245"
 247      0FFF3882 
 247      B73EAAF4 
 247      6A0DA5
 248 0551 D02177A8 		.ascii	"\320!w\250\235B\213\221\214\275&c{\335\26167\332\016"
 248      9D428B91 
 248      8CBD2663 
 248      7BDDB136 
 248      37DA0E
 249 0564 197AD51D 		.ascii	"\031z\325\035z\315\015zS\206\336q\207\336v\367\340\252"
 249      7ACD0D7A 
 249      5386DE71 
 249      87DE76F7 
 249      E0AA
 250 0576 8CBDE58E 		.ascii	"\214\275\345\216\275\351\216\275\"cox\306R\027\266\210"
ARM GAS  C:\Users\srich\AppData\Local\Temp\cchcXgHQ.s 			page 19


 250      BDE98EBD 
 250      22636F78 
 250      C65217B6 
 250      88
 251 0587 853ADFC2 		.ascii	"\205:\337\302\241V\030?C\207\010\032>+h3\037\214R\371"
 251      A156183F 
 251      4387081A 
 251      3E2B6833 
 251      1F8C52F9 
 252 059b 209402B2 		.ascii	" \224\002\262\016d\015\310\030\012B\353\341\235\014"
 252      0E640DC8 
 252      180A42EB 
 252      E19D0C
 253 05aa 2280BC03 		.ascii	"\"\200\274\003}-\2747\2018\240\235\006\357\015 \033"
 253      7D2DBC37 
 253      8138A09D 
 253      06EF0D20 
 253      1B
 254 05bb 417E0679 		.ascii	"A~\006y\013}o@2\240\235\316\007\321\357\032u\360\234"
 254      0B7D6F40 
 254      32A09DCE 
 254      07D1EF1A 
 254      75F09C
 255 05ce ECE04577 		.ascii	"\354\340Ew\007\247\273\255\345\254\014\355\361\010u"
 255      07A7BBAD 
 255      E5AC0CED 
 255      F10875
 256 05dd 46B35D46 		.ascii	"F\263]F^qG^v\217\320C\031\373\324s\356\235\264\327e"
 256      5E71475E 
 256      768FD043 
 256      19FBD473 
 256      EE9DB4D7 
 257 05f2 689FE7D4 		.ascii	"h\237\347\324\273\320\336\222\261w\335\261\367\306\321"
 257      BBD0DE92 
 257      B177DDB1 
 257      F7C6D1
 258 0601 265B0767 		.ascii	"&[\007g\002r\004MB\243\"R\332\024\350\265\233\003m2"
 258      0272044D 
 258      42A32252 
 258      DA14E8B5 
 258      9B036D32 
 259 0615 E925CFEB 		.ascii	"\351%\317\353rB;e\350u\317\265'\373\232l\355%\016<\006"
 259      72423B65 
 259      E875CFB5 
 259      27FB9A6C 
 259      ED250E3C 
 260 062a 070644A8 		.ascii	"\007\006D\250\364\245\022]uY\326\003\231v\320\235\366"
 260      F4A5125D 
 260      7559D603 
 260      9976D09D 
 260      F6
 261 063b 893BF686 		.ascii	"\211;\366\206\214\355\367\\\323\324[r\004\332\316Tz"
 261      8CEDF75C 
 261      D3D45B72 
 261      04DACE54 
 261      7A
 262 064c 09884038 		.ascii	"\011\210@8\351*\301\311%b\033\250\354\200{\013cz\341"
ARM GAS  C:\Users\srich\AppData\Local\Temp\cchcXgHQ.s 			page 20


 262      E92AC1C9 
 262      25621BA8 
 262      EC807B0B 
 262      637AE1
 263 065f 792BB359 		.ascii	"y+\263Y\341\010n\261\327\215a49\330SE\243L(\344\377"
 263      E1086EB1 
 263      D78D6134 
 263      39D85345 
 263      A34C28E4 
 264 0674 7751D3E5 		.ascii	"wQ\323\345<\211S\241-0\321Y\347iN\326&\235\346\307v"
 264      3C8953A1 
 264      2D30D159 
 264      E7694ED6 
 264      269DE6C7 
 265 0689 350F798F 		.ascii	"5\017y\217\273\026mqY\022\207\266\362\354Z\004o@o?t"
 265      BB166D71 
 265      591287B6 
 265      F2EC5A04 
 265      6F406F3F 
 266 069e 3F1C6F54 		.ascii	"?\034oT\322\017a\352\323\341\007Z\270\2115U\333\363"
 266      D20F61EA 
 266      D3E1075A 
 266      B8893555 
 266      DBF3
 267 06b0 2BAB2232 		.ascii	"+\253\"2S\004v\023\263\252\350\0152\213w^\305\240\315"
 267      53047613 
 267      B3AAE80D 
 267      328B775E 
 267      C5A0CD
 268 06c3 AE62DB78 		.ascii	"\256b\333xr\025k-\317\373\001[)\213\342\366\316\352"
 268      72156B2D 
 268      CFFB015B 
 268      298BE2F6 
 268      CEEA
 269 06d5 C3FE2838 		.ascii	"\303\376(8 \200^\201\322\340\366\223\303\253\321v\321"
 269      20805E81 
 269      D2E0F693 
 269      C3ABD176 
 269      D1
 270 06e6 803D3BA0 		.ascii	"\200=;\240\177\344+2\000M\025}\323k\215=S\300\237ph"
 270      7FE42B32 
 270      004D157D 
 270      D36B8D3D 
 270      53C09F70 
 271 06fb 063D03D0 		.ascii	"\006=\003\320/\020E2\304\241l>\000\355\340\351\261\320"
 271      2F104532 
 271      C4A16C3E 
 271      00EDE0E9 
 271      B1D0
 272 070d BF75285D 		.ascii	"\277u(]\251\026\321i\377\016\235\233q!\233\335\372\242"
 272      A916D169 
 272      FF0E9D9B 
 272      71219BDD 
 272      FAA2
 273 071f 893A70C0 		.ascii	"\211:p\300\332\254\242\237z?z}XcOWSUC\325g\345o\024"
 273      DAACA29F 
 273      7A3F7A7D 
ARM GAS  C:\Users\srich\AppData\Local\Temp\cchcXgHQ.s 			page 21


 273      58634F57 
 273      535543D5 
 274 0737 EF3F9F76 		.ascii	"\357?\237v\361\342\371\224\317\270\3336\237\276\242"
 274      F1E2F994 
 274      CFB8DB36 
 274      9FBEA2
 275 0746 711EC388 		.ascii	"q\036\303\210\256s'\314\235\307\023\270\225\237$\031"
 275      AE7327CC 
 275      9DC713B8 
 275      959F2419 
 276 0756 D1ABF283 		.ascii	"\321\253\362\203C\373xWt\356\207\320w3\267\3311.byi"
 276      43FB7857 
 276      74EE87D0 
 276      7733B7D9 
 276      312E6279 
 277 076b 7B58D3A0 		.ascii	"{X\323\240\305UL9\234W7\240\234\266[\350\262\332K\032"
 277      C5554C39 
 277      9C5737A0 
 277      9CB65BE8 
 277      B2DA4B1A 
 278 077f 9A517286 		.ascii	"\232Qr\206\015\370\310%\037\355\346'\241=\220#\370Y"
 278      0DF8C825 
 278      1FEDE627 
 278      A13D9023 
 278      F859
 279 0791 E1425C40 		.ascii	"\341B\\@\002\217\366\"\236C\205\3744\362\023\347em\255"
 279      028FF622 
 279      9E4385FC 
 279      34F213E7 
 279      656DAD
 280 07a4 121F656C 		.ascii	"\022\037elu9\273\326\372K)?8.\345\3442]\344\222\362"
 280      7539BBD6 
 280      FA4B293F 
 280      382EE5E4 
 280      325DE492 
 281 07b9 2229E57B 		.ascii	"\")\345{i\312o\236/+\323\342\016F\363$\255\250\236\247"
 281      69CA6F9E 
 281      2F2BD3E2 
 281      0E46F324 
 281      ADA89EA7 
 282 07cd 34D687   		.ascii	"4\326\207"
 283 07d0 45EC5747 		.ascii	"E\354WG\2430\225VM\261\013E\261DQB)\244\203WK\017^t"
 283      A3309556 
 283      4DB10B45 
 283      B1445142 
 283      29A48357 
 284 07e8 3FA3641F 		.ascii	"?\243d\037\273\004\372\022u\343\353\241vv\003Q\023\365"
 284      BB04FA12 
 284      75E3EBA1 
 284      76760351 
 284      13F5
 285 07fa F5684BB2 		.ascii	"\365hK\262\327\373\223S!%\247\234%\2475\265\254\323"
 285      D7FB9353 
 285      2125A79C 
 285      25A735B5 
 285      ACD3
 286 080c CF3D39A5 		.ascii	"\317=9\245\020\2252\032\225J\032\356\012)\334c\003\216"
ARM GAS  C:\Users\srich\AppData\Local\Temp\cchcXgHQ.s 			page 22


 286      1095321A 
 286      954A1AEE 
 286      0A29DC63 
 286      038E
 287 081e 33FEEEC9 		.ascii	"3\376\356\311y/\332\366\350J\255\012\367\262\245\327"
 287      792FDAF6 
 287      E84AAD0A 
 287      F7B2A5D7 
 288 082e E4E736FA 		.ascii	"\344\3476\372\213\3718\334\342\232\217*1\037\360#\313"
 288      8BF938DC 
 288      E29A8F2A 
 288      311FF023 
 288      CB
 289 083f 856B9F33 		.ascii	"\205k\2373\037\3254\037\255\326\341\233\376x\220\261"
 289      1FD5341F 
 289      ADD6E19B 
 289      FE7890B1 
 290 084f 15F5A515 		.ascii	"\025\365\245\025+\245|4.\331\352\222\017\362\233j\277"
 290      2BA57C34 
 290      2ED9EA92 
 290      0FF29B6A 
 290      BF
 291 0860 4B30F74B 		.ascii	"K0\367K\301<@\203\331s\260\273\035\3431F\323\365\262"
 291      C13C4083 
 291      D973B0BB 
 291      1DE33146 
 291      D3F5B2
 292 0873 7940253A 		.ascii	"y@%:\365\312\243S\247\3069u\320\351T\015?\215\3632["
 292      F5CAA353 
 292      A7C63975 
 292      D0E9540D 
 292      3F8DF332 
 293 0888 96C4C758 		.ascii	"\226\304\307X\274\026\177\363\227@\035\367\207\310/"
 293      BC167FF3 
 293      97401DF7 
 293      87C82F
 294 0897 4374D131 		.ascii	"Ct\3211+b\302-IQ1\011!\221\244\235`\016\233\027\026"
 294      2B62C22D 
 294      49513109 
 294      2191A49D 
 294      600E9B17 
 295 08ac 1292600E 		.ascii	"\022\222`\016\211\216\210\0151'F\206\230-\263\"9\037"
 295      898E880D 
 295      31274686 
 295      982DB322 
 295      391F
 296 08be F34F664B 		.ascii	"\363OfKL\234\311hQ%\305\304[\302\346\031-j\243Qj\256"
 296      4C9CC968 
 296      5125C5C4 
 296      5BC2E619 
 296      2D6AA351 
 297 08d4 8CFCD240 		.ascii	"\214\374\322@\255\315\224\311`IH\2105\033~\214O\012"
 297      ADCD94C9 
 297      60494888 
 297      351B7E8C 
 297      4F0A
 298 08e6 A4ADC088 		.ascii	"\244\255\300\210\304\270@S\334\012ST\224)\3120w\326"
ARM GAS  C:\Users\srich\AppData\Local\Temp\cchcXgHQ.s 			page 23


 298      C4B84053 
 298      DC0A5354 
 298      9429CA30 
 298      77D6
 299 08f8 1781B343 		.ascii	"\027\201\263C\303>\373\353\034\003\364\317\214O\210"
 299      C33EFBEB 
 299      1C03F4CF 
 299      8C4F88
 300 0907 37CD3445 		.ascii	"7\3154E\254\2101\304\304G\306&E\231\014q\021\300\025"
 300      AC8831C4 
 300      C447C626 
 300      45990C71 
 300      11C015
 301 091a 6F3218A3 		.ascii	"o2\030\243L+#\222b-F\313O\253L\346Y\321\334\362\377"
 301      4C2B2392 
 301      622D46CB 
 301      4FAB4CE6 
 301      59D1DCF2 
 302 092f E934B022 		.ascii	"\3514\260\"\203\321l\211\2025\000\367gn\334\316`\030"
 302      83D16C89 
 302      823500F7 
 302      676EDCCE 
 302      6018
 303 0941 12CC8644 		.ascii	"\022\314\206D\213l\026\031MB!z\2441[\302-\021\211\226"
 303      8B6C1619 
 303      4D42217A 
 303      A4315BC2 
 303      2D118996 
 304 0955 05B13087 		.ascii	"\005\2610\207/Q\022V\321\266\032\332&\213\324\\l\222"
 304      2F511256 
 304      D1B61ADA 
 304      268BD45C 
 304      6C92
 305 0967 11C6D8D8 		.ascii	"\021\306\330\330(c\014$a\376\007'\204\340\033V%$Z\314"
 305      28630C24 
 305      61FE0727 
 305      84E01B56 
 305      25245ACC 
 306 097b 06B3256E 		.ascii	"\006\263%n\316l\003X\031 \376\177\01330\012\230\333"
 306      CE6C0358 
 306      1920FE7F 
 306      0B33300A 
 306      98DB
 307 098d 978E18A1 		.ascii	"\227\216\030\241WL\012Q\304\244\220&\326\351\303@f+"
 307      574C0A51 
 307      C4A49026 
 307      D6E9C340 
 307      662B
 308 099f C297EAF4 		.ascii	"\302\227\352\364\212\205K\026\351\371p=^\264X\257\324"
 308      8A854B16 
 308      E9F9703D 
 308      5EB458AF 
 308      D4
 309 09b0 E996EAC3 		.ascii	"\351\226\352\303\350\377\331\012\235n\221\036\353\276"
 309      E8FFD90A 
 309      9D6E911E 
 309      EBBE
ARM GAS  C:\Users\srich\AppData\Local\Temp\cchcXgHQ.s 			page 24


 310 09be F90E2F0B 		.ascii	"\371\016/\013\327\341\005z=\326\353@\007\203?-\374N"
 310      D7E1057A 
 310      3DD6EB40 
 310      07833F2D 
 310      FC4E
 311 09d0 8F1712CB 		.ascii	"\217\027\022\313\245\013\364\374\267\314j\016\340\277"
 311      A50BF4FC 
 311      B7CC6A0E 
 311      E0BF
 312 09de D7EBFE6B 		.ascii	"\327\353\376k\327E\207\301\373Ib(\314$|\306\010\022"
 312      D74587C1 
 312      FB496228 
 312      CC247CC6 
 312      0812
 313 09f0 1D456474 		.ascii	"\035EdtD\242\312h\\\231\024\037i4\372I\215Y\363\346"
 313      44A2CA68 
 313      5C99141F 
 313      6934FA49 
 313      8D59F3E6 
 314 0a04 7D3167A2 		.ascii	"}1g\242\014OX\305\320\023\244\036\223h\356b\360yh\250"
 314      0C4F58C5 
 314      D013A41E 
 314      9368EE62 
 314      F07968A8 
 315 0a18 34FCA3C7 		.ascii	"4\374\243\307\341\271\377\004\022h3\355"
 315      E1B9FF04 
 315      126833ED 
 316              		.text
 317              		.section	.gnu.lto_.symtab.b66e1678,"",%progbits
 318 0000 7374496E 		.ascii	"stInit\000\000\000\000\000\000\000\000\000\000\000\000"
 318      69740000 
 318      00000000 
 318      00000000 
 318      0000
 319 0012 AC000000 		.ascii	"\254\000\000\000stStartAlarm\000\000\000\000\000\000"
 319      73745374 
 319      61727441 
 319      6C61726D 
 319      00000000 
 320 0028 00000000 		.ascii	"\000\000\000\000\000\000\275\000\000\000stStopAlarm"
 320      0000BD00 
 320      00007374 
 320      53746F70 
 320      416C6172 
 321 003d 00000000 		.ascii	"\000\000\000\000\000\000\000\000\000\000\000\000\277"
 321      00000000 
 321      00000000 
 321      BF
 322 004a 00000073 		.ascii	"\000\000\000stSetAlarm\000\000\000\000\000\000\000\000"
 322      74536574 
 322      416C6172 
 322      6D000000 
 322      00000000 
 323 005f 00000000 		.ascii	"\000\000\000\000\301\000\000\000stGetAlarm\000\000\000"
 323      C1000000 
 323      73744765 
 323      74416C61 
ARM GAS  C:\Users\srich\AppData\Local\Temp\cchcXgHQ.s 			page 25


 323      726D0000 
 324 0074 00000000 		.ascii	"\000\000\000\000\000\000\000\000\000\304\000\000\000"
 324      00000000 
 324      00C40000 
 324      00
 325 0081 73745F6C 		.ascii	"st_lld_init\000\000\002\000\000\000\000\000\000\000"
 325      6C645F69 
 325      6E697400 
 325      00020000 
 325      00000000 
 326 0096 0000C600 		.ascii	"\000\000\306\000\000\000"
 326      0000
 327              		.text
 328              		.section	.gnu.lto_.opts,"",%progbits
 329 0000 272D666E 		.ascii	"'-fno-trapv' '-mcpu=cortex-m3' '-mno-thumb-interwor"
 329      6F2D7472 
 329      61707627 
 329      20272D6D 
 329      6370753D 
 330 0033 6B272027 		.ascii	"k' '-mthumb' '-ggdb' '-O2' '-fomit-frame-pointer' '"
 330      2D6D7468 
 330      756D6227 
 330      20272D67 
 330      67646227 
 331 0066 2D66616C 		.ascii	"-falign-functions=16' '-ffunction-sections' '-fdata"
 331      69676E2D 
 331      66756E63 
 331      74696F6E 
 331      733D3136 
 332 0099 2D736563 		.ascii	"-sections' '-fno-common' '-flto'\000"
 332      74696F6E 
 332      73272027 
 332      2D666E6F 
 332      2D636F6D 
 333              		.text
 334              		.comm	__gnu_lto_v1,1,1
 335              		.comm	__gnu_lto_slim,1,1
 336              		.ident	"GCC: (GNU Tools for ARM Embedded Processors) 4.9.3 20150529 (release) [ARM/embedded-4_9-br
ARM GAS  C:\Users\srich\AppData\Local\Temp\cchcXgHQ.s 			page 26


DEFINED SYMBOLS
                            *ABS*:00000000 st.c
                            *COM*:00000001 __gnu_lto_v1
                            *COM*:00000001 __gnu_lto_slim

NO UNDEFINED SYMBOLS
