ARM GAS  C:\Users\srich\AppData\Local\Temp\ccGi3q49.s 			page 1


   1              		.syntax unified
   2              		.cpu cortex-m3
   3              		.fpu softvfp
   4              		.eabi_attribute 20, 1
   5              		.eabi_attribute 21, 1
   6              		.eabi_attribute 23, 3
   7              		.eabi_attribute 24, 1
   8              		.eabi_attribute 25, 1
   9              		.eabi_attribute 26, 1
  10              		.eabi_attribute 30, 2
  11              		.eabi_attribute 34, 1
  12              		.eabi_attribute 18, 4
  13              		.thumb
  14              		.file	"st_lld.c"
  15              		.text
  16              	.Ltext0:
  17              		.section	.gnu.lto_.profile.b66e3597,"",%progbits
  18 0000 789C6366 		.ascii	"x\234cf```a\200\000F\006K\031\000\001\002\000^"
  18      60606061 
  18      80004606 
  18      4B190001 
  18      02005E
  19              		.text
  20              		.section	.gnu.lto_.jmpfuncs.b66e3597,"",%progbits
  21 0000 789C6366 		.ascii	"x\234cf\300\016L\2414\023\230d\0042\230>21\356\370\364"
  21      C00E4CA1 
  21      34139864 
  21      0432983E 
  21      3231EEF8 
  22 0015 763ED70B 		.ascii	"v>\327\013\246\237L\0142\014\214\313\031\245\030@\202"
  22      A69F4C0C 
  22      320C8CCB 
  22      19A51840 
  22      82
  23 0026 3716BE99 		.ascii	"7\026\276\231\306\013\026\344``\\\001\024d\000\000g"
  23      C60B16E4 
  23      60605C01 
  23      14640000 
  23      67
  24 0037 480DE7   		.ascii	"H\015\347"
  25              		.text
  26              		.section	.gnu.lto_.inline.b66e3597,"",%progbits
  27 0000 789C6366 		.ascii	"x\234cf\300\016\254\2404\023\003\003\217(#\003\023\337"
  27      C00EACA0 
  27      34130303 
  27      8F282303 
  27      13DF
  28 0012 BD0006B6 		.ascii	"\275\000\006\266\005\362L 1F.8\301 \"\003\224\224yp"
  28      05F24C20 
  28      31462E38 
  28      C1202203 
  28      94947970 
  29 0026 8B112ECB 		.ascii	"\213\021.\313\314\003\326\305\000\000\257\256\005`"
  29      CC03D6C5 
  29      0000AFAE 
  29      0560
  30              		.text
ARM GAS  C:\Users\srich\AppData\Local\Temp\ccGi3q49.s 			page 2


  31              		.section	.gnu.lto_.pureconst.b66e3597,"",%progbits
  32 0000 789C6366 		.ascii	"x\234cf```e\200\000&\006+F)\000\001Y\000`"
  32      60606065 
  32      80002606 
  32      2B462900 
  32      01590060 
  33              		.text
  34              		.section	.gnu.lto_VectorB0.b66e3597,"",%progbits
  35 0000 789C8D54 		.ascii	"x\234\215TmlSe\024>\347}oo\273v?\026\177\341b\326&\304"
  35      6D6C5365 
  35      143EE77D 
  35      6F6FBB76 
  35      3F167FE1 
  36 0018 1012C765 		.ascii	"\020\022\307e\222h\262\304\250\221?&,&\216\2377!\343"
  36      9268B2C4 
  36      A8913F26 
  36      2C268E9F 
  36      3721E3
  37 002b AE664D5A 		.ascii	"\256fMZJz\273\005~\020n\3271\015Q$\2100F\246\242\314"
  37      4A7ABB05 
  37      7E106ED7 
  37      310D5124 
  37      883046A6 
  38 0041 AFE910C1 		.ascii	"\257\351\020\301\351\212\037\025X\23106\214\012\012"
  38      E98A1F15 
  38      58993036 
  38      8C0A0A
  39 0050 2A5319D1 		.ascii	"*S\031\321\210d_:\232)\365\234\267\263\254\035N\233"
  39      88645F3A 
  39      9A29F59C 
  39      B7B3AC1D 
  39      4E9B
  40 0062 F4BE1FCF 		.ascii	"\364\276\037\317y\316y\336\363\274\367JX\370[E\377\011"
  40      79CE79DE 
  40      F3BCF74A 
  40      58F85B45 
  40      FF09
  41 0074 0DE02104 		.ascii	"\015\340!\004@\027\240\3309\014\220\360\010!SU\340x"
  41      4017A0D8 
  41      390C90F0 
  41      08215355 
  41      E078
  42 0086 B5F30638 		.ascii	"\265\363\0068\345\022\265\374\266\206\310\023@\330*"
  42      E512B5FC 
  42      B686C813 
  42      40D82A
  43 0095 A4865BF1 		.ascii	"\244\206[\361\0271!pg\272\247\303\267\254\333q\234\361"
  43      17312170 
  43      67BAA7C3 
  43      B7ACDB71 
  43      9CF1
  44 00a7 C9596DDB 		.ascii	"\311Ym\333\222\254\000\230\022\371\374\370\032.\003"
  44      92AC0098 
  44      12F9FCF8 
  44      1A2E03
  45 00b6 8A9968FB 		.ascii	"\212\231h\373\353\202Oo\243\230\212<\206\257\243N5\341"
  45      EB824F6F 
ARM GAS  C:\Users\srich\AppData\Local\Temp\ccGi3q49.s 			page 3


  45      A3988A3C 
  45      86AFA34E 
  45      35E1
  46 00c8 D01D6927 		.ascii	"\320\035i'\227{\345\305?s\232WBV\240\306\017\200+\024"
  46      977BE5C5 
  46      3F739A57 
  46      4256A0C6 
  46      0F802B14 
  47 00dc C4B5C684 		.ascii	"\304\265\306\204\340Q^\304\343}\207gN\270\2307#$\245"
  47      E0515EC4 
  47      E37D8767 
  47      4EB89837 
  47      2324A5
  48 00ef BC7EE654 		.ascii	"\274~\346T\273\353g\221\025\202\262:\032W\271|e\344"
  48      BBEB6791 
  48      1582B23A 
  48      1A57B97C 
  48      65E4
  49 0101 738FDA02 		.ascii	"s\217\332\002^\356\333>\270[v\341~\314\012\211o`%\276"
  49      5EEEDB3E 
  49      B85B76E1 
  49      7ECC0A89 
  49      6F6025BE 
  50 0115 89950A78 		.ascii	"\211\225\012x\371z\372\256\352\036\247\215\000\015{"
  50      F97AFAAE 
  50      EA1EA78D 
  50      000D7B
  51 0124 B00B2795 		.ascii	"\260\013'\225\\|\013\253\341\"&o\264\017\311|\035-_"
  51      5C7C0BAB 
  51      E122266F 
  51      B40FC97C 
  51      1D2D5F
  52 0137 AAF3C2D8 		.ascii	"\252\363\302\330\264\344\274(\000\337\246$_a\3337\311"
  52      B4E4BC28 
  52      00DFA624 
  52      5F61DB37 
  52      C9
  53 0148 CAB9180A 		.ascii	"\312\271\030\012H\274z\354i\267\012\240,\275\\\005X"
  53      48BC7AEC 
  53      69B70AA0 
  53      2CBD5C05 
  53      58
  54 0159 BA845415 		.ascii	"\272\204T\025+\037\037\237\371I)\237'*\3418\351\345"
  54      2B1F1F9F 
  54      F949299F 
  54      272AE138 
  54      E9E5
  55 016b 8B0A3B74 		.ascii	"\213\012;tK\330;X=\377xd\030\036&\312yl\255`\332T\217"
  55      4BD83B58 
  55      3DFF7864 
  55      181E26CA 
  55      796CAD60 
  56 0182 B35BCAD5 		.ascii	"\263[\312\325\310\363\376\336\351\263>\016r\005x\231"
  56      C8F3FEDE 
  56      E9B33E0E 
  56      72057899 
  57 0192 DA35D8A1 		.ascii	"\3325\330\241\363RW\035\372\365\313\003\335\336\245"
ARM GAS  C:\Users\srich\AppData\Local\Temp\ccGi3q49.s 			page 4


  57      F352571D 
  57      FAF5CB03 
  57      DDDEA5
  58 01a1 071CA775 		.ascii	"\007\034\247u\2743y\325\332\225t\016\3224\367\240?+"
  58      BC3379D5 
  58      DA95740E 
  58      D234F7A0 
  58      3F2B
  59 01b3 DCF82E4A 		.ascii	"\334\370.J\362\006\217\220\240\243sg\240B\357\341R\""
  59      F2068F90 
  59      A0A37367 
  59      A042EFE1 
  59      5222
  60 01c5 FEF0CCEF 		.ascii	"\376\360\314\357G\220\363\270\003\200}\204^\302\326"
  60      4790F3B8 
  60      03807D84 
  60      5EC2D6
  61 01d4 1FF76FBF 		.ascii	"\037\367o\277\332\241\027\271;\332}s\271\362vJ`\261"
  61      DAA117B9 
  61      3BDA7D73 
  61      B9F2764A 
  61      60B1
  62 01e6 EFA37B87 		.ascii	"\357\243{\207\007\226H\300\367\031\023%\330\327\317"
  62      079648C0 
  62      F7191325 
  62      D8D7CF
  63 01f5 6674C00F 		.ascii	"ft\300\017\030\222%\320\321\314\264\033\260\237!\255"
  63      189225D0 
  63      D1CCB41B 
  63      B09F21AD 
  64 0205 184A9FAB 		.ascii	"\030J\237\253bq\200)\006]\245\327\014\217\241N\362?"
  64      62718029 
  64      065DA5D7 
  64      0C8FA14E 
  64      F23F
  65 0217 E47B86D0 		.ascii	"\344{\206\320\3157\365\362\265\033\317I\177\237\350"
  65      CD37F5F2 
  65      B51BCF49 
  65      7F9FE8
  66 0226 723A0259 		.ascii	"r:\002Y\341a\306\363\227f\023^\215\272\214\037\241_"
  66      E161C6F3 
  66      9766135E 
  66      8DBA8C1F 
  66      A15F
  67 0238 79D0B96D 		.ascii	"y\320\271m\357\276r\332\301\217QS'\005\374\004\331\344"
  67      EFBE72DA 
  67      C18F5153 
  67      2705FC04 
  67      D9E4
  68 024a D34FBEF4 		.ascii	"\323O\276\364\207\346\357\237c\227q\354\271k\231T\231"
  68      87E6EF9F 
  68      639771EC 
  68      B96B9954 
  68      99
  69 025b 62A7998D 		.ascii	"b\247\231\215\237\322\365\375\026\223\243{\206\207\356"
  69      9FD2F5FD 
  69      1693A37B 
ARM GAS  C:\Users\srich\AppData\Local\Temp\ccGi3q49.s 			page 5


  69      8687EE
  70 026a 2C3EC640 		.ascii	",>\306@\241/\372\002\241\307\225\320\023\250\220\027"
  70      A12FFA02 
  70      A1C795D0 
  70      13A89017 
  71 027a BED8D12B 		.ascii	"\276\330\321+\266\314:O9\236\254\360N\221-\014\343I"
  71      B6CC3A4F 
  71      399EACF0 
  71      4E912D0C 
  71      E349
  72 028c DC422F86 		.ascii	"\334B/\206\257`y\221\221\223\377\313\310\001ed\341\022"
  72      AF607991 
  72      9193FFCB 
  72      C8016564 
  72      E112
  73 029e B9692BF3 		.ascii	"\271i+\363\357F\216\025\004{J\215\3341\302F\236b\254"
  73      EF468E15 
  73      047B4A8D 
  73      DC31C246 
  73      9E62AC
  74 02b1 6C8191DF 		.ascii	"l\201\221\337\221\330A\206\274\245F\266\337$#?c\310"
  74      91D84186 
  74      BCA546B6 
  74      DF24233F 
  74      63C8
  75 02c3 5762E41E 		.ascii	"Wb\344\036?\213\003<}{#\317\250\376\014\3153\362\340"
  75      3F8B033C 
  75      7D7B23CF 
  75      A8FE0CCD 
  75      33F2E0
  76 02d6 6FA329FD 		.ascii	"o\243)\375\037\2172\312\243\263\312\243RC\206\311\020"
  76      1F8F32CA 
  76      A3B3CAA3 
  76      524386C9 
  76      10
  77 02e7 7E1335F5 		.ascii	"~\0235\365\021akN\346\220\217u\273V\227\023ad\256\317"
  77      11616B4E 
  77      E6908F75 
  77      BB569713 
  77      6164AECF 
  78 02fb DF63229D 		.ascii	"\337c\"\235{LE\002\177\215\220\023P\336\207\255Z\343"
  78      7B4C4502 
  78      7F8D9013 
  78      50DE87AD 
  78      5AE3
  79 030d 91A6D0FA 		.ascii	"\221\246\320\372P}\274\2711\0245,\236G\355\232\373j"
  79      507DBCB9 
  79      3114352C 
  79      9E47ED9A 
  79      FB6A
  80 031f 0C236A1B 		.ascii	"\014#j\033M\015acc4\026\267\215\372\265u\253\3565\326"
  80      4D0D6163 
  80      633416B7 
  80      8DFAB575 
  80      ABEE35D6 
  81 0333 AC596DAC 		.ascii	"\254Ym\254}\264\256\245\306\260\343\353\302\341\306"
  81      7DB4AEA5 
ARM GAS  C:\Users\srich\AppData\Local\Temp\ccGi3q49.s 			page 6


  81      C6B0E3EB 
  81      C2E1C6
  82 0342 1516B85A 		.ascii	"\025\026\270Z\032\302\315\301Z\253\326T\\[\3451o\345"
  82      1AC2CDC1 
  82      5AABD654 
  82      5C5BE531 
  82      6FE5
  83 0354 31A3B619 		.ascii	"1\243\266\031\213\233*\213\331\020\213X\221M\204Z\321"
  83      8B9B2A8B 
  83      D9108B58 
  83      914D845A 
  83      D1
  84 0365 58705DCB 		.ascii	"Xp]\313\375\221\025M\360\300\242\324\340\246\270iE\354"
  84      FD91154D 
  84      F0C0A2D4 
  84      E0A6B869 
  84      45EC
  85 0377 906D8636 		.ascii	"\220m\2066X\341\346\306\240\251\250V\344\211\346\015"
  85      58E1E6C6 
  85      A0A9A856 
  85      E489E60D 
  86 0387 16B1572E 		.ascii	"\026\261W.\312&\3754\320\203\024\360\370\237\004\212"
  86      CA26FD34 
  86      D08314F0 
  86      F89F048A 
  87 0397 2BD469B2 		.ascii	"+\324i\2627\333D\250\250\253\177<\260\276\301\016n\214"
  87      37DB44A8 
  87      A8AB7F3C 
  87      B0BEC10E 
  87      6E8C
  88 03a9 85EE09DC 		.ascii	"\205\356\011\334\275\022D\014\334\221`$\032\333\014"
  88      BD12440C 
  88      DC916024 
  88      1ADB0C
  89 03b8 7F03F543 		.ascii	"\177\003\365C9\200"
  89      3980
  90              		.text
  91              		.section	.gnu.lto_st_lld_init.b66e3597,"",%progbits
  92 0000 789C9D94 		.ascii	"x\234\235\224ML\023A\024\307\347?\333m\027\352\367I"
  92      4D4C1341 
  92      14C7E73F 
  92      DB6D17EA 
  92      F749
  93 0012 1B120F1E 		.ascii	"\033\022\017\036\270X7\250\361\340\315\340\305\004N"
  93      B85837A8 
  93      F1E0CDE0 
  93      C5044E
  94 0021 E56E140E 		.ascii	"\345n\024\016\220\220\324X\364F\330j1\304\030\203B\014"
  94      9090D458 
  94      F446D86A 
  94      31C41883 
  94      420C
  95 0033 A815D1A0 		.ascii	"\250\025\321\240 \362!\012\362\241\262\"J\345S\202\021"
  95      20F2210A 
  95      F2A1B222 
  95      4AE55382 
  95      11
ARM GAS  C:\Users\srich\AppData\Local\Temp\ccGi3q49.s 			page 7


  96 0044 42104C84 		.ascii	"B\020L\204\004\022!\005\214\244\032S\347MKQ\274@\233"
  96      04122105 
  96      8CA41A53 
  96      E74D4B51 
  96      BC409B
  97 0057 74663BF3 		.ascii	"tf;\363\372\373\275\267\363v\025\366\377\307!\276.\225"
  97      FAFBBDB7 
  97      F37615F6 
  97      FFC721BE 
  97      2E95
  98 0069 B1543143 		.ascii	"\261T1Ca\340\305\203\214y5\016\320\005\003+\340(\300"
  98      61E0C583 
  98      8C79350E 
  98      D005032B 
  98      E028C0
  99 007c 1C5FE428 		.ascii	"\034_\344(6k\313\354\311U\206a\004\233J\366\024\356"
  99      366BCBEC 
  99      C9558661 
  99      049B4AF6 
  99      14EE
 100 008e 0E71C696 		.ascii	"\016q\306\226y\004\203\207Hf\"f\321\367{\324n\365\211"
 100      79048387 
 100      48662266 
 100      D1F77BD4 
 100      6EF589
 101 00a1 981D913D 		.ascii	"\230\035\221=T\303\01217\3542\215p\370\376\355+~u'g"
 101      54C30A31 
 101      37EC328D 
 101      70F8FEED 
 101      2B7E7527 
 102 00b6 212E5C62 		.ascii	"!.\\bPi\260\322\300\330\264\010'\347\014\3474+\343\350"
 102      5069B0D2 
 102      C0D8B408 
 102      27E70CE7 
 102      342BE3E8 
 103 00ca 6A59FC78 		.ascii	"jY\374x\230\000+\234\374\275\201\252\266\204Y\036\342"
 103      98002B9C 
 103      FCBD81AA 
 103      B684591E 
 103      E2
 104 00db DCB85B64 		.ascii	"\334\270[dXH75=4\254\311%F?/<\250l\327\374\270\205\020"
 104      58483735 
 104      3D34ACC9 
 104      25463F2F 
 104      3CA86CD7 
 105 00f3 57500307 		.ascii	"WP\003\007\036\301!7\276\376\2749cw\326\032>\257\026"
 105      1EC12137 
 105      BEFEBC39 
 105      6377D61A 
 105      3EAF16
 106 0106 E216D4C2 		.ascii	"\342\026\324\302\217%\2319\036\303\311\306q\361\273"
 106      8F259939 
 106      1EC3C9C6 
 106      71F1BB
 107 0115 35E25122 		.ascii	"5\342Q\"\252\036\377l\223\205\270\000C\235\200\210d"
 107      AA1EFF6C 
 107      9385B800 
ARM GAS  C:\Users\srich\AppData\Local\Temp\ccGi3q49.s 			page 8


 107      439D8088 
 107      64
 108 0126 AE834236 		.ascii	"\256\203B6a\251_\2634\300)\330Di\271\366\311\022Q\251"
 108      61A95FB3 
 108      34C029D8 
 108      4469B9F6 
 108      C91251A9 
 109 013a E21F2BD5 		.ascii	"\342\037+\325sc2\177\3250\213\215m\377\224\244J\346"
 109      7363327F 
 109      D5308B8D 
 109      6DFF94A4 
 109      4AE6
 110 014c 40C9901F 		.ascii	"@\311\220\037\021\231\025\215B\366$*+\012\374\230\327"
 110      1199158D 
 110      42F6242A 
 110      2B0AFC98 
 110      D7
 111 015d D6644D52 		.ascii	"\326dMRFw\032O\377-)\252\372\322\336_!\271\020G\203"
 111      46771A4F 
 111      FF2D29AA 
 111      FAD2DE5F 
 111      21B91047 
 112 0172 67EB6ADA 		.ascii	"g\353j\332\250\246yM\323B5Y\211\022\014\216\372lQ\320"
 112      A8A6794D 
 112      D3423559 
 112      89120C8E 
 112      FA6C51D0 
 113 0186 425FCF25 		.ascii	"B_\317%\22546\321\003\353\016\311&\211\345\227\003\245"
 113      953436D1 
 113      03EB0EC9 
 113      2689E597 
 113      03A5
 114 0198 8A50790D 		.ascii	"\212Py\015\303\334\033\342\032\236\013]kTwo\301L\"\033"
 114      C3DC1BE2 
 114      1A9E0B5D 
 114      6B54776F 
 114      C14C221B 
 115 01ac 48D62665 		.ascii	"H\326&e\262\213\332\341\244\016\354^\031\220pKE9g\350"
 115      B28BDAE1 
 115      A40EEC5E 
 115      1990704B 
 115      453967E8 
 116 01c0 8814116C 		.ascii	"\210\024\021l\234\210\3517\016\177!\341\012\301_Jxi"
 116      9C88E937 
 116      0E7F21E1 
 116      0AC15F4A 
 116      7869
 117 01d2 7367D976 		.ascii	"sg\331v\011\017\207\305\203\360*\012\017\306\003\357"
 117      090F87C5 
 117      83F02A0A 
 117      0FC603EF 
 118 01e2 94700BC1 		.ascii	"\224p\013\301M\011\217\335\003\261\206\327\253y\177"
 118      4D098FDD 
 118      03B186D7 
 118      AB797F
 119 01f1 DE343A01 		.ascii	"\3364:\001]\022-\232\203v>t\324,C\257\023\247c\356'"
 119      5D122D9A 
ARM GAS  C:\Users\srich\AppData\Local\Temp\ccGi3q49.s 			page 9


 119      83763E74 
 119      D42C43AF 
 119      13A763EE 
 120 0206 EF1B38B1 		.ascii	"\357\0338\261\317![\256\033zL\024\334\274\310\202\267"
 120      CF215BAE 
 120      1B7A4C14 
 120      DCBCC882 
 120      B7
 121 0217 526425D6 		.ascii	"Rd%\326;\201\215%=\031\007\253G\262l\304\012\374\305"
 121      3B818D25 
 121      3D1907AB 
 121      47B26CC4 
 121      0AFCC5
 122 022a 0AC6C37A 		.ascii	"\012\306\303z/Y\032\261z\005\253n5\257\2518X}\222\225"
 122      2F591AB1 
 122      7A05AB6E 
 122      35AFA938 
 122      587D9295 
 123 023e 40ACFE28 		.ascii	"@\254\376(k\002\205f\311\210|.(\374\316\310\325z\236"
 123      6B028566 
 123      C9887C2E 
 123      28FCCEC8 
 123      D57A9E
 124 0251 FFCB2832 		.ascii	"\377\313(2D\377'.S\353c\000\371\264\325\2724_\221Hg"
 124      44FF272E 
 124      53EB6300 
 124      F9B4D5BA 
 124      345F9148 
 125 0266 6A4F6218 		.ascii	"jOb\030\204C,\215U~\273\261U.i\014Cp\204\370\0266\011"
 125      84432C8D 
 125      557EBBB1 
 125      552E690C 
 125      437084F8 
 126 027d AF39EC92 		.ascii	"\2579\354\222<Fo9\320\333M4\365\261\314\243zjv\316\351"
 126      3C466F39 
 126      D0DB4D34 
 126      F5B1CCA3 
 126      7A6A76CE 
 127 0292 1C57DEB9 		.ascii	"\034W\336\271\254\034\267\236I\327nO\312\221\024]w{"
 127      AC1CB79E 
 127      49D76E4F 
 127      CA91145D 
 127      777B
 128 02a4 F4EC53B9 		.ascii	"\364\354S\271\372\031\367\331<\217\356\312H?tPOK;\256"
 128      FA19F7D9 
 128      3C8FEECA 
 128      483F7450 
 128      4F4B3BAE 
 129 02b8 679C483F 		.ascii	"g\234H?\237\242{\362N\346\346f\035\310d\177\000\247"
 129      9FA27BF2 
 129      4EE6E666 
 129      1DC8647F 
 129      00A7
 130 02ca 96EC48   		.ascii	"\226\354H"
 131              		.text
 132              		.section	.gnu.lto_.symbol_nodes.b66e3597,"",%progbits
 133 0000 789C6366 		.ascii	"x\234cf``\310f\200\002\246+\214\365\014\014\023\316"
ARM GAS  C:\Users\srich\AppData\Local\Temp\ccGi3q49.s 			page 10


 133      6060C866 
 133      8002A62B 
 133      8CF50C0C 
 133      13CE
 134 0012 3130D4D7 		.ascii	"10\324\3273\314[\300\301\300t\225\261\236\021Y\200\361"
 134      33CC5BC0 
 134      C1C07495 
 134      B19E1159 
 134      80F1
 135 0024 1A633D13 		.ascii	"\032c=\023D\200\241\241\001\310\277\316X\317\214\314"
 135      4480A1A1 
 135      01C8BFCE 
 135      58CF8CCC 
 136 0034 BFC158CF 		.ascii	"\277\301X\317\202\304g\006\302'[M\230\031\230\030\216"
 136      82C46706 
 136      C2275B4D 
 136      98199818 
 136      8E
 137 0045 B4BD9167 		.ascii	"\264\275\221gfdax\322\376F\236\001\000h\353\035\314"
 137      66646178 
 137      D2FE469E 
 137      010068EB 
 137      1DCC
 138              		.text
 139              		.section	.gnu.lto_.refs.b66e3597,"",%progbits
 140 0000 789C6366 		.ascii	"x\234cf```d\200\002\000\000=\000\005"
 140      60606064 
 140      80020000 
 140      3D0005
 141              		.text
 142              		.section	.gnu.lto_.decls.b66e3597,"",%progbits
 143 0000 789CB557 		.ascii	"x\234\265WkPTG\026\236\276=\300\314\360r!\233d\255\255"
 143      6B505447 
 143      169EBE3D 
 143      C0CCF072 
 143      219B64AD 
 144 0015 0ABAB56C 		.ascii	"\012\272\265l\222J\202\350\356f7\265[\211\014F\251\210"
 144      924A82E8 
 144      EE6637B5 
 144      5B890C46 
 144      A988
 145 0027 B106B395 		.ascii	"\261\006\263\225\252L\325\004\2071N-0\0113\270\372\357"
 145      AA4CD504 
 145      87314E2D 
 145      300933B8 
 145      FAEF
 146 0039 2AA8F8E4 		.ascii	"*\250\370\344!*\017\321\021P\221\207\340\003\005y\243"
 146      212A0FD1 
 146      11509187 
 146      E0030579 
 146      A3
 147 004a F2521023 		.ascii	"\362R\020#\212F\215\250\211\212\212B\304\010>\230=\335"
 147      8A468DA8 
 147      898A8A42 
 147      C4083E98 
 147      3DDD
 148 005c 7DEF9DCB 		.ascii	"}\357\235\3138\270\251\255\335\251:\334{\272\277\376"
ARM GAS  C:\Users\srich\AppData\Local\Temp\ccGi3q49.s 			page 11


 148      38B8A9AD 
 148      DDA93ADC 
 148      7BBABFFE 
 149 006c FAEBD3E7 		.ascii	"\372\353\323\347v\037\260B\241\230\203\024\012\007\374"
 149      761FB042 
 149      A1988314 
 149      0A07FC
 150 007b DA5E5128 		.ascii	"\332^Q(\322\225\012\005\206\266\371`\320\254\250P\260"
 150      D2950A05 
 150      86B6F960 
 150      D0ACA850 
 150      B0
 151 008c 9F07D821 		.ascii	"\237\007\330!\260\303`U`G\301\032\024/\376\010\306G"
 151      B0C36055 
 151      6047C11A 
 151      142FFE08 
 151      C647
 152 009e 183F050C 		.ascii	"\030?\005\014\003\011\002;\006\357~B\037\341\364\206"
 152      0309023B 
 152      06EF7E42 
 152      1FE1F486 
 153 00ae B64960BF 		.ascii	"\266I`\277\002; \314u\037\314W\340\010\204\206_\203"
 153      023B20CC 
 153      751FCC57 
 153      E0088486 
 153      5F83
 154 00c0 BD06F61B 		.ascii	"\275\006\366\033\2607\300\246 6\357\357\340\371{\260"
 154      B037C0A6 
 154      2036EFEF 
 154      E0F97BB0 
 155 00d0 3F80BD85 		.ascii	"?\200\275\205\230\036\327\337a\201K\324\021\0168\255"
 155      981ED7DF 
 155      61814BD4 
 155      110E38AD 
 156 00e0 A023129E 		.ascii	"\240#\022\236\237 \247\266K\3206\0171]u`\032\260\017"
 156      9F20A7B6 
 156      4BD0360F 
 156      315D7560 
 156      1AB00F
 157 00f3 118BCB18 		.ascii	"\021\213\313\030\274?\000\033\002{\006\366\010\354!"
 157      BC3F001B 
 157      027B06F6 
 157      08EC21
 158 0102 D853B061 		.ascii	"\330S\260a0N\230\313],\2068T\275o\270\323\3736\207\374"
 158      304E98CB 
 158      5D2C8638 
 158      54BD6FB8 
 158      D3FB3687 
 159 0117 3441C43D 		.ascii	"4A\304=\232\321\226\345\011\256\217FI\334\206\372\221"
 159      9AD196E5 
 159      09AE8F46 
 159      49DC86FA 
 159      91
 160 0128 160DE610 		.ascii	"\026\015\346\020y/\310\272\326\243y\247\230\347\371"
 160      792FC8BA 
 160      D6A379A7 
 160      98E7F9
ARM GAS  C:\Users\srich\AppData\Local\Temp\ccGi3q49.s 			page 12


 161 0137 14BEF102 		.ascii	"\024\276\361\002rR\254O\351k\327\340\000\012Z\276\273"
 161      7252AC4F 
 161      E96BD7E0 
 161      000A5ABE 
 161      BB
 162 0148 66BD178C 		.ascii	"f\275\027\214\237\242\241]WsG\013\325\324%\333\347\017"
 162      9FA2A15D 
 162      5773470B 
 162      D5D425DB 
 162      E70F
 163 015a 4D5CDB4D 		.ascii	"M\\\333M\276\300\017\005k\012\201h\260.\243\345\267"
 163      BEC00F05 
 163      6B0A8168 
 163      B02EA3E5 
 163      B7
 164 016b 3CAF44E5 		.ascii	"<\257D\345H\203J\020F\305\350\035\022j2\232\374Rx~\005"
 164      48834A10 
 164      46C5E81D 
 164      126A329A 
 164      FC52787E 
 165 0180 9F96C4AB 		.ascii	"\237\226\304\253\333\374\024h\017\232\214\212\320d\005"
 165      DBFC1468 
 165      0F9A8C8A 
 165      D06405
 166 018f DA878201 		.ascii	"\332\207\202\001A\261\250\024\032\313\240\021\210O<"
 166      41B1A814 
 166      1ACBA011 
 166      884F3C
 167 019e AB4FF640 		.ascii	"\253O\366@\232`\367\203\366\273\031D%\254_\231\361*"
 167      9A60F783 
 167      F6BB1944 
 167      25AC5F99 
 167      F12A
 168 01b0 91500112 		.ascii	"\221P\001\022\366:%\200\"\246\201t\300Jj\236^\357Q\276"
 168      F63A2580 
 168      22A68174 
 168      C04A6A9E 
 168      5EEF51BE 
 169 01c4 B6194610 		.ascii	"\266\031F\020\356IJ4\377U\211\\\201\016\240\327\340"
 169      EE494A34 
 169      FF55895C 
 169      810EA0D7 
 169      E0
 170 01d5 EF174A16 		.ascii	"\357\027J\026\220\341\306\356\363\030\367!\032\221\025"
 170      90E1C6EE 
 170      F318F721 
 170      1A9115
 171 01e4 079B567B 		.ascii	"\007\233V{\007m\347\355\025\203\027o=Vg\363\366\025"
 171      076DE7ED 
 171      1583176F 
 171      3D5667F3 
 171      F615
 172 01f6 FC98C381 		.ascii	"\374\230\303\201\350 tP\232QA\336\331\214\207P\020\014"
 172      E8207450 
 172      9A5141DE 
 172      D98C8750 
 172      100C
ARM GAS  C:\Users\srich\AppData\Local\Temp\ccGi3q49.s 			page 13


 173 0208 3C9B9371 		.ascii	"<\233\223q\010\341\022\026\374\232\264M\327|(K_n\273"
 173      08E11216 
 173      FC9AB44D 
 173      D77C284B 
 173      5F6EBB
 174 021b A931997F 		.ascii	"\2511\231\177\346p`FQ)\243\250\024)\016S\212=w\217\026"
 174      E6706046 
 174      5129A3A8 
 174      14290E53 
 174      8A3D778F 
 175 0230 ABF11146 		.ascii	"\253\361\021Fq\374\\Q\0100\364\361\2039w\037\207\245"
 175      71FC5C51 
 175      0830F4F1 
 175      8339771F 
 175      87A5
 176 0242 27A515F2 		.ascii	"'\245\025\362}\016\307\033\214\344\210\214\344\210H"
 176      7D0EC71B 
 176      8CE4888C 
 176      E48848
 177 0251 524549D6 		.ascii	"REI\3268\356Wi\360JLI\012\233z\357xP\226\212\252\015"
 177      38EE5769 
 177      F04A4C49 
 177      0A9B7AEF 
 177      7850968A 
 178 0267 FBB86C7E 		.ascii	"\373\270l~\247|5\3252\226j\221\345(eI)\253\250U+9\026"
 178      A77C35D5 
 178      32966A91 
 178      E5286549 
 178      29ABA855 
 179 027e 4F122968 		.ascii	"O\022)h\313\351.\315\365\221\332j\020m,K}t\334g\302"
 179      CBE92ECD 
 179      F591DA6A 
 179      106D2C4B 
 179      7D74DC67 
 180 0293 40D7D140 		.ascii	"@\327\321@\327\"!\322\007zJ\266kp;\323\326\323\260\274"
 180      D72221D2 
 180      077A4AB6 
 180      6B703BD3 
 180      D6D3B0BC 
 181 02a7 C893693B 		.ascii	"\310\223i;z\372+\2314\030\204\352e\322\352Ei\015TZK"
 181      7AFA2B99 
 181      341884EA 
 181      65D2EA45 
 181      690D545A 
 182 02bc 7FFD461F 		.ascii	"\177\375F\037\372\011\360\236\204\247\242\241d\215\232"
 182      FA09F09E 
 182      84A7A2A1 
 182      648D9A
 183 02cb 7E035F12 		.ascii	"~\003_\022\267\271zu\236\022oU\3229\006\232\013\227"
 183      B7B97A75 
 183      9E126F55 
 183      D239069A 
 183      0B97
 184 02dd 6A20C392 		.ascii	"j \303\222~Y\206\301\210\344l\307#\214\013\330\360\234"
 184      7E5986C1 
 184      88E46CC7 
 184      238C0BD8 
ARM GAS  C:\Users\srich\AppData\Local\Temp\ccGi3q49.s 			page 14


 184      F09C
 185 02ef D1F2BDDE 		.ascii	"\321\362\275\336x\217\340d\267^R\342\022\346\024n\336"
 185      788FE064 
 185      B75E52E2 
 185      12E6146E 
 185      DE
 186 0300 52EA4127 		.ascii	"R\352A'U\321o\352tO\252\032W\260\276\335\231\217\327"
 186      55D16FEA 
 186      744FAA1A 
 186      57B0BEDD 
 186      998FD7
 187 0313 F8E34AE6 		.ascii	"\370\343J\346\234\274>\362\320\207\002'\021w\364i\317"
 187      9CBC3EF2 
 187      D0870227 
 187      1177F469 
 187      CF
 188 0324 450E57B1 		.ascii	"E\016W\261\276\216\363\327\362=p-s\262\037\237j\361"
 188      BE8EF3D7 
 188      F23D702D 
 188      73B21F9F 
 188      6AF1
 189 0336 A7C0D789 		.ascii	"\247\300\327\211\37387)\311\0377\263>\373\236\347\016"
 189      FB383729 
 189      C91F37B3 
 189      3EFB9EE7 
 189      0E
 190 0347 3FDCC61C 		.ascii	"?\334\306\034\361\010\360aG\300\266\246;g|q'\353{x}"
 190      F108F061 
 190      47C0B6A6 
 190      3B677C71 
 190      27EB7B78 
 191 035c C518C267 		.ascii	"\305\030\302g\230St\275+\303\227\002\337$\356\216\314"
 191      985374BD 
 191      2BC39702 
 191      DF24EE8E 
 191      CC
 192 036d 512D3EC7 		.ascii	"Q->\307\272\216\016\255\033V\341\213\314\271\372\370"
 192      BA8E0EAD 
 192      1B56E18B 
 192      CCB9FAF8 
 193 037d 6AB317C5 		.ascii	"j\263\027\305M#\356\346\332m\031j\026_\332\275q_\341"
 193      4D23EEE6 
 193      DA6D196A 
 193      165FDABD 
 193      715FE1
 194 0390 43260C53 		.ascii	"C&\014S\326\235\227Oa\022S^\210)t\310v\374\"\371\020"
 194      D69D974F 
 194      6112535E 
 194      882974C8 
 194      76FC22F9 
 195 03a5 D19B93D1 		.ascii	"\321\233\223\321\005\026\317\274\273\335\305\376\001"
 195      0516CFBC 
 195      BBDDC5FE 
 195      01
 196 03b2 6914CEF3 		.ascii	"i\024\316\363A6\232;\275\000\357\240\360\357P\2008\210"
 196      41369A3B 
 196      BD00EFA0 
ARM GAS  C:\Users\srich\AppData\Local\Temp\ccGi3q49.s 			page 15


 196      F0EF5080 
 196      3888
 197 03c4 A0B79E2B 		.ascii	"\240\267\236+\032\364\222\243\217\275\014\275vKf\013"
 197      1AF492A3 
 197      8FBD0CBD 
 197      764B660B 
 198 03d4 C257D82A 		.ascii	"\302W\330*\316-\277y\236\303\327\230s\240`\327a\226"
 198      CE2DBF79 
 198      9EC3D798 
 198      73A060D7 
 198      6196
 199 03e6 131FD125 		.ascii	"\023\037\321%\364\2369\347\205o\012\361\333\2376\352"
 199      F49E39E7 
 199      856F0AF1 
 199      DB9F36EA 
 200 03f6 47FBE610 		.ascii	"G\373\346\020\267\275rC\243\006\337a}\317K~\030\341"
 200      B7BD7243 
 200      A306DF61 
 200      7DCF4B7E 
 200      18E1
 201 0408 F003E6DC 		.ascii	"\360\003\346\334\252\277\307s\0248\237\270\337\017l"
 201      AABFC773 
 201      14389FB8 
 201      DF0F6C
 202 0417 B8AAC23F 		.ascii	"\270\252\302?\215\237\300\217M\260v\335~\207\327\304"
 202      8D9FC08F 
 202      4DB076DD 
 202      7E87D7C4 
 203 0427 41B92906 		.ascii	"A\271)\006\345-\032\223\345y\273\372\260\260J\273\030"
 203      E52D1A93 
 203      E579BBFA 
 203      B0B04ABB 
 203      18
 204 0438 931F01DD 		.ascii	"\223\037\001\335J\321\267\350*o\212\253\034\272\220"
 204      4AD1B7E8 
 204      2A6F8AAB 
 204      1CBA90
 205 0447 7CDA5B8E 		.ascii	"|\332[\216>\3662t\347\317Ey\236x\204\251L\251\315\334"
 205      3EF63274 
 205      E7CF4579 
 205      9E7884A9 
 205      4CA9CDDC 
 206 045b CDC2F039 		.ascii	"\315\302\3609\270\257^:\275\272\334\027Me\277\300\251"
 206      B8AF5E3A 
 206      BDBADC17 
 206      4D65BFC0 
 206      A9
 207 046c B25FF054 		.ascii	"\262_\360T;\237\2344\370\374`\351\373\325\007\370\306"
 207      3B9F9C34 
 207      F8FC60E9 
 207      FBD507F8 
 207      C6
 208 047d 644C27B9 		.ascii	"dL'\271\016\037\341O(\320\371\315\334\2403\276\015\177"
 208      0E1FE14F 
 208      28D0F9CD 
 208      DCA033BE 
 208      0D7F
ARM GAS  C:\Users\srich\AppData\Local\Temp\ccGi3q49.s 			page 16


 209 048f 14046FBF 		.ascii	"\024\004o\277S\346\3316\215B\257\271B\373(t\017\222"
 209      53E6D936 
 209      8D42AFB9 
 209      42FB2874 
 209      0F92
 210 04a1 B0DF49D8 		.ascii	"\260\337I\330\323\256\330n\027\332.\011\332\356\012"
 210      D3AED86E 
 210      17DA2E09 
 210      DAEE0A
 211 04b0 ED70815E 		.ascii	"\355p\201^\221\240=\256\320\263\256\012.J\330.Wl\247"
 211      91A03DAE 
 211      D0B3AE0A 
 211      2E4AD82E 
 211      576CA7
 212 04c3 2BF68284 		.ascii	"+\366\202\204=\345\036K%\244\013\211\372\221M\201\032"
 212      3DE51E4B 
 212      25A40B89 
 212      FA914D81 
 212      1A
 213 04d4 A1BF8976 		.ascii	"\241\277\211v\0214\034+\310\001'\3140\232\212\036\202"
 213      11341C2B 
 213      C80127CC 
 213      309A8A1E 
 213      82
 214 04e5 3D017B04 		.ascii	"=\001{\004v\037\354)\330\020\330 \330\000\330c\2601"
 214      761FEC29 
 214      D810D820 
 214      D800D863 
 214      B031
 215 04f7 B0076023 		.ascii	"\260\007`#`\317\300\236\203\375\014v\017\354.\030\317"
 215      60CFC09E 
 215      83FD0C76 
 215      0FEC2E18 
 215      CF
 216 0508 4D45A368 		.ascii	"ME\243h*=\007\251\300\223\222\300\023\256\002\337tY"
 216      2A3D07A9 
 216      C09392C0 
 216      13AE02DF 
 216      7459
 217 051a 4B87043D 		.ascii	"K\207\004=\356\026\352\214f\247\204lsE\266\272F\250"
 217      EE16EA8C 
 217      66A7846C 
 217      7345B6BA 
 217      46A8
 218 052c 5FC25E75 		.ascii	"_\302^u\277\367N\332K\022\364\214\373\255\227\321~/"
 218      BFF74EDA 
 218      4B12F48C 
 218      FBAD97D1 
 218      7E2F
 219 053e 61CFB962 		.ascii	"a\317\271b\317\217\243]n\037x\027\220\267Q\000\352\027"
 219      CF8FA35D 
 219      6E1F7817 
 219      90B75100 
 219      EA17
 220 0550 90E24781 		.ascii	"\220\342G\201\356\270\0108%\221\266\270_\227\023zZ\202"
 220      EEB80838 
 220      2591B6B8 
ARM GAS  C:\Users\srich\AppData\Local\Temp\ccGi3q49.s 			page 17


 220      5F97137A 
 220      5A82
 221 0562 9E749F7B 		.ascii	"\236t\237{\222\326\345\366\253D\300%\020pY\200\212'"
 221      92D6E5F6 
 221      AB44C025 
 221      10705980 
 221      8A27
 222 0574 952055B6 		.ascii	"\225 U\266\254\333\022\355\025W\332\357]\261\227%\354"
 222      ACDB12ED 
 222      1557DAEF 
 222      5DB19725 
 222      EC
 223 0585 B7EE739A 		.ascii	"\267\356s\232\252%\325P_{\231'\217\010D!\336\226\012"
 223      AA25D550 
 223      5F7B9927 
 223      8F084421 
 223      DE960A
 224 0598 2945FAEE 		.ascii	")E\372\356\225u\371\360\002\323\017\356?e6+Tc\255\203"
 224      9575F9F0 
 224      02D30FEE 
 224      3F65362B 
 224      5463AD83 
 225 05ac D5631805 		.ascii	"\325c\030\005\006\273\313h\264\202\013\376\277'5]\316"
 225      06BBCB68 
 225      B4820BFE 
 225      BF27355D 
 225      CE
 226 05bd FD38155A 		.ascii	"\3758\025Z\316\005\242fgaG\326&V\256u;Z\206\274|\326"
 226      CE05A266 
 226      676147D6 
 226      2656AE75 
 226      3B5A86BC 
 227 05d3 3A0B460A 		.ascii	":\013F\012v\036\263I\234\017\255\023\340\011\350\266"
 227      761EB349 
 227      9C0FAD13 
 227      E009E8B6 
 228 05e3 92BC2F71 		.ascii	"\222\274/q\223\0079\010\2257\266U\034\366G\301\223'"
 228      93073908 
 228      9537B655 
 228      1CF647C1 
 228      9327
 229 05f5 D33A3685 		.ascii	"\323:6\205\377\010\245p\032\224\314aYu\235\005\355#"
 229      FF08A570 
 229      1A94CC61 
 229      59759D05 
 229      ED23
 230 0607 1F920E78 		.ascii	"\037\222\016xU\321'\255M\0073x\374\272\002\275COo\264"
 230      55D127AD 
 230      4D073378 
 230      FCBA02BD 
 230      434F6FB4 
 231 061b 126241BA 		.ascii	"\022bA\272\024h57\031\255\342&\313/y?v\311\347\364\376"
 231      14683537 
 231      19ADE226 
 231      CB2F793F 
 231      76C9E7F4 
 232 0630 388CE9B1 		.ascii	"8\214\351\261\313\021w\373\355-9j\347\001\216\350\334"
ARM GAS  C:\Users\srich\AppData\Local\Temp\ccGi3q49.s 			page 18


 232      CB1177FB 
 232      ED2D396A 
 232      E7018EE8 
 232      DC
 233 0641 6B60F45A 		.ascii	"k`\364Z\216\250^\3079\017p\342\220\013\242\261\354\254"
 233      8EA85EC7 
 233      390F70E2 
 233      900BA2B1 
 233      ECAC
 234 0653 17E5FB0B 		.ascii	"\027\345\373\013\255\005\012\372\356\"\312\347E\334"
 234      AD050AFA 
 234      EE22CAE7 
 234      45DC
 235 0661 8C955555 		.ascii	"\214\225UU\354\002\243\365Oa\341\340\026\337\211\357"
 235      EC02A3F5 
 235      4F61E1E0 
 235      16DF89EF 
 236 0671 9E544EB8 		.ascii	"\236TN\270{62\255\003Iw\313<\235W,S\263\036\324l\240"
 236      7B3632AD 
 236      034977CB 
 236      3C9D572C 
 236      53B31ED4 
 237 0687 6AD2A81A 		.ascii	"j\322\250\032:\210:\344\342\313j\\\253\034\027vR<:g"
 237      3A883AE4 
 237      E2CB6A5C 
 237      AB1C1776 
 237      523C3A67 
 238 069b 4817C29E 		.ascii	"H\027\302\236N\303^\277\275mL\203[h\334Q\325\335\333"
 238      4EC35EBF 
 238      BD6D4C83 
 238      5B68DC51 
 238      D5DDDB
 239 06ae 2BD450E3 		.ascii	"+\324P\3435V\014V\037)\014o\332\265\212o\343\033\241"
 239      35560C56 
 239      1F290C6F 
 239      DAB58A6F 
 239      E31BA1
 240 06c1 CADBD138 		.ascii	"\312\333\3218\211\262dp\316:/C\330\016\264\211#u\336"
 240      89B26470 
 240      CE3A2F43 
 240      D80EB489 
 240      2375DE
 241 06d4 AEDB250F 		.ascii	"\256\333%\0170^\353I\211~:{aDE\211*\252:\363\261T\226"
 241      305EEB49 
 241      897E3A7B 
 241      61444589 
 241      2AAA3AF3 
 242 06eb 8751964C 		.ascii	"\207Q\226L\031K\246\310\262\231\262\\\3539\327\255\301"
 242      194BA6C8 
 242      B299B25C 
 242      EB39D7AD 
 242      C1
 243 06fc B98CA5B0 		.ascii	"\271\214\245\260\270\370\212\206\261@Q\355\312\262E"
 243      B8F88A86 
 243      B14051ED 
 243      CAB245
 244 070b C6B24564 		.ascii	"\306\262Ed\331JY~\350\031\3425x\037c\331=P{\233-\312"
ARM GAS  C:\Users\srich\AppData\Local\Temp\ccGi3q49.s 			page 19


 244      D94A597E 
 244      E819E235 
 244      781F63D9 
 244      3D507B9B 
 245 0721 9E55EE49 		.ascii	"\236U\356I\327\323\300O\241\024Y2\212,\221\"\233\233"
 245      D7D3C04F 
 245      A1145932 
 245      8A2C9122 
 245      9B9B
 246 0733 A8A2BE74 		.ascii	"\250\242\276tp\354\276\377\204\305s.G\212\347\034N("
 246      70ECBEFF 
 246      84C5732E 
 246      478AE71C 
 246      4E28
 247 0745 9EC7FA52 		.ascii	"\236\307\372Ry5\256b\032v\366_L\205(3g\240u\354\240"
 247      7935AE62 
 247      1A76F65F 
 247      4C852833 
 247      67A075EC 
 248 075a 0750A33C 		.ascii	"\007P\243<:%\264$mj\034F,\356\2455E\037\247\227;\343"
 248      3A25B424 
 248      6D6A1C46 
 248      2CEEA535 
 248      451FA797 
 249 0770 9EA624C4 		.ascii	"\236\246$\304h\233\250\024m\207\011\210\313\304\356"
 249      689BA814 
 249      6D870988 
 249      CBC4EE
 250 077f A0621DF9 		.ascii	"\240b\035\3717\207\021\316\360\242\364\015%m\033<\305"
 250      378711CE 
 250      F0A2F40D 
 250      256D1B3C 
 250      C5
 251 0790 4DAC9DFB 		.ascii	"M\254\235\373\342&\332e\253\266\213D;)\321\223\326\246"
 251      E226DA65 
 251      ABB68B44 
 251      3B29D193 
 251      D6A6
 252 07a2 751CDECD 		.ascii	"u\034\336\315\210\206\362s\313\225,p\333\366\307\260"
 252      8886F273 
 252      CB952C70 
 252      DBF6C7B0 
 253 07b2 FF8A9252 		.ascii	"\377\212\222R8\366\317H\276\214$_$)\240$\315\005\275"
 253      38F6CF48 
 253      BE8C245F 
 253      2429A024 
 253      CD05BD
 254 07c5 5BBD708D 		.ascii	"[\275p\215@\362cy\267\257\230"
 254      40F26379 
 254      B7AF98
 255 07d0 0925AE7B 		.ascii	"\011%\256{X(c)\024YvQ\226\255\247\333\003p\027#\261"
 255      58286329 
 255      14597651 
 255      96ADA7DB 
 255      03701723 
 256 07e5 5FFEF613 		.ascii	"_\376\366\023!\017N\216\271r\354\226q\354\0269\366P"
 256      210F4E8E 
ARM GAS  C:\Users\srich\AppData\Local\Temp\ccGi3q49.s 			page 20


 256      B972EC96 
 256      71EC1639 
 256      F650
 257 07f7 8EEDDD57 		.ascii	"\216\355\335W\372\225\370\006#\031K\352\276\352\301"
 257      FA95F806 
 257      23194BEA 
 257      BEEAC1
 258 0806 96D3E692 		.ascii	"\226\323\346\222\007E2\212\"\221b/\213\310\312\263\253"
 258      0745328A 
 258      2291622F 
 258      8BC8CAB3 
 258      AB
 259 0817 38FA6D37 		.ascii	"8\372m7\322\323!\247\253w\215\007~\300(Wt\337\273\341"
 259      D2D321A7 
 259      AB778D07 
 259      7EC02857 
 259      74DFBBE1 
 260 082b 8F9F3287 		.ascii	"\217\2372\207O\275\225\214\361\030s\326d$\335R\341$"
 260      4FBD958C 
 260      F11873D6 
 260      6424DD52 
 260      E124
 261 083d 1575CE16 		.ascii	"\025u\316\026\245\245\250\360j\346\214v\335\252\304"
 261      A5A5A8F0 
 261      6AE68C76 
 261      DDAAC4
 262 084c 388D3995 		.ascii	"8\2159\225\251\267v(q6sN\364\256\352\367\304v\346\\"
 262      A9B77628 
 262      7136734E 
 262      F4AEEAF7 
 262      C476E65C 
 263 0860 DCB37A93 		.ascii	"\334\263z\223\012\0271'}W\346*\016W0\247\241\245+_\215"
 263      0A173127 
 263      7D57E62A 
 263      0E5730A7 
 263      A1A52B5F 
 264 0875 2BA9E393 		.ascii	"+\251\343\223\232>lG(PV\031\312\257\204b8'\330\035t"
 264      9A3E6C47 
 264      28505619 
 264      CAAF8462 
 264      3827D81D 
 265 088a 9863F741 		.ascii	"\230c\367A#\234\207G\340\034\257\002\253\007\253\001"
 265      239C8747 
 265      E01CAF02 
 265      AB07AB01 
 266 089a AB05AB06 		.ascii	"\253\005\253\006k\002k\000\253\003;\3129\213\227\301"
 266      6B026B00 
 266      AB033BCA 
 266      398B97C1 
 267 08aa D133A5EF 		.ascii	"\3213\245\357\357u\326\231\245\020\255\303\334\304e"
 267      EF75D699 
 267      A510ADC3 
 267      DCC465
 268 08b9 C93DE942 		.ascii	"\311=\351B,s\213\224\335\235#\022t\277+\264\303\365"
 268      2C738B94 
 268      DD9D2312 
 268      74BF2BB4 
ARM GAS  C:\Users\srich\AppData\Local\Temp\ccGi3q49.s 			page 21


 268      C3F5
 269 08cb 9E7D2661 		.ascii	"\236}&a+]\261/\224%\367%l\271+\366\205\312\350\201\204"
 269      2B5DB12F 
 269      9425F725 
 269      6CB92BF6 
 269      85CAE881 
 270 08e0 AD70AFC1 		.ascii	"\255p\257\301\271\262\247\022\364\220{\011N\350\200"
 270      B9B2A712 
 270      F4907B09 
 270      4EE880
 271 08ef 04DDE75E 		.ascii	"\004\335\347^\201\023\372D\202\036t\205\312\013]z\345"
 271      8113FA44 
 271      821E7485 
 271      CA0B5D7A 
 271      E5
 272 0900 F6D30A02 		.ascii	"\366\323\012\0020\356*\210\321\262\016\251\2028\340"
 272      30EE2A88 
 272      D1B20EA9 
 272      8238E0
 273 090f 9EEA6DA1 		.ascii	"\236\352m\241\200\270\336u\304\341\207\202\003)\251"
 273      80B8DE75 
 273      C4E18782 
 273      0329A9
 274 091e 03EEF163 		.ascii	"\003\356\361c\200-\221>\003:\003\375\271K'\324\014Y"
 274      802D913E 
 274      033A03FD 
 274      B94B27D4 
 274      0C59
 275 0930 F4DF6614 		.ascii	"\364\337f\024\371\267w\347\315'\252q7\324\261q\205\301"
 275      F9B777E7 
 275      CD27AA71 
 275      37D4B171 
 275      85C1
 276 0942 71E1863A 		.ascii	"q\341\206:No\250\255\305O\372=\3603\226\374\255e'\276"
 276      4E6FA8AD 
 276      C54FFA3D 
 276      F03396FC 
 276      AD6527BE 
 277 0956 F3C5EBD4 		.ascii	"\363\305\353\324\264L(\251[\337\254\206\344\027\223"
 277      B44C28A9 
 277      5BDFAC86 
 277      E41793
 278 0965 DE4E553A 		.ascii	"\336NU:\377\327j\025$\266\203\304\016\220\320&K\352"
 278      FFD76A15 
 278      24B683C4 
 278      0E90D026 
 278      4BEA
 279 0977 BECEBDCE 		.ascii	"\276\316\275\316`\221\214n\235 Oi\204:\366\222\260\267"
 279      60918C6E 
 279      9D204F69 
 279      843AF692 
 279      B0B7
 280 0989 BA0FFB29 		.ascii	"\272\017\373)\031S\213[&1\352=\033\357\264zKe\333x\271"
 280      19538B5B 
 280      2631EA3D 
 280      1BEFB47A 
 280      4B65DB78 
ARM GAS  C:\Users\srich\AppData\Local\Temp\ccGi3q49.s 			page 22


 281 099e E814A89C 		.ascii	"\350\024\250\234H1\025\321\025\241B'\001p\302\271M\255"
 281      483115D1 
 281      15A14227 
 281      0170C2B9 
 281      4DAD
 282 09b0 9CB3DC3A 		.ascii	"\234\263\334:\322\260\341\240\367\270\250\236\034\027"
 282      D2B0E1A0 
 282      F7B8A89E 
 282      1C17
 283 09be D54E21AA 		.ascii	"\325N!\252\2354\252\353\267\365\346\371\214C\327\215"
 283      9D34AAEB 
 283      B7F5E6F9 
 283      8C43D78D 
 284 09ce AB12BA04 		.ascii	"\253\022\272\0044y\252\022\315\361\266\031\323\0156"
 284      3479AA12 
 284      CDF1B619 
 284      D30D36
 285 09dd CFD9F33E 		.ascii	"\317\331\363>\013\322*4\006\203\330\262\310\370\201"
 285      0BD22A34 
 285      0683D8B2 
 285      C8F881
 286 09ec DEB8D8BC 		.ascii	"\336\270\330\274\320l\265%\306\230-z\233\305\022k\325"
 286      D06CB525 
 286      C6982D7A 
 286      9BC5126B 
 286      D5
 287 09fd 7F159F18 		.ascii	"\177\025\237\030D\337\202\242\023\342\202Lq\013M11\246"
 287      44DF82A2 
 287      13E2824C 
 287      710B4D31 
 287      31A6
 288 0a0f 18FD1FDF 		.ascii	"\030\375\037\337\373k\320\364i\241\177\372f\206\036"
 288      FB6BD0F4 
 288      69A17FFA 
 288      66861E
 289 0a1e DADF8DB7 		.ascii	"\332\337\215\267\304\233\3365E/4\353\315\361\306\330"
 289      C49BDE35 
 289      452F34EB 
 289      CDF1C6D8 
 290 0a2e C418933E 		.ascii	"\304\030\223>.\032\270\342MzC\214iQtb\254\315`[\366"
 290      2E1AB8E2 
 290      4D7A438C 
 290      69517462 
 290      ACCD605B 
 291 0a43 B5C9FADE 		.ascii	"\265\311\372\336b\305\027\377\323i\254\313\254z\203"
 291      62C517FF 
 291      D369ACCB 
 291      AC7A83
 292 0a52 D516036B 		.ascii	"\325\026\003k\000n\325?LF\233%!l\332L\343\007!Z2I\024"
 292      006ED53F 
 292      4C469B25 
 292      216CDA4C 
 292      E307215A 
 293 0a69 9D24844E 		.ascii	"\235$\204Nh\261\206\37694$\304b\015Y\034\035\033\362"
 293      68B186FE 
 293      393424C4 
 293      620D591C 
ARM GAS  C:\Users\srich\AppData\Local\Temp\ccGi3q49.s 			page 23


 293      1D1BF2
 294 0a7c B525C166 		.ascii	"\265%\301f\015\211Z\0209cz\310\334\271\341!\013\"\""
 294      0D895A10 
 294      39637AC8 
 294      DCB9E121 
 294      0B2222
 295 0a8f 97848658 		.ascii	"\227\204\206Xm\206\330\330\230\367\214\012o\366f0\307"
 295      6D86D8D8 
 295      98F78C0A 
 295      6FF66630 
 295      C7
 296 0aa0 9B6D0106 		.ascii	"\233m\001\006\0026\230\023\2761\230\2766\307Z\276J4"
 296      02369813 
 296      BE3198BE 
 296      36C75ABE 
 296      4A34
 297 0ab2 7DE0B20A 		.ascii	"}\340\262\012\347\004z\213U\237`\323Sz\"\332\030\267"
 297      E7047A8B 
 297      559F60D3 
 297      537A22DA 
 297      18B7
 298 0ac4 147A8D96 		.ascii	"\024z\215\226\004\223a\311\373q 2\300\2708j\231u\201"
 298      049361C9 
 298      FB712032 
 298      C0B8386A 
 298      997581
 299 0ad7 39CE9430 		.ascii	"9\316\2240':>&\326\224\0201\355?\261\211\3135.\206\005"
 299      273A3E26 
 299      D6941031 
 299      ED3FB189 
 299      CB352E86 
 300 0aec 03C7A4F8 		.ascii	"\003\307\244\370%f\343\254\370\350\205\261&\266\344"
 300      2566E3AC 
 300      F8E885B1 
 300      26B6E4
 301 0afb BFBD9401 		.ascii	"\277\275\224\001\326+\0102Z\342\342,\361\242.\302\002"
 301      D62B0832 
 301      5AE2E22C 
 301      F1A22EC2 
 301      02
 302 0b0c 6CB0D638 		.ascii	"l\260\3268\222\001\3468\203\015ku\241`\323\225Q\221"
 302      9201E638 
 302      830D6B75 
 302      A160D395 
 302      5191
 303 0b1e 5A9D323C 		.ascii	"Z\2352<b\226\216\213\322\341Y\263u\036Zm\244.\224\376"
 303      62968E8B 
 303      D2E159B3 
 303      751E5A6D 
 303      A42E94FE 
 304 0b32 9DAED46A 		.ascii	"\235\256\324jg\351\260v\336\002<?J\213g\352tX\247\005"
 304      67E9B076 
 304      DE023C3F 
 304      4A8B67EA 
 304      7458A705 
 305 0b46 1F068485 		.ascii	"\037\006\204\205/\320\341p22r\246\216\373\224\215\232"
 305      2FD0E170 
ARM GAS  C:\Users\srich\AppData\Local\Temp\ccGi3q49.s 			page 24


 305      323272A6 
 305      8EFB948D 
 305      9A
 306 0b57 01F8CF75 		.ascii	"\001\370\317u\332_(\221\212\321C\354\365 hI\250^\022"
 306      DA5F2891 
 306      8AD143EC 
 306      F5206849 
 306      A85E12
 307 0b6a 074A95C6 		.ascii	"\007J\225\306\305\321\011\001\026kt,\204p\256\305\370"
 307      C5D10901 
 307      166B742C 
 307      8470AEC5 
 307      F8
 308 0b7b CF8F132C 		.ascii	"\317\217\023,q\021Q\272\227\007\220p\2231$\222\344I"
 308      711151BA 
 308      97079070 
 308      93312492 
 308      E449
 309 0b8d 02483741 		.ascii	"\002H7A\306\020@\2678\026\032\014\213\240\305`\266&"
 309      C61040B7 
 309      38161A0C 
 309      8BA0C560 
 309      B626
 310 0b9f A8A5265F 		.ascii	"\250\245&_\203\301j\262\031\302fF\315\232\257\213\360"
 310      83C16AB2 
 310      19C26646 
 310      CD9AAF8B 
 310      F0
 311 0bb0 8D8EFD57 		.ascii	"\215\216\375W\3642+\244F,d\370\337_:\265i\251Mo\214"
 311      F4322BA4 
 311      462C64F8 
 311      DF5F3AB5 
 311      69A94D6F 
 312 0bc5 B39AADCE 		.ascii	"\263\232\255\316-$\231`\214[\224\030OB\037H\364|:>\033"
 312      2D249960 
 312      8C5B9418 
 312      4F421F48 
 312      F47C3A3E 
 313 0bda 5E11D6F7 		.ascii	"^\021\326\367Y|\254L\037\025<\256\351\025\252/1~\234"
 313      597CAC4C 
 313      1F153CAE 
 313      E915AA2F 
 313      317E9C
 314 0bed 686F59A3 		.ascii	"hoY\243\267N\2535,\200\357.\334\264\210\203=\321~<\033"
 314      B74EAB35 
 314      2C80EF2E 
 314      DCB48883 
 314      3DD17E3C 
 315 0c02 762942A7 		.ascii	"v)B\247\2329?l\272.j\001}\011%/\2363\347\204\315\232"
 315      9A393F6C 
 315      BA2E6A01 
 315      7D09252F 
 315      9E33E784 
 316 0c18 A7F3221D 		.ascii	"\247\363\"\035\3023\024\236\260\235d_\243ta\277p\221"
 316      C233149E 
 316      B09D645F 
 316      A37461BF 
ARM GAS  C:\Users\srich\AppData\Local\Temp\ccGi3q49.s 			page 25


 316      7091
 317 0c2a 561BDBAE 		.ascii	"V\033\333\256E\241K\227\212o\323f,]\010+\365\013\017"
 317      45A14B97 
 317      8A6FD366 
 317      2C5D082B 
 317      F50B0F
 318 0c3d 9B1DA9FD 		.ascii	"\233\035\251\375L\324\343\031\021\256\3754|\326\277"
 318      4CD4E319 
 318      11AEFD34 
 318      7CD6BF
 319 0c4c 019B6AC6 		.ascii	"\001\233j\306\365"
 319      F5
 320              		.text
 321              		.section	.gnu.lto_.symtab.b66e3597,"",%progbits
 322 0000 56656374 		.ascii	"VectorB0\000\000\000\000\000\000\000\000\000\000\000"
 322      6F724230 
 322      00000000 
 322      00000000 
 322      000000
 323 0013 00B40000 		.ascii	"\000\264\000\000\000st_lld_init\000\000\000\000\000"
 323      0073745F 
 323      6C6C645F 
 323      696E6974 
 323      00000000 
 324 0028 00000000 		.ascii	"\000\000\000\000\000\000\000\266\000\000\000_port_i"
 324      000000B6 
 324      0000005F 
 324      706F7274 
 324      5F69
 325 003a 72715F65 		.ascii	"rq_epilogue\000\000\002\000\000\000\000\000\000\000"
 325      70696C6F 
 325      67756500 
 325      00020000 
 325      00000000 
 326 004f 0000B800 		.ascii	"\000\000\270\000\000\000chSysTimerHandlerI\000\000\002"
 326      00006368 
 326      53797354 
 326      696D6572 
 326      48616E64 
 327 006a 00000000 		.ascii	"\000\000\000\000\000\000\000\000\000\272\000\000\000"
 327      00000000 
 327      00BA0000 
 327      00
 328 0077 6E766963 		.ascii	"nvicEnableVector\000\000\002\000\000\000\000\000\000"
 328      456E6162 
 328      6C655665 
 328      63746F72 
 328      00000200 
 329 0090 000000BF 		.ascii	"\000\000\000\277\000\000\000"
 329      000000
 330              		.text
 331              		.section	.gnu.lto_.opts,"",%progbits
 332 0000 272D666E 		.ascii	"'-fno-trapv' '-mcpu=cortex-m3' '-mno-thumb-interwor"
 332      6F2D7472 
 332      61707627 
 332      20272D6D 
 332      6370753D 
ARM GAS  C:\Users\srich\AppData\Local\Temp\ccGi3q49.s 			page 26


 333 0033 6B272027 		.ascii	"k' '-mthumb' '-ggdb' '-O2' '-fomit-frame-pointer' '"
 333      2D6D7468 
 333      756D6227 
 333      20272D67 
 333      67646227 
 334 0066 2D66616C 		.ascii	"-falign-functions=16' '-ffunction-sections' '-fdata"
 334      69676E2D 
 334      66756E63 
 334      74696F6E 
 334      733D3136 
 335 0099 2D736563 		.ascii	"-sections' '-fno-common' '-flto'\000"
 335      74696F6E 
 335      73272027 
 335      2D666E6F 
 335      2D636F6D 
 336              		.text
 337              		.comm	__gnu_lto_v1,1,1
 338              		.comm	__gnu_lto_slim,1,1
 339              		.ident	"GCC: (GNU Tools for ARM Embedded Processors) 4.9.3 20150529 (release) [ARM/embedded-4_9-br
ARM GAS  C:\Users\srich\AppData\Local\Temp\ccGi3q49.s 			page 27


DEFINED SYMBOLS
                            *ABS*:00000000 st_lld.c
                            *COM*:00000001 __gnu_lto_v1
                            *COM*:00000001 __gnu_lto_slim

NO UNDEFINED SYMBOLS
